[2025-11-02T17:42:53.068+0000] {local_task_job_runner.py:123} INFO - ::group::Pre task execution logs
[2025-11-02T17:42:53.092+0000] {taskinstance.py:2612} INFO - Dependencies all met for dep_context=non-requeueable deps ti=<TaskInstance: data_lake_silver_transform.transform_odoo manual__2025-11-02T17:42:51.818424+00:00 [queued]>
[2025-11-02T17:42:53.101+0000] {taskinstance.py:2612} INFO - Dependencies all met for dep_context=requeueable deps ti=<TaskInstance: data_lake_silver_transform.transform_odoo manual__2025-11-02T17:42:51.818424+00:00 [queued]>
[2025-11-02T17:42:53.103+0000] {taskinstance.py:2865} INFO - Starting attempt 1 of 1
[2025-11-02T17:42:53.115+0000] {taskinstance.py:2888} INFO - Executing <Task(BashOperator): transform_odoo> on 2025-11-02 17:42:51.818424+00:00
[2025-11-02T17:42:53.121+0000] {standard_task_runner.py:72} INFO - Started process 285 to run task
[2025-11-02T17:42:53.123+0000] {standard_task_runner.py:104} INFO - Running: ['***', 'tasks', 'run', 'data_lake_silver_transform', 'transform_odoo', 'manual__2025-11-02T17:42:51.818424+00:00', '--job-id', '39', '--raw', '--subdir', 'DAGS_FOLDER/silver_transform.py', '--cfg-path', '/tmp/tmp0av2j7eq']
[2025-11-02T17:42:53.127+0000] {standard_task_runner.py:105} INFO - Job 39: Subtask transform_odoo
[2025-11-02T17:42:53.175+0000] {task_command.py:467} INFO - Running <TaskInstance: data_lake_silver_transform.transform_odoo manual__2025-11-02T17:42:51.818424+00:00 [running]> on host 4bd4a2df5838
[2025-11-02T17:42:53.256+0000] {taskinstance.py:3131} INFO - Exporting env vars: AIRFLOW_CTX_DAG_OWNER='***' AIRFLOW_CTX_DAG_ID='data_lake_silver_transform' AIRFLOW_CTX_TASK_ID='transform_odoo' AIRFLOW_CTX_EXECUTION_DATE='2025-11-02T17:42:51.818424+00:00' AIRFLOW_CTX_TRY_NUMBER='1' AIRFLOW_CTX_DAG_RUN_ID='manual__2025-11-02T17:42:51.818424+00:00'
[2025-11-02T17:42:53.258+0000] {taskinstance.py:731} INFO - ::endgroup::
[2025-11-02T17:42:53.277+0000] {subprocess.py:63} INFO - Tmp dir root location: /tmp
[2025-11-02T17:42:53.279+0000] {subprocess.py:75} INFO - Running command: ['/usr/bin/bash', '-c', 'spark-submit --master spark://spark-master:7077 --packages org.apache.iceberg:iceberg-spark-runtime-3.4_2.12:1.5.0,org.apache.hadoop:hadoop-aws:3.3.4,com.amazonaws:aws-java-sdk-bundle:1.12.262 --conf spark.hadoop.fs.s3a.endpoint=https://repulsive-spooky-cemetery-9rw4pvr4w66f4g6-4566.app.github.dev --conf spark.hadoop.fs.s3a.access.key=test --conf spark.hadoop.fs.s3a.secret.key=test --conf spark.hadoop.fs.s3a.path.style.access=true --conf spark.hadoop.fs.s3a.impl=org.apache.hadoop.fs.s3a.S3AFileSystem --conf spark.hadoop.fs.s3a.connection.ssl.enabled=true /opt/spark/work-dir/scripts/silver_layer/transform_odoo.py']
[2025-11-02T17:42:53.291+0000] {subprocess.py:86} INFO - Output:
[2025-11-02T17:42:55.275+0000] {subprocess.py:93} INFO - :: loading settings :: url = jar:file:/opt/spark-3.4.0-bin-hadoop3/jars/ivy-2.5.1.jar!/org/apache/ivy/core/settings/ivysettings.xml
[2025-11-02T17:42:55.445+0000] {subprocess.py:93} INFO - Ivy Default Cache set to: /home/***/.ivy2/cache
[2025-11-02T17:42:55.447+0000] {subprocess.py:93} INFO - The jars for the packages stored in: /home/***/.ivy2/jars
[2025-11-02T17:42:55.451+0000] {subprocess.py:93} INFO - org.apache.iceberg#iceberg-spark-runtime-3.4_2.12 added as a dependency
[2025-11-02T17:42:55.454+0000] {subprocess.py:93} INFO - org.apache.hadoop#hadoop-aws added as a dependency
[2025-11-02T17:42:55.456+0000] {subprocess.py:93} INFO - com.amazonaws#aws-java-sdk-bundle added as a dependency
[2025-11-02T17:42:55.458+0000] {subprocess.py:93} INFO - :: resolving dependencies :: org.apache.spark#spark-submit-parent-14178e23-eb50-49e9-9edc-09111c718763;1.0
[2025-11-02T17:42:55.459+0000] {subprocess.py:93} INFO - 	confs: [default]
[2025-11-02T17:42:55.596+0000] {subprocess.py:93} INFO - 	found org.apache.iceberg#iceberg-spark-runtime-3.4_2.12;1.5.0 in central
[2025-11-02T17:42:55.681+0000] {subprocess.py:93} INFO - 	found org.apache.hadoop#hadoop-aws;3.3.4 in central
[2025-11-02T17:42:55.715+0000] {subprocess.py:93} INFO - 	found com.amazonaws#aws-java-sdk-bundle;1.12.262 in central
[2025-11-02T17:42:55.757+0000] {subprocess.py:93} INFO - 	found org.wildfly.openssl#wildfly-openssl;1.0.7.Final in central
[2025-11-02T17:42:55.787+0000] {subprocess.py:93} INFO - :: resolution report :: resolve 320ms :: artifacts dl 13ms
[2025-11-02T17:42:55.789+0000] {subprocess.py:93} INFO - 	:: modules in use:
[2025-11-02T17:42:55.791+0000] {subprocess.py:93} INFO - 	com.amazonaws#aws-java-sdk-bundle;1.12.262 from central in [default]
[2025-11-02T17:42:55.793+0000] {subprocess.py:93} INFO - 	org.apache.hadoop#hadoop-aws;3.3.4 from central in [default]
[2025-11-02T17:42:55.794+0000] {subprocess.py:93} INFO - 	org.apache.iceberg#iceberg-spark-runtime-3.4_2.12;1.5.0 from central in [default]
[2025-11-02T17:42:55.796+0000] {subprocess.py:93} INFO - 	org.wildfly.openssl#wildfly-openssl;1.0.7.Final from central in [default]
[2025-11-02T17:42:55.798+0000] {subprocess.py:93} INFO - 	---------------------------------------------------------------------
[2025-11-02T17:42:55.799+0000] {subprocess.py:93} INFO - 	|                  |            modules            ||   artifacts   |
[2025-11-02T17:42:55.801+0000] {subprocess.py:93} INFO - 	|       conf       | number| search|dwnlded|evicted|| number|dwnlded|
[2025-11-02T17:42:55.803+0000] {subprocess.py:93} INFO - 	---------------------------------------------------------------------
[2025-11-02T17:42:55.807+0000] {subprocess.py:93} INFO - 	|      default     |   4   |   0   |   0   |   0   ||   4   |   0   |
[2025-11-02T17:42:55.811+0000] {subprocess.py:93} INFO - 	---------------------------------------------------------------------
[2025-11-02T17:42:55.812+0000] {subprocess.py:93} INFO - :: retrieving :: org.apache.spark#spark-submit-parent-14178e23-eb50-49e9-9edc-09111c718763
[2025-11-02T17:42:55.814+0000] {subprocess.py:93} INFO - 	confs: [default]
[2025-11-02T17:42:55.815+0000] {subprocess.py:93} INFO - 	0 artifacts copied, 4 already retrieved (0kB/7ms)
[2025-11-02T17:42:56.087+0000] {subprocess.py:93} INFO - 25/11/02 17:42:56 WARN NativeCodeLoader: Unable to load native-hadoop library for your platform... using builtin-java classes where applicable
[2025-11-02T17:42:58.425+0000] {subprocess.py:93} INFO - 25/11/02 17:42:58 INFO SparkContext: Running Spark version 3.4.0
[2025-11-02T17:42:58.459+0000] {subprocess.py:93} INFO - 25/11/02 17:42:58 INFO ResourceUtils: ==============================================================
[2025-11-02T17:42:58.461+0000] {subprocess.py:93} INFO - 25/11/02 17:42:58 INFO ResourceUtils: No custom resources configured for spark.driver.
[2025-11-02T17:42:58.464+0000] {subprocess.py:93} INFO - 25/11/02 17:42:58 INFO ResourceUtils: ==============================================================
[2025-11-02T17:42:58.466+0000] {subprocess.py:93} INFO - 25/11/02 17:42:58 INFO SparkContext: Submitted application: Odoo_Silver_Transform
[2025-11-02T17:42:58.497+0000] {subprocess.py:93} INFO - 25/11/02 17:42:58 INFO ResourceProfile: Default ResourceProfile created, executor resources: Map(memory -> name: memory, amount: 1024, script: , vendor: , offHeap -> name: offHeap, amount: 0, script: , vendor: ), task resources: Map(cpus -> name: cpus, amount: 1.0)
[2025-11-02T17:42:58.506+0000] {subprocess.py:93} INFO - 25/11/02 17:42:58 INFO ResourceProfile: Limiting resource is cpu
[2025-11-02T17:42:58.509+0000] {subprocess.py:93} INFO - 25/11/02 17:42:58 INFO ResourceProfileManager: Added ResourceProfile id: 0
[2025-11-02T17:42:58.603+0000] {subprocess.py:93} INFO - 25/11/02 17:42:58 INFO SecurityManager: Changing view acls to: ***
[2025-11-02T17:42:58.609+0000] {subprocess.py:93} INFO - 25/11/02 17:42:58 INFO SecurityManager: Changing modify acls to: ***
[2025-11-02T17:42:58.613+0000] {subprocess.py:93} INFO - 25/11/02 17:42:58 INFO SecurityManager: Changing view acls groups to:
[2025-11-02T17:42:58.615+0000] {subprocess.py:93} INFO - 25/11/02 17:42:58 INFO SecurityManager: Changing modify acls groups to:
[2025-11-02T17:42:58.618+0000] {subprocess.py:93} INFO - 25/11/02 17:42:58 INFO SecurityManager: SecurityManager: authentication disabled; ui acls disabled; users with view permissions: ***; groups with view permissions: EMPTY; users with modify permissions: ***; groups with modify permissions: EMPTY
[2025-11-02T17:42:58.900+0000] {subprocess.py:93} INFO - 25/11/02 17:42:58 INFO Utils: Successfully started service 'sparkDriver' on port 43601.
[2025-11-02T17:42:58.947+0000] {subprocess.py:93} INFO - 25/11/02 17:42:58 INFO SparkEnv: Registering MapOutputTracker
[2025-11-02T17:42:58.990+0000] {subprocess.py:93} INFO - 25/11/02 17:42:58 INFO SparkEnv: Registering BlockManagerMaster
[2025-11-02T17:42:59.011+0000] {subprocess.py:93} INFO - 25/11/02 17:42:59 INFO BlockManagerMasterEndpoint: Using org.apache.spark.storage.DefaultTopologyMapper for getting topology information
[2025-11-02T17:42:59.015+0000] {subprocess.py:93} INFO - 25/11/02 17:42:59 INFO BlockManagerMasterEndpoint: BlockManagerMasterEndpoint up
[2025-11-02T17:42:59.018+0000] {subprocess.py:93} INFO - 25/11/02 17:42:59 INFO SparkEnv: Registering BlockManagerMasterHeartbeat
[2025-11-02T17:42:59.047+0000] {subprocess.py:93} INFO - 25/11/02 17:42:59 INFO DiskBlockManager: Created local directory at /tmp/blockmgr-8c03d1c2-e1af-4352-bbe3-6f606e28612a
[2025-11-02T17:42:59.065+0000] {subprocess.py:93} INFO - 25/11/02 17:42:59 INFO MemoryStore: MemoryStore started with capacity 434.4 MiB
[2025-11-02T17:42:59.084+0000] {subprocess.py:93} INFO - 25/11/02 17:42:59 INFO SparkEnv: Registering OutputCommitCoordinator
[2025-11-02T17:42:59.269+0000] {subprocess.py:93} INFO - 25/11/02 17:42:59 INFO JettyUtils: Start Jetty 0.0.0.0:4040 for SparkUI
[2025-11-02T17:42:59.357+0000] {subprocess.py:93} INFO - 25/11/02 17:42:59 INFO Utils: Successfully started service 'SparkUI' on port 4040.
[2025-11-02T17:42:59.403+0000] {subprocess.py:93} INFO - 25/11/02 17:42:59 INFO SparkContext: Added JAR file:///home/***/.ivy2/jars/org.apache.iceberg_iceberg-spark-runtime-3.4_2.12-1.5.0.jar at spark://4bd4a2df5838:43601/jars/org.apache.iceberg_iceberg-spark-runtime-3.4_2.12-1.5.0.jar with timestamp 1762105378415
[2025-11-02T17:42:59.410+0000] {subprocess.py:93} INFO - 25/11/02 17:42:59 INFO SparkContext: Added JAR file:///home/***/.ivy2/jars/org.apache.hadoop_hadoop-aws-3.3.4.jar at spark://4bd4a2df5838:43601/jars/org.apache.hadoop_hadoop-aws-3.3.4.jar with timestamp 1762105378415
[2025-11-02T17:42:59.411+0000] {subprocess.py:93} INFO - 25/11/02 17:42:59 INFO SparkContext: Added JAR file:///home/***/.ivy2/jars/com.amazonaws_aws-java-sdk-bundle-1.12.262.jar at spark://4bd4a2df5838:43601/jars/com.amazonaws_aws-java-sdk-bundle-1.12.262.jar with timestamp 1762105378415
[2025-11-02T17:42:59.413+0000] {subprocess.py:93} INFO - 25/11/02 17:42:59 INFO SparkContext: Added JAR file:///home/***/.ivy2/jars/org.wildfly.openssl_wildfly-openssl-1.0.7.Final.jar at spark://4bd4a2df5838:43601/jars/org.wildfly.openssl_wildfly-openssl-1.0.7.Final.jar with timestamp 1762105378415
[2025-11-02T17:42:59.415+0000] {subprocess.py:93} INFO - 25/11/02 17:42:59 INFO SparkContext: Added file file:///home/***/.ivy2/jars/org.apache.iceberg_iceberg-spark-runtime-3.4_2.12-1.5.0.jar at spark://4bd4a2df5838:43601/files/org.apache.iceberg_iceberg-spark-runtime-3.4_2.12-1.5.0.jar with timestamp 1762105378415
[2025-11-02T17:42:59.417+0000] {subprocess.py:93} INFO - 25/11/02 17:42:59 INFO Utils: Copying /home/***/.ivy2/jars/org.apache.iceberg_iceberg-spark-runtime-3.4_2.12-1.5.0.jar to /tmp/spark-cece56df-f386-4ace-af9b-668769d46317/userFiles-bb2a9a4b-1052-4198-ab75-de3bae47452b/org.apache.iceberg_iceberg-spark-runtime-3.4_2.12-1.5.0.jar
[2025-11-02T17:42:59.538+0000] {subprocess.py:93} INFO - 25/11/02 17:42:59 INFO SparkContext: Added file file:///home/***/.ivy2/jars/org.apache.hadoop_hadoop-aws-3.3.4.jar at spark://4bd4a2df5838:43601/files/org.apache.hadoop_hadoop-aws-3.3.4.jar with timestamp 1762105378415
[2025-11-02T17:42:59.540+0000] {subprocess.py:93} INFO - 25/11/02 17:42:59 INFO Utils: Copying /home/***/.ivy2/jars/org.apache.hadoop_hadoop-aws-3.3.4.jar to /tmp/spark-cece56df-f386-4ace-af9b-668769d46317/userFiles-bb2a9a4b-1052-4198-ab75-de3bae47452b/org.apache.hadoop_hadoop-aws-3.3.4.jar
[2025-11-02T17:42:59.546+0000] {subprocess.py:93} INFO - 25/11/02 17:42:59 INFO SparkContext: Added file file:///home/***/.ivy2/jars/com.amazonaws_aws-java-sdk-bundle-1.12.262.jar at spark://4bd4a2df5838:43601/files/com.amazonaws_aws-java-sdk-bundle-1.12.262.jar with timestamp 1762105378415
[2025-11-02T17:42:59.548+0000] {subprocess.py:93} INFO - 25/11/02 17:42:59 INFO Utils: Copying /home/***/.ivy2/jars/com.amazonaws_aws-java-sdk-bundle-1.12.262.jar to /tmp/spark-cece56df-f386-4ace-af9b-668769d46317/userFiles-bb2a9a4b-1052-4198-ab75-de3bae47452b/com.amazonaws_aws-java-sdk-bundle-1.12.262.jar
[2025-11-02T17:43:00.422+0000] {subprocess.py:93} INFO - 25/11/02 17:43:00 INFO SparkContext: Added file file:///home/***/.ivy2/jars/org.wildfly.openssl_wildfly-openssl-1.0.7.Final.jar at spark://4bd4a2df5838:43601/files/org.wildfly.openssl_wildfly-openssl-1.0.7.Final.jar with timestamp 1762105378415
[2025-11-02T17:43:00.427+0000] {subprocess.py:93} INFO - 25/11/02 17:43:00 INFO Utils: Copying /home/***/.ivy2/jars/org.wildfly.openssl_wildfly-openssl-1.0.7.Final.jar to /tmp/spark-cece56df-f386-4ace-af9b-668769d46317/userFiles-bb2a9a4b-1052-4198-ab75-de3bae47452b/org.wildfly.openssl_wildfly-openssl-1.0.7.Final.jar
[2025-11-02T17:43:00.532+0000] {subprocess.py:93} INFO - 25/11/02 17:43:00 INFO StandaloneAppClient$ClientEndpoint: Connecting to master spark://spark-master:7077...
[2025-11-02T17:43:00.592+0000] {subprocess.py:93} INFO - 25/11/02 17:43:00 INFO TransportClientFactory: Successfully created connection to spark-master/172.18.0.3:7077 after 33 ms (0 ms spent in bootstraps)
[2025-11-02T17:43:00.789+0000] {subprocess.py:93} INFO - 25/11/02 17:43:00 INFO StandaloneSchedulerBackend: Connected to Spark cluster with app ID app-20251102174300-0002
[2025-11-02T17:43:00.796+0000] {subprocess.py:93} INFO - 25/11/02 17:43:00 INFO Utils: Successfully started service 'org.apache.spark.network.netty.NettyBlockTransferService' on port 43829.
[2025-11-02T17:43:00.798+0000] {subprocess.py:93} INFO - 25/11/02 17:43:00 INFO NettyBlockTransferService: Server created on 4bd4a2df5838:43829
[2025-11-02T17:43:00.800+0000] {subprocess.py:93} INFO - 25/11/02 17:43:00 INFO BlockManager: Using org.apache.spark.storage.RandomBlockReplicationPolicy for block replication policy
[2025-11-02T17:43:00.805+0000] {subprocess.py:93} INFO - 25/11/02 17:43:00 INFO BlockManagerMaster: Registering BlockManager BlockManagerId(driver, 4bd4a2df5838, 43829, None)
[2025-11-02T17:43:00.810+0000] {subprocess.py:93} INFO - 25/11/02 17:43:00 INFO BlockManagerMasterEndpoint: Registering block manager 4bd4a2df5838:43829 with 434.4 MiB RAM, BlockManagerId(driver, 4bd4a2df5838, 43829, None)
[2025-11-02T17:43:00.812+0000] {subprocess.py:93} INFO - 25/11/02 17:43:00 INFO BlockManagerMaster: Registered BlockManager BlockManagerId(driver, 4bd4a2df5838, 43829, None)
[2025-11-02T17:43:00.814+0000] {subprocess.py:93} INFO - 25/11/02 17:43:00 INFO BlockManager: Initialized BlockManager: BlockManagerId(driver, 4bd4a2df5838, 43829, None)
[2025-11-02T17:43:01.065+0000] {subprocess.py:93} INFO - 25/11/02 17:43:01 INFO StandaloneSchedulerBackend: SchedulerBackend is ready for scheduling beginning after reached minRegisteredResourcesRatio: 0.0
[2025-11-02T17:43:02.398+0000] {subprocess.py:93} INFO - [INFO] Latest file for odoo/products: s3a://multusystem/odoo/products/2025_11_02_1762105332116_0.parquet
[2025-11-02T17:43:03.484+0000] {subprocess.py:93} INFO - 25/11/02 17:43:03 WARN MetricsConfig: Cannot locate configuration: tried hadoop-metrics2-s3a-file-system.properties,hadoop-metrics2.properties
[2025-11-02T17:43:21.361+0000] {subprocess.py:93} INFO - 25/11/02 17:43:21 WARN TaskSchedulerImpl: Initial job has not accepted any resources; check your cluster UI to ensure that workers are registered and have sufficient resources
[2025-11-02T17:43:39.701+0000] {subprocess.py:93} INFO - INFO:__main__:Products data loaded successfully from s3a://multusystem/odoo/products/2025_11_02_1762105332116_0.parquet,rows: 7
[2025-11-02T17:43:43.114+0000] {subprocess.py:93} INFO - Traceback (most recent call last):
[2025-11-02T17:43:43.116+0000] {subprocess.py:93} INFO -   File "/opt/spark-3.4.0-bin-hadoop3/work-dir/scripts/silver_layer/transform_odoo.py", line 154, in <module>
[2025-11-02T17:43:43.123+0000] {subprocess.py:93} INFO -     transform_products()
[2025-11-02T17:43:43.125+0000] {subprocess.py:93} INFO -   File "/opt/spark-3.4.0-bin-hadoop3/work-dir/scripts/silver_layer/transform_odoo.py", line 40, in transform_products
[2025-11-02T17:43:43.131+0000] {subprocess.py:93} INFO -     write_to_iceberg(products_df, "odoo_products")
[2025-11-02T17:43:43.133+0000] {subprocess.py:93} INFO -   File "/opt/spark/work-dir/scripts/s3_utils.py", line 71, in write_to_iceberg
[2025-11-02T17:43:43.138+0000] {subprocess.py:93} INFO -     df.writeTo(f"local.{table_name}").append()
[2025-11-02T17:43:43.140+0000] {subprocess.py:93} INFO -   File "/opt/spark/python/lib/pyspark.zip/pyspark/sql/readwriter.py", line 2042, in append
[2025-11-02T17:43:43.144+0000] {subprocess.py:93} INFO -   File "/opt/spark/python/lib/py4j-0.10.9.7-src.zip/py4j/java_gateway.py", line 1322, in __call__
[2025-11-02T17:43:43.150+0000] {subprocess.py:93} INFO -   File "/opt/spark/python/lib/pyspark.zip/pyspark/errors/exceptions/captured.py", line 175, in deco
[2025-11-02T17:43:43.160+0000] {subprocess.py:93} INFO - pyspark.errors.exceptions.captured.AnalysisException: [TABLE_OR_VIEW_NOT_FOUND] The table or view `local`.`odoo_products` cannot be found. Verify the spelling and correctness of the schema and catalog.
[2025-11-02T17:43:43.162+0000] {subprocess.py:93} INFO - If you did not qualify the name with a schema, verify the current_schema() output, or qualify the name with the correct schema and catalog.
[2025-11-02T17:43:43.163+0000] {subprocess.py:93} INFO - To tolerate the error on drop use DROP VIEW IF EXISTS or DROP TABLE IF EXISTS.;
[2025-11-02T17:43:43.165+0000] {subprocess.py:93} INFO - 'AppendData 'UnresolvedRelation [local, odoo_products], [], false, true
[2025-11-02T17:43:43.167+0000] {subprocess.py:93} INFO - +- Project [_airbyte_raw_id#0, _airbyte_extracted_at#1, _airbyte_meta#2, _airbyte_generation_id#3L, initcap(category#87) AS category#108, is_active#88, created_at#6, list_price#89, product_id#8L, _ab_cdc_lsn#9, product_code#10, product_name#54, product_type#90, standard_price#91, _ab_cdc_deleted_at#14, _ab_cdc_updated_at#15]
[2025-11-02T17:43:43.168+0000] {subprocess.py:93} INFO -    +- Project [_airbyte_raw_id#0, _airbyte_extracted_at#1, _airbyte_meta#2, _airbyte_generation_id#3L, coalesce(category#4, cast(Uncategorized as string)) AS category#87, coalesce(is_active#5, cast(true as boolean)) AS is_active#88, created_at#6, coalesce(nanvl(list_price#7, cast(null as double)), cast(0.0 as double)) AS list_price#89, product_id#8L, _ab_cdc_lsn#9, product_code#10, product_name#54, coalesce(product_type#12, cast(Stockable as string)) AS product_type#90, coalesce(nanvl(standard_price#13, cast(null as double)), cast(0.0 as double)) AS standard_price#91, _ab_cdc_deleted_at#14, _ab_cdc_updated_at#15]
[2025-11-02T17:43:43.170+0000] {subprocess.py:93} INFO -       +- Project [_airbyte_raw_id#0, _airbyte_extracted_at#1, _airbyte_meta#2, _airbyte_generation_id#3L, category#4, is_active#5, created_at#6, list_price#7, product_id#8L, _ab_cdc_lsn#9, product_code#10, initcap(product_name#11) AS product_name#54, product_type#12, standard_price#13, _ab_cdc_deleted_at#14, _ab_cdc_updated_at#15]
[2025-11-02T17:43:43.173+0000] {subprocess.py:93} INFO -          +- Deduplicate [product_code#10]
[2025-11-02T17:43:43.176+0000] {subprocess.py:93} INFO -             +- Relation [_airbyte_raw_id#0,_airbyte_extracted_at#1,_airbyte_meta#2,_airbyte_generation_id#3L,category#4,is_active#5,created_at#6,list_price#7,product_id#8L,_ab_cdc_lsn#9,product_code#10,product_name#11,product_type#12,standard_price#13,_ab_cdc_deleted_at#14,_ab_cdc_updated_at#15] parquet
[2025-11-02T17:43:43.178+0000] {subprocess.py:93} INFO - 
[2025-11-02T17:43:43.182+0000] {subprocess.py:93} INFO - INFO:py4j.clientserver:Closing down clientserver connection
[2025-11-02T17:43:43.372+0000] {subprocess.py:97} INFO - Command exited with return code 1
[2025-11-02T17:43:43.386+0000] {taskinstance.py:3310} ERROR - Task failed with exception
Traceback (most recent call last):
  File "/home/airflow/.local/lib/python3.11/site-packages/airflow/models/taskinstance.py", line 767, in _execute_task
    result = _execute_callable(context=context, **execute_callable_kwargs)
             ^^^^^^^^^^^^^^^^^^^^^^^^^^^^^^^^^^^^^^^^^^^^^^^^^^^^^^^^^^^^^
  File "/home/airflow/.local/lib/python3.11/site-packages/airflow/models/taskinstance.py", line 733, in _execute_callable
    return ExecutionCallableRunner(
           ^^^^^^^^^^^^^^^^^^^^^^^^
  File "/home/airflow/.local/lib/python3.11/site-packages/airflow/utils/operator_helpers.py", line 252, in run
    return self.func(*args, **kwargs)
           ^^^^^^^^^^^^^^^^^^^^^^^^^^
  File "/home/airflow/.local/lib/python3.11/site-packages/airflow/models/baseoperator.py", line 406, in wrapper
    return func(self, *args, **kwargs)
           ^^^^^^^^^^^^^^^^^^^^^^^^^^^
  File "/home/airflow/.local/lib/python3.11/site-packages/airflow/operators/bash.py", line 249, in execute
    raise AirflowException(
airflow.exceptions.AirflowException: Bash command failed. The command returned a non-zero exit code 1.
[2025-11-02T17:43:43.392+0000] {taskinstance.py:1225} INFO - Marking task as FAILED. dag_id=data_lake_silver_transform, task_id=transform_odoo, run_id=manual__2025-11-02T17:42:51.818424+00:00, execution_date=20251102T174251, start_date=20251102T174253, end_date=20251102T174343
[2025-11-02T17:43:43.406+0000] {taskinstance.py:340} INFO - ::group::Post task execution logs
[2025-11-02T17:43:43.409+0000] {standard_task_runner.py:124} ERROR - Failed to execute job 39 for task transform_odoo (Bash command failed. The command returned a non-zero exit code 1.; 285)
Traceback (most recent call last):
  File "/home/airflow/.local/lib/python3.11/site-packages/airflow/task/task_runner/standard_task_runner.py", line 117, in _start_by_fork
    ret = args.func(args, dag=self.dag)
          ^^^^^^^^^^^^^^^^^^^^^^^^^^^^^
  File "/home/airflow/.local/lib/python3.11/site-packages/airflow/cli/cli_config.py", line 49, in command
    return func(*args, **kwargs)
           ^^^^^^^^^^^^^^^^^^^^^
  File "/home/airflow/.local/lib/python3.11/site-packages/airflow/utils/cli.py", line 115, in wrapper
    return f(*args, **kwargs)
           ^^^^^^^^^^^^^^^^^^
  File "/home/airflow/.local/lib/python3.11/site-packages/airflow/cli/commands/task_command.py", line 483, in task_run
    task_return_code = _run_task_by_selected_method(args, _dag, ti)
                       ^^^^^^^^^^^^^^^^^^^^^^^^^^^^^^^^^^^^^^^^^^^^
  File "/home/airflow/.local/lib/python3.11/site-packages/airflow/cli/commands/task_command.py", line 256, in _run_task_by_selected_method
    return _run_raw_task(args, ti)
           ^^^^^^^^^^^^^^^^^^^^^^^
  File "/home/airflow/.local/lib/python3.11/site-packages/airflow/cli/commands/task_command.py", line 341, in _run_raw_task
    return ti._run_raw_task(
           ^^^^^^^^^^^^^^^^^
  File "/home/airflow/.local/lib/python3.11/site-packages/airflow/utils/session.py", line 97, in wrapper
    return func(*args, session=session, **kwargs)
           ^^^^^^^^^^^^^^^^^^^^^^^^^^^^^^^^^^^^^^
  File "/home/airflow/.local/lib/python3.11/site-packages/airflow/models/taskinstance.py", line 3004, in _run_raw_task
    return _run_raw_task(
           ^^^^^^^^^^^^^^
  File "/home/airflow/.local/lib/python3.11/site-packages/airflow/models/taskinstance.py", line 273, in _run_raw_task
    TaskInstance._execute_task_with_callbacks(
  File "/home/airflow/.local/lib/python3.11/site-packages/airflow/models/taskinstance.py", line 3158, in _execute_task_with_callbacks
    result = self._execute_task(context, task_orig)
             ^^^^^^^^^^^^^^^^^^^^^^^^^^^^^^^^^^^^^^
  File "/home/airflow/.local/lib/python3.11/site-packages/airflow/models/taskinstance.py", line 3182, in _execute_task
    return _execute_task(self, context, task_orig)
           ^^^^^^^^^^^^^^^^^^^^^^^^^^^^^^^^^^^^^^^
  File "/home/airflow/.local/lib/python3.11/site-packages/airflow/models/taskinstance.py", line 767, in _execute_task
    result = _execute_callable(context=context, **execute_callable_kwargs)
             ^^^^^^^^^^^^^^^^^^^^^^^^^^^^^^^^^^^^^^^^^^^^^^^^^^^^^^^^^^^^^
  File "/home/airflow/.local/lib/python3.11/site-packages/airflow/models/taskinstance.py", line 733, in _execute_callable
    return ExecutionCallableRunner(
           ^^^^^^^^^^^^^^^^^^^^^^^^
  File "/home/airflow/.local/lib/python3.11/site-packages/airflow/utils/operator_helpers.py", line 252, in run
    return self.func(*args, **kwargs)
           ^^^^^^^^^^^^^^^^^^^^^^^^^^
  File "/home/airflow/.local/lib/python3.11/site-packages/airflow/models/baseoperator.py", line 406, in wrapper
    return func(self, *args, **kwargs)
           ^^^^^^^^^^^^^^^^^^^^^^^^^^^
  File "/home/airflow/.local/lib/python3.11/site-packages/airflow/operators/bash.py", line 249, in execute
    raise AirflowException(
airflow.exceptions.AirflowException: Bash command failed. The command returned a non-zero exit code 1.
[2025-11-02T17:43:43.475+0000] {local_task_job_runner.py:266} INFO - Task exited with return code 1
[2025-11-02T17:43:43.492+0000] {taskinstance.py:3900} INFO - 0 downstream tasks scheduled from follow-on schedule check
[2025-11-02T17:43:43.495+0000] {local_task_job_runner.py:245} INFO - ::endgroup::
