[2025-11-02T17:49:29.536+0000] {local_task_job_runner.py:123} INFO - ::group::Pre task execution logs
[2025-11-02T17:49:29.553+0000] {taskinstance.py:2612} INFO - Dependencies all met for dep_context=non-requeueable deps ti=<TaskInstance: data_lake_silver_transform.transform_odoo manual__2025-11-02T17:42:51.818424+00:00 [queued]>
[2025-11-02T17:49:29.562+0000] {taskinstance.py:2612} INFO - Dependencies all met for dep_context=requeueable deps ti=<TaskInstance: data_lake_silver_transform.transform_odoo manual__2025-11-02T17:42:51.818424+00:00 [queued]>
[2025-11-02T17:49:29.563+0000] {taskinstance.py:2865} INFO - Starting attempt 2 of 2
[2025-11-02T17:49:29.575+0000] {taskinstance.py:2888} INFO - Executing <Task(BashOperator): transform_odoo> on 2025-11-02 17:42:51.818424+00:00
[2025-11-02T17:49:29.581+0000] {standard_task_runner.py:72} INFO - Started process 1991 to run task
[2025-11-02T17:49:29.584+0000] {standard_task_runner.py:104} INFO - Running: ['***', 'tasks', 'run', 'data_lake_silver_transform', 'transform_odoo', 'manual__2025-11-02T17:42:51.818424+00:00', '--job-id', '44', '--raw', '--subdir', 'DAGS_FOLDER/silver_transform.py', '--cfg-path', '/tmp/tmptv2rzzlt']
[2025-11-02T17:49:29.589+0000] {standard_task_runner.py:105} INFO - Job 44: Subtask transform_odoo
[2025-11-02T17:49:29.642+0000] {task_command.py:467} INFO - Running <TaskInstance: data_lake_silver_transform.transform_odoo manual__2025-11-02T17:42:51.818424+00:00 [running]> on host 4bd4a2df5838
[2025-11-02T17:49:29.715+0000] {taskinstance.py:3131} INFO - Exporting env vars: AIRFLOW_CTX_DAG_OWNER='***' AIRFLOW_CTX_DAG_ID='data_lake_silver_transform' AIRFLOW_CTX_TASK_ID='transform_odoo' AIRFLOW_CTX_EXECUTION_DATE='2025-11-02T17:42:51.818424+00:00' AIRFLOW_CTX_TRY_NUMBER='2' AIRFLOW_CTX_DAG_RUN_ID='manual__2025-11-02T17:42:51.818424+00:00'
[2025-11-02T17:49:29.717+0000] {taskinstance.py:731} INFO - ::endgroup::
[2025-11-02T17:49:29.731+0000] {subprocess.py:63} INFO - Tmp dir root location: /tmp
[2025-11-02T17:49:29.733+0000] {subprocess.py:75} INFO - Running command: ['/usr/bin/bash', '-c', 'spark-submit --master spark://spark-master:7077 --packages org.apache.iceberg:iceberg-spark-runtime-3.4_2.12:1.5.0,org.apache.hadoop:hadoop-aws:3.3.4,com.amazonaws:aws-java-sdk-bundle:1.12.262 --conf spark.hadoop.fs.s3a.endpoint=https://repulsive-spooky-cemetery-9rw4pvr4w66f4g6-4566.app.github.dev --conf spark.hadoop.fs.s3a.access.key=test --conf spark.hadoop.fs.s3a.secret.key=test --conf spark.hadoop.fs.s3a.path.style.access=true --conf spark.hadoop.fs.s3a.impl=org.apache.hadoop.fs.s3a.S3AFileSystem --conf spark.hadoop.fs.s3a.connection.ssl.enabled=true /opt/spark/work-dir/scripts/silver_layer/transform_odoo.py']
[2025-11-02T17:49:29.742+0000] {subprocess.py:86} INFO - Output:
[2025-11-02T17:49:30.960+0000] {subprocess.py:93} INFO - :: loading settings :: url = jar:file:/opt/spark-3.4.0-bin-hadoop3/jars/ivy-2.5.1.jar!/org/apache/ivy/core/settings/ivysettings.xml
[2025-11-02T17:49:31.065+0000] {subprocess.py:93} INFO - Ivy Default Cache set to: /home/***/.ivy2/cache
[2025-11-02T17:49:31.067+0000] {subprocess.py:93} INFO - The jars for the packages stored in: /home/***/.ivy2/jars
[2025-11-02T17:49:31.069+0000] {subprocess.py:93} INFO - org.apache.iceberg#iceberg-spark-runtime-3.4_2.12 added as a dependency
[2025-11-02T17:49:31.071+0000] {subprocess.py:93} INFO - org.apache.hadoop#hadoop-aws added as a dependency
[2025-11-02T17:49:31.073+0000] {subprocess.py:93} INFO - com.amazonaws#aws-java-sdk-bundle added as a dependency
[2025-11-02T17:49:31.074+0000] {subprocess.py:93} INFO - :: resolving dependencies :: org.apache.spark#spark-submit-parent-8e5f877b-5b36-41a0-a4e2-d6bb4c44e4dc;1.0
[2025-11-02T17:49:31.077+0000] {subprocess.py:93} INFO - 	confs: [default]
[2025-11-02T17:49:31.170+0000] {subprocess.py:93} INFO - 	found org.apache.iceberg#iceberg-spark-runtime-3.4_2.12;1.5.0 in central
[2025-11-02T17:49:31.240+0000] {subprocess.py:93} INFO - 	found org.apache.hadoop#hadoop-aws;3.3.4 in central
[2025-11-02T17:49:31.268+0000] {subprocess.py:93} INFO - 	found com.amazonaws#aws-java-sdk-bundle;1.12.262 in spark-list
[2025-11-02T17:49:31.288+0000] {subprocess.py:93} INFO - 	found org.wildfly.openssl#wildfly-openssl;1.0.7.Final in central
[2025-11-02T17:49:31.320+0000] {subprocess.py:93} INFO - :: resolution report :: resolve 235ms :: artifacts dl 14ms
[2025-11-02T17:49:31.323+0000] {subprocess.py:93} INFO - 	:: modules in use:
[2025-11-02T17:49:31.325+0000] {subprocess.py:93} INFO - 	com.amazonaws#aws-java-sdk-bundle;1.12.262 from spark-list in [default]
[2025-11-02T17:49:31.327+0000] {subprocess.py:93} INFO - 	org.apache.hadoop#hadoop-aws;3.3.4 from central in [default]
[2025-11-02T17:49:31.330+0000] {subprocess.py:93} INFO - 	org.apache.iceberg#iceberg-spark-runtime-3.4_2.12;1.5.0 from central in [default]
[2025-11-02T17:49:31.332+0000] {subprocess.py:93} INFO - 	org.wildfly.openssl#wildfly-openssl;1.0.7.Final from central in [default]
[2025-11-02T17:49:31.334+0000] {subprocess.py:93} INFO - 	---------------------------------------------------------------------
[2025-11-02T17:49:31.336+0000] {subprocess.py:93} INFO - 	|                  |            modules            ||   artifacts   |
[2025-11-02T17:49:31.338+0000] {subprocess.py:93} INFO - 	|       conf       | number| search|dwnlded|evicted|| number|dwnlded|
[2025-11-02T17:49:31.340+0000] {subprocess.py:93} INFO - 	---------------------------------------------------------------------
[2025-11-02T17:49:31.342+0000] {subprocess.py:93} INFO - 	|      default     |   4   |   0   |   0   |   0   ||   4   |   0   |
[2025-11-02T17:49:31.344+0000] {subprocess.py:93} INFO - 	---------------------------------------------------------------------
[2025-11-02T17:49:31.346+0000] {subprocess.py:93} INFO - :: retrieving :: org.apache.spark#spark-submit-parent-8e5f877b-5b36-41a0-a4e2-d6bb4c44e4dc
[2025-11-02T17:49:31.348+0000] {subprocess.py:93} INFO - 	confs: [default]
[2025-11-02T17:49:31.353+0000] {subprocess.py:93} INFO - 	0 artifacts copied, 4 already retrieved (0kB/6ms)
[2025-11-02T17:49:31.537+0000] {subprocess.py:93} INFO - 25/11/02 17:49:31 WARN NativeCodeLoader: Unable to load native-hadoop library for your platform... using builtin-java classes where applicable
[2025-11-02T17:49:33.640+0000] {subprocess.py:93} INFO - 25/11/02 17:49:33 INFO SparkContext: Running Spark version 3.4.0
[2025-11-02T17:49:33.671+0000] {subprocess.py:93} INFO - 25/11/02 17:49:33 INFO ResourceUtils: ==============================================================
[2025-11-02T17:49:33.673+0000] {subprocess.py:93} INFO - 25/11/02 17:49:33 INFO ResourceUtils: No custom resources configured for spark.driver.
[2025-11-02T17:49:33.675+0000] {subprocess.py:93} INFO - 25/11/02 17:49:33 INFO ResourceUtils: ==============================================================
[2025-11-02T17:49:33.677+0000] {subprocess.py:93} INFO - 25/11/02 17:49:33 INFO SparkContext: Submitted application: Odoo_Silver_Transform
[2025-11-02T17:49:33.694+0000] {subprocess.py:93} INFO - 25/11/02 17:49:33 INFO ResourceProfile: Default ResourceProfile created, executor resources: Map(memory -> name: memory, amount: 1024, script: , vendor: , offHeap -> name: offHeap, amount: 0, script: , vendor: ), task resources: Map(cpus -> name: cpus, amount: 1.0)
[2025-11-02T17:49:33.702+0000] {subprocess.py:93} INFO - 25/11/02 17:49:33 INFO ResourceProfile: Limiting resource is cpu
[2025-11-02T17:49:33.705+0000] {subprocess.py:93} INFO - 25/11/02 17:49:33 INFO ResourceProfileManager: Added ResourceProfile id: 0
[2025-11-02T17:49:33.767+0000] {subprocess.py:93} INFO - 25/11/02 17:49:33 INFO SecurityManager: Changing view acls to: ***
[2025-11-02T17:49:33.769+0000] {subprocess.py:93} INFO - 25/11/02 17:49:33 INFO SecurityManager: Changing modify acls to: ***
[2025-11-02T17:49:33.771+0000] {subprocess.py:93} INFO - 25/11/02 17:49:33 INFO SecurityManager: Changing view acls groups to:
[2025-11-02T17:49:33.773+0000] {subprocess.py:93} INFO - 25/11/02 17:49:33 INFO SecurityManager: Changing modify acls groups to:
[2025-11-02T17:49:33.775+0000] {subprocess.py:93} INFO - 25/11/02 17:49:33 INFO SecurityManager: SecurityManager: authentication disabled; ui acls disabled; users with view permissions: ***; groups with view permissions: EMPTY; users with modify permissions: ***; groups with modify permissions: EMPTY
[2025-11-02T17:49:34.072+0000] {subprocess.py:93} INFO - 25/11/02 17:49:34 INFO Utils: Successfully started service 'sparkDriver' on port 44021.
[2025-11-02T17:49:34.107+0000] {subprocess.py:93} INFO - 25/11/02 17:49:34 INFO SparkEnv: Registering MapOutputTracker
[2025-11-02T17:49:34.150+0000] {subprocess.py:93} INFO - 25/11/02 17:49:34 INFO SparkEnv: Registering BlockManagerMaster
[2025-11-02T17:49:34.171+0000] {subprocess.py:93} INFO - 25/11/02 17:49:34 INFO BlockManagerMasterEndpoint: Using org.apache.spark.storage.DefaultTopologyMapper for getting topology information
[2025-11-02T17:49:34.173+0000] {subprocess.py:93} INFO - 25/11/02 17:49:34 INFO BlockManagerMasterEndpoint: BlockManagerMasterEndpoint up
[2025-11-02T17:49:34.178+0000] {subprocess.py:93} INFO - 25/11/02 17:49:34 INFO SparkEnv: Registering BlockManagerMasterHeartbeat
[2025-11-02T17:49:34.201+0000] {subprocess.py:93} INFO - 25/11/02 17:49:34 INFO DiskBlockManager: Created local directory at /tmp/blockmgr-abeeeaae-a129-48c5-bbb5-1d8255f9d63b
[2025-11-02T17:49:34.223+0000] {subprocess.py:93} INFO - 25/11/02 17:49:34 INFO MemoryStore: MemoryStore started with capacity 434.4 MiB
[2025-11-02T17:49:34.248+0000] {subprocess.py:93} INFO - 25/11/02 17:49:34 INFO SparkEnv: Registering OutputCommitCoordinator
[2025-11-02T17:49:34.398+0000] {subprocess.py:93} INFO - 25/11/02 17:49:34 INFO JettyUtils: Start Jetty 0.0.0.0:4040 for SparkUI
[2025-11-02T17:49:34.456+0000] {subprocess.py:93} INFO - 25/11/02 17:49:34 WARN Utils: Service 'SparkUI' could not bind on port 4040. Attempting port 4041.
[2025-11-02T17:49:34.469+0000] {subprocess.py:93} INFO - 25/11/02 17:49:34 INFO Utils: Successfully started service 'SparkUI' on port 4041.
[2025-11-02T17:49:34.512+0000] {subprocess.py:93} INFO - 25/11/02 17:49:34 INFO SparkContext: Added JAR file:///home/***/.ivy2/jars/org.apache.iceberg_iceberg-spark-runtime-3.4_2.12-1.5.0.jar at spark://4bd4a2df5838:44021/jars/org.apache.iceberg_iceberg-spark-runtime-3.4_2.12-1.5.0.jar with timestamp 1762105773633
[2025-11-02T17:49:34.514+0000] {subprocess.py:93} INFO - 25/11/02 17:49:34 INFO SparkContext: Added JAR file:///home/***/.ivy2/jars/org.apache.hadoop_hadoop-aws-3.3.4.jar at spark://4bd4a2df5838:44021/jars/org.apache.hadoop_hadoop-aws-3.3.4.jar with timestamp 1762105773633
[2025-11-02T17:49:34.517+0000] {subprocess.py:93} INFO - 25/11/02 17:49:34 INFO SparkContext: Added JAR file:///home/***/.ivy2/jars/com.amazonaws_aws-java-sdk-bundle-1.12.262.jar at spark://4bd4a2df5838:44021/jars/com.amazonaws_aws-java-sdk-bundle-1.12.262.jar with timestamp 1762105773633
[2025-11-02T17:49:34.520+0000] {subprocess.py:93} INFO - 25/11/02 17:49:34 INFO SparkContext: Added JAR file:///home/***/.ivy2/jars/org.wildfly.openssl_wildfly-openssl-1.0.7.Final.jar at spark://4bd4a2df5838:44021/jars/org.wildfly.openssl_wildfly-openssl-1.0.7.Final.jar with timestamp 1762105773633
[2025-11-02T17:49:34.522+0000] {subprocess.py:93} INFO - 25/11/02 17:49:34 INFO SparkContext: Added file file:///home/***/.ivy2/jars/org.apache.iceberg_iceberg-spark-runtime-3.4_2.12-1.5.0.jar at spark://4bd4a2df5838:44021/files/org.apache.iceberg_iceberg-spark-runtime-3.4_2.12-1.5.0.jar with timestamp 1762105773633
[2025-11-02T17:49:34.524+0000] {subprocess.py:93} INFO - 25/11/02 17:49:34 INFO Utils: Copying /home/***/.ivy2/jars/org.apache.iceberg_iceberg-spark-runtime-3.4_2.12-1.5.0.jar to /tmp/spark-d3595cf1-a2a4-43dd-8cec-a90c63fa57a8/userFiles-6effe5d4-ba15-4d6d-a7f3-5f6aef39aca9/org.apache.iceberg_iceberg-spark-runtime-3.4_2.12-1.5.0.jar
[2025-11-02T17:49:34.585+0000] {subprocess.py:93} INFO - 25/11/02 17:49:34 INFO SparkContext: Added file file:///home/***/.ivy2/jars/org.apache.hadoop_hadoop-aws-3.3.4.jar at spark://4bd4a2df5838:44021/files/org.apache.hadoop_hadoop-aws-3.3.4.jar with timestamp 1762105773633
[2025-11-02T17:49:34.588+0000] {subprocess.py:93} INFO - 25/11/02 17:49:34 INFO Utils: Copying /home/***/.ivy2/jars/org.apache.hadoop_hadoop-aws-3.3.4.jar to /tmp/spark-d3595cf1-a2a4-43dd-8cec-a90c63fa57a8/userFiles-6effe5d4-ba15-4d6d-a7f3-5f6aef39aca9/org.apache.hadoop_hadoop-aws-3.3.4.jar
[2025-11-02T17:49:34.594+0000] {subprocess.py:93} INFO - 25/11/02 17:49:34 INFO SparkContext: Added file file:///home/***/.ivy2/jars/com.amazonaws_aws-java-sdk-bundle-1.12.262.jar at spark://4bd4a2df5838:44021/files/com.amazonaws_aws-java-sdk-bundle-1.12.262.jar with timestamp 1762105773633
[2025-11-02T17:49:34.595+0000] {subprocess.py:93} INFO - 25/11/02 17:49:34 INFO Utils: Copying /home/***/.ivy2/jars/com.amazonaws_aws-java-sdk-bundle-1.12.262.jar to /tmp/spark-d3595cf1-a2a4-43dd-8cec-a90c63fa57a8/userFiles-6effe5d4-ba15-4d6d-a7f3-5f6aef39aca9/com.amazonaws_aws-java-sdk-bundle-1.12.262.jar
[2025-11-02T17:49:34.866+0000] {subprocess.py:93} INFO - 25/11/02 17:49:34 INFO SparkContext: Added file file:///home/***/.ivy2/jars/org.wildfly.openssl_wildfly-openssl-1.0.7.Final.jar at spark://4bd4a2df5838:44021/files/org.wildfly.openssl_wildfly-openssl-1.0.7.Final.jar with timestamp 1762105773633
[2025-11-02T17:49:34.868+0000] {subprocess.py:93} INFO - 25/11/02 17:49:34 INFO Utils: Copying /home/***/.ivy2/jars/org.wildfly.openssl_wildfly-openssl-1.0.7.Final.jar to /tmp/spark-d3595cf1-a2a4-43dd-8cec-a90c63fa57a8/userFiles-6effe5d4-ba15-4d6d-a7f3-5f6aef39aca9/org.wildfly.openssl_wildfly-openssl-1.0.7.Final.jar
[2025-11-02T17:49:34.945+0000] {subprocess.py:93} INFO - 25/11/02 17:49:34 INFO StandaloneAppClient$ClientEndpoint: Connecting to master spark://spark-master:7077...
[2025-11-02T17:49:34.995+0000] {subprocess.py:93} INFO - 25/11/02 17:49:34 INFO TransportClientFactory: Successfully created connection to spark-master/172.18.0.3:7077 after 27 ms (0 ms spent in bootstraps)
[2025-11-02T17:49:35.089+0000] {subprocess.py:93} INFO - 25/11/02 17:49:35 INFO StandaloneSchedulerBackend: Connected to Spark cluster with app ID app-20251102174935-0005
[2025-11-02T17:49:35.098+0000] {subprocess.py:93} INFO - 25/11/02 17:49:35 INFO Utils: Successfully started service 'org.apache.spark.network.netty.NettyBlockTransferService' on port 44353.
[2025-11-02T17:49:35.100+0000] {subprocess.py:93} INFO - 25/11/02 17:49:35 INFO NettyBlockTransferService: Server created on 4bd4a2df5838:44353
[2025-11-02T17:49:35.102+0000] {subprocess.py:93} INFO - 25/11/02 17:49:35 INFO BlockManager: Using org.apache.spark.storage.RandomBlockReplicationPolicy for block replication policy
[2025-11-02T17:49:35.107+0000] {subprocess.py:93} INFO - 25/11/02 17:49:35 INFO BlockManagerMaster: Registering BlockManager BlockManagerId(driver, 4bd4a2df5838, 44353, None)
[2025-11-02T17:49:35.111+0000] {subprocess.py:93} INFO - 25/11/02 17:49:35 INFO BlockManagerMasterEndpoint: Registering block manager 4bd4a2df5838:44353 with 434.4 MiB RAM, BlockManagerId(driver, 4bd4a2df5838, 44353, None)
[2025-11-02T17:49:35.113+0000] {subprocess.py:93} INFO - 25/11/02 17:49:35 INFO BlockManagerMaster: Registered BlockManager BlockManagerId(driver, 4bd4a2df5838, 44353, None)
[2025-11-02T17:49:35.116+0000] {subprocess.py:93} INFO - 25/11/02 17:49:35 INFO BlockManager: Initialized BlockManager: BlockManagerId(driver, 4bd4a2df5838, 44353, None)
[2025-11-02T17:49:35.275+0000] {subprocess.py:93} INFO - 25/11/02 17:49:35 INFO StandaloneSchedulerBackend: SchedulerBackend is ready for scheduling beginning after reached minRegisteredResourcesRatio: 0.0
[2025-11-02T17:49:36.770+0000] {subprocess.py:93} INFO - [INFO] Latest file for odoo/products: s3a://multusystem/odoo/products/2025_11_02_1762105332116_0.parquet
[2025-11-02T17:49:37.381+0000] {subprocess.py:93} INFO - 25/11/02 17:49:37 WARN MetricsConfig: Cannot locate configuration: tried hadoop-metrics2-s3a-file-system.properties,hadoop-metrics2.properties
[2025-11-02T17:49:55.012+0000] {subprocess.py:93} INFO - 25/11/02 17:49:55 WARN TaskSchedulerImpl: Initial job has not accepted any resources; check your cluster UI to ensure that workers are registered and have sufficient resources
[2025-11-02T17:50:10.010+0000] {subprocess.py:93} INFO - 25/11/02 17:50:10 WARN TaskSchedulerImpl: Initial job has not accepted any resources; check your cluster UI to ensure that workers are registered and have sufficient resources
[2025-11-02T17:50:25.066+0000] {subprocess.py:93} INFO - 25/11/02 17:50:25 WARN TaskSchedulerImpl: Initial job has not accepted any resources; check your cluster UI to ensure that workers are registered and have sufficient resources
[2025-11-02T17:50:40.011+0000] {subprocess.py:93} INFO - 25/11/02 17:50:40 WARN TaskSchedulerImpl: Initial job has not accepted any resources; check your cluster UI to ensure that workers are registered and have sufficient resources
[2025-11-02T17:50:57.136+0000] {subprocess.py:93} INFO - INFO:__main__:Products data loaded successfully from s3a://multusystem/odoo/products/2025_11_02_1762105332116_0.parquet,rows: 7
[2025-11-02T17:50:59.227+0000] {subprocess.py:93} INFO - Table local.odoo_products does not exist. Creating it...
[2025-11-02T17:50:59.330+0000] {subprocess.py:93} INFO - 25/11/02 17:50:59 WARN package: Truncated the string representation of a plan since it was too large. This behavior can be adjusted by setting 'spark.sql.debug.maxToStringFields'.
[2025-11-02T17:51:17.593+0000] {subprocess.py:93} INFO - INFO:__main__:Products data written to iceberg successfully with 7 rows
[2025-11-02T17:51:18.079+0000] {subprocess.py:93} INFO - [INFO] Latest file for odoo/suppliers: s3a://multusystem/odoo/suppliers/2025_11_02_1762105332116_0.parquet
[2025-11-02T17:51:20.823+0000] {subprocess.py:93} INFO - INFO:__main__:Suppliers data loaded successfully from s3a://multusystem/odoo/suppliers/2025_11_02_1762105332116_0.parquet,rows: 4
[2025-11-02T17:51:22.294+0000] {subprocess.py:93} INFO - Table local.suppliers does not exist. Creating it...
[2025-11-02T17:51:38.195+0000] {subprocess.py:93} INFO - INFO:__main__:Suppliers data written to iceberg successfully with 4 rows
[2025-11-02T17:51:39.182+0000] {subprocess.py:93} INFO - [INFO] Latest file for odoo/warehouse: s3a://multusystem/odoo/warehouse/2025_11_02_1762105332116_0.parquet
[2025-11-02T17:51:41.829+0000] {subprocess.py:93} INFO - INFO:__main__:Warehouse data loaded successfully from s3a://multusystem/odoo/warehouse/2025_11_02_1762105332116_0.parquet,rows: 3
[2025-11-02T17:51:43.277+0000] {subprocess.py:93} INFO - Table local.warehouse does not exist. Creating it...
[2025-11-02T17:51:59.362+0000] {subprocess.py:93} INFO - INFO:__main__:Warehouse data written to iceberg successfully with 3 rows
[2025-11-02T17:51:59.934+0000] {subprocess.py:93} INFO - [INFO] Latest file for odoo/inventory_stock: s3a://multusystem/odoo/inventory_stock/2025_11_02_1762105332116_0.parquet
[2025-11-02T17:52:02.528+0000] {subprocess.py:93} INFO - INFO:__main__:Inventory stock data loaded successfully from s3a://multusystem/odoo/inventory_stock/2025_11_02_1762105332116_0.parquet,rows: 10
[2025-11-02T17:52:04.004+0000] {subprocess.py:93} INFO - Table local.inventory_stock does not exist. Creating it...
[2025-11-02T17:52:19.373+0000] {subprocess.py:93} INFO - INFO:__main__:Inventory stock data written to iceberg successfully with 10 rows
[2025-11-02T17:52:19.993+0000] {subprocess.py:93} INFO - [INFO] Latest file for odoo/sales_orders: s3a://multusystem/odoo/sales_orders/2025_11_02_1762105332116_0.parquet
[2025-11-02T17:52:22.634+0000] {subprocess.py:93} INFO - INFO:__main__:Sales orders data loaded successfully from s3a://multusystem/odoo/sales_orders/2025_11_02_1762105332116_0.parquet,rows: 5
[2025-11-02T17:52:24.127+0000] {subprocess.py:93} INFO - Table local.odoo_sales_orders does not exist. Creating it...
[2025-11-02T17:52:39.820+0000] {subprocess.py:93} INFO - INFO:__main__:Sales orders data written to iceberg successfully with 5 rows
[2025-11-02T17:52:40.629+0000] {subprocess.py:93} INFO - [INFO] Latest file for odoo/sales_order_items: s3a://multusystem/odoo/sales_order_items/2025_11_02_1762105332116_0.parquet
[2025-11-02T17:52:43.220+0000] {subprocess.py:93} INFO - INFO:__main__:Sales order items data loaded successfully from s3a://multusystem/odoo/sales_order_items/2025_11_02_1762105332116_0.parquet,rows: 11
[2025-11-02T17:52:44.735+0000] {subprocess.py:93} INFO - Table local.odoo_sales_order_items does not exist. Creating it...
[2025-11-02T17:53:00.490+0000] {subprocess.py:93} INFO - INFO:__main__:Sales order items data written to iceberg successfully with 11 rows
[2025-11-02T17:53:00.494+0000] {subprocess.py:93} INFO - INFO:__main__:All transformations completed successfully
[2025-11-02T17:53:00.495+0000] {subprocess.py:93} INFO - INFO:py4j.clientserver:Closing down clientserver connection
[2025-11-02T17:53:00.773+0000] {subprocess.py:97} INFO - Command exited with return code 0
[2025-11-02T17:53:00.797+0000] {taskinstance.py:340} INFO - ::group::Post task execution logs
[2025-11-02T17:53:00.799+0000] {taskinstance.py:352} INFO - Marking task as SUCCESS. dag_id=data_lake_silver_transform, task_id=transform_odoo, run_id=manual__2025-11-02T17:42:51.818424+00:00, execution_date=20251102T174251, start_date=20251102T174929, end_date=20251102T175300
[2025-11-02T17:53:00.835+0000] {local_task_job_runner.py:266} INFO - Task exited with return code 0
[2025-11-02T17:53:00.857+0000] {taskinstance.py:3900} INFO - 1 downstream tasks scheduled from follow-on schedule check
[2025-11-02T17:53:00.861+0000] {local_task_job_runner.py:245} INFO - ::endgroup::
