[2025-11-03T09:13:46.131+0000] {local_task_job_runner.py:123} INFO - ::group::Pre task execution logs
[2025-11-03T09:13:46.148+0000] {taskinstance.py:2612} INFO - Dependencies all met for dep_context=non-requeueable deps ti=<TaskInstance: modeling.gold_modeling_fact manual__2025-11-03T09:11:35.443315+00:00 [queued]>
[2025-11-03T09:13:46.158+0000] {taskinstance.py:2612} INFO - Dependencies all met for dep_context=requeueable deps ti=<TaskInstance: modeling.gold_modeling_fact manual__2025-11-03T09:11:35.443315+00:00 [queued]>
[2025-11-03T09:13:46.162+0000] {taskinstance.py:2865} INFO - Starting attempt 1 of 1
[2025-11-03T09:13:46.173+0000] {taskinstance.py:2888} INFO - Executing <Task(BashOperator): gold_modeling_fact> on 2025-11-03 09:11:35.443315+00:00
[2025-11-03T09:13:46.180+0000] {standard_task_runner.py:72} INFO - Started process 3098 to run task
[2025-11-03T09:13:46.183+0000] {standard_task_runner.py:104} INFO - Running: ['***', 'tasks', 'run', 'modeling', 'gold_modeling_fact', 'manual__2025-11-03T09:11:35.443315+00:00', '--job-id', '58', '--raw', '--subdir', 'DAGS_FOLDER/modeling.py', '--cfg-path', '/tmp/tmpo_hl8hiz']
[2025-11-03T09:13:46.187+0000] {standard_task_runner.py:105} INFO - Job 58: Subtask gold_modeling_fact
[2025-11-03T09:13:46.234+0000] {task_command.py:467} INFO - Running <TaskInstance: modeling.gold_modeling_fact manual__2025-11-03T09:11:35.443315+00:00 [running]> on host 4bd4a2df5838
[2025-11-03T09:13:46.318+0000] {taskinstance.py:3131} INFO - Exporting env vars: AIRFLOW_CTX_DAG_OWNER='***' AIRFLOW_CTX_DAG_ID='modeling' AIRFLOW_CTX_TASK_ID='gold_modeling_fact' AIRFLOW_CTX_EXECUTION_DATE='2025-11-03T09:11:35.443315+00:00' AIRFLOW_CTX_TRY_NUMBER='1' AIRFLOW_CTX_DAG_RUN_ID='manual__2025-11-03T09:11:35.443315+00:00'
[2025-11-03T09:13:46.321+0000] {taskinstance.py:731} INFO - ::endgroup::
[2025-11-03T09:13:46.335+0000] {subprocess.py:63} INFO - Tmp dir root location: /tmp
[2025-11-03T09:13:46.337+0000] {subprocess.py:75} INFO - Running command: ['/usr/bin/bash', '-c', 'spark-submit --master spark://spark-master:7077 --packages org.apache.iceberg:iceberg-spark-runtime-3.4_2.12:1.5.0,org.apache.hadoop:hadoop-aws:3.3.4,com.amazonaws:aws-java-sdk-bundle:1.12.262 --conf spark.hadoop.fs.s3a.endpoint=https://repulsive-spooky-cemetery-9rw4pvr4w66f4g6-4566.app.github.dev --conf spark.hadoop.fs.s3a.access.key=test --conf spark.hadoop.fs.s3a.secret.key=test --conf spark.hadoop.fs.s3a.path.style.access=true --conf spark.hadoop.fs.s3a.impl=org.apache.hadoop.fs.s3a.S3AFileSystem --conf spark.hadoop.fs.s3a.connection.ssl.enabled=true /opt/spark/work-dir/scripts/gold_modeling/Fact/Fact.py']
[2025-11-03T09:13:46.346+0000] {subprocess.py:86} INFO - Output:
[2025-11-03T09:13:47.518+0000] {subprocess.py:93} INFO - :: loading settings :: url = jar:file:/opt/spark-3.4.0-bin-hadoop3/jars/ivy-2.5.1.jar!/org/apache/ivy/core/settings/ivysettings.xml
[2025-11-03T09:13:47.615+0000] {subprocess.py:93} INFO - Ivy Default Cache set to: /home/***/.ivy2/cache
[2025-11-03T09:13:47.617+0000] {subprocess.py:93} INFO - The jars for the packages stored in: /home/***/.ivy2/jars
[2025-11-03T09:13:47.619+0000] {subprocess.py:93} INFO - org.apache.iceberg#iceberg-spark-runtime-3.4_2.12 added as a dependency
[2025-11-03T09:13:47.621+0000] {subprocess.py:93} INFO - org.apache.hadoop#hadoop-aws added as a dependency
[2025-11-03T09:13:47.622+0000] {subprocess.py:93} INFO - com.amazonaws#aws-java-sdk-bundle added as a dependency
[2025-11-03T09:13:47.623+0000] {subprocess.py:93} INFO - :: resolving dependencies :: org.apache.spark#spark-submit-parent-3ae028c3-3e36-4a60-90ad-5bb39a40d1bf;1.0
[2025-11-03T09:13:47.625+0000] {subprocess.py:93} INFO - 	confs: [default]
[2025-11-03T09:13:47.710+0000] {subprocess.py:93} INFO - 	found org.apache.iceberg#iceberg-spark-runtime-3.4_2.12;1.5.0 in central
[2025-11-03T09:13:47.763+0000] {subprocess.py:93} INFO - 	found org.apache.hadoop#hadoop-aws;3.3.4 in central
[2025-11-03T09:13:47.781+0000] {subprocess.py:93} INFO - 	found com.amazonaws#aws-java-sdk-bundle;1.12.262 in spark-list
[2025-11-03T09:13:47.799+0000] {subprocess.py:93} INFO - 	found org.wildfly.openssl#wildfly-openssl;1.0.7.Final in central
[2025-11-03T09:13:47.818+0000] {subprocess.py:93} INFO - :: resolution report :: resolve 190ms :: artifacts dl 9ms
[2025-11-03T09:13:47.821+0000] {subprocess.py:93} INFO - 	:: modules in use:
[2025-11-03T09:13:47.823+0000] {subprocess.py:93} INFO - 	com.amazonaws#aws-java-sdk-bundle;1.12.262 from spark-list in [default]
[2025-11-03T09:13:47.824+0000] {subprocess.py:93} INFO - 	org.apache.hadoop#hadoop-aws;3.3.4 from central in [default]
[2025-11-03T09:13:47.825+0000] {subprocess.py:93} INFO - 	org.apache.iceberg#iceberg-spark-runtime-3.4_2.12;1.5.0 from central in [default]
[2025-11-03T09:13:47.827+0000] {subprocess.py:93} INFO - 	org.wildfly.openssl#wildfly-openssl;1.0.7.Final from central in [default]
[2025-11-03T09:13:47.828+0000] {subprocess.py:93} INFO - 	---------------------------------------------------------------------
[2025-11-03T09:13:47.829+0000] {subprocess.py:93} INFO - 	|                  |            modules            ||   artifacts   |
[2025-11-03T09:13:47.831+0000] {subprocess.py:93} INFO - 	|       conf       | number| search|dwnlded|evicted|| number|dwnlded|
[2025-11-03T09:13:47.832+0000] {subprocess.py:93} INFO - 	---------------------------------------------------------------------
[2025-11-03T09:13:47.834+0000] {subprocess.py:93} INFO - 	|      default     |   4   |   0   |   0   |   0   ||   4   |   0   |
[2025-11-03T09:13:47.835+0000] {subprocess.py:93} INFO - 	---------------------------------------------------------------------
[2025-11-03T09:13:47.836+0000] {subprocess.py:93} INFO - :: retrieving :: org.apache.spark#spark-submit-parent-3ae028c3-3e36-4a60-90ad-5bb39a40d1bf
[2025-11-03T09:13:47.838+0000] {subprocess.py:93} INFO - 	confs: [default]
[2025-11-03T09:13:47.839+0000] {subprocess.py:93} INFO - 	0 artifacts copied, 4 already retrieved (0kB/5ms)
[2025-11-03T09:13:47.984+0000] {subprocess.py:93} INFO - 25/11/03 09:13:47 WARN NativeCodeLoader: Unable to load native-hadoop library for your platform... using builtin-java classes where applicable
[2025-11-03T09:13:49.571+0000] {subprocess.py:93} INFO - 25/11/03 09:13:49 INFO SparkContext: Running Spark version 3.4.0
[2025-11-03T09:13:49.588+0000] {subprocess.py:93} INFO - 25/11/03 09:13:49 INFO ResourceUtils: ==============================================================
[2025-11-03T09:13:49.590+0000] {subprocess.py:93} INFO - 25/11/03 09:13:49 INFO ResourceUtils: No custom resources configured for spark.driver.
[2025-11-03T09:13:49.595+0000] {subprocess.py:93} INFO - 25/11/03 09:13:49 INFO ResourceUtils: ==============================================================
[2025-11-03T09:13:49.601+0000] {subprocess.py:93} INFO - 25/11/03 09:13:49 INFO SparkContext: Submitted application: Gold_Modeling_Fact
[2025-11-03T09:13:49.611+0000] {subprocess.py:93} INFO - 25/11/03 09:13:49 INFO ResourceProfile: Default ResourceProfile created, executor resources: Map(memory -> name: memory, amount: 1024, script: , vendor: , offHeap -> name: offHeap, amount: 0, script: , vendor: ), task resources: Map(cpus -> name: cpus, amount: 1.0)
[2025-11-03T09:13:49.616+0000] {subprocess.py:93} INFO - 25/11/03 09:13:49 INFO ResourceProfile: Limiting resource is cpu
[2025-11-03T09:13:49.618+0000] {subprocess.py:93} INFO - 25/11/03 09:13:49 INFO ResourceProfileManager: Added ResourceProfile id: 0
[2025-11-03T09:13:49.656+0000] {subprocess.py:93} INFO - 25/11/03 09:13:49 INFO SecurityManager: Changing view acls to: ***
[2025-11-03T09:13:49.658+0000] {subprocess.py:93} INFO - 25/11/03 09:13:49 INFO SecurityManager: Changing modify acls to: ***
[2025-11-03T09:13:49.660+0000] {subprocess.py:93} INFO - 25/11/03 09:13:49 INFO SecurityManager: Changing view acls groups to:
[2025-11-03T09:13:49.661+0000] {subprocess.py:93} INFO - 25/11/03 09:13:49 INFO SecurityManager: Changing modify acls groups to:
[2025-11-03T09:13:49.663+0000] {subprocess.py:93} INFO - 25/11/03 09:13:49 INFO SecurityManager: SecurityManager: authentication disabled; ui acls disabled; users with view permissions: ***; groups with view permissions: EMPTY; users with modify permissions: ***; groups with modify permissions: EMPTY
[2025-11-03T09:13:49.811+0000] {subprocess.py:93} INFO - 25/11/03 09:13:49 INFO Utils: Successfully started service 'sparkDriver' on port 45431.
[2025-11-03T09:13:49.837+0000] {subprocess.py:93} INFO - 25/11/03 09:13:49 INFO SparkEnv: Registering MapOutputTracker
[2025-11-03T09:13:49.870+0000] {subprocess.py:93} INFO - 25/11/03 09:13:49 INFO SparkEnv: Registering BlockManagerMaster
[2025-11-03T09:13:49.884+0000] {subprocess.py:93} INFO - 25/11/03 09:13:49 INFO BlockManagerMasterEndpoint: Using org.apache.spark.storage.DefaultTopologyMapper for getting topology information
[2025-11-03T09:13:49.886+0000] {subprocess.py:93} INFO - 25/11/03 09:13:49 INFO BlockManagerMasterEndpoint: BlockManagerMasterEndpoint up
[2025-11-03T09:13:49.888+0000] {subprocess.py:93} INFO - 25/11/03 09:13:49 INFO SparkEnv: Registering BlockManagerMasterHeartbeat
[2025-11-03T09:13:49.903+0000] {subprocess.py:93} INFO - 25/11/03 09:13:49 INFO DiskBlockManager: Created local directory at /tmp/blockmgr-c6c5944d-5eea-481a-bf99-754abffccacc
[2025-11-03T09:13:49.915+0000] {subprocess.py:93} INFO - 25/11/03 09:13:49 INFO MemoryStore: MemoryStore started with capacity 434.4 MiB
[2025-11-03T09:13:49.928+0000] {subprocess.py:93} INFO - 25/11/03 09:13:49 INFO SparkEnv: Registering OutputCommitCoordinator
[2025-11-03T09:13:50.018+0000] {subprocess.py:93} INFO - 25/11/03 09:13:50 INFO JettyUtils: Start Jetty 0.0.0.0:4040 for SparkUI
[2025-11-03T09:13:50.068+0000] {subprocess.py:93} INFO - 25/11/03 09:13:50 INFO Utils: Successfully started service 'SparkUI' on port 4040.
[2025-11-03T09:13:50.097+0000] {subprocess.py:93} INFO - 25/11/03 09:13:50 INFO SparkContext: Added JAR file:///home/***/.ivy2/jars/org.apache.iceberg_iceberg-spark-runtime-3.4_2.12-1.5.0.jar at spark://4bd4a2df5838:45431/jars/org.apache.iceberg_iceberg-spark-runtime-3.4_2.12-1.5.0.jar with timestamp 1762161229561
[2025-11-03T09:13:50.099+0000] {subprocess.py:93} INFO - 25/11/03 09:13:50 INFO SparkContext: Added JAR file:///home/***/.ivy2/jars/org.apache.hadoop_hadoop-aws-3.3.4.jar at spark://4bd4a2df5838:45431/jars/org.apache.hadoop_hadoop-aws-3.3.4.jar with timestamp 1762161229561
[2025-11-03T09:13:50.101+0000] {subprocess.py:93} INFO - 25/11/03 09:13:50 INFO SparkContext: Added JAR file:///home/***/.ivy2/jars/com.amazonaws_aws-java-sdk-bundle-1.12.262.jar at spark://4bd4a2df5838:45431/jars/com.amazonaws_aws-java-sdk-bundle-1.12.262.jar with timestamp 1762161229561
[2025-11-03T09:13:50.103+0000] {subprocess.py:93} INFO - 25/11/03 09:13:50 INFO SparkContext: Added JAR file:///home/***/.ivy2/jars/org.wildfly.openssl_wildfly-openssl-1.0.7.Final.jar at spark://4bd4a2df5838:45431/jars/org.wildfly.openssl_wildfly-openssl-1.0.7.Final.jar with timestamp 1762161229561
[2025-11-03T09:13:50.105+0000] {subprocess.py:93} INFO - 25/11/03 09:13:50 INFO SparkContext: Added file file:///home/***/.ivy2/jars/org.apache.iceberg_iceberg-spark-runtime-3.4_2.12-1.5.0.jar at spark://4bd4a2df5838:45431/files/org.apache.iceberg_iceberg-spark-runtime-3.4_2.12-1.5.0.jar with timestamp 1762161229561
[2025-11-03T09:13:50.106+0000] {subprocess.py:93} INFO - 25/11/03 09:13:50 INFO Utils: Copying /home/***/.ivy2/jars/org.apache.iceberg_iceberg-spark-runtime-3.4_2.12-1.5.0.jar to /tmp/spark-a6053b45-d8ba-4c70-af09-45060b15b223/userFiles-4464c1ea-e044-4d16-b406-ece7fbd8aee7/org.apache.iceberg_iceberg-spark-runtime-3.4_2.12-1.5.0.jar
[2025-11-03T09:13:50.130+0000] {subprocess.py:93} INFO - 25/11/03 09:13:50 INFO SparkContext: Added file file:///home/***/.ivy2/jars/org.apache.hadoop_hadoop-aws-3.3.4.jar at spark://4bd4a2df5838:45431/files/org.apache.hadoop_hadoop-aws-3.3.4.jar with timestamp 1762161229561
[2025-11-03T09:13:50.132+0000] {subprocess.py:93} INFO - 25/11/03 09:13:50 INFO Utils: Copying /home/***/.ivy2/jars/org.apache.hadoop_hadoop-aws-3.3.4.jar to /tmp/spark-a6053b45-d8ba-4c70-af09-45060b15b223/userFiles-4464c1ea-e044-4d16-b406-ece7fbd8aee7/org.apache.hadoop_hadoop-aws-3.3.4.jar
[2025-11-03T09:13:50.135+0000] {subprocess.py:93} INFO - 25/11/03 09:13:50 INFO SparkContext: Added file file:///home/***/.ivy2/jars/com.amazonaws_aws-java-sdk-bundle-1.12.262.jar at spark://4bd4a2df5838:45431/files/com.amazonaws_aws-java-sdk-bundle-1.12.262.jar with timestamp 1762161229561
[2025-11-03T09:13:50.137+0000] {subprocess.py:93} INFO - 25/11/03 09:13:50 INFO Utils: Copying /home/***/.ivy2/jars/com.amazonaws_aws-java-sdk-bundle-1.12.262.jar to /tmp/spark-a6053b45-d8ba-4c70-af09-45060b15b223/userFiles-4464c1ea-e044-4d16-b406-ece7fbd8aee7/com.amazonaws_aws-java-sdk-bundle-1.12.262.jar
[2025-11-03T09:13:50.276+0000] {subprocess.py:93} INFO - 25/11/03 09:13:50 INFO SparkContext: Added file file:///home/***/.ivy2/jars/org.wildfly.openssl_wildfly-openssl-1.0.7.Final.jar at spark://4bd4a2df5838:45431/files/org.wildfly.openssl_wildfly-openssl-1.0.7.Final.jar with timestamp 1762161229561
[2025-11-03T09:13:50.280+0000] {subprocess.py:93} INFO - 25/11/03 09:13:50 INFO Utils: Copying /home/***/.ivy2/jars/org.wildfly.openssl_wildfly-openssl-1.0.7.Final.jar to /tmp/spark-a6053b45-d8ba-4c70-af09-45060b15b223/userFiles-4464c1ea-e044-4d16-b406-ece7fbd8aee7/org.wildfly.openssl_wildfly-openssl-1.0.7.Final.jar
[2025-11-03T09:13:50.341+0000] {subprocess.py:93} INFO - 25/11/03 09:13:50 INFO StandaloneAppClient$ClientEndpoint: Connecting to master spark://spark-master:7077...
[2025-11-03T09:13:50.373+0000] {subprocess.py:93} INFO - 25/11/03 09:13:50 INFO TransportClientFactory: Successfully created connection to spark-master/172.18.0.4:7077 after 18 ms (0 ms spent in bootstraps)
[2025-11-03T09:13:50.431+0000] {subprocess.py:93} INFO - 25/11/03 09:13:50 INFO StandaloneSchedulerBackend: Connected to Spark cluster with app ID app-20251103091350-0004
[2025-11-03T09:13:50.436+0000] {subprocess.py:93} INFO - 25/11/03 09:13:50 INFO StandaloneAppClient$ClientEndpoint: Executor added: app-20251103091350-0004/0 on worker-20251103085153-172.18.0.5-36639 (172.18.0.5:36639) with 2 core(s)
[2025-11-03T09:13:50.439+0000] {subprocess.py:93} INFO - 25/11/03 09:13:50 INFO Utils: Successfully started service 'org.apache.spark.network.netty.NettyBlockTransferService' on port 35219.
[2025-11-03T09:13:50.441+0000] {subprocess.py:93} INFO - 25/11/03 09:13:50 INFO NettyBlockTransferService: Server created on 4bd4a2df5838:35219
[2025-11-03T09:13:50.443+0000] {subprocess.py:93} INFO - 25/11/03 09:13:50 INFO StandaloneSchedulerBackend: Granted executor ID app-20251103091350-0004/0 on hostPort 172.18.0.5:36639 with 2 core(s), 1024.0 MiB RAM
[2025-11-03T09:13:50.445+0000] {subprocess.py:93} INFO - 25/11/03 09:13:50 INFO BlockManager: Using org.apache.spark.storage.RandomBlockReplicationPolicy for block replication policy
[2025-11-03T09:13:50.446+0000] {subprocess.py:93} INFO - 25/11/03 09:13:50 INFO BlockManagerMaster: Registering BlockManager BlockManagerId(driver, 4bd4a2df5838, 35219, None)
[2025-11-03T09:13:50.450+0000] {subprocess.py:93} INFO - 25/11/03 09:13:50 INFO BlockManagerMasterEndpoint: Registering block manager 4bd4a2df5838:35219 with 434.4 MiB RAM, BlockManagerId(driver, 4bd4a2df5838, 35219, None)
[2025-11-03T09:13:50.460+0000] {subprocess.py:93} INFO - 25/11/03 09:13:50 INFO BlockManagerMaster: Registered BlockManager BlockManagerId(driver, 4bd4a2df5838, 35219, None)
[2025-11-03T09:13:50.462+0000] {subprocess.py:93} INFO - 25/11/03 09:13:50 INFO BlockManager: Initialized BlockManager: BlockManagerId(driver, 4bd4a2df5838, 35219, None)
[2025-11-03T09:13:50.471+0000] {subprocess.py:93} INFO - 25/11/03 09:13:50 INFO StandaloneAppClient$ClientEndpoint: Executor updated: app-20251103091350-0004/0 is now RUNNING
[2025-11-03T09:13:50.639+0000] {subprocess.py:93} INFO - 25/11/03 09:13:50 INFO StandaloneSchedulerBackend: SchedulerBackend is ready for scheduling beginning after reached minRegisteredResourcesRatio: 0.0
[2025-11-03T09:13:50.807+0000] {subprocess.py:93} INFO - INFO:gold_modeling.Fact.fact_sales:Creating fact_sales table...
[2025-11-03T09:13:50.815+0000] {subprocess.py:93} INFO - 25/11/03 09:13:50 INFO SharedState: Setting hive.metastore.warehouse.dir ('null') to the value of spark.sql.warehouse.dir.
[2025-11-03T09:13:50.817+0000] {subprocess.py:93} INFO - 25/11/03 09:13:50 INFO SharedState: Warehouse path is 'file:/tmp/***tmp8ekpcv6z/spark-warehouse'.
[2025-11-03T09:13:51.842+0000] {subprocess.py:93} INFO - 25/11/03 09:13:51 WARN MetricsConfig: Cannot locate configuration: tried hadoop-metrics2-s3a-file-system.properties,hadoop-metrics2.properties
[2025-11-03T09:13:51.852+0000] {subprocess.py:93} INFO - 25/11/03 09:13:51 INFO MetricsSystemImpl: Scheduled Metric snapshot period at 10 second(s).
[2025-11-03T09:13:51.854+0000] {subprocess.py:93} INFO - 25/11/03 09:13:51 INFO MetricsSystemImpl: s3a-file-system metrics system started
[2025-11-03T09:13:52.348+0000] {subprocess.py:93} INFO - 25/11/03 09:13:52 INFO StandaloneSchedulerBackend$StandaloneDriverEndpoint: Registered executor NettyRpcEndpointRef(spark-client://Executor) (172.18.0.5:58666) with ID 0,  ResourceProfileId 0
[2025-11-03T09:13:52.406+0000] {subprocess.py:93} INFO - 25/11/03 09:13:52 INFO BlockManagerMasterEndpoint: Registering block manager 172.18.0.5:32869 with 434.4 MiB RAM, BlockManagerId(0, 172.18.0.5, 32869, None)
[2025-11-03T09:13:52.501+0000] {subprocess.py:93} INFO - 25/11/03 09:13:52 INFO CatalogUtil: Loading custom FileIO implementation: org.apache.iceberg.hadoop.HadoopFileIO
[2025-11-03T09:13:55.479+0000] {subprocess.py:93} INFO - 25/11/03 09:13:55 INFO BaseMetastoreCatalog: Table loaded by catalog: local.magento_orders
[2025-11-03T09:13:58.837+0000] {subprocess.py:93} INFO - 25/11/03 09:13:58 INFO BaseMetastoreCatalog: Table loaded by catalog: local.magento_order_items
[2025-11-03T09:14:01.083+0000] {subprocess.py:93} INFO - 25/11/03 09:14:01 INFO BaseMetastoreCatalog: Table loaded by catalog: local.odoo_sales_orders
[2025-11-03T09:14:02.863+0000] {subprocess.py:93} INFO - 25/11/03 09:14:02 INFO BaseMetastoreCatalog: Table loaded by catalog: local.odoo_sales_order_items
[2025-11-03T09:14:02.887+0000] {subprocess.py:93} INFO - 25/11/03 09:14:02 INFO CatalogUtil: Loading custom FileIO implementation: org.apache.iceberg.hadoop.HadoopFileIO
[2025-11-03T09:14:04.646+0000] {subprocess.py:93} INFO - 25/11/03 09:14:04 INFO BaseMetastoreCatalog: Table loaded by catalog: my_catalog.gold.dim_customer
[2025-11-03T09:14:05.294+0000] {subprocess.py:93} INFO - 25/11/03 09:14:05 INFO V2ScanRelationPushDown:
[2025-11-03T09:14:05.296+0000] {subprocess.py:93} INFO - Pushing operators to local.magento_order_items
[2025-11-03T09:14:05.298+0000] {subprocess.py:93} INFO - Pushed Filters: order_id IS NOT NULL
[2025-11-03T09:14:05.300+0000] {subprocess.py:93} INFO - Post-Scan Filters: isnotnull(order_id#624L)
[2025-11-03T09:14:05.301+0000] {subprocess.py:93} INFO - 
[2025-11-03T09:14:05.303+0000] {subprocess.py:93} INFO - 25/11/03 09:14:05 INFO V2ScanRelationPushDown:
[2025-11-03T09:14:05.305+0000] {subprocess.py:93} INFO - Pushing operators to local.odoo_sales_order_items
[2025-11-03T09:14:05.307+0000] {subprocess.py:93} INFO - Pushed Filters: order_id IS NOT NULL
[2025-11-03T09:14:05.308+0000] {subprocess.py:93} INFO - Post-Scan Filters: isnotnull(order_id#718L)
[2025-11-03T09:14:05.310+0000] {subprocess.py:93} INFO - 
[2025-11-03T09:14:05.325+0000] {subprocess.py:93} INFO - 25/11/03 09:14:05 INFO V2ScanRelationPushDown:
[2025-11-03T09:14:05.327+0000] {subprocess.py:93} INFO - Output: status#587, order_id#588L, order_date#589, customer_id#592L, order_number#593, total_amount#594, payment_method#595, discount_amount#596, shipping_amount#597, shipping_method#598
[2025-11-03T09:14:05.329+0000] {subprocess.py:93} INFO - 
[2025-11-03T09:14:05.331+0000] {subprocess.py:93} INFO - 25/11/03 09:14:05 INFO V2ScanRelationPushDown:
[2025-11-03T09:14:05.334+0000] {subprocess.py:93} INFO - Output: order_id#624L, quantity#625L, product_id#626L, unit_price#627, total_price#629
[2025-11-03T09:14:05.336+0000] {subprocess.py:93} INFO - 
[2025-11-03T09:14:05.337+0000] {subprocess.py:93} INFO - 25/11/03 09:14:05 INFO V2ScanRelationPushDown:
[2025-11-03T09:14:05.338+0000] {subprocess.py:93} INFO - Output: status#681, order_id#682L, order_date#684, total_amount#686, customer_email#688, order_reference#689
[2025-11-03T09:14:05.339+0000] {subprocess.py:93} INFO - 
[2025-11-03T09:14:05.341+0000] {subprocess.py:93} INFO - 25/11/03 09:14:05 INFO V2ScanRelationPushDown:
[2025-11-03T09:14:05.343+0000] {subprocess.py:93} INFO - Output: order_id#718L, quantity#719, product_id#720L, unit_price#721, total_price#723
[2025-11-03T09:14:05.344+0000] {subprocess.py:93} INFO - 
[2025-11-03T09:14:05.346+0000] {subprocess.py:93} INFO - 25/11/03 09:14:05 INFO V2ScanRelationPushDown:
[2025-11-03T09:14:05.349+0000] {subprocess.py:93} INFO - Output: customer_id#745L, email#746
[2025-11-03T09:14:05.351+0000] {subprocess.py:93} INFO - 
[2025-11-03T09:14:05.353+0000] {subprocess.py:93} INFO - 25/11/03 09:14:05 INFO SnapshotScan: Scanning table local.magento_orders snapshot 957199840908844351 created at 2025-11-03T09:07:06.456+00:00 with filter true
[2025-11-03T09:14:05.920+0000] {subprocess.py:93} INFO - 25/11/03 09:14:05 INFO BaseDistributedDataScan: Planning file tasks locally for table local.magento_orders
[2025-11-03T09:14:06.462+0000] {subprocess.py:93} INFO - 25/11/03 09:14:06 INFO SparkPartitioningAwareScan: Reporting UnknownPartitioning with 1 partition(s) for table local.magento_orders
[2025-11-03T09:14:06.464+0000] {subprocess.py:93} INFO - 25/11/03 09:14:06 INFO SnapshotScan: Scanning table local.magento_order_items snapshot 6019806080720702684 created at 2025-11-03T09:07:27.192+00:00 with filter order_id IS NOT NULL
[2025-11-03T09:14:06.962+0000] {subprocess.py:93} INFO - 25/11/03 09:14:06 INFO BaseDistributedDataScan: Planning file tasks locally for table local.magento_order_items
[2025-11-03T09:14:07.474+0000] {subprocess.py:93} INFO - 25/11/03 09:14:07 INFO SparkPartitioningAwareScan: Reporting UnknownPartitioning with 1 partition(s) for table local.magento_order_items
[2025-11-03T09:14:07.477+0000] {subprocess.py:93} INFO - 25/11/03 09:14:07 INFO SnapshotScan: Scanning table local.odoo_sales_orders snapshot 90798986792212554 created at 2025-11-03T09:11:08.174+00:00 with filter true
[2025-11-03T09:14:07.957+0000] {subprocess.py:93} INFO - 25/11/03 09:14:07 INFO BaseDistributedDataScan: Planning file tasks locally for table local.odoo_sales_orders
[2025-11-03T09:14:08.443+0000] {subprocess.py:93} INFO - 25/11/03 09:14:08 INFO SparkPartitioningAwareScan: Reporting UnknownPartitioning with 1 partition(s) for table local.odoo_sales_orders
[2025-11-03T09:14:08.445+0000] {subprocess.py:93} INFO - 25/11/03 09:14:08 INFO SnapshotScan: Scanning table local.odoo_sales_order_items snapshot 8811844693569069172 created at 2025-11-03T09:11:28.353+00:00 with filter order_id IS NOT NULL
[2025-11-03T09:14:08.929+0000] {subprocess.py:93} INFO - 25/11/03 09:14:08 INFO BaseDistributedDataScan: Planning file tasks locally for table local.odoo_sales_order_items
[2025-11-03T09:14:09.419+0000] {subprocess.py:93} INFO - 25/11/03 09:14:09 INFO SparkPartitioningAwareScan: Reporting UnknownPartitioning with 1 partition(s) for table local.odoo_sales_order_items
[2025-11-03T09:14:09.421+0000] {subprocess.py:93} INFO - 25/11/03 09:14:09 INFO SnapshotScan: Scanning table my_catalog.gold.dim_customer snapshot 3429839181883176895 created at 2025-11-03T09:12:05.025+00:00 with filter true
[2025-11-03T09:14:09.899+0000] {subprocess.py:93} INFO - 25/11/03 09:14:09 INFO BaseDistributedDataScan: Planning file tasks locally for table my_catalog.gold.dim_customer
[2025-11-03T09:14:10.414+0000] {subprocess.py:93} INFO - 25/11/03 09:14:10 INFO SparkPartitioningAwareScan: Reporting UnknownPartitioning with 1 partition(s) for table my_catalog.gold.dim_customer
[2025-11-03T09:14:10.531+0000] {subprocess.py:93} INFO - 25/11/03 09:14:10 INFO MemoryStore: Block broadcast_0 stored as values in memory (estimated size 32.0 KiB, free 434.4 MiB)
[2025-11-03T09:14:10.564+0000] {subprocess.py:93} INFO - 25/11/03 09:14:10 INFO MemoryStore: Block broadcast_0_piece0 stored as bytes in memory (estimated size 30.5 KiB, free 434.3 MiB)
[2025-11-03T09:14:10.566+0000] {subprocess.py:93} INFO - 25/11/03 09:14:10 INFO BlockManagerInfo: Added broadcast_0_piece0 in memory on 4bd4a2df5838:35219 (size: 30.5 KiB, free: 434.4 MiB)
[2025-11-03T09:14:10.569+0000] {subprocess.py:93} INFO - 25/11/03 09:14:10 INFO SparkContext: Created broadcast 0 from broadcast at SparkBatch.java:79
[2025-11-03T09:14:10.576+0000] {subprocess.py:93} INFO - 25/11/03 09:14:10 INFO MemoryStore: Block broadcast_1 stored as values in memory (estimated size 32.0 KiB, free 434.3 MiB)
[2025-11-03T09:14:10.579+0000] {subprocess.py:93} INFO - 25/11/03 09:14:10 INFO MemoryStore: Block broadcast_1_piece0 stored as bytes in memory (estimated size 30.4 KiB, free 434.3 MiB)
[2025-11-03T09:14:10.581+0000] {subprocess.py:93} INFO - 25/11/03 09:14:10 INFO BlockManagerInfo: Added broadcast_1_piece0 in memory on 4bd4a2df5838:35219 (size: 30.4 KiB, free: 434.3 MiB)
[2025-11-03T09:14:10.583+0000] {subprocess.py:93} INFO - 25/11/03 09:14:10 INFO SparkContext: Created broadcast 1 from broadcast at SparkBatch.java:79
[2025-11-03T09:14:10.586+0000] {subprocess.py:93} INFO - 25/11/03 09:14:10 INFO MemoryStore: Block broadcast_2 stored as values in memory (estimated size 32.0 KiB, free 434.2 MiB)
[2025-11-03T09:14:10.588+0000] {subprocess.py:93} INFO - 25/11/03 09:14:10 INFO MemoryStore: Block broadcast_2_piece0 stored as bytes in memory (estimated size 30.5 KiB, free 434.2 MiB)
[2025-11-03T09:14:10.590+0000] {subprocess.py:93} INFO - 25/11/03 09:14:10 INFO BlockManagerInfo: Added broadcast_2_piece0 in memory on 4bd4a2df5838:35219 (size: 30.5 KiB, free: 434.3 MiB)
[2025-11-03T09:14:10.591+0000] {subprocess.py:93} INFO - 25/11/03 09:14:10 INFO SparkContext: Created broadcast 2 from broadcast at SparkBatch.java:79
[2025-11-03T09:14:10.592+0000] {subprocess.py:93} INFO - 25/11/03 09:14:10 INFO MemoryStore: Block broadcast_3 stored as values in memory (estimated size 32.0 KiB, free 434.2 MiB)
[2025-11-03T09:14:10.594+0000] {subprocess.py:93} INFO - 25/11/03 09:14:10 INFO MemoryStore: Block broadcast_3_piece0 stored as bytes in memory (estimated size 30.4 KiB, free 434.2 MiB)
[2025-11-03T09:14:10.596+0000] {subprocess.py:93} INFO - 25/11/03 09:14:10 INFO BlockManagerInfo: Added broadcast_3_piece0 in memory on 4bd4a2df5838:35219 (size: 30.4 KiB, free: 434.3 MiB)
[2025-11-03T09:14:10.597+0000] {subprocess.py:93} INFO - 25/11/03 09:14:10 INFO SparkContext: Created broadcast 3 from broadcast at SparkBatch.java:79
[2025-11-03T09:14:10.599+0000] {subprocess.py:93} INFO - 25/11/03 09:14:10 INFO MemoryStore: Block broadcast_4 stored as values in memory (estimated size 32.0 KiB, free 434.1 MiB)
[2025-11-03T09:14:10.601+0000] {subprocess.py:93} INFO - 25/11/03 09:14:10 INFO MemoryStore: Block broadcast_4_piece0 stored as bytes in memory (estimated size 30.3 KiB, free 434.1 MiB)
[2025-11-03T09:14:10.602+0000] {subprocess.py:93} INFO - 25/11/03 09:14:10 INFO BlockManagerInfo: Added broadcast_4_piece0 in memory on 4bd4a2df5838:35219 (size: 30.3 KiB, free: 434.3 MiB)
[2025-11-03T09:14:10.603+0000] {subprocess.py:93} INFO - 25/11/03 09:14:10 INFO SparkContext: Created broadcast 4 from broadcast at SparkBatch.java:79
[2025-11-03T09:14:10.630+0000] {subprocess.py:93} INFO - 25/11/03 09:14:10 INFO MemoryStore: Block broadcast_5 stored as values in memory (estimated size 32.0 KiB, free 434.1 MiB)
[2025-11-03T09:14:10.633+0000] {subprocess.py:93} INFO - 25/11/03 09:14:10 INFO MemoryStore: Block broadcast_5_piece0 stored as bytes in memory (estimated size 30.5 KiB, free 434.0 MiB)
[2025-11-03T09:14:10.635+0000] {subprocess.py:93} INFO - 25/11/03 09:14:10 INFO BlockManagerInfo: Added broadcast_5_piece0 in memory on 4bd4a2df5838:35219 (size: 30.5 KiB, free: 434.2 MiB)
[2025-11-03T09:14:10.637+0000] {subprocess.py:93} INFO - 25/11/03 09:14:10 INFO SparkContext: Created broadcast 5 from broadcast at SparkBatch.java:79
[2025-11-03T09:14:10.638+0000] {subprocess.py:93} INFO - 25/11/03 09:14:10 INFO MemoryStore: Block broadcast_6 stored as values in memory (estimated size 32.0 KiB, free 434.0 MiB)
[2025-11-03T09:14:10.640+0000] {subprocess.py:93} INFO - 25/11/03 09:14:10 INFO MemoryStore: Block broadcast_6_piece0 stored as bytes in memory (estimated size 30.4 KiB, free 434.0 MiB)
[2025-11-03T09:14:10.642+0000] {subprocess.py:93} INFO - 25/11/03 09:14:10 INFO BlockManagerInfo: Added broadcast_6_piece0 in memory on 4bd4a2df5838:35219 (size: 30.4 KiB, free: 434.2 MiB)
[2025-11-03T09:14:10.644+0000] {subprocess.py:93} INFO - 25/11/03 09:14:10 INFO SparkContext: Created broadcast 6 from broadcast at SparkBatch.java:79
[2025-11-03T09:14:10.652+0000] {subprocess.py:93} INFO - 25/11/03 09:14:10 INFO MemoryStore: Block broadcast_7 stored as values in memory (estimated size 32.0 KiB, free 433.9 MiB)
[2025-11-03T09:14:10.655+0000] {subprocess.py:93} INFO - 25/11/03 09:14:10 INFO MemoryStore: Block broadcast_7_piece0 stored as bytes in memory (estimated size 30.5 KiB, free 433.9 MiB)
[2025-11-03T09:14:10.656+0000] {subprocess.py:93} INFO - 25/11/03 09:14:10 INFO BlockManagerInfo: Added broadcast_7_piece0 in memory on 4bd4a2df5838:35219 (size: 30.5 KiB, free: 434.2 MiB)
[2025-11-03T09:14:10.659+0000] {subprocess.py:93} INFO - 25/11/03 09:14:10 INFO SparkContext: Created broadcast 7 from broadcast at SparkBatch.java:79
[2025-11-03T09:14:10.661+0000] {subprocess.py:93} INFO - 25/11/03 09:14:10 INFO MemoryStore: Block broadcast_8 stored as values in memory (estimated size 32.0 KiB, free 433.9 MiB)
[2025-11-03T09:14:10.667+0000] {subprocess.py:93} INFO - 25/11/03 09:14:10 INFO MemoryStore: Block broadcast_8_piece0 stored as bytes in memory (estimated size 30.5 KiB, free 433.9 MiB)
[2025-11-03T09:14:10.669+0000] {subprocess.py:93} INFO - 25/11/03 09:14:10 INFO BlockManagerInfo: Added broadcast_8_piece0 in memory on 4bd4a2df5838:35219 (size: 30.5 KiB, free: 434.1 MiB)
[2025-11-03T09:14:10.671+0000] {subprocess.py:93} INFO - 25/11/03 09:14:10 INFO SparkContext: Created broadcast 8 from broadcast at SparkBatch.java:79
[2025-11-03T09:14:10.674+0000] {subprocess.py:93} INFO - 25/11/03 09:14:10 INFO MemoryStore: Block broadcast_9 stored as values in memory (estimated size 32.0 KiB, free 433.8 MiB)
[2025-11-03T09:14:10.677+0000] {subprocess.py:93} INFO - 25/11/03 09:14:10 INFO MemoryStore: Block broadcast_9_piece0 stored as bytes in memory (estimated size 30.3 KiB, free 433.8 MiB)
[2025-11-03T09:14:10.679+0000] {subprocess.py:93} INFO - 25/11/03 09:14:10 INFO BlockManagerInfo: Added broadcast_9_piece0 in memory on 4bd4a2df5838:35219 (size: 30.3 KiB, free: 434.1 MiB)
[2025-11-03T09:14:10.681+0000] {subprocess.py:93} INFO - 25/11/03 09:14:10 INFO SparkContext: Created broadcast 9 from broadcast at SparkBatch.java:79
[2025-11-03T09:14:13.787+0000] {subprocess.py:93} INFO - 25/11/03 09:14:13 INFO BaseMetastoreCatalog: Table properties set at catalog level through catalog properties: {}
[2025-11-03T09:14:13.791+0000] {subprocess.py:93} INFO - 25/11/03 09:14:13 INFO BaseMetastoreCatalog: Table properties enforced at catalog level through catalog properties: {}
[2025-11-03T09:14:17.008+0000] {subprocess.py:93} INFO - 25/11/03 09:14:17 INFO CodeGenerator: Code generated in 189.378067 ms
[2025-11-03T09:14:17.011+0000] {subprocess.py:93} INFO - 25/11/03 09:14:17 INFO CodeGenerator: Code generated in 189.395922 ms
[2025-11-03T09:14:17.012+0000] {subprocess.py:93} INFO - 25/11/03 09:14:17 INFO CodeGenerator: Code generated in 189.258895 ms
[2025-11-03T09:14:17.108+0000] {subprocess.py:93} INFO - 25/11/03 09:14:17 INFO SparkContext: Starting job: $anonfun$withThreadLocalCaptured$1 at FutureTask.java:264
[2025-11-03T09:14:17.110+0000] {subprocess.py:93} INFO - 25/11/03 09:14:17 INFO SparkContext: Starting job: $anonfun$withThreadLocalCaptured$1 at FutureTask.java:264
[2025-11-03T09:14:17.112+0000] {subprocess.py:93} INFO - 25/11/03 09:14:17 INFO SparkContext: Starting job: $anonfun$withThreadLocalCaptured$1 at FutureTask.java:264
[2025-11-03T09:14:17.119+0000] {subprocess.py:93} INFO - 25/11/03 09:14:17 INFO DAGScheduler: Got job 0 ($anonfun$withThreadLocalCaptured$1 at FutureTask.java:264) with 1 output partitions
[2025-11-03T09:14:17.122+0000] {subprocess.py:93} INFO - 25/11/03 09:14:17 INFO DAGScheduler: Final stage: ResultStage 0 ($anonfun$withThreadLocalCaptured$1 at FutureTask.java:264)
[2025-11-03T09:14:17.124+0000] {subprocess.py:93} INFO - 25/11/03 09:14:17 INFO DAGScheduler: Parents of final stage: List()
[2025-11-03T09:14:17.126+0000] {subprocess.py:93} INFO - 25/11/03 09:14:17 INFO DAGScheduler: Missing parents: List()
[2025-11-03T09:14:17.129+0000] {subprocess.py:93} INFO - 25/11/03 09:14:17 INFO DAGScheduler: Submitting ResultStage 0 (MapPartitionsRDD[10] at $anonfun$withThreadLocalCaptured$1 at FutureTask.java:264), which has no missing parents
[2025-11-03T09:14:17.138+0000] {subprocess.py:93} INFO - 25/11/03 09:14:17 INFO MemoryStore: Block broadcast_10 stored as values in memory (estimated size 15.5 KiB, free 433.8 MiB)
[2025-11-03T09:14:17.140+0000] {subprocess.py:93} INFO - 25/11/03 09:14:17 INFO MemoryStore: Block broadcast_10_piece0 stored as bytes in memory (estimated size 5.8 KiB, free 433.8 MiB)
[2025-11-03T09:14:17.142+0000] {subprocess.py:93} INFO - 25/11/03 09:14:17 INFO BlockManagerInfo: Added broadcast_10_piece0 in memory on 4bd4a2df5838:35219 (size: 5.8 KiB, free: 434.1 MiB)
[2025-11-03T09:14:17.144+0000] {subprocess.py:93} INFO - 25/11/03 09:14:17 INFO SparkContext: Created broadcast 10 from broadcast at DAGScheduler.scala:1535
[2025-11-03T09:14:17.159+0000] {subprocess.py:93} INFO - 25/11/03 09:14:17 INFO DAGScheduler: Submitting 1 missing tasks from ResultStage 0 (MapPartitionsRDD[10] at $anonfun$withThreadLocalCaptured$1 at FutureTask.java:264) (first 15 tasks are for partitions Vector(0))
[2025-11-03T09:14:17.161+0000] {subprocess.py:93} INFO - 25/11/03 09:14:17 INFO TaskSchedulerImpl: Adding task set 0.0 with 1 tasks resource profile 0
[2025-11-03T09:14:17.181+0000] {subprocess.py:93} INFO - 25/11/03 09:14:17 INFO DAGScheduler: Got job 2 ($anonfun$withThreadLocalCaptured$1 at FutureTask.java:264) with 1 output partitions
[2025-11-03T09:14:17.183+0000] {subprocess.py:93} INFO - 25/11/03 09:14:17 INFO DAGScheduler: Final stage: ResultStage 1 ($anonfun$withThreadLocalCaptured$1 at FutureTask.java:264)
[2025-11-03T09:14:17.185+0000] {subprocess.py:93} INFO - 25/11/03 09:14:17 INFO DAGScheduler: Parents of final stage: List()
[2025-11-03T09:14:17.187+0000] {subprocess.py:93} INFO - 25/11/03 09:14:17 INFO DAGScheduler: Missing parents: List()
[2025-11-03T09:14:17.190+0000] {subprocess.py:93} INFO - 25/11/03 09:14:17 INFO DAGScheduler: Submitting ResultStage 1 (MapPartitionsRDD[9] at $anonfun$withThreadLocalCaptured$1 at FutureTask.java:264), which has no missing parents
[2025-11-03T09:14:17.192+0000] {subprocess.py:93} INFO - 25/11/03 09:14:17 INFO MemoryStore: Block broadcast_11 stored as values in memory (estimated size 15.5 KiB, free 433.8 MiB)
[2025-11-03T09:14:17.194+0000] {subprocess.py:93} INFO - 25/11/03 09:14:17 INFO MemoryStore: Block broadcast_11_piece0 stored as bytes in memory (estimated size 5.8 KiB, free 433.7 MiB)
[2025-11-03T09:14:17.196+0000] {subprocess.py:93} INFO - 25/11/03 09:14:17 INFO BlockManagerInfo: Added broadcast_11_piece0 in memory on 4bd4a2df5838:35219 (size: 5.8 KiB, free: 434.1 MiB)
[2025-11-03T09:14:17.198+0000] {subprocess.py:93} INFO - 25/11/03 09:14:17 INFO SparkContext: Created broadcast 11 from broadcast at DAGScheduler.scala:1535
[2025-11-03T09:14:17.199+0000] {subprocess.py:93} INFO - 25/11/03 09:14:17 INFO DAGScheduler: Submitting 1 missing tasks from ResultStage 1 (MapPartitionsRDD[9] at $anonfun$withThreadLocalCaptured$1 at FutureTask.java:264) (first 15 tasks are for partitions Vector(0))
[2025-11-03T09:14:17.202+0000] {subprocess.py:93} INFO - 25/11/03 09:14:17 INFO TaskSchedulerImpl: Adding task set 1.0 with 1 tasks resource profile 0
[2025-11-03T09:14:17.206+0000] {subprocess.py:93} INFO - 25/11/03 09:14:17 INFO TaskSetManager: Starting task 0.0 in stage 0.0 (TID 0) (172.18.0.5, executor 0, partition 0, PROCESS_LOCAL, 13251 bytes)
[2025-11-03T09:14:17.212+0000] {subprocess.py:93} INFO - 25/11/03 09:14:17 INFO DAGScheduler: Got job 1 ($anonfun$withThreadLocalCaptured$1 at FutureTask.java:264) with 1 output partitions
[2025-11-03T09:14:17.214+0000] {subprocess.py:93} INFO - 25/11/03 09:14:17 INFO DAGScheduler: Final stage: ResultStage 2 ($anonfun$withThreadLocalCaptured$1 at FutureTask.java:264)
[2025-11-03T09:14:17.215+0000] {subprocess.py:93} INFO - 25/11/03 09:14:17 INFO DAGScheduler: Parents of final stage: List()
[2025-11-03T09:14:17.217+0000] {subprocess.py:93} INFO - 25/11/03 09:14:17 INFO DAGScheduler: Missing parents: List()
[2025-11-03T09:14:17.218+0000] {subprocess.py:93} INFO - 25/11/03 09:14:17 INFO DAGScheduler: Submitting ResultStage 2 (MapPartitionsRDD[11] at $anonfun$withThreadLocalCaptured$1 at FutureTask.java:264), which has no missing parents
[2025-11-03T09:14:17.220+0000] {subprocess.py:93} INFO - 25/11/03 09:14:17 INFO MemoryStore: Block broadcast_12 stored as values in memory (estimated size 13.7 KiB, free 433.7 MiB)
[2025-11-03T09:14:17.222+0000] {subprocess.py:93} INFO - 25/11/03 09:14:17 INFO TaskSetManager: Starting task 0.0 in stage 1.0 (TID 1) (172.18.0.5, executor 0, partition 0, PROCESS_LOCAL, 13125 bytes)
[2025-11-03T09:14:17.223+0000] {subprocess.py:93} INFO - 25/11/03 09:14:17 INFO MemoryStore: Block broadcast_12_piece0 stored as bytes in memory (estimated size 5.5 KiB, free 433.7 MiB)
[2025-11-03T09:14:17.225+0000] {subprocess.py:93} INFO - 25/11/03 09:14:17 INFO BlockManagerInfo: Added broadcast_12_piece0 in memory on 4bd4a2df5838:35219 (size: 5.5 KiB, free: 434.1 MiB)
[2025-11-03T09:14:17.227+0000] {subprocess.py:93} INFO - 25/11/03 09:14:17 INFO SparkContext: Created broadcast 12 from broadcast at DAGScheduler.scala:1535
[2025-11-03T09:14:17.229+0000] {subprocess.py:93} INFO - 25/11/03 09:14:17 INFO DAGScheduler: Submitting 1 missing tasks from ResultStage 2 (MapPartitionsRDD[11] at $anonfun$withThreadLocalCaptured$1 at FutureTask.java:264) (first 15 tasks are for partitions Vector(0))
[2025-11-03T09:14:17.230+0000] {subprocess.py:93} INFO - 25/11/03 09:14:17 INFO TaskSchedulerImpl: Adding task set 2.0 with 1 tasks resource profile 0
[2025-11-03T09:14:17.572+0000] {subprocess.py:93} INFO - 25/11/03 09:14:17 INFO BlockManagerInfo: Added broadcast_10_piece0 in memory on 172.18.0.5:32869 (size: 5.8 KiB, free: 434.4 MiB)
[2025-11-03T09:14:17.575+0000] {subprocess.py:93} INFO - 25/11/03 09:14:17 INFO BlockManagerInfo: Added broadcast_11_piece0 in memory on 172.18.0.5:32869 (size: 5.8 KiB, free: 434.4 MiB)
[2025-11-03T09:14:17.979+0000] {subprocess.py:93} INFO - 25/11/03 09:14:17 INFO BlockManagerInfo: Added broadcast_6_piece0 in memory on 172.18.0.5:32869 (size: 30.4 KiB, free: 434.4 MiB)
[2025-11-03T09:14:17.981+0000] {subprocess.py:93} INFO - 25/11/03 09:14:17 INFO BlockManagerInfo: Added broadcast_5_piece0 in memory on 172.18.0.5:32869 (size: 30.5 KiB, free: 434.3 MiB)
[2025-11-03T09:14:20.702+0000] {subprocess.py:93} INFO - 25/11/03 09:14:20 INFO TaskSetManager: Starting task 0.0 in stage 2.0 (TID 2) (172.18.0.5, executor 0, partition 0, PROCESS_LOCAL, 12151 bytes)
[2025-11-03T09:14:20.711+0000] {subprocess.py:93} INFO - 25/11/03 09:14:20 INFO TaskSetManager: Finished task 0.0 in stage 0.0 (TID 0) in 3525 ms on 172.18.0.5 (executor 0) (1/1)
[2025-11-03T09:14:20.713+0000] {subprocess.py:93} INFO - 25/11/03 09:14:20 INFO TaskSchedulerImpl: Removed TaskSet 0.0, whose tasks have all completed, from pool
[2025-11-03T09:14:20.715+0000] {subprocess.py:93} INFO - 25/11/03 09:14:20 INFO TaskSetManager: Finished task 0.0 in stage 1.0 (TID 1) in 3497 ms on 172.18.0.5 (executor 0) (1/1)
[2025-11-03T09:14:20.717+0000] {subprocess.py:93} INFO - 25/11/03 09:14:20 INFO TaskSchedulerImpl: Removed TaskSet 1.0, whose tasks have all completed, from pool
[2025-11-03T09:14:20.720+0000] {subprocess.py:93} INFO - 25/11/03 09:14:20 INFO DAGScheduler: ResultStage 0 ($anonfun$withThreadLocalCaptured$1 at FutureTask.java:264) finished in 3.582 s
[2025-11-03T09:14:20.722+0000] {subprocess.py:93} INFO - 25/11/03 09:14:20 INFO DAGScheduler: Job 0 is finished. Cancelling potential speculative or zombie tasks for this job
[2025-11-03T09:14:20.724+0000] {subprocess.py:93} INFO - 25/11/03 09:14:20 INFO TaskSchedulerImpl: Killing all running tasks in stage 0: Stage finished
[2025-11-03T09:14:20.726+0000] {subprocess.py:93} INFO - 25/11/03 09:14:20 INFO DAGScheduler: Job 0 finished: $anonfun$withThreadLocalCaptured$1 at FutureTask.java:264, took 3.615363 s
[2025-11-03T09:14:20.729+0000] {subprocess.py:93} INFO - 25/11/03 09:14:20 INFO DAGScheduler: ResultStage 1 ($anonfun$withThreadLocalCaptured$1 at FutureTask.java:264) finished in 3.541 s
[2025-11-03T09:14:20.731+0000] {subprocess.py:93} INFO - 25/11/03 09:14:20 INFO DAGScheduler: Job 2 is finished. Cancelling potential speculative or zombie tasks for this job
[2025-11-03T09:14:20.733+0000] {subprocess.py:93} INFO - 25/11/03 09:14:20 INFO TaskSchedulerImpl: Killing all running tasks in stage 1: Stage finished
[2025-11-03T09:14:20.735+0000] {subprocess.py:93} INFO - 25/11/03 09:14:20 INFO DAGScheduler: Job 2 finished: $anonfun$withThreadLocalCaptured$1 at FutureTask.java:264, took 3.616514 s
[2025-11-03T09:14:20.737+0000] {subprocess.py:93} INFO - 25/11/03 09:14:20 INFO BlockManagerInfo: Added broadcast_12_piece0 in memory on 172.18.0.5:32869 (size: 5.5 KiB, free: 434.3 MiB)
[2025-11-03T09:14:20.760+0000] {subprocess.py:93} INFO - 25/11/03 09:14:20 INFO CodeGenerator: Code generated in 12.580135 ms
[2025-11-03T09:14:20.763+0000] {subprocess.py:93} INFO - 25/11/03 09:14:20 INFO BlockManagerInfo: Added broadcast_9_piece0 in memory on 172.18.0.5:32869 (size: 30.3 KiB, free: 434.3 MiB)
[2025-11-03T09:14:20.770+0000] {subprocess.py:93} INFO - 25/11/03 09:14:20 INFO MemoryStore: Block broadcast_13_piece0 stored as bytes in memory (estimated size 404.0 B, free 433.7 MiB)
[2025-11-03T09:14:20.773+0000] {subprocess.py:93} INFO - 25/11/03 09:14:20 INFO MemoryStore: Block broadcast_14_piece0 stored as bytes in memory (estimated size 470.0 B, free 433.7 MiB)
[2025-11-03T09:14:20.775+0000] {subprocess.py:93} INFO - 25/11/03 09:14:20 INFO BlockManagerInfo: Added broadcast_13_piece0 in memory on 4bd4a2df5838:35219 (size: 404.0 B, free: 434.1 MiB)
[2025-11-03T09:14:20.777+0000] {subprocess.py:93} INFO - 25/11/03 09:14:20 INFO SparkContext: Created broadcast 13 from $anonfun$withThreadLocalCaptured$1 at FutureTask.java:264
[2025-11-03T09:14:20.778+0000] {subprocess.py:93} INFO - 25/11/03 09:14:20 INFO BlockManagerInfo: Added broadcast_14_piece0 in memory on 4bd4a2df5838:35219 (size: 470.0 B, free: 434.1 MiB)
[2025-11-03T09:14:20.780+0000] {subprocess.py:93} INFO - 25/11/03 09:14:20 INFO SparkContext: Created broadcast 14 from $anonfun$withThreadLocalCaptured$1 at FutureTask.java:264
[2025-11-03T09:14:20.797+0000] {subprocess.py:93} INFO - 25/11/03 09:14:20 INFO MemoryStore: Block broadcast_15 stored as values in memory (estimated size 32.0 KiB, free 433.7 MiB)
[2025-11-03T09:14:20.799+0000] {subprocess.py:93} INFO - 25/11/03 09:14:20 INFO MemoryStore: Block broadcast_15_piece0 stored as bytes in memory (estimated size 30.5 KiB, free 433.7 MiB)
[2025-11-03T09:14:20.801+0000] {subprocess.py:93} INFO - 25/11/03 09:14:20 INFO BlockManagerInfo: Added broadcast_15_piece0 in memory on 4bd4a2df5838:35219 (size: 30.5 KiB, free: 434.1 MiB)
[2025-11-03T09:14:20.805+0000] {subprocess.py:93} INFO - 25/11/03 09:14:20 INFO SparkContext: Created broadcast 15 from broadcast at SparkBatch.java:79
[2025-11-03T09:14:20.806+0000] {subprocess.py:93} INFO - 25/11/03 09:14:20 INFO MemoryStore: Block broadcast_16 stored as values in memory (estimated size 32.0 KiB, free 433.6 MiB)
[2025-11-03T09:14:20.808+0000] {subprocess.py:93} INFO - 25/11/03 09:14:20 INFO MemoryStore: Block broadcast_16_piece0 stored as bytes in memory (estimated size 30.5 KiB, free 433.6 MiB)
[2025-11-03T09:14:20.811+0000] {subprocess.py:93} INFO - 25/11/03 09:14:20 INFO BlockManagerInfo: Added broadcast_16_piece0 in memory on 4bd4a2df5838:35219 (size: 30.5 KiB, free: 434.0 MiB)
[2025-11-03T09:14:20.813+0000] {subprocess.py:93} INFO - 25/11/03 09:14:20 INFO SparkContext: Created broadcast 16 from broadcast at SparkBatch.java:79
[2025-11-03T09:14:20.824+0000] {subprocess.py:93} INFO - 25/11/03 09:14:20 INFO MemoryStore: Block broadcast_17 stored as values in memory (estimated size 32.0 KiB, free 433.6 MiB)
[2025-11-03T09:14:20.826+0000] {subprocess.py:93} INFO - 25/11/03 09:14:20 INFO MemoryStore: Block broadcast_17_piece0 stored as bytes in memory (estimated size 30.5 KiB, free 433.5 MiB)
[2025-11-03T09:14:20.828+0000] {subprocess.py:93} INFO - 25/11/03 09:14:20 INFO BlockManagerInfo: Added broadcast_17_piece0 in memory on 4bd4a2df5838:35219 (size: 30.5 KiB, free: 434.0 MiB)
[2025-11-03T09:14:20.830+0000] {subprocess.py:93} INFO - 25/11/03 09:14:20 INFO SparkContext: Created broadcast 17 from broadcast at SparkBatch.java:79
[2025-11-03T09:14:20.832+0000] {subprocess.py:93} INFO - 25/11/03 09:14:20 INFO MemoryStore: Block broadcast_18 stored as values in memory (estimated size 32.0 KiB, free 433.5 MiB)
[2025-11-03T09:14:20.840+0000] {subprocess.py:93} INFO - 25/11/03 09:14:20 INFO MemoryStore: Block broadcast_18_piece0 stored as bytes in memory (estimated size 30.5 KiB, free 433.5 MiB)
[2025-11-03T09:14:20.842+0000] {subprocess.py:93} INFO - 25/11/03 09:14:20 INFO BlockManagerInfo: Added broadcast_18_piece0 in memory on 4bd4a2df5838:35219 (size: 30.5 KiB, free: 434.0 MiB)
[2025-11-03T09:14:20.844+0000] {subprocess.py:93} INFO - 25/11/03 09:14:20 INFO SparkContext: Created broadcast 18 from broadcast at SparkBatch.java:79
[2025-11-03T09:14:20.865+0000] {subprocess.py:93} INFO - 25/11/03 09:14:20 INFO BlockManagerInfo: Removed broadcast_10_piece0 on 4bd4a2df5838:35219 in memory (size: 5.8 KiB, free: 434.0 MiB)
[2025-11-03T09:14:20.871+0000] {subprocess.py:93} INFO - 25/11/03 09:14:20 INFO BlockManagerInfo: Removed broadcast_10_piece0 on 172.18.0.5:32869 in memory (size: 5.8 KiB, free: 434.3 MiB)
[2025-11-03T09:14:20.885+0000] {subprocess.py:93} INFO - 25/11/03 09:14:20 INFO BlockManagerInfo: Removed broadcast_11_piece0 on 4bd4a2df5838:35219 in memory (size: 5.8 KiB, free: 434.0 MiB)
[2025-11-03T09:14:20.887+0000] {subprocess.py:93} INFO - 25/11/03 09:14:20 INFO BlockManagerInfo: Removed broadcast_11_piece0 on 172.18.0.5:32869 in memory (size: 5.8 KiB, free: 434.3 MiB)
[2025-11-03T09:14:20.896+0000] {subprocess.py:93} INFO - 25/11/03 09:14:20 INFO BlockManagerInfo: Removed broadcast_15_piece0 on 4bd4a2df5838:35219 in memory (size: 30.5 KiB, free: 434.0 MiB)
[2025-11-03T09:14:20.902+0000] {subprocess.py:93} INFO - 25/11/03 09:14:20 INFO BlockManagerInfo: Removed broadcast_16_piece0 on 4bd4a2df5838:35219 in memory (size: 30.5 KiB, free: 434.0 MiB)
[2025-11-03T09:14:21.598+0000] {subprocess.py:93} INFO - 25/11/03 09:14:21 INFO TaskSetManager: Finished task 0.0 in stage 2.0 (TID 2) in 897 ms on 172.18.0.5 (executor 0) (1/1)
[2025-11-03T09:14:21.602+0000] {subprocess.py:93} INFO - 25/11/03 09:14:21 INFO TaskSchedulerImpl: Removed TaskSet 2.0, whose tasks have all completed, from pool
[2025-11-03T09:14:21.603+0000] {subprocess.py:93} INFO - 25/11/03 09:14:21 INFO DAGScheduler: ResultStage 2 ($anonfun$withThreadLocalCaptured$1 at FutureTask.java:264) finished in 4.386 s
[2025-11-03T09:14:21.605+0000] {subprocess.py:93} INFO - 25/11/03 09:14:21 INFO DAGScheduler: Job 1 is finished. Cancelling potential speculative or zombie tasks for this job
[2025-11-03T09:14:21.607+0000] {subprocess.py:93} INFO - 25/11/03 09:14:21 INFO TaskSchedulerImpl: Killing all running tasks in stage 2: Stage finished
[2025-11-03T09:14:21.609+0000] {subprocess.py:93} INFO - 25/11/03 09:14:21 INFO DAGScheduler: Job 1 finished: $anonfun$withThreadLocalCaptured$1 at FutureTask.java:264, took 4.492002 s
[2025-11-03T09:14:21.621+0000] {subprocess.py:93} INFO - 25/11/03 09:14:21 INFO BlockManagerInfo: Removed broadcast_18_piece0 on 4bd4a2df5838:35219 in memory (size: 30.5 KiB, free: 434.1 MiB)
[2025-11-03T09:14:21.628+0000] {subprocess.py:93} INFO - 25/11/03 09:14:21 INFO CodeGenerator: Code generated in 7.113272 ms
[2025-11-03T09:14:21.640+0000] {subprocess.py:93} INFO - 25/11/03 09:14:21 INFO MemoryStore: Block broadcast_19_piece0 stored as bytes in memory (estimated size 475.0 B, free 433.7 MiB)
[2025-11-03T09:14:21.646+0000] {subprocess.py:93} INFO - 25/11/03 09:14:21 INFO BlockManagerInfo: Added broadcast_19_piece0 in memory on 4bd4a2df5838:35219 (size: 475.0 B, free: 434.1 MiB)
[2025-11-03T09:14:21.648+0000] {subprocess.py:93} INFO - 25/11/03 09:14:21 INFO SparkContext: Created broadcast 19 from $anonfun$withThreadLocalCaptured$1 at FutureTask.java:264
[2025-11-03T09:14:21.657+0000] {subprocess.py:93} INFO - 25/11/03 09:14:21 INFO MemoryStore: Block broadcast_20 stored as values in memory (estimated size 32.0 KiB, free 433.7 MiB)
[2025-11-03T09:14:21.670+0000] {subprocess.py:93} INFO - 25/11/03 09:14:21 INFO MemoryStore: Block broadcast_20_piece0 stored as bytes in memory (estimated size 30.5 KiB, free 433.6 MiB)
[2025-11-03T09:14:21.676+0000] {subprocess.py:93} INFO - 25/11/03 09:14:21 INFO BlockManagerInfo: Added broadcast_20_piece0 in memory on 4bd4a2df5838:35219 (size: 30.5 KiB, free: 434.0 MiB)
[2025-11-03T09:14:21.679+0000] {subprocess.py:93} INFO - 25/11/03 09:14:21 INFO SparkContext: Created broadcast 20 from broadcast at SparkBatch.java:79
[2025-11-03T09:14:21.681+0000] {subprocess.py:93} INFO - 25/11/03 09:14:21 INFO BlockManagerInfo: Removed broadcast_12_piece0 on 4bd4a2df5838:35219 in memory (size: 5.5 KiB, free: 434.0 MiB)
[2025-11-03T09:14:21.683+0000] {subprocess.py:93} INFO - 25/11/03 09:14:21 INFO BlockManagerInfo: Removed broadcast_12_piece0 on 172.18.0.5:32869 in memory (size: 5.5 KiB, free: 434.3 MiB)
[2025-11-03T09:14:21.684+0000] {subprocess.py:93} INFO - 25/11/03 09:14:21 INFO MemoryStore: Block broadcast_21 stored as values in memory (estimated size 32.0 KiB, free 433.6 MiB)
[2025-11-03T09:14:21.686+0000] {subprocess.py:93} INFO - 25/11/03 09:14:21 INFO MemoryStore: Block broadcast_21_piece0 stored as bytes in memory (estimated size 30.5 KiB, free 433.6 MiB)
[2025-11-03T09:14:21.689+0000] {subprocess.py:93} INFO - 25/11/03 09:14:21 INFO BlockManagerInfo: Added broadcast_21_piece0 in memory on 4bd4a2df5838:35219 (size: 30.5 KiB, free: 434.0 MiB)
[2025-11-03T09:14:21.690+0000] {subprocess.py:93} INFO - 25/11/03 09:14:21 INFO SparkContext: Created broadcast 21 from broadcast at SparkBatch.java:79
[2025-11-03T09:14:21.692+0000] {subprocess.py:93} INFO - 25/11/03 09:14:21 INFO BlockManagerInfo: Removed broadcast_17_piece0 on 4bd4a2df5838:35219 in memory (size: 30.5 KiB, free: 434.0 MiB)
[2025-11-03T09:14:21.781+0000] {subprocess.py:93} INFO - 25/11/03 09:14:21 INFO CodeGenerator: Code generated in 45.951158 ms
[2025-11-03T09:14:21.788+0000] {subprocess.py:93} INFO - 25/11/03 09:14:21 INFO TorrentBroadcast: Started reading broadcast variable 13 with 1 pieces (estimated total size 4.0 MiB)
[2025-11-03T09:14:21.793+0000] {subprocess.py:93} INFO - 25/11/03 09:14:21 INFO TorrentBroadcast: Reading broadcast variable 13 took 5 ms
[2025-11-03T09:14:21.823+0000] {subprocess.py:93} INFO - 25/11/03 09:14:21 INFO CodeGenerator: Code generated in 19.934621 ms
[2025-11-03T09:14:21.850+0000] {subprocess.py:93} INFO - 25/11/03 09:14:21 INFO TorrentBroadcast: Started reading broadcast variable 14 with 1 pieces (estimated total size 4.0 MiB)
[2025-11-03T09:14:21.852+0000] {subprocess.py:93} INFO - 25/11/03 09:14:21 INFO TorrentBroadcast: Reading broadcast variable 14 took 0 ms
[2025-11-03T09:14:21.876+0000] {subprocess.py:93} INFO - 25/11/03 09:14:21 INFO CodeGenerator: Code generated in 15.246539 ms
[2025-11-03T09:14:21.893+0000] {subprocess.py:93} INFO - 25/11/03 09:14:21 INFO MemoryStore: Block broadcast_22 stored as values in memory (estimated size 32.0 KiB, free 433.6 MiB)
[2025-11-03T09:14:21.896+0000] {subprocess.py:93} INFO - 25/11/03 09:14:21 INFO MemoryStore: Block broadcast_22_piece0 stored as bytes in memory (estimated size 30.1 KiB, free 433.6 MiB)
[2025-11-03T09:14:21.897+0000] {subprocess.py:93} INFO - 25/11/03 09:14:21 INFO BlockManagerInfo: Added broadcast_22_piece0 in memory on 4bd4a2df5838:35219 (size: 30.1 KiB, free: 434.0 MiB)
[2025-11-03T09:14:21.899+0000] {subprocess.py:93} INFO - 25/11/03 09:14:21 INFO SparkContext: Created broadcast 22 from broadcast at SparkWrite.java:182
[2025-11-03T09:14:21.901+0000] {subprocess.py:93} INFO - 25/11/03 09:14:21 INFO AtomicReplaceTableAsSelectExec: Start processing data source write support: IcebergBatchWrite(table=gold.fact_sales, format=PARQUET). The input RDD has 1 partitions.
[2025-11-03T09:14:21.906+0000] {subprocess.py:93} INFO - 25/11/03 09:14:21 INFO SparkContext: Starting job: sql at NativeMethodAccessorImpl.java:0
[2025-11-03T09:14:21.908+0000] {subprocess.py:93} INFO - 25/11/03 09:14:21 INFO DAGScheduler: Got job 3 (sql at NativeMethodAccessorImpl.java:0) with 1 output partitions
[2025-11-03T09:14:21.910+0000] {subprocess.py:93} INFO - 25/11/03 09:14:21 INFO DAGScheduler: Final stage: ResultStage 3 (sql at NativeMethodAccessorImpl.java:0)
[2025-11-03T09:14:21.912+0000] {subprocess.py:93} INFO - 25/11/03 09:14:21 INFO DAGScheduler: Parents of final stage: List()
[2025-11-03T09:14:21.914+0000] {subprocess.py:93} INFO - 25/11/03 09:14:21 INFO DAGScheduler: Missing parents: List()
[2025-11-03T09:14:21.916+0000] {subprocess.py:93} INFO - 25/11/03 09:14:21 INFO DAGScheduler: Submitting ResultStage 3 (MapPartitionsRDD[19] at sql at NativeMethodAccessorImpl.java:0), which has no missing parents
[2025-11-03T09:14:21.918+0000] {subprocess.py:93} INFO - 25/11/03 09:14:21 INFO MemoryStore: Block broadcast_23 stored as values in memory (estimated size 100.8 KiB, free 433.5 MiB)
[2025-11-03T09:14:21.920+0000] {subprocess.py:93} INFO - 25/11/03 09:14:21 INFO MemoryStore: Block broadcast_23_piece0 stored as bytes in memory (estimated size 36.3 KiB, free 433.5 MiB)
[2025-11-03T09:14:21.922+0000] {subprocess.py:93} INFO - 25/11/03 09:14:21 INFO BlockManagerInfo: Added broadcast_23_piece0 in memory on 4bd4a2df5838:35219 (size: 36.3 KiB, free: 434.0 MiB)
[2025-11-03T09:14:21.925+0000] {subprocess.py:93} INFO - 25/11/03 09:14:21 INFO SparkContext: Created broadcast 23 from broadcast at DAGScheduler.scala:1535
[2025-11-03T09:14:21.927+0000] {subprocess.py:93} INFO - 25/11/03 09:14:21 INFO DAGScheduler: Submitting 1 missing tasks from ResultStage 3 (MapPartitionsRDD[19] at sql at NativeMethodAccessorImpl.java:0) (first 15 tasks are for partitions Vector(0))
[2025-11-03T09:14:21.930+0000] {subprocess.py:93} INFO - 25/11/03 09:14:21 INFO TaskSchedulerImpl: Adding task set 3.0 with 1 tasks resource profile 0
[2025-11-03T09:14:21.932+0000] {subprocess.py:93} INFO - 25/11/03 09:14:21 INFO TaskSetManager: Starting task 0.0 in stage 3.0 (TID 3) (172.18.0.5, executor 0, partition 0, PROCESS_LOCAL, 16166 bytes)
[2025-11-03T09:14:21.934+0000] {subprocess.py:93} INFO - 25/11/03 09:14:21 INFO BlockManagerInfo: Added broadcast_23_piece0 in memory on 172.18.0.5:32869 (size: 36.3 KiB, free: 434.3 MiB)
[2025-11-03T09:14:22.174+0000] {subprocess.py:93} INFO - 25/11/03 09:14:22 INFO BlockManagerInfo: Added broadcast_13_piece0 in memory on 172.18.0.5:32869 (size: 404.0 B, free: 434.3 MiB)
[2025-11-03T09:14:22.222+0000] {subprocess.py:93} INFO - 25/11/03 09:14:22 INFO BlockManagerInfo: Added broadcast_14_piece0 in memory on 172.18.0.5:32869 (size: 470.0 B, free: 434.3 MiB)
[2025-11-03T09:14:22.243+0000] {subprocess.py:93} INFO - 25/11/03 09:14:22 INFO BlockManagerInfo: Added broadcast_19_piece0 in memory on 172.18.0.5:32869 (size: 475.0 B, free: 434.3 MiB)
[2025-11-03T09:14:22.314+0000] {subprocess.py:93} INFO - 25/11/03 09:14:22 INFO BlockManagerInfo: Added broadcast_22_piece0 in memory on 172.18.0.5:32869 (size: 30.1 KiB, free: 434.2 MiB)
[2025-11-03T09:14:22.410+0000] {subprocess.py:93} INFO - 25/11/03 09:14:22 INFO BlockManagerInfo: Added broadcast_7_piece0 in memory on 172.18.0.5:32869 (size: 30.5 KiB, free: 434.2 MiB)
[2025-11-03T09:14:23.250+0000] {subprocess.py:93} INFO - 25/11/03 09:14:23 INFO BlockManagerInfo: Added broadcast_8_piece0 in memory on 172.18.0.5:32869 (size: 30.5 KiB, free: 434.2 MiB)
[2025-11-03T09:14:25.008+0000] {subprocess.py:93} INFO - 25/11/03 09:14:25 INFO TaskSetManager: Finished task 0.0 in stage 3.0 (TID 3) in 3091 ms on 172.18.0.5 (executor 0) (1/1)
[2025-11-03T09:14:25.010+0000] {subprocess.py:93} INFO - 25/11/03 09:14:25 INFO TaskSchedulerImpl: Removed TaskSet 3.0, whose tasks have all completed, from pool
[2025-11-03T09:14:25.018+0000] {subprocess.py:93} INFO - 25/11/03 09:14:25 INFO DAGScheduler: ResultStage 3 (sql at NativeMethodAccessorImpl.java:0) finished in 3.100 s
[2025-11-03T09:14:25.021+0000] {subprocess.py:93} INFO - 25/11/03 09:14:25 INFO DAGScheduler: Job 3 is finished. Cancelling potential speculative or zombie tasks for this job
[2025-11-03T09:14:25.023+0000] {subprocess.py:93} INFO - 25/11/03 09:14:25 INFO TaskSchedulerImpl: Killing all running tasks in stage 3: Stage finished
[2025-11-03T09:14:25.025+0000] {subprocess.py:93} INFO - 25/11/03 09:14:25 INFO DAGScheduler: Job 3 finished: sql at NativeMethodAccessorImpl.java:0, took 3.102468 s
[2025-11-03T09:14:25.027+0000] {subprocess.py:93} INFO - 25/11/03 09:14:25 INFO AtomicReplaceTableAsSelectExec: Data source write support IcebergBatchWrite(table=gold.fact_sales, format=PARQUET) is committing.
[2025-11-03T09:14:25.030+0000] {subprocess.py:93} INFO - 25/11/03 09:14:25 INFO SparkWrite: Committing append with 1 new data files to table gold.fact_sales
[2025-11-03T09:14:26.820+0000] {subprocess.py:93} INFO - 25/11/03 09:14:26 INFO SnapshotProducer: Committed snapshot 2157822438920351830 (MergeAppend)
[2025-11-03T09:14:27.306+0000] {subprocess.py:93} INFO - 25/11/03 09:14:27 INFO LoggingMetricsReporter: Received metrics report: CommitReport{tableName=gold.fact_sales, snapshotId=2157822438920351830, sequenceNumber=1, operation=append, commitMetrics=CommitMetricsResult{totalDuration=TimerResult{timeUnit=NANOSECONDS, totalDuration=PT2.271411998S, count=1}, attempts=CounterResult{unit=COUNT, value=1}, addedDataFiles=CounterResult{unit=COUNT, value=1}, removedDataFiles=null, totalDataFiles=CounterResult{unit=COUNT, value=1}, addedDeleteFiles=null, addedEqualityDeleteFiles=null, addedPositionalDeleteFiles=null, removedDeleteFiles=null, removedEqualityDeleteFiles=null, removedPositionalDeleteFiles=null, totalDeleteFiles=CounterResult{unit=COUNT, value=0}, addedRecords=CounterResult{unit=COUNT, value=18}, removedRecords=null, totalRecords=CounterResult{unit=COUNT, value=18}, addedFilesSizeInBytes=CounterResult{unit=BYTES, value=6547}, removedFilesSizeInBytes=null, totalFilesSizeInBytes=CounterResult{unit=BYTES, value=6547}, addedPositionalDeletes=null, removedPositionalDeletes=null, totalPositionalDeletes=CounterResult{unit=COUNT, value=0}, addedEqualityDeletes=null, removedEqualityDeletes=null, totalEqualityDeletes=CounterResult{unit=COUNT, value=0}}, metadata={engine-version=3.4.0, app-id=app-20251103091350-0004, engine-name=spark, iceberg-version=Apache Iceberg 1.5.0 (commit 2519ab43d654927802cc02e19c917ce90e8e0265)}}
[2025-11-03T09:14:27.312+0000] {subprocess.py:93} INFO - 25/11/03 09:14:27 INFO SparkWrite: Committed in 2276 ms
[2025-11-03T09:14:27.314+0000] {subprocess.py:93} INFO - 25/11/03 09:14:27 INFO AtomicReplaceTableAsSelectExec: Data source write support IcebergBatchWrite(table=gold.fact_sales, format=PARQUET) committed.
[2025-11-03T09:14:27.790+0000] {subprocess.py:93} INFO - 25/11/03 09:14:27 WARN HadoopTableOperations: Error reading version hint file s3a://multusystem/gold_layer/gold/fact_sales/metadata/version-hint.text
[2025-11-03T09:14:27.792+0000] {subprocess.py:93} INFO - java.io.FileNotFoundException: No such file or directory: s3a://multusystem/gold_layer/gold/fact_sales/metadata/version-hint.text
[2025-11-03T09:14:27.796+0000] {subprocess.py:93} INFO - 	at org.apache.hadoop.fs.s3a.S3AFileSystem.s3GetFileStatus(S3AFileSystem.java:3866)
[2025-11-03T09:14:27.798+0000] {subprocess.py:93} INFO - 	at org.apache.hadoop.fs.s3a.S3AFileSystem.innerGetFileStatus(S3AFileSystem.java:3688)
[2025-11-03T09:14:27.802+0000] {subprocess.py:93} INFO - 	at org.apache.hadoop.fs.s3a.S3AFileSystem.extractOrFetchSimpleFileStatus(S3AFileSystem.java:5401)
[2025-11-03T09:14:27.805+0000] {subprocess.py:93} INFO - 	at org.apache.hadoop.fs.s3a.S3AFileSystem.open(S3AFileSystem.java:1465)
[2025-11-03T09:14:27.808+0000] {subprocess.py:93} INFO - 	at org.apache.hadoop.fs.s3a.S3AFileSystem.open(S3AFileSystem.java:1441)
[2025-11-03T09:14:27.811+0000] {subprocess.py:93} INFO - 	at org.apache.hadoop.fs.FileSystem.open(FileSystem.java:976)
[2025-11-03T09:14:27.814+0000] {subprocess.py:93} INFO - 	at org.apache.iceberg.hadoop.HadoopTableOperations.findVersion(HadoopTableOperations.java:318)
[2025-11-03T09:14:27.817+0000] {subprocess.py:93} INFO - 	at org.apache.iceberg.hadoop.HadoopTableOperations.refresh(HadoopTableOperations.java:104)
[2025-11-03T09:14:27.820+0000] {subprocess.py:93} INFO - 	at org.apache.iceberg.BaseTransaction.lambda$commitReplaceTransaction$1(BaseTransaction.java:368)
[2025-11-03T09:14:27.822+0000] {subprocess.py:93} INFO - 	at org.apache.iceberg.util.Tasks$Builder.runTaskWithRetry(Tasks.java:413)
[2025-11-03T09:14:27.826+0000] {subprocess.py:93} INFO - 	at org.apache.iceberg.util.Tasks$Builder.runSingleThreaded(Tasks.java:219)
[2025-11-03T09:14:27.829+0000] {subprocess.py:93} INFO - 	at org.apache.iceberg.util.Tasks$Builder.run(Tasks.java:203)
[2025-11-03T09:14:27.831+0000] {subprocess.py:93} INFO - 	at org.apache.iceberg.util.Tasks$Builder.run(Tasks.java:196)
[2025-11-03T09:14:27.835+0000] {subprocess.py:93} INFO - 	at org.apache.iceberg.BaseTransaction.commitReplaceTransaction(BaseTransaction.java:365)
[2025-11-03T09:14:27.838+0000] {subprocess.py:93} INFO - 	at org.apache.iceberg.BaseTransaction.commitTransaction(BaseTransaction.java:314)
[2025-11-03T09:14:27.840+0000] {subprocess.py:93} INFO - 	at org.apache.iceberg.CommitCallbackTransaction.commitTransaction(CommitCallbackTransaction.java:126)
[2025-11-03T09:14:27.843+0000] {subprocess.py:93} INFO - 	at org.apache.iceberg.spark.source.StagedSparkTable.commitStagedChanges(StagedSparkTable.java:34)
[2025-11-03T09:14:27.844+0000] {subprocess.py:93} INFO - 	at org.apache.spark.sql.execution.datasources.v2.TableWriteExecHelper.$anonfun$writeToTable$1(WriteToDataSourceV2Exec.scala:603)
[2025-11-03T09:14:27.847+0000] {subprocess.py:93} INFO - 	at org.apache.spark.util.Utils$.tryWithSafeFinallyAndFailureCallbacks(Utils.scala:1563)
[2025-11-03T09:14:27.850+0000] {subprocess.py:93} INFO - 	at org.apache.spark.sql.execution.datasources.v2.TableWriteExecHelper.writeToTable(WriteToDataSourceV2Exec.scala:587)
[2025-11-03T09:14:27.853+0000] {subprocess.py:93} INFO - 	at org.apache.spark.sql.execution.datasources.v2.TableWriteExecHelper.writeToTable$(WriteToDataSourceV2Exec.scala:582)
[2025-11-03T09:14:27.855+0000] {subprocess.py:93} INFO - 	at org.apache.spark.sql.execution.datasources.v2.AtomicReplaceTableAsSelectExec.writeToTable(WriteToDataSourceV2Exec.scala:202)
[2025-11-03T09:14:27.857+0000] {subprocess.py:93} INFO - 	at org.apache.spark.sql.execution.datasources.v2.AtomicReplaceTableAsSelectExec.run(WriteToDataSourceV2Exec.scala:236)
[2025-11-03T09:14:27.859+0000] {subprocess.py:93} INFO - 	at org.apache.spark.sql.execution.datasources.v2.V2CommandExec.result$lzycompute(V2CommandExec.scala:43)
[2025-11-03T09:14:27.862+0000] {subprocess.py:93} INFO - 	at org.apache.spark.sql.execution.datasources.v2.V2CommandExec.result(V2CommandExec.scala:43)
[2025-11-03T09:14:27.864+0000] {subprocess.py:93} INFO - 	at org.apache.spark.sql.execution.datasources.v2.V2CommandExec.executeCollect(V2CommandExec.scala:49)
[2025-11-03T09:14:27.867+0000] {subprocess.py:93} INFO - 	at org.apache.spark.sql.execution.QueryExecution$$anonfun$eagerlyExecuteCommands$1.$anonfun$applyOrElse$1(QueryExecution.scala:98)
[2025-11-03T09:14:27.870+0000] {subprocess.py:93} INFO - 	at org.apache.spark.sql.execution.SQLExecution$.$anonfun$withNewExecutionId$6(SQLExecution.scala:118)
[2025-11-03T09:14:27.872+0000] {subprocess.py:93} INFO - 	at org.apache.spark.sql.execution.SQLExecution$.withSQLConfPropagated(SQLExecution.scala:195)
[2025-11-03T09:14:27.874+0000] {subprocess.py:93} INFO - 	at org.apache.spark.sql.execution.SQLExecution$.$anonfun$withNewExecutionId$1(SQLExecution.scala:103)
[2025-11-03T09:14:27.878+0000] {subprocess.py:93} INFO - 	at org.apache.spark.sql.SparkSession.withActive(SparkSession.scala:827)
[2025-11-03T09:14:27.882+0000] {subprocess.py:93} INFO - 	at org.apache.spark.sql.execution.SQLExecution$.withNewExecutionId(SQLExecution.scala:65)
[2025-11-03T09:14:27.888+0000] {subprocess.py:93} INFO - 	at org.apache.spark.sql.execution.QueryExecution$$anonfun$eagerlyExecuteCommands$1.applyOrElse(QueryExecution.scala:98)
[2025-11-03T09:14:27.897+0000] {subprocess.py:93} INFO - 	at org.apache.spark.sql.execution.QueryExecution$$anonfun$eagerlyExecuteCommands$1.applyOrElse(QueryExecution.scala:94)
[2025-11-03T09:14:27.903+0000] {subprocess.py:93} INFO - 	at org.apache.spark.sql.catalyst.trees.TreeNode.$anonfun$transformDownWithPruning$1(TreeNode.scala:512)
[2025-11-03T09:14:27.905+0000] {subprocess.py:93} INFO - 	at org.apache.spark.sql.catalyst.trees.CurrentOrigin$.withOrigin(TreeNode.scala:104)
[2025-11-03T09:14:27.908+0000] {subprocess.py:93} INFO - 	at org.apache.spark.sql.catalyst.trees.TreeNode.transformDownWithPruning(TreeNode.scala:512)
[2025-11-03T09:14:27.910+0000] {subprocess.py:93} INFO - 	at org.apache.spark.sql.catalyst.plans.logical.LogicalPlan.org$apache$spark$sql$catalyst$plans$logical$AnalysisHelper$$super$transformDownWithPruning(LogicalPlan.scala:31)
[2025-11-03T09:14:27.912+0000] {subprocess.py:93} INFO - 	at org.apache.spark.sql.catalyst.plans.logical.AnalysisHelper.transformDownWithPruning(AnalysisHelper.scala:267)
[2025-11-03T09:14:27.913+0000] {subprocess.py:93} INFO - 	at org.apache.spark.sql.catalyst.plans.logical.AnalysisHelper.transformDownWithPruning$(AnalysisHelper.scala:263)
[2025-11-03T09:14:27.915+0000] {subprocess.py:93} INFO - 	at org.apache.spark.sql.catalyst.plans.logical.LogicalPlan.transformDownWithPruning(LogicalPlan.scala:31)
[2025-11-03T09:14:27.917+0000] {subprocess.py:93} INFO - 	at org.apache.spark.sql.catalyst.plans.logical.LogicalPlan.transformDownWithPruning(LogicalPlan.scala:31)
[2025-11-03T09:14:27.925+0000] {subprocess.py:93} INFO - 	at org.apache.spark.sql.catalyst.trees.TreeNode.transformDown(TreeNode.scala:488)
[2025-11-03T09:14:27.930+0000] {subprocess.py:93} INFO - 	at org.apache.spark.sql.execution.QueryExecution.eagerlyExecuteCommands(QueryExecution.scala:94)
[2025-11-03T09:14:27.933+0000] {subprocess.py:93} INFO - 	at org.apache.spark.sql.execution.QueryExecution.commandExecuted$lzycompute(QueryExecution.scala:81)
[2025-11-03T09:14:27.936+0000] {subprocess.py:93} INFO - 	at org.apache.spark.sql.execution.QueryExecution.commandExecuted(QueryExecution.scala:79)
[2025-11-03T09:14:27.937+0000] {subprocess.py:93} INFO - 	at org.apache.spark.sql.Dataset.<init>(Dataset.scala:219)
[2025-11-03T09:14:27.939+0000] {subprocess.py:93} INFO - 	at org.apache.spark.sql.Dataset$.$anonfun$ofRows$2(Dataset.scala:99)
[2025-11-03T09:14:27.940+0000] {subprocess.py:93} INFO - 	at org.apache.spark.sql.SparkSession.withActive(SparkSession.scala:827)
[2025-11-03T09:14:27.940+0000] {subprocess.py:93} INFO - 	at org.apache.spark.sql.Dataset$.ofRows(Dataset.scala:96)
[2025-11-03T09:14:27.942+0000] {subprocess.py:93} INFO - 	at org.apache.spark.sql.SparkSession.$anonfun$sql$1(SparkSession.scala:640)
[2025-11-03T09:14:27.944+0000] {subprocess.py:93} INFO - 	at org.apache.spark.sql.SparkSession.withActive(SparkSession.scala:827)
[2025-11-03T09:14:27.946+0000] {subprocess.py:93} INFO - 	at org.apache.spark.sql.SparkSession.sql(SparkSession.scala:630)
[2025-11-03T09:14:27.947+0000] {subprocess.py:93} INFO - 	at org.apache.spark.sql.SparkSession.sql(SparkSession.scala:662)
[2025-11-03T09:14:27.949+0000] {subprocess.py:93} INFO - 	at java.base/jdk.internal.reflect.NativeMethodAccessorImpl.invoke0(Native Method)
[2025-11-03T09:14:27.950+0000] {subprocess.py:93} INFO - 	at java.base/jdk.internal.reflect.NativeMethodAccessorImpl.invoke(NativeMethodAccessorImpl.java:77)
[2025-11-03T09:14:27.953+0000] {subprocess.py:93} INFO - 	at java.base/jdk.internal.reflect.DelegatingMethodAccessorImpl.invoke(DelegatingMethodAccessorImpl.java:43)
[2025-11-03T09:14:27.958+0000] {subprocess.py:93} INFO - 	at java.base/java.lang.reflect.Method.invoke(Method.java:569)
[2025-11-03T09:14:27.959+0000] {subprocess.py:93} INFO - 	at py4j.reflection.MethodInvoker.invoke(MethodInvoker.java:244)
[2025-11-03T09:14:27.961+0000] {subprocess.py:93} INFO - 	at py4j.reflection.ReflectionEngine.invoke(ReflectionEngine.java:374)
[2025-11-03T09:14:27.962+0000] {subprocess.py:93} INFO - 	at py4j.Gateway.invoke(Gateway.java:282)
[2025-11-03T09:14:27.963+0000] {subprocess.py:93} INFO - 	at py4j.commands.AbstractCommand.invokeMethod(AbstractCommand.java:132)
[2025-11-03T09:14:27.965+0000] {subprocess.py:93} INFO - 	at py4j.commands.CallCommand.execute(CallCommand.java:79)
[2025-11-03T09:14:27.966+0000] {subprocess.py:93} INFO - 	at py4j.ClientServerConnection.waitForCommands(ClientServerConnection.java:182)
[2025-11-03T09:14:27.968+0000] {subprocess.py:93} INFO - 	at py4j.ClientServerConnection.run(ClientServerConnection.java:106)
[2025-11-03T09:14:27.969+0000] {subprocess.py:93} INFO - 	at java.base/java.lang.Thread.run(Thread.java:840)
[2025-11-03T09:14:29.388+0000] {subprocess.py:93} INFO - 25/11/03 09:14:29 WARN HadoopTableOperations: Error reading version hint file s3a://multusystem/gold_layer/gold/fact_sales/metadata/version-hint.text
[2025-11-03T09:14:29.392+0000] {subprocess.py:93} INFO - java.io.FileNotFoundException: No such file or directory: s3a://multusystem/gold_layer/gold/fact_sales/metadata/version-hint.text
[2025-11-03T09:14:29.394+0000] {subprocess.py:93} INFO - 	at org.apache.hadoop.fs.s3a.S3AFileSystem.s3GetFileStatus(S3AFileSystem.java:3866)
[2025-11-03T09:14:29.395+0000] {subprocess.py:93} INFO - 	at org.apache.hadoop.fs.s3a.S3AFileSystem.innerGetFileStatus(S3AFileSystem.java:3688)
[2025-11-03T09:14:29.397+0000] {subprocess.py:93} INFO - 	at org.apache.hadoop.fs.s3a.S3AFileSystem.extractOrFetchSimpleFileStatus(S3AFileSystem.java:5401)
[2025-11-03T09:14:29.398+0000] {subprocess.py:93} INFO - 	at org.apache.hadoop.fs.s3a.S3AFileSystem.open(S3AFileSystem.java:1465)
[2025-11-03T09:14:29.398+0000] {subprocess.py:93} INFO - 	at org.apache.hadoop.fs.s3a.S3AFileSystem.open(S3AFileSystem.java:1441)
[2025-11-03T09:14:29.400+0000] {subprocess.py:93} INFO - 	at org.apache.hadoop.fs.FileSystem.open(FileSystem.java:976)
[2025-11-03T09:14:29.400+0000] {subprocess.py:93} INFO - 	at org.apache.iceberg.hadoop.HadoopTableOperations.findVersion(HadoopTableOperations.java:318)
[2025-11-03T09:14:29.401+0000] {subprocess.py:93} INFO - 	at org.apache.iceberg.hadoop.HadoopTableOperations.refresh(HadoopTableOperations.java:104)
[2025-11-03T09:14:29.402+0000] {subprocess.py:93} INFO - 	at org.apache.iceberg.hadoop.HadoopTableOperations.current(HadoopTableOperations.java:84)
[2025-11-03T09:14:29.403+0000] {subprocess.py:93} INFO - 	at org.apache.iceberg.BaseTransaction.lambda$commitReplaceTransaction$1(BaseTransaction.java:377)
[2025-11-03T09:14:29.403+0000] {subprocess.py:93} INFO - 	at org.apache.iceberg.util.Tasks$Builder.runTaskWithRetry(Tasks.java:413)
[2025-11-03T09:14:29.404+0000] {subprocess.py:93} INFO - 	at org.apache.iceberg.util.Tasks$Builder.runSingleThreaded(Tasks.java:219)
[2025-11-03T09:14:29.405+0000] {subprocess.py:93} INFO - 	at org.apache.iceberg.util.Tasks$Builder.run(Tasks.java:203)
[2025-11-03T09:14:29.406+0000] {subprocess.py:93} INFO - 	at org.apache.iceberg.util.Tasks$Builder.run(Tasks.java:196)
[2025-11-03T09:14:29.407+0000] {subprocess.py:93} INFO - 	at org.apache.iceberg.BaseTransaction.commitReplaceTransaction(BaseTransaction.java:365)
[2025-11-03T09:14:29.407+0000] {subprocess.py:93} INFO - 	at org.apache.iceberg.BaseTransaction.commitTransaction(BaseTransaction.java:314)
[2025-11-03T09:14:29.408+0000] {subprocess.py:93} INFO - 	at org.apache.iceberg.CommitCallbackTransaction.commitTransaction(CommitCallbackTransaction.java:126)
[2025-11-03T09:14:29.409+0000] {subprocess.py:93} INFO - 	at org.apache.iceberg.spark.source.StagedSparkTable.commitStagedChanges(StagedSparkTable.java:34)
[2025-11-03T09:14:29.409+0000] {subprocess.py:93} INFO - 	at org.apache.spark.sql.execution.datasources.v2.TableWriteExecHelper.$anonfun$writeToTable$1(WriteToDataSourceV2Exec.scala:603)
[2025-11-03T09:14:29.410+0000] {subprocess.py:93} INFO - 	at org.apache.spark.util.Utils$.tryWithSafeFinallyAndFailureCallbacks(Utils.scala:1563)
[2025-11-03T09:14:29.411+0000] {subprocess.py:93} INFO - 	at org.apache.spark.sql.execution.datasources.v2.TableWriteExecHelper.writeToTable(WriteToDataSourceV2Exec.scala:587)
[2025-11-03T09:14:29.412+0000] {subprocess.py:93} INFO - 	at org.apache.spark.sql.execution.datasources.v2.TableWriteExecHelper.writeToTable$(WriteToDataSourceV2Exec.scala:582)
[2025-11-03T09:14:29.412+0000] {subprocess.py:93} INFO - 	at org.apache.spark.sql.execution.datasources.v2.AtomicReplaceTableAsSelectExec.writeToTable(WriteToDataSourceV2Exec.scala:202)
[2025-11-03T09:14:29.413+0000] {subprocess.py:93} INFO - 	at org.apache.spark.sql.execution.datasources.v2.AtomicReplaceTableAsSelectExec.run(WriteToDataSourceV2Exec.scala:236)
[2025-11-03T09:14:29.414+0000] {subprocess.py:93} INFO - 	at org.apache.spark.sql.execution.datasources.v2.V2CommandExec.result$lzycompute(V2CommandExec.scala:43)
[2025-11-03T09:14:29.415+0000] {subprocess.py:93} INFO - 	at org.apache.spark.sql.execution.datasources.v2.V2CommandExec.result(V2CommandExec.scala:43)
[2025-11-03T09:14:29.416+0000] {subprocess.py:93} INFO - 	at org.apache.spark.sql.execution.datasources.v2.V2CommandExec.executeCollect(V2CommandExec.scala:49)
[2025-11-03T09:14:29.416+0000] {subprocess.py:93} INFO - 	at org.apache.spark.sql.execution.QueryExecution$$anonfun$eagerlyExecuteCommands$1.$anonfun$applyOrElse$1(QueryExecution.scala:98)
[2025-11-03T09:14:29.417+0000] {subprocess.py:93} INFO - 	at org.apache.spark.sql.execution.SQLExecution$.$anonfun$withNewExecutionId$6(SQLExecution.scala:118)
[2025-11-03T09:14:29.417+0000] {subprocess.py:93} INFO - 	at org.apache.spark.sql.execution.SQLExecution$.withSQLConfPropagated(SQLExecution.scala:195)
[2025-11-03T09:14:29.418+0000] {subprocess.py:93} INFO - 	at org.apache.spark.sql.execution.SQLExecution$.$anonfun$withNewExecutionId$1(SQLExecution.scala:103)
[2025-11-03T09:14:29.419+0000] {subprocess.py:93} INFO - 	at org.apache.spark.sql.SparkSession.withActive(SparkSession.scala:827)
[2025-11-03T09:14:29.420+0000] {subprocess.py:93} INFO - 	at org.apache.spark.sql.execution.SQLExecution$.withNewExecutionId(SQLExecution.scala:65)
[2025-11-03T09:14:29.420+0000] {subprocess.py:93} INFO - 	at org.apache.spark.sql.execution.QueryExecution$$anonfun$eagerlyExecuteCommands$1.applyOrElse(QueryExecution.scala:98)
[2025-11-03T09:14:29.421+0000] {subprocess.py:93} INFO - 	at org.apache.spark.sql.execution.QueryExecution$$anonfun$eagerlyExecuteCommands$1.applyOrElse(QueryExecution.scala:94)
[2025-11-03T09:14:29.422+0000] {subprocess.py:93} INFO - 	at org.apache.spark.sql.catalyst.trees.TreeNode.$anonfun$transformDownWithPruning$1(TreeNode.scala:512)
[2025-11-03T09:14:29.422+0000] {subprocess.py:93} INFO - 	at org.apache.spark.sql.catalyst.trees.CurrentOrigin$.withOrigin(TreeNode.scala:104)
[2025-11-03T09:14:29.423+0000] {subprocess.py:93} INFO - 	at org.apache.spark.sql.catalyst.trees.TreeNode.transformDownWithPruning(TreeNode.scala:512)
[2025-11-03T09:14:29.424+0000] {subprocess.py:93} INFO - 	at org.apache.spark.sql.catalyst.plans.logical.LogicalPlan.org$apache$spark$sql$catalyst$plans$logical$AnalysisHelper$$super$transformDownWithPruning(LogicalPlan.scala:31)
[2025-11-03T09:14:29.425+0000] {subprocess.py:93} INFO - 	at org.apache.spark.sql.catalyst.plans.logical.AnalysisHelper.transformDownWithPruning(AnalysisHelper.scala:267)
[2025-11-03T09:14:29.425+0000] {subprocess.py:93} INFO - 	at org.apache.spark.sql.catalyst.plans.logical.AnalysisHelper.transformDownWithPruning$(AnalysisHelper.scala:263)
[2025-11-03T09:14:29.426+0000] {subprocess.py:93} INFO - 	at org.apache.spark.sql.catalyst.plans.logical.LogicalPlan.transformDownWithPruning(LogicalPlan.scala:31)
[2025-11-03T09:14:29.426+0000] {subprocess.py:93} INFO - 	at org.apache.spark.sql.catalyst.plans.logical.LogicalPlan.transformDownWithPruning(LogicalPlan.scala:31)
[2025-11-03T09:14:29.427+0000] {subprocess.py:93} INFO - 	at org.apache.spark.sql.catalyst.trees.TreeNode.transformDown(TreeNode.scala:488)
[2025-11-03T09:14:29.428+0000] {subprocess.py:93} INFO - 	at org.apache.spark.sql.execution.QueryExecution.eagerlyExecuteCommands(QueryExecution.scala:94)
[2025-11-03T09:14:29.429+0000] {subprocess.py:93} INFO - 	at org.apache.spark.sql.execution.QueryExecution.commandExecuted$lzycompute(QueryExecution.scala:81)
[2025-11-03T09:14:29.430+0000] {subprocess.py:93} INFO - 	at org.apache.spark.sql.execution.QueryExecution.commandExecuted(QueryExecution.scala:79)
[2025-11-03T09:14:29.430+0000] {subprocess.py:93} INFO - 	at org.apache.spark.sql.Dataset.<init>(Dataset.scala:219)
[2025-11-03T09:14:29.431+0000] {subprocess.py:93} INFO - 	at org.apache.spark.sql.Dataset$.$anonfun$ofRows$2(Dataset.scala:99)
[2025-11-03T09:14:29.431+0000] {subprocess.py:93} INFO - 	at org.apache.spark.sql.SparkSession.withActive(SparkSession.scala:827)
[2025-11-03T09:14:29.432+0000] {subprocess.py:93} INFO - 	at org.apache.spark.sql.Dataset$.ofRows(Dataset.scala:96)
[2025-11-03T09:14:29.433+0000] {subprocess.py:93} INFO - 	at org.apache.spark.sql.SparkSession.$anonfun$sql$1(SparkSession.scala:640)
[2025-11-03T09:14:29.433+0000] {subprocess.py:93} INFO - 	at org.apache.spark.sql.SparkSession.withActive(SparkSession.scala:827)
[2025-11-03T09:14:29.434+0000] {subprocess.py:93} INFO - 	at org.apache.spark.sql.SparkSession.sql(SparkSession.scala:630)
[2025-11-03T09:14:29.435+0000] {subprocess.py:93} INFO - 	at org.apache.spark.sql.SparkSession.sql(SparkSession.scala:662)
[2025-11-03T09:14:29.435+0000] {subprocess.py:93} INFO - 	at java.base/jdk.internal.reflect.NativeMethodAccessorImpl.invoke0(Native Method)
[2025-11-03T09:14:29.436+0000] {subprocess.py:93} INFO - 	at java.base/jdk.internal.reflect.NativeMethodAccessorImpl.invoke(NativeMethodAccessorImpl.java:77)
[2025-11-03T09:14:29.436+0000] {subprocess.py:93} INFO - 	at java.base/jdk.internal.reflect.DelegatingMethodAccessorImpl.invoke(DelegatingMethodAccessorImpl.java:43)
[2025-11-03T09:14:29.437+0000] {subprocess.py:93} INFO - 	at java.base/java.lang.reflect.Method.invoke(Method.java:569)
[2025-11-03T09:14:29.438+0000] {subprocess.py:93} INFO - 	at py4j.reflection.MethodInvoker.invoke(MethodInvoker.java:244)
[2025-11-03T09:14:29.438+0000] {subprocess.py:93} INFO - 	at py4j.reflection.ReflectionEngine.invoke(ReflectionEngine.java:374)
[2025-11-03T09:14:29.439+0000] {subprocess.py:93} INFO - 	at py4j.Gateway.invoke(Gateway.java:282)
[2025-11-03T09:14:29.440+0000] {subprocess.py:93} INFO - 	at py4j.commands.AbstractCommand.invokeMethod(AbstractCommand.java:132)
[2025-11-03T09:14:29.441+0000] {subprocess.py:93} INFO - 	at py4j.commands.CallCommand.execute(CallCommand.java:79)
[2025-11-03T09:14:29.442+0000] {subprocess.py:93} INFO - 	at py4j.ClientServerConnection.waitForCommands(ClientServerConnection.java:182)
[2025-11-03T09:14:29.443+0000] {subprocess.py:93} INFO - 	at py4j.ClientServerConnection.run(ClientServerConnection.java:106)
[2025-11-03T09:14:29.444+0000] {subprocess.py:93} INFO - 	at java.base/java.lang.Thread.run(Thread.java:840)
[2025-11-03T09:14:29.874+0000] {subprocess.py:93} INFO - 25/11/03 09:14:29 INFO BlockManagerInfo: Removed broadcast_20_piece0 on 4bd4a2df5838:35219 in memory (size: 30.5 KiB, free: 434.0 MiB)
[2025-11-03T09:14:29.879+0000] {subprocess.py:93} INFO - 25/11/03 09:14:29 INFO BlockManagerInfo: Removed broadcast_23_piece0 on 4bd4a2df5838:35219 in memory (size: 36.3 KiB, free: 434.0 MiB)
[2025-11-03T09:14:29.884+0000] {subprocess.py:93} INFO - 25/11/03 09:14:29 INFO BlockManagerInfo: Removed broadcast_23_piece0 on 172.18.0.5:32869 in memory (size: 36.3 KiB, free: 434.2 MiB)
[2025-11-03T09:14:29.887+0000] {subprocess.py:93} INFO - 25/11/03 09:14:29 INFO BlockManagerInfo: Removed broadcast_22_piece0 on 4bd4a2df5838:35219 in memory (size: 30.1 KiB, free: 434.1 MiB)
[2025-11-03T09:14:29.889+0000] {subprocess.py:93} INFO - 25/11/03 09:14:29 INFO BlockManagerInfo: Removed broadcast_22_piece0 on 172.18.0.5:32869 in memory (size: 30.1 KiB, free: 434.3 MiB)
[2025-11-03T09:14:29.897+0000] {subprocess.py:93} INFO - 25/11/03 09:14:29 INFO BlockManagerInfo: Removed broadcast_21_piece0 on 4bd4a2df5838:35219 in memory (size: 30.5 KiB, free: 434.1 MiB)
[2025-11-03T09:14:32.646+0000] {subprocess.py:93} INFO - 25/11/03 09:14:32 INFO HadoopTableOperations: Committed a new metadata file s3a://multusystem/gold_layer/gold/fact_sales/metadata/v1.metadata.json
[2025-11-03T09:14:34.797+0000] {subprocess.py:93} INFO - INFO:gold_modeling.Fact.fact_sales: fact_sales table created successfully.
[2025-11-03T09:14:34.801+0000] {subprocess.py:93} INFO - INFO:__main__:Gold_Modeling_Fact job completed successfully
[2025-11-03T09:14:34.803+0000] {subprocess.py:93} INFO - 25/11/03 09:14:34 INFO SparkContext: SparkContext is stopping with exitCode 0.
[2025-11-03T09:14:34.808+0000] {subprocess.py:93} INFO - 25/11/03 09:14:34 INFO SparkUI: Stopped Spark web UI at http://4bd4a2df5838:4040
[2025-11-03T09:14:34.811+0000] {subprocess.py:93} INFO - 25/11/03 09:14:34 INFO StandaloneSchedulerBackend: Shutting down all executors
[2025-11-03T09:14:34.814+0000] {subprocess.py:93} INFO - 25/11/03 09:14:34 INFO StandaloneSchedulerBackend$StandaloneDriverEndpoint: Asking each executor to shut down
[2025-11-03T09:14:34.828+0000] {subprocess.py:93} INFO - 25/11/03 09:14:34 INFO MapOutputTrackerMasterEndpoint: MapOutputTrackerMasterEndpoint stopped!
[2025-11-03T09:14:34.842+0000] {subprocess.py:93} INFO - 25/11/03 09:14:34 INFO MemoryStore: MemoryStore cleared
[2025-11-03T09:14:34.845+0000] {subprocess.py:93} INFO - 25/11/03 09:14:34 INFO BlockManager: BlockManager stopped
[2025-11-03T09:14:34.847+0000] {subprocess.py:93} INFO - 25/11/03 09:14:34 INFO BlockManagerMaster: BlockManagerMaster stopped
[2025-11-03T09:14:34.849+0000] {subprocess.py:93} INFO - 25/11/03 09:14:34 INFO OutputCommitCoordinator$OutputCommitCoordinatorEndpoint: OutputCommitCoordinator stopped!
[2025-11-03T09:14:34.892+0000] {subprocess.py:93} INFO - 25/11/03 09:14:34 INFO SparkContext: Successfully stopped SparkContext
[2025-11-03T09:14:35.237+0000] {subprocess.py:93} INFO - INFO:py4j.clientserver:Closing down clientserver connection
[2025-11-03T09:14:35.274+0000] {subprocess.py:93} INFO - 25/11/03 09:14:35 INFO ShutdownHookManager: Shutdown hook called
[2025-11-03T09:14:35.275+0000] {subprocess.py:93} INFO - 25/11/03 09:14:35 INFO ShutdownHookManager: Deleting directory /tmp/spark-a6053b45-d8ba-4c70-af09-45060b15b223/pyspark-cb22f00e-a227-4e60-ab41-a75579f1e620
[2025-11-03T09:14:35.277+0000] {subprocess.py:93} INFO - 25/11/03 09:14:35 INFO ShutdownHookManager: Deleting directory /tmp/spark-a6053b45-d8ba-4c70-af09-45060b15b223
[2025-11-03T09:14:35.280+0000] {subprocess.py:93} INFO - 25/11/03 09:14:35 INFO ShutdownHookManager: Deleting directory /tmp/spark-82b205f9-d758-4253-b3db-b7e2062a81b1
[2025-11-03T09:14:35.286+0000] {subprocess.py:93} INFO - 25/11/03 09:14:35 INFO MetricsSystemImpl: Stopping s3a-file-system metrics system...
[2025-11-03T09:14:35.288+0000] {subprocess.py:93} INFO - 25/11/03 09:14:35 INFO MetricsSystemImpl: s3a-file-system metrics system stopped.
[2025-11-03T09:14:35.288+0000] {subprocess.py:93} INFO - 25/11/03 09:14:35 INFO MetricsSystemImpl: s3a-file-system metrics system shutdown complete.
[2025-11-03T09:14:35.341+0000] {subprocess.py:97} INFO - Command exited with return code 0
[2025-11-03T09:14:35.370+0000] {taskinstance.py:340} INFO - ::group::Post task execution logs
[2025-11-03T09:14:35.372+0000] {taskinstance.py:352} INFO - Marking task as SUCCESS. dag_id=modeling, task_id=gold_modeling_fact, run_id=manual__2025-11-03T09:11:35.443315+00:00, execution_date=20251103T091135, start_date=20251103T091346, end_date=20251103T091435
[2025-11-03T09:14:35.417+0000] {local_task_job_runner.py:266} INFO - Task exited with return code 0
[2025-11-03T09:14:35.431+0000] {taskinstance.py:3900} INFO - 0 downstream tasks scheduled from follow-on schedule check
[2025-11-03T09:14:35.435+0000] {local_task_job_runner.py:245} INFO - ::endgroup::
