[2025-10-30T08:47:55.620+0000] {processor.py:186} INFO - Started process (PID=455) to work on /opt/airflow/dags/spark_submit_example.py
[2025-10-30T08:47:55.622+0000] {processor.py:914} INFO - Processing file /opt/airflow/dags/spark_submit_example.py for tasks to queue
[2025-10-30T08:47:55.624+0000] {logging_mixin.py:190} INFO - [2025-10-30T08:47:55.624+0000] {dagbag.py:587} INFO - Filling up the DagBag from /opt/airflow/dags/spark_submit_example.py
[2025-10-30T08:47:55.663+0000] {logging_mixin.py:190} INFO - [2025-10-30T08:47:55.657+0000] {dagbag.py:386} ERROR - Failed to import: /opt/airflow/dags/spark_submit_example.py
Traceback (most recent call last):
  File "/home/airflow/.local/lib/python3.11/site-packages/airflow/models/dagbag.py", line 382, in parse
    loader.exec_module(new_module)
  File "<frozen importlib._bootstrap_external>", line 940, in exec_module
  File "<frozen importlib._bootstrap>", line 241, in _call_with_frames_removed
  File "/opt/airflow/dags/spark_submit_example.py", line 7, in <module>
    from airflow.providers.apache.spark.operators.spark_submit import SparkSubmitOperator
  File "/home/airflow/.local/lib/python3.11/site-packages/airflow/providers/apache/spark/operators/spark_submit.py", line 24, in <module>
    from airflow.providers.apache.spark.hooks.spark_submit import SparkSubmitHook
  File "/home/airflow/.local/lib/python3.11/site-packages/airflow/providers/apache/spark/hooks/spark_submit.py", line 35, in <module>
    from airflow.providers.common.compat.sdk import BaseHook
ModuleNotFoundError: No module named 'airflow.providers.common.compat.sdk'
[2025-10-30T08:47:55.664+0000] {processor.py:927} WARNING - No viable dags retrieved from /opt/airflow/dags/spark_submit_example.py
[2025-10-30T08:47:55.690+0000] {processor.py:208} INFO - Processing /opt/airflow/dags/spark_submit_example.py took 0.075 seconds
[2025-10-30T08:48:26.229+0000] {processor.py:186} INFO - Started process (PID=470) to work on /opt/airflow/dags/spark_submit_example.py
[2025-10-30T08:48:26.230+0000] {processor.py:914} INFO - Processing file /opt/airflow/dags/spark_submit_example.py for tasks to queue
[2025-10-30T08:48:26.232+0000] {logging_mixin.py:190} INFO - [2025-10-30T08:48:26.232+0000] {dagbag.py:587} INFO - Filling up the DagBag from /opt/airflow/dags/spark_submit_example.py
[2025-10-30T08:48:26.256+0000] {logging_mixin.py:190} INFO - [2025-10-30T08:48:26.251+0000] {dagbag.py:386} ERROR - Failed to import: /opt/airflow/dags/spark_submit_example.py
Traceback (most recent call last):
  File "/home/airflow/.local/lib/python3.11/site-packages/airflow/models/dagbag.py", line 382, in parse
    loader.exec_module(new_module)
  File "<frozen importlib._bootstrap_external>", line 940, in exec_module
  File "<frozen importlib._bootstrap>", line 241, in _call_with_frames_removed
  File "/opt/airflow/dags/spark_submit_example.py", line 7, in <module>
    from airflow.providers.apache.spark.operators.spark_submit import SparkSubmitOperator
  File "/home/airflow/.local/lib/python3.11/site-packages/airflow/providers/apache/spark/operators/spark_submit.py", line 24, in <module>
    from airflow.providers.apache.spark.hooks.spark_submit import SparkSubmitHook
  File "/home/airflow/.local/lib/python3.11/site-packages/airflow/providers/apache/spark/hooks/spark_submit.py", line 35, in <module>
    from airflow.providers.common.compat.sdk import BaseHook
ModuleNotFoundError: No module named 'airflow.providers.common.compat.sdk'
[2025-10-30T08:48:26.256+0000] {processor.py:927} WARNING - No viable dags retrieved from /opt/airflow/dags/spark_submit_example.py
[2025-10-30T08:48:26.273+0000] {processor.py:208} INFO - Processing /opt/airflow/dags/spark_submit_example.py took 0.049 seconds
[2025-10-30T08:48:56.832+0000] {processor.py:186} INFO - Started process (PID=485) to work on /opt/airflow/dags/spark_submit_example.py
[2025-10-30T08:48:56.834+0000] {processor.py:914} INFO - Processing file /opt/airflow/dags/spark_submit_example.py for tasks to queue
[2025-10-30T08:48:56.836+0000] {logging_mixin.py:190} INFO - [2025-10-30T08:48:56.836+0000] {dagbag.py:587} INFO - Filling up the DagBag from /opt/airflow/dags/spark_submit_example.py
[2025-10-30T08:48:56.866+0000] {logging_mixin.py:190} INFO - [2025-10-30T08:48:56.856+0000] {dagbag.py:386} ERROR - Failed to import: /opt/airflow/dags/spark_submit_example.py
Traceback (most recent call last):
  File "/home/airflow/.local/lib/python3.11/site-packages/airflow/models/dagbag.py", line 382, in parse
    loader.exec_module(new_module)
  File "<frozen importlib._bootstrap_external>", line 940, in exec_module
  File "<frozen importlib._bootstrap>", line 241, in _call_with_frames_removed
  File "/opt/airflow/dags/spark_submit_example.py", line 7, in <module>
    from airflow.providers.apache.spark.operators.spark_submit import SparkSubmitOperator
  File "/home/airflow/.local/lib/python3.11/site-packages/airflow/providers/apache/spark/operators/spark_submit.py", line 24, in <module>
    from airflow.providers.apache.spark.hooks.spark_submit import SparkSubmitHook
  File "/home/airflow/.local/lib/python3.11/site-packages/airflow/providers/apache/spark/hooks/spark_submit.py", line 35, in <module>
    from airflow.providers.common.compat.sdk import BaseHook
ModuleNotFoundError: No module named 'airflow.providers.common.compat.sdk'
[2025-10-30T08:48:56.867+0000] {processor.py:927} WARNING - No viable dags retrieved from /opt/airflow/dags/spark_submit_example.py
[2025-10-30T08:48:56.885+0000] {processor.py:208} INFO - Processing /opt/airflow/dags/spark_submit_example.py took 0.058 seconds
[2025-10-30T08:49:27.509+0000] {processor.py:186} INFO - Started process (PID=506) to work on /opt/airflow/dags/spark_submit_example.py
[2025-10-30T08:49:27.510+0000] {processor.py:914} INFO - Processing file /opt/airflow/dags/spark_submit_example.py for tasks to queue
[2025-10-30T08:49:27.513+0000] {logging_mixin.py:190} INFO - [2025-10-30T08:49:27.513+0000] {dagbag.py:587} INFO - Filling up the DagBag from /opt/airflow/dags/spark_submit_example.py
[2025-10-30T08:49:27.554+0000] {logging_mixin.py:190} INFO - [2025-10-30T08:49:27.545+0000] {dagbag.py:386} ERROR - Failed to import: /opt/airflow/dags/spark_submit_example.py
Traceback (most recent call last):
  File "/home/airflow/.local/lib/python3.11/site-packages/airflow/models/dagbag.py", line 382, in parse
    loader.exec_module(new_module)
  File "<frozen importlib._bootstrap_external>", line 940, in exec_module
  File "<frozen importlib._bootstrap>", line 241, in _call_with_frames_removed
  File "/opt/airflow/dags/spark_submit_example.py", line 7, in <module>
    from airflow.providers.apache.spark.operators.spark_submit import SparkSubmitOperator
  File "/home/airflow/.local/lib/python3.11/site-packages/airflow/providers/apache/spark/operators/spark_submit.py", line 24, in <module>
    from airflow.providers.apache.spark.hooks.spark_submit import SparkSubmitHook
  File "/home/airflow/.local/lib/python3.11/site-packages/airflow/providers/apache/spark/hooks/spark_submit.py", line 35, in <module>
    from airflow.providers.common.compat.sdk import BaseHook
ModuleNotFoundError: No module named 'airflow.providers.common.compat.sdk'
[2025-10-30T08:49:27.557+0000] {processor.py:927} WARNING - No viable dags retrieved from /opt/airflow/dags/spark_submit_example.py
[2025-10-30T08:49:27.583+0000] {processor.py:208} INFO - Processing /opt/airflow/dags/spark_submit_example.py took 0.081 seconds
[2025-10-30T08:53:45.442+0000] {processor.py:186} INFO - Started process (PID=175) to work on /opt/airflow/dags/spark_submit_example.py
[2025-10-30T08:53:45.444+0000] {processor.py:914} INFO - Processing file /opt/airflow/dags/spark_submit_example.py for tasks to queue
[2025-10-30T08:53:45.449+0000] {logging_mixin.py:190} INFO - [2025-10-30T08:53:45.448+0000] {dagbag.py:587} INFO - Filling up the DagBag from /opt/airflow/dags/spark_submit_example.py
[2025-10-30T08:53:45.492+0000] {processor.py:925} INFO - DAG(s) 'spark_submit_example' retrieved from /opt/airflow/dags/spark_submit_example.py
[2025-10-30T08:53:45.728+0000] {logging_mixin.py:190} INFO - [2025-10-30T08:53:45.727+0000] {override.py:1900} INFO - Created Permission View: can delete on DAG:spark_submit_example
[2025-10-30T08:53:45.737+0000] {logging_mixin.py:190} INFO - [2025-10-30T08:53:45.737+0000] {override.py:1900} INFO - Created Permission View: can edit on DAG:spark_submit_example
[2025-10-30T08:53:45.746+0000] {logging_mixin.py:190} INFO - [2025-10-30T08:53:45.746+0000] {override.py:1900} INFO - Created Permission View: can read on DAG:spark_submit_example
[2025-10-30T08:53:45.756+0000] {logging_mixin.py:190} INFO - [2025-10-30T08:53:45.755+0000] {override.py:1900} INFO - Created Permission View: can delete on DAG Run:spark_submit_example
[2025-10-30T08:53:45.763+0000] {logging_mixin.py:190} INFO - [2025-10-30T08:53:45.762+0000] {override.py:1900} INFO - Created Permission View: menu access on DAG Run:spark_submit_example
[2025-10-30T08:53:45.770+0000] {logging_mixin.py:190} INFO - [2025-10-30T08:53:45.770+0000] {override.py:1900} INFO - Created Permission View: can read on DAG Run:spark_submit_example
[2025-10-30T08:53:45.778+0000] {logging_mixin.py:190} INFO - [2025-10-30T08:53:45.778+0000] {override.py:1900} INFO - Created Permission View: can create on DAG Run:spark_submit_example
[2025-10-30T08:53:45.779+0000] {logging_mixin.py:190} INFO - [2025-10-30T08:53:45.779+0000] {dag.py:3229} INFO - Sync 1 DAGs
[2025-10-30T08:53:45.794+0000] {logging_mixin.py:190} INFO - [2025-10-30T08:53:45.793+0000] {dag.py:3252} INFO - Creating ORM DAG for spark_submit_example
[2025-10-30T08:53:45.807+0000] {logging_mixin.py:190} INFO - [2025-10-30T08:53:45.806+0000] {dag.py:4156} INFO - Setting next_dagrun for spark_submit_example to 2025-10-29 00:00:00+00:00, run_after=2025-10-30 00:00:00+00:00
[2025-10-30T08:53:45.834+0000] {processor.py:208} INFO - Processing /opt/airflow/dags/spark_submit_example.py took 0.404 seconds
[2025-10-30T08:54:16.516+0000] {processor.py:186} INFO - Started process (PID=209) to work on /opt/airflow/dags/spark_submit_example.py
[2025-10-30T08:54:16.518+0000] {processor.py:914} INFO - Processing file /opt/airflow/dags/spark_submit_example.py for tasks to queue
[2025-10-30T08:54:16.521+0000] {logging_mixin.py:190} INFO - [2025-10-30T08:54:16.520+0000] {dagbag.py:587} INFO - Filling up the DagBag from /opt/airflow/dags/spark_submit_example.py
[2025-10-30T08:54:16.550+0000] {processor.py:925} INFO - DAG(s) 'spark_submit_example' retrieved from /opt/airflow/dags/spark_submit_example.py
[2025-10-30T08:54:16.577+0000] {logging_mixin.py:190} INFO - [2025-10-30T08:54:16.577+0000] {dag.py:3229} INFO - Sync 1 DAGs
[2025-10-30T08:54:16.615+0000] {logging_mixin.py:190} INFO - [2025-10-30T08:54:16.615+0000] {dag.py:4156} INFO - Setting next_dagrun for spark_submit_example to 2025-10-29 00:00:00+00:00, run_after=2025-10-30 00:00:00+00:00
[2025-10-30T08:54:16.646+0000] {processor.py:208} INFO - Processing /opt/airflow/dags/spark_submit_example.py took 0.138 seconds
[2025-10-30T08:54:47.290+0000] {processor.py:186} INFO - Started process (PID=264) to work on /opt/airflow/dags/spark_submit_example.py
[2025-10-30T08:54:47.293+0000] {processor.py:914} INFO - Processing file /opt/airflow/dags/spark_submit_example.py for tasks to queue
[2025-10-30T08:54:47.298+0000] {logging_mixin.py:190} INFO - [2025-10-30T08:54:47.297+0000] {dagbag.py:587} INFO - Filling up the DagBag from /opt/airflow/dags/spark_submit_example.py
[2025-10-30T08:54:47.331+0000] {processor.py:925} INFO - DAG(s) 'spark_submit_example' retrieved from /opt/airflow/dags/spark_submit_example.py
[2025-10-30T08:54:47.377+0000] {logging_mixin.py:190} INFO - [2025-10-30T08:54:47.377+0000] {dag.py:3229} INFO - Sync 1 DAGs
[2025-10-30T08:54:47.432+0000] {logging_mixin.py:190} INFO - [2025-10-30T08:54:47.432+0000] {dag.py:4156} INFO - Setting next_dagrun for spark_submit_example to 2025-10-29 00:00:00+00:00, run_after=2025-10-30 00:00:00+00:00
[2025-10-30T08:54:47.464+0000] {processor.py:208} INFO - Processing /opt/airflow/dags/spark_submit_example.py took 0.184 seconds
[2025-10-30T08:55:18.104+0000] {processor.py:186} INFO - Started process (PID=292) to work on /opt/airflow/dags/spark_submit_example.py
[2025-10-30T08:55:18.105+0000] {processor.py:914} INFO - Processing file /opt/airflow/dags/spark_submit_example.py for tasks to queue
[2025-10-30T08:55:18.108+0000] {logging_mixin.py:190} INFO - [2025-10-30T08:55:18.108+0000] {dagbag.py:587} INFO - Filling up the DagBag from /opt/airflow/dags/spark_submit_example.py
[2025-10-30T08:55:18.138+0000] {processor.py:925} INFO - DAG(s) 'spark_submit_example' retrieved from /opt/airflow/dags/spark_submit_example.py
[2025-10-30T08:55:18.170+0000] {logging_mixin.py:190} INFO - [2025-10-30T08:55:18.169+0000] {dag.py:3229} INFO - Sync 1 DAGs
[2025-10-30T08:55:18.193+0000] {logging_mixin.py:190} INFO - [2025-10-30T08:55:18.193+0000] {dag.py:4156} INFO - Setting next_dagrun for spark_submit_example to 2025-10-29 00:00:00+00:00, run_after=2025-10-30 00:00:00+00:00
[2025-10-30T08:55:18.214+0000] {processor.py:208} INFO - Processing /opt/airflow/dags/spark_submit_example.py took 0.119 seconds
[2025-10-30T08:55:48.771+0000] {processor.py:186} INFO - Started process (PID=307) to work on /opt/airflow/dags/spark_submit_example.py
[2025-10-30T08:55:48.772+0000] {processor.py:914} INFO - Processing file /opt/airflow/dags/spark_submit_example.py for tasks to queue
[2025-10-30T08:55:48.775+0000] {logging_mixin.py:190} INFO - [2025-10-30T08:55:48.775+0000] {dagbag.py:587} INFO - Filling up the DagBag from /opt/airflow/dags/spark_submit_example.py
[2025-10-30T08:55:48.800+0000] {processor.py:925} INFO - DAG(s) 'spark_submit_example' retrieved from /opt/airflow/dags/spark_submit_example.py
[2025-10-30T08:55:48.827+0000] {logging_mixin.py:190} INFO - [2025-10-30T08:55:48.827+0000] {dag.py:3229} INFO - Sync 1 DAGs
[2025-10-30T08:55:48.849+0000] {logging_mixin.py:190} INFO - [2025-10-30T08:55:48.849+0000] {dag.py:4156} INFO - Setting next_dagrun for spark_submit_example to 2025-10-29 00:00:00+00:00, run_after=2025-10-30 00:00:00+00:00
[2025-10-30T08:55:48.869+0000] {processor.py:208} INFO - Processing /opt/airflow/dags/spark_submit_example.py took 0.105 seconds
[2025-10-30T08:56:19.441+0000] {processor.py:186} INFO - Started process (PID=322) to work on /opt/airflow/dags/spark_submit_example.py
[2025-10-30T08:56:19.442+0000] {processor.py:914} INFO - Processing file /opt/airflow/dags/spark_submit_example.py for tasks to queue
[2025-10-30T08:56:19.444+0000] {logging_mixin.py:190} INFO - [2025-10-30T08:56:19.443+0000] {dagbag.py:587} INFO - Filling up the DagBag from /opt/airflow/dags/spark_submit_example.py
[2025-10-30T08:56:19.466+0000] {processor.py:925} INFO - DAG(s) 'spark_submit_example' retrieved from /opt/airflow/dags/spark_submit_example.py
[2025-10-30T08:56:19.490+0000] {logging_mixin.py:190} INFO - [2025-10-30T08:56:19.489+0000] {dag.py:3229} INFO - Sync 1 DAGs
[2025-10-30T08:56:19.511+0000] {logging_mixin.py:190} INFO - [2025-10-30T08:56:19.510+0000] {dag.py:4156} INFO - Setting next_dagrun for spark_submit_example to 2025-10-29 00:00:00+00:00, run_after=2025-10-30 00:00:00+00:00
[2025-10-30T08:56:19.528+0000] {processor.py:208} INFO - Processing /opt/airflow/dags/spark_submit_example.py took 0.092 seconds
[2025-10-30T08:56:50.084+0000] {processor.py:186} INFO - Started process (PID=337) to work on /opt/airflow/dags/spark_submit_example.py
[2025-10-30T08:56:50.085+0000] {processor.py:914} INFO - Processing file /opt/airflow/dags/spark_submit_example.py for tasks to queue
[2025-10-30T08:56:50.087+0000] {logging_mixin.py:190} INFO - [2025-10-30T08:56:50.087+0000] {dagbag.py:587} INFO - Filling up the DagBag from /opt/airflow/dags/spark_submit_example.py
[2025-10-30T08:56:50.110+0000] {processor.py:925} INFO - DAG(s) 'spark_submit_example' retrieved from /opt/airflow/dags/spark_submit_example.py
[2025-10-30T08:56:50.135+0000] {logging_mixin.py:190} INFO - [2025-10-30T08:56:50.135+0000] {dag.py:3229} INFO - Sync 1 DAGs
[2025-10-30T08:56:50.155+0000] {logging_mixin.py:190} INFO - [2025-10-30T08:56:50.155+0000] {dag.py:4156} INFO - Setting next_dagrun for spark_submit_example to 2025-10-29 00:00:00+00:00, run_after=2025-10-30 00:00:00+00:00
[2025-10-30T08:56:50.173+0000] {processor.py:208} INFO - Processing /opt/airflow/dags/spark_submit_example.py took 0.094 seconds
[2025-10-30T08:57:20.745+0000] {processor.py:186} INFO - Started process (PID=352) to work on /opt/airflow/dags/spark_submit_example.py
[2025-10-30T08:57:20.746+0000] {processor.py:914} INFO - Processing file /opt/airflow/dags/spark_submit_example.py for tasks to queue
[2025-10-30T08:57:20.748+0000] {logging_mixin.py:190} INFO - [2025-10-30T08:57:20.748+0000] {dagbag.py:587} INFO - Filling up the DagBag from /opt/airflow/dags/spark_submit_example.py
[2025-10-30T08:57:20.773+0000] {processor.py:925} INFO - DAG(s) 'spark_submit_example' retrieved from /opt/airflow/dags/spark_submit_example.py
[2025-10-30T08:57:20.798+0000] {logging_mixin.py:190} INFO - [2025-10-30T08:57:20.798+0000] {dag.py:3229} INFO - Sync 1 DAGs
[2025-10-30T08:57:20.819+0000] {logging_mixin.py:190} INFO - [2025-10-30T08:57:20.819+0000] {dag.py:4156} INFO - Setting next_dagrun for spark_submit_example to 2025-10-29 00:00:00+00:00, run_after=2025-10-30 00:00:00+00:00
[2025-10-30T08:57:20.839+0000] {processor.py:208} INFO - Processing /opt/airflow/dags/spark_submit_example.py took 0.099 seconds
[2025-10-30T08:57:51.407+0000] {processor.py:186} INFO - Started process (PID=367) to work on /opt/airflow/dags/spark_submit_example.py
[2025-10-30T08:57:51.408+0000] {processor.py:914} INFO - Processing file /opt/airflow/dags/spark_submit_example.py for tasks to queue
[2025-10-30T08:57:51.410+0000] {logging_mixin.py:190} INFO - [2025-10-30T08:57:51.410+0000] {dagbag.py:587} INFO - Filling up the DagBag from /opt/airflow/dags/spark_submit_example.py
[2025-10-30T08:57:51.433+0000] {processor.py:925} INFO - DAG(s) 'spark_submit_example' retrieved from /opt/airflow/dags/spark_submit_example.py
[2025-10-30T08:57:51.458+0000] {logging_mixin.py:190} INFO - [2025-10-30T08:57:51.457+0000] {dag.py:3229} INFO - Sync 1 DAGs
[2025-10-30T08:57:51.479+0000] {logging_mixin.py:190} INFO - [2025-10-30T08:57:51.478+0000] {dag.py:4156} INFO - Setting next_dagrun for spark_submit_example to 2025-10-29 00:00:00+00:00, run_after=2025-10-30 00:00:00+00:00
[2025-10-30T08:57:51.495+0000] {processor.py:208} INFO - Processing /opt/airflow/dags/spark_submit_example.py took 0.093 seconds
[2025-10-30T08:58:22.051+0000] {processor.py:186} INFO - Started process (PID=382) to work on /opt/airflow/dags/spark_submit_example.py
[2025-10-30T08:58:22.052+0000] {processor.py:914} INFO - Processing file /opt/airflow/dags/spark_submit_example.py for tasks to queue
[2025-10-30T08:58:22.054+0000] {logging_mixin.py:190} INFO - [2025-10-30T08:58:22.054+0000] {dagbag.py:587} INFO - Filling up the DagBag from /opt/airflow/dags/spark_submit_example.py
[2025-10-30T08:58:22.080+0000] {processor.py:925} INFO - DAG(s) 'spark_submit_example' retrieved from /opt/airflow/dags/spark_submit_example.py
[2025-10-30T08:58:22.106+0000] {logging_mixin.py:190} INFO - [2025-10-30T08:58:22.106+0000] {dag.py:3229} INFO - Sync 1 DAGs
[2025-10-30T08:58:22.125+0000] {logging_mixin.py:190} INFO - [2025-10-30T08:58:22.125+0000] {dag.py:4156} INFO - Setting next_dagrun for spark_submit_example to 2025-10-29 00:00:00+00:00, run_after=2025-10-30 00:00:00+00:00
[2025-10-30T08:58:22.142+0000] {processor.py:208} INFO - Processing /opt/airflow/dags/spark_submit_example.py took 0.097 seconds
[2025-10-30T08:58:52.824+0000] {processor.py:186} INFO - Started process (PID=397) to work on /opt/airflow/dags/spark_submit_example.py
[2025-10-30T08:58:52.825+0000] {processor.py:914} INFO - Processing file /opt/airflow/dags/spark_submit_example.py for tasks to queue
[2025-10-30T08:58:52.828+0000] {logging_mixin.py:190} INFO - [2025-10-30T08:58:52.828+0000] {dagbag.py:587} INFO - Filling up the DagBag from /opt/airflow/dags/spark_submit_example.py
[2025-10-30T08:58:52.854+0000] {processor.py:925} INFO - DAG(s) 'spark_submit_example' retrieved from /opt/airflow/dags/spark_submit_example.py
[2025-10-30T08:58:52.879+0000] {logging_mixin.py:190} INFO - [2025-10-30T08:58:52.878+0000] {dag.py:3229} INFO - Sync 1 DAGs
[2025-10-30T08:58:52.898+0000] {logging_mixin.py:190} INFO - [2025-10-30T08:58:52.897+0000] {dag.py:4156} INFO - Setting next_dagrun for spark_submit_example to 2025-10-29 00:00:00+00:00, run_after=2025-10-30 00:00:00+00:00
[2025-10-30T08:58:52.914+0000] {processor.py:208} INFO - Processing /opt/airflow/dags/spark_submit_example.py took 0.096 seconds
[2025-10-30T08:59:23.443+0000] {processor.py:186} INFO - Started process (PID=412) to work on /opt/airflow/dags/spark_submit_example.py
[2025-10-30T08:59:23.444+0000] {processor.py:914} INFO - Processing file /opt/airflow/dags/spark_submit_example.py for tasks to queue
[2025-10-30T08:59:23.447+0000] {logging_mixin.py:190} INFO - [2025-10-30T08:59:23.447+0000] {dagbag.py:587} INFO - Filling up the DagBag from /opt/airflow/dags/spark_submit_example.py
[2025-10-30T08:59:23.478+0000] {processor.py:925} INFO - DAG(s) 'spark_submit_example' retrieved from /opt/airflow/dags/spark_submit_example.py
[2025-10-30T08:59:23.502+0000] {logging_mixin.py:190} INFO - [2025-10-30T08:59:23.502+0000] {dag.py:3229} INFO - Sync 1 DAGs
[2025-10-30T08:59:23.521+0000] {logging_mixin.py:190} INFO - [2025-10-30T08:59:23.521+0000] {dag.py:4156} INFO - Setting next_dagrun for spark_submit_example to 2025-10-29 00:00:00+00:00, run_after=2025-10-30 00:00:00+00:00
[2025-10-30T08:59:23.536+0000] {processor.py:208} INFO - Processing /opt/airflow/dags/spark_submit_example.py took 0.100 seconds
[2025-10-30T08:59:54.332+0000] {processor.py:186} INFO - Started process (PID=427) to work on /opt/airflow/dags/spark_submit_example.py
[2025-10-30T08:59:54.333+0000] {processor.py:914} INFO - Processing file /opt/airflow/dags/spark_submit_example.py for tasks to queue
[2025-10-30T08:59:54.336+0000] {logging_mixin.py:190} INFO - [2025-10-30T08:59:54.336+0000] {dagbag.py:587} INFO - Filling up the DagBag from /opt/airflow/dags/spark_submit_example.py
[2025-10-30T08:59:54.363+0000] {processor.py:925} INFO - DAG(s) 'spark_submit_example' retrieved from /opt/airflow/dags/spark_submit_example.py
[2025-10-30T08:59:54.389+0000] {logging_mixin.py:190} INFO - [2025-10-30T08:59:54.389+0000] {dag.py:3229} INFO - Sync 1 DAGs
[2025-10-30T08:59:54.409+0000] {logging_mixin.py:190} INFO - [2025-10-30T08:59:54.409+0000] {dag.py:4156} INFO - Setting next_dagrun for spark_submit_example to 2025-10-29 00:00:00+00:00, run_after=2025-10-30 00:00:00+00:00
[2025-10-30T08:59:54.425+0000] {processor.py:208} INFO - Processing /opt/airflow/dags/spark_submit_example.py took 0.100 seconds
[2025-10-30T09:00:24.988+0000] {processor.py:186} INFO - Started process (PID=442) to work on /opt/airflow/dags/spark_submit_example.py
[2025-10-30T09:00:24.989+0000] {processor.py:914} INFO - Processing file /opt/airflow/dags/spark_submit_example.py for tasks to queue
[2025-10-30T09:00:24.992+0000] {logging_mixin.py:190} INFO - [2025-10-30T09:00:24.991+0000] {dagbag.py:587} INFO - Filling up the DagBag from /opt/airflow/dags/spark_submit_example.py
[2025-10-30T09:00:25.016+0000] {processor.py:925} INFO - DAG(s) 'spark_submit_example' retrieved from /opt/airflow/dags/spark_submit_example.py
[2025-10-30T09:00:25.040+0000] {logging_mixin.py:190} INFO - [2025-10-30T09:00:25.040+0000] {dag.py:3229} INFO - Sync 1 DAGs
[2025-10-30T09:00:25.059+0000] {logging_mixin.py:190} INFO - [2025-10-30T09:00:25.058+0000] {dag.py:4156} INFO - Setting next_dagrun for spark_submit_example to 2025-10-29 00:00:00+00:00, run_after=2025-10-30 00:00:00+00:00
[2025-10-30T09:00:25.077+0000] {processor.py:208} INFO - Processing /opt/airflow/dags/spark_submit_example.py took 0.095 seconds
[2025-10-30T09:00:55.662+0000] {processor.py:186} INFO - Started process (PID=457) to work on /opt/airflow/dags/spark_submit_example.py
[2025-10-30T09:00:55.664+0000] {processor.py:914} INFO - Processing file /opt/airflow/dags/spark_submit_example.py for tasks to queue
[2025-10-30T09:00:55.666+0000] {logging_mixin.py:190} INFO - [2025-10-30T09:00:55.666+0000] {dagbag.py:587} INFO - Filling up the DagBag from /opt/airflow/dags/spark_submit_example.py
[2025-10-30T09:00:55.694+0000] {processor.py:925} INFO - DAG(s) 'spark_submit_example' retrieved from /opt/airflow/dags/spark_submit_example.py
[2025-10-30T09:00:55.719+0000] {logging_mixin.py:190} INFO - [2025-10-30T09:00:55.719+0000] {dag.py:3229} INFO - Sync 1 DAGs
[2025-10-30T09:00:55.738+0000] {logging_mixin.py:190} INFO - [2025-10-30T09:00:55.738+0000] {dag.py:4156} INFO - Setting next_dagrun for spark_submit_example to 2025-10-29 00:00:00+00:00, run_after=2025-10-30 00:00:00+00:00
[2025-10-30T09:00:55.756+0000] {processor.py:208} INFO - Processing /opt/airflow/dags/spark_submit_example.py took 0.099 seconds
[2025-10-30T09:01:26.320+0000] {processor.py:186} INFO - Started process (PID=472) to work on /opt/airflow/dags/spark_submit_example.py
[2025-10-30T09:01:26.321+0000] {processor.py:914} INFO - Processing file /opt/airflow/dags/spark_submit_example.py for tasks to queue
[2025-10-30T09:01:26.324+0000] {logging_mixin.py:190} INFO - [2025-10-30T09:01:26.324+0000] {dagbag.py:587} INFO - Filling up the DagBag from /opt/airflow/dags/spark_submit_example.py
[2025-10-30T09:01:26.350+0000] {processor.py:925} INFO - DAG(s) 'spark_submit_example' retrieved from /opt/airflow/dags/spark_submit_example.py
[2025-10-30T09:01:26.375+0000] {logging_mixin.py:190} INFO - [2025-10-30T09:01:26.375+0000] {dag.py:3229} INFO - Sync 1 DAGs
[2025-10-30T09:01:26.393+0000] {logging_mixin.py:190} INFO - [2025-10-30T09:01:26.393+0000] {dag.py:4156} INFO - Setting next_dagrun for spark_submit_example to 2025-10-29 00:00:00+00:00, run_after=2025-10-30 00:00:00+00:00
[2025-10-30T09:01:26.410+0000] {processor.py:208} INFO - Processing /opt/airflow/dags/spark_submit_example.py took 0.096 seconds
[2025-10-30T09:01:56.935+0000] {processor.py:186} INFO - Started process (PID=487) to work on /opt/airflow/dags/spark_submit_example.py
[2025-10-30T09:01:56.936+0000] {processor.py:914} INFO - Processing file /opt/airflow/dags/spark_submit_example.py for tasks to queue
[2025-10-30T09:01:56.938+0000] {logging_mixin.py:190} INFO - [2025-10-30T09:01:56.938+0000] {dagbag.py:587} INFO - Filling up the DagBag from /opt/airflow/dags/spark_submit_example.py
[2025-10-30T09:01:56.960+0000] {processor.py:925} INFO - DAG(s) 'spark_submit_example' retrieved from /opt/airflow/dags/spark_submit_example.py
[2025-10-30T09:01:56.984+0000] {logging_mixin.py:190} INFO - [2025-10-30T09:01:56.984+0000] {dag.py:3229} INFO - Sync 1 DAGs
[2025-10-30T09:01:57.004+0000] {logging_mixin.py:190} INFO - [2025-10-30T09:01:57.004+0000] {dag.py:4156} INFO - Setting next_dagrun for spark_submit_example to 2025-10-29 00:00:00+00:00, run_after=2025-10-30 00:00:00+00:00
[2025-10-30T09:01:57.022+0000] {processor.py:208} INFO - Processing /opt/airflow/dags/spark_submit_example.py took 0.094 seconds
[2025-10-30T09:02:27.618+0000] {processor.py:186} INFO - Started process (PID=502) to work on /opt/airflow/dags/spark_submit_example.py
[2025-10-30T09:02:27.619+0000] {processor.py:914} INFO - Processing file /opt/airflow/dags/spark_submit_example.py for tasks to queue
[2025-10-30T09:02:27.621+0000] {logging_mixin.py:190} INFO - [2025-10-30T09:02:27.621+0000] {dagbag.py:587} INFO - Filling up the DagBag from /opt/airflow/dags/spark_submit_example.py
[2025-10-30T09:02:27.646+0000] {processor.py:925} INFO - DAG(s) 'spark_submit_example' retrieved from /opt/airflow/dags/spark_submit_example.py
[2025-10-30T09:02:27.671+0000] {logging_mixin.py:190} INFO - [2025-10-30T09:02:27.671+0000] {dag.py:3229} INFO - Sync 1 DAGs
[2025-10-30T09:02:27.691+0000] {logging_mixin.py:190} INFO - [2025-10-30T09:02:27.691+0000] {dag.py:4156} INFO - Setting next_dagrun for spark_submit_example to 2025-10-29 00:00:00+00:00, run_after=2025-10-30 00:00:00+00:00
[2025-10-30T09:02:27.710+0000] {processor.py:208} INFO - Processing /opt/airflow/dags/spark_submit_example.py took 0.099 seconds
[2025-10-30T09:02:58.257+0000] {processor.py:186} INFO - Started process (PID=517) to work on /opt/airflow/dags/spark_submit_example.py
[2025-10-30T09:02:58.258+0000] {processor.py:914} INFO - Processing file /opt/airflow/dags/spark_submit_example.py for tasks to queue
[2025-10-30T09:02:58.260+0000] {logging_mixin.py:190} INFO - [2025-10-30T09:02:58.260+0000] {dagbag.py:587} INFO - Filling up the DagBag from /opt/airflow/dags/spark_submit_example.py
[2025-10-30T09:02:58.284+0000] {processor.py:925} INFO - DAG(s) 'spark_submit_example' retrieved from /opt/airflow/dags/spark_submit_example.py
[2025-10-30T09:02:58.308+0000] {logging_mixin.py:190} INFO - [2025-10-30T09:02:58.307+0000] {dag.py:3229} INFO - Sync 1 DAGs
[2025-10-30T09:02:58.326+0000] {logging_mixin.py:190} INFO - [2025-10-30T09:02:58.326+0000] {dag.py:4156} INFO - Setting next_dagrun for spark_submit_example to 2025-10-29 00:00:00+00:00, run_after=2025-10-30 00:00:00+00:00
[2025-10-30T09:02:58.340+0000] {processor.py:208} INFO - Processing /opt/airflow/dags/spark_submit_example.py took 0.090 seconds
[2025-10-30T09:03:28.936+0000] {processor.py:186} INFO - Started process (PID=532) to work on /opt/airflow/dags/spark_submit_example.py
[2025-10-30T09:03:28.937+0000] {processor.py:914} INFO - Processing file /opt/airflow/dags/spark_submit_example.py for tasks to queue
[2025-10-30T09:03:28.940+0000] {logging_mixin.py:190} INFO - [2025-10-30T09:03:28.940+0000] {dagbag.py:587} INFO - Filling up the DagBag from /opt/airflow/dags/spark_submit_example.py
[2025-10-30T09:03:28.968+0000] {processor.py:925} INFO - DAG(s) 'spark_submit_example' retrieved from /opt/airflow/dags/spark_submit_example.py
[2025-10-30T09:03:28.994+0000] {logging_mixin.py:190} INFO - [2025-10-30T09:03:28.994+0000] {dag.py:3229} INFO - Sync 1 DAGs
[2025-10-30T09:03:29.013+0000] {logging_mixin.py:190} INFO - [2025-10-30T09:03:29.013+0000] {dag.py:4156} INFO - Setting next_dagrun for spark_submit_example to 2025-10-29 00:00:00+00:00, run_after=2025-10-30 00:00:00+00:00
[2025-10-30T09:03:29.030+0000] {processor.py:208} INFO - Processing /opt/airflow/dags/spark_submit_example.py took 0.100 seconds
[2025-10-30T09:03:59.706+0000] {processor.py:186} INFO - Started process (PID=547) to work on /opt/airflow/dags/spark_submit_example.py
[2025-10-30T09:03:59.707+0000] {processor.py:914} INFO - Processing file /opt/airflow/dags/spark_submit_example.py for tasks to queue
[2025-10-30T09:03:59.710+0000] {logging_mixin.py:190} INFO - [2025-10-30T09:03:59.709+0000] {dagbag.py:587} INFO - Filling up the DagBag from /opt/airflow/dags/spark_submit_example.py
[2025-10-30T09:03:59.734+0000] {processor.py:925} INFO - DAG(s) 'spark_submit_example' retrieved from /opt/airflow/dags/spark_submit_example.py
[2025-10-30T09:03:59.758+0000] {logging_mixin.py:190} INFO - [2025-10-30T09:03:59.758+0000] {dag.py:3229} INFO - Sync 1 DAGs
[2025-10-30T09:03:59.777+0000] {logging_mixin.py:190} INFO - [2025-10-30T09:03:59.777+0000] {dag.py:4156} INFO - Setting next_dagrun for spark_submit_example to 2025-10-29 00:00:00+00:00, run_after=2025-10-30 00:00:00+00:00
[2025-10-30T09:03:59.797+0000] {processor.py:208} INFO - Processing /opt/airflow/dags/spark_submit_example.py took 0.097 seconds
[2025-10-30T09:04:30.350+0000] {processor.py:186} INFO - Started process (PID=562) to work on /opt/airflow/dags/spark_submit_example.py
[2025-10-30T09:04:30.351+0000] {processor.py:914} INFO - Processing file /opt/airflow/dags/spark_submit_example.py for tasks to queue
[2025-10-30T09:04:30.354+0000] {logging_mixin.py:190} INFO - [2025-10-30T09:04:30.354+0000] {dagbag.py:587} INFO - Filling up the DagBag from /opt/airflow/dags/spark_submit_example.py
[2025-10-30T09:04:30.381+0000] {processor.py:925} INFO - DAG(s) 'spark_submit_example' retrieved from /opt/airflow/dags/spark_submit_example.py
[2025-10-30T09:04:30.405+0000] {logging_mixin.py:190} INFO - [2025-10-30T09:04:30.405+0000] {dag.py:3229} INFO - Sync 1 DAGs
[2025-10-30T09:04:30.424+0000] {logging_mixin.py:190} INFO - [2025-10-30T09:04:30.424+0000] {dag.py:4156} INFO - Setting next_dagrun for spark_submit_example to 2025-10-29 00:00:00+00:00, run_after=2025-10-30 00:00:00+00:00
[2025-10-30T09:04:30.440+0000] {processor.py:208} INFO - Processing /opt/airflow/dags/spark_submit_example.py took 0.096 seconds
[2025-10-30T09:05:00.959+0000] {processor.py:186} INFO - Started process (PID=577) to work on /opt/airflow/dags/spark_submit_example.py
[2025-10-30T09:05:00.961+0000] {processor.py:914} INFO - Processing file /opt/airflow/dags/spark_submit_example.py for tasks to queue
[2025-10-30T09:05:00.964+0000] {logging_mixin.py:190} INFO - [2025-10-30T09:05:00.963+0000] {dagbag.py:587} INFO - Filling up the DagBag from /opt/airflow/dags/spark_submit_example.py
[2025-10-30T09:05:00.989+0000] {processor.py:925} INFO - DAG(s) 'spark_submit_example' retrieved from /opt/airflow/dags/spark_submit_example.py
[2025-10-30T09:05:01.014+0000] {logging_mixin.py:190} INFO - [2025-10-30T09:05:01.014+0000] {dag.py:3229} INFO - Sync 1 DAGs
[2025-10-30T09:05:01.033+0000] {logging_mixin.py:190} INFO - [2025-10-30T09:05:01.033+0000] {dag.py:4156} INFO - Setting next_dagrun for spark_submit_example to 2025-10-29 00:00:00+00:00, run_after=2025-10-30 00:00:00+00:00
[2025-10-30T09:05:01.050+0000] {processor.py:208} INFO - Processing /opt/airflow/dags/spark_submit_example.py took 0.097 seconds
[2025-10-30T09:05:31.790+0000] {processor.py:186} INFO - Started process (PID=592) to work on /opt/airflow/dags/spark_submit_example.py
[2025-10-30T09:05:31.791+0000] {processor.py:914} INFO - Processing file /opt/airflow/dags/spark_submit_example.py for tasks to queue
[2025-10-30T09:05:31.794+0000] {logging_mixin.py:190} INFO - [2025-10-30T09:05:31.794+0000] {dagbag.py:587} INFO - Filling up the DagBag from /opt/airflow/dags/spark_submit_example.py
[2025-10-30T09:05:31.818+0000] {processor.py:925} INFO - DAG(s) 'spark_submit_example' retrieved from /opt/airflow/dags/spark_submit_example.py
[2025-10-30T09:05:31.843+0000] {logging_mixin.py:190} INFO - [2025-10-30T09:05:31.843+0000] {dag.py:3229} INFO - Sync 1 DAGs
[2025-10-30T09:05:31.862+0000] {logging_mixin.py:190} INFO - [2025-10-30T09:05:31.862+0000] {dag.py:4156} INFO - Setting next_dagrun for spark_submit_example to 2025-10-29 00:00:00+00:00, run_after=2025-10-30 00:00:00+00:00
[2025-10-30T09:05:31.879+0000] {processor.py:208} INFO - Processing /opt/airflow/dags/spark_submit_example.py took 0.094 seconds
[2025-10-30T09:06:02.467+0000] {processor.py:186} INFO - Started process (PID=607) to work on /opt/airflow/dags/spark_submit_example.py
[2025-10-30T09:06:02.468+0000] {processor.py:914} INFO - Processing file /opt/airflow/dags/spark_submit_example.py for tasks to queue
[2025-10-30T09:06:02.471+0000] {logging_mixin.py:190} INFO - [2025-10-30T09:06:02.470+0000] {dagbag.py:587} INFO - Filling up the DagBag from /opt/airflow/dags/spark_submit_example.py
[2025-10-30T09:06:02.493+0000] {processor.py:925} INFO - DAG(s) 'spark_submit_example' retrieved from /opt/airflow/dags/spark_submit_example.py
[2025-10-30T09:06:02.515+0000] {logging_mixin.py:190} INFO - [2025-10-30T09:06:02.515+0000] {dag.py:3229} INFO - Sync 1 DAGs
[2025-10-30T09:06:02.535+0000] {logging_mixin.py:190} INFO - [2025-10-30T09:06:02.534+0000] {dag.py:4156} INFO - Setting next_dagrun for spark_submit_example to 2025-10-29 00:00:00+00:00, run_after=2025-10-30 00:00:00+00:00
[2025-10-30T09:06:02.552+0000] {processor.py:208} INFO - Processing /opt/airflow/dags/spark_submit_example.py took 0.091 seconds
[2025-10-30T09:06:33.093+0000] {processor.py:186} INFO - Started process (PID=622) to work on /opt/airflow/dags/spark_submit_example.py
[2025-10-30T09:06:33.094+0000] {processor.py:914} INFO - Processing file /opt/airflow/dags/spark_submit_example.py for tasks to queue
[2025-10-30T09:06:33.096+0000] {logging_mixin.py:190} INFO - [2025-10-30T09:06:33.096+0000] {dagbag.py:587} INFO - Filling up the DagBag from /opt/airflow/dags/spark_submit_example.py
[2025-10-30T09:06:33.120+0000] {processor.py:925} INFO - DAG(s) 'spark_submit_example' retrieved from /opt/airflow/dags/spark_submit_example.py
[2025-10-30T09:06:33.144+0000] {logging_mixin.py:190} INFO - [2025-10-30T09:06:33.144+0000] {dag.py:3229} INFO - Sync 1 DAGs
[2025-10-30T09:06:33.163+0000] {logging_mixin.py:190} INFO - [2025-10-30T09:06:33.163+0000] {dag.py:4156} INFO - Setting next_dagrun for spark_submit_example to 2025-10-29 00:00:00+00:00, run_after=2025-10-30 00:00:00+00:00
[2025-10-30T09:06:33.180+0000] {processor.py:208} INFO - Processing /opt/airflow/dags/spark_submit_example.py took 0.093 seconds
[2025-10-30T09:07:03.684+0000] {processor.py:186} INFO - Started process (PID=637) to work on /opt/airflow/dags/spark_submit_example.py
[2025-10-30T09:07:03.685+0000] {processor.py:914} INFO - Processing file /opt/airflow/dags/spark_submit_example.py for tasks to queue
[2025-10-30T09:07:03.688+0000] {logging_mixin.py:190} INFO - [2025-10-30T09:07:03.687+0000] {dagbag.py:587} INFO - Filling up the DagBag from /opt/airflow/dags/spark_submit_example.py
[2025-10-30T09:07:03.714+0000] {processor.py:925} INFO - DAG(s) 'spark_submit_example' retrieved from /opt/airflow/dags/spark_submit_example.py
[2025-10-30T09:07:03.739+0000] {logging_mixin.py:190} INFO - [2025-10-30T09:07:03.738+0000] {dag.py:3229} INFO - Sync 1 DAGs
[2025-10-30T09:07:03.758+0000] {logging_mixin.py:190} INFO - [2025-10-30T09:07:03.757+0000] {dag.py:4156} INFO - Setting next_dagrun for spark_submit_example to 2025-10-29 00:00:00+00:00, run_after=2025-10-30 00:00:00+00:00
[2025-10-30T09:07:03.774+0000] {processor.py:208} INFO - Processing /opt/airflow/dags/spark_submit_example.py took 0.097 seconds
[2025-10-30T09:07:34.364+0000] {processor.py:186} INFO - Started process (PID=652) to work on /opt/airflow/dags/spark_submit_example.py
[2025-10-30T09:07:34.365+0000] {processor.py:914} INFO - Processing file /opt/airflow/dags/spark_submit_example.py for tasks to queue
[2025-10-30T09:07:34.368+0000] {logging_mixin.py:190} INFO - [2025-10-30T09:07:34.367+0000] {dagbag.py:587} INFO - Filling up the DagBag from /opt/airflow/dags/spark_submit_example.py
[2025-10-30T09:07:34.392+0000] {processor.py:925} INFO - DAG(s) 'spark_submit_example' retrieved from /opt/airflow/dags/spark_submit_example.py
[2025-10-30T09:07:34.415+0000] {logging_mixin.py:190} INFO - [2025-10-30T09:07:34.415+0000] {dag.py:3229} INFO - Sync 1 DAGs
[2025-10-30T09:07:34.434+0000] {logging_mixin.py:190} INFO - [2025-10-30T09:07:34.433+0000] {dag.py:4156} INFO - Setting next_dagrun for spark_submit_example to 2025-10-29 00:00:00+00:00, run_after=2025-10-30 00:00:00+00:00
[2025-10-30T09:07:34.449+0000] {processor.py:208} INFO - Processing /opt/airflow/dags/spark_submit_example.py took 0.092 seconds
[2025-10-30T09:08:04.972+0000] {processor.py:186} INFO - Started process (PID=667) to work on /opt/airflow/dags/spark_submit_example.py
[2025-10-30T09:08:04.973+0000] {processor.py:914} INFO - Processing file /opt/airflow/dags/spark_submit_example.py for tasks to queue
[2025-10-30T09:08:04.976+0000] {logging_mixin.py:190} INFO - [2025-10-30T09:08:04.976+0000] {dagbag.py:587} INFO - Filling up the DagBag from /opt/airflow/dags/spark_submit_example.py
[2025-10-30T09:08:04.998+0000] {processor.py:925} INFO - DAG(s) 'spark_submit_example' retrieved from /opt/airflow/dags/spark_submit_example.py
[2025-10-30T09:08:05.020+0000] {logging_mixin.py:190} INFO - [2025-10-30T09:08:05.020+0000] {dag.py:3229} INFO - Sync 1 DAGs
[2025-10-30T09:08:05.040+0000] {logging_mixin.py:190} INFO - [2025-10-30T09:08:05.040+0000] {dag.py:4156} INFO - Setting next_dagrun for spark_submit_example to 2025-10-29 00:00:00+00:00, run_after=2025-10-30 00:00:00+00:00
[2025-10-30T09:08:05.059+0000] {processor.py:208} INFO - Processing /opt/airflow/dags/spark_submit_example.py took 0.093 seconds
[2025-10-30T09:08:35.603+0000] {processor.py:186} INFO - Started process (PID=682) to work on /opt/airflow/dags/spark_submit_example.py
[2025-10-30T09:08:35.604+0000] {processor.py:914} INFO - Processing file /opt/airflow/dags/spark_submit_example.py for tasks to queue
[2025-10-30T09:08:35.607+0000] {logging_mixin.py:190} INFO - [2025-10-30T09:08:35.606+0000] {dagbag.py:587} INFO - Filling up the DagBag from /opt/airflow/dags/spark_submit_example.py
[2025-10-30T09:08:35.628+0000] {processor.py:925} INFO - DAG(s) 'spark_submit_example' retrieved from /opt/airflow/dags/spark_submit_example.py
[2025-10-30T09:08:35.651+0000] {logging_mixin.py:190} INFO - [2025-10-30T09:08:35.651+0000] {dag.py:3229} INFO - Sync 1 DAGs
[2025-10-30T09:08:35.671+0000] {logging_mixin.py:190} INFO - [2025-10-30T09:08:35.671+0000] {dag.py:4156} INFO - Setting next_dagrun for spark_submit_example to 2025-10-29 00:00:00+00:00, run_after=2025-10-30 00:00:00+00:00
[2025-10-30T09:08:35.687+0000] {processor.py:208} INFO - Processing /opt/airflow/dags/spark_submit_example.py took 0.091 seconds
[2025-10-30T09:09:06.326+0000] {processor.py:186} INFO - Started process (PID=697) to work on /opt/airflow/dags/spark_submit_example.py
[2025-10-30T09:09:06.327+0000] {processor.py:914} INFO - Processing file /opt/airflow/dags/spark_submit_example.py for tasks to queue
[2025-10-30T09:09:06.329+0000] {logging_mixin.py:190} INFO - [2025-10-30T09:09:06.329+0000] {dagbag.py:587} INFO - Filling up the DagBag from /opt/airflow/dags/spark_submit_example.py
[2025-10-30T09:09:06.353+0000] {processor.py:925} INFO - DAG(s) 'spark_submit_example' retrieved from /opt/airflow/dags/spark_submit_example.py
[2025-10-30T09:09:06.377+0000] {logging_mixin.py:190} INFO - [2025-10-30T09:09:06.377+0000] {dag.py:3229} INFO - Sync 1 DAGs
[2025-10-30T09:09:06.397+0000] {logging_mixin.py:190} INFO - [2025-10-30T09:09:06.397+0000] {dag.py:4156} INFO - Setting next_dagrun for spark_submit_example to 2025-10-29 00:00:00+00:00, run_after=2025-10-30 00:00:00+00:00
[2025-10-30T09:09:06.414+0000] {processor.py:208} INFO - Processing /opt/airflow/dags/spark_submit_example.py took 0.094 seconds
[2025-10-30T09:09:36.981+0000] {processor.py:186} INFO - Started process (PID=712) to work on /opt/airflow/dags/spark_submit_example.py
[2025-10-30T09:09:36.983+0000] {processor.py:914} INFO - Processing file /opt/airflow/dags/spark_submit_example.py for tasks to queue
[2025-10-30T09:09:36.985+0000] {logging_mixin.py:190} INFO - [2025-10-30T09:09:36.985+0000] {dagbag.py:587} INFO - Filling up the DagBag from /opt/airflow/dags/spark_submit_example.py
[2025-10-30T09:09:37.015+0000] {processor.py:925} INFO - DAG(s) 'spark_submit_example' retrieved from /opt/airflow/dags/spark_submit_example.py
[2025-10-30T09:09:37.046+0000] {logging_mixin.py:190} INFO - [2025-10-30T09:09:37.046+0000] {dag.py:3229} INFO - Sync 1 DAGs
[2025-10-30T09:09:37.073+0000] {logging_mixin.py:190} INFO - [2025-10-30T09:09:37.073+0000] {dag.py:4156} INFO - Setting next_dagrun for spark_submit_example to 2025-10-29 00:00:00+00:00, run_after=2025-10-30 00:00:00+00:00
[2025-10-30T09:09:37.092+0000] {processor.py:208} INFO - Processing /opt/airflow/dags/spark_submit_example.py took 0.117 seconds
[2025-10-30T09:10:07.626+0000] {processor.py:186} INFO - Started process (PID=727) to work on /opt/airflow/dags/spark_submit_example.py
[2025-10-30T09:10:07.627+0000] {processor.py:914} INFO - Processing file /opt/airflow/dags/spark_submit_example.py for tasks to queue
[2025-10-30T09:10:07.630+0000] {logging_mixin.py:190} INFO - [2025-10-30T09:10:07.630+0000] {dagbag.py:587} INFO - Filling up the DagBag from /opt/airflow/dags/spark_submit_example.py
[2025-10-30T09:10:07.655+0000] {processor.py:925} INFO - DAG(s) 'spark_submit_example' retrieved from /opt/airflow/dags/spark_submit_example.py
[2025-10-30T09:10:07.684+0000] {logging_mixin.py:190} INFO - [2025-10-30T09:10:07.683+0000] {dag.py:3229} INFO - Sync 1 DAGs
[2025-10-30T09:10:07.702+0000] {logging_mixin.py:190} INFO - [2025-10-30T09:10:07.701+0000] {dag.py:4156} INFO - Setting next_dagrun for spark_submit_example to 2025-10-29 00:00:00+00:00, run_after=2025-10-30 00:00:00+00:00
[2025-10-30T09:10:07.723+0000] {processor.py:208} INFO - Processing /opt/airflow/dags/spark_submit_example.py took 0.104 seconds
[2025-10-30T09:10:38.220+0000] {processor.py:186} INFO - Started process (PID=742) to work on /opt/airflow/dags/spark_submit_example.py
[2025-10-30T09:10:38.221+0000] {processor.py:914} INFO - Processing file /opt/airflow/dags/spark_submit_example.py for tasks to queue
[2025-10-30T09:10:38.223+0000] {logging_mixin.py:190} INFO - [2025-10-30T09:10:38.223+0000] {dagbag.py:587} INFO - Filling up the DagBag from /opt/airflow/dags/spark_submit_example.py
[2025-10-30T09:10:38.248+0000] {processor.py:925} INFO - DAG(s) 'spark_submit_example' retrieved from /opt/airflow/dags/spark_submit_example.py
[2025-10-30T09:10:38.272+0000] {logging_mixin.py:190} INFO - [2025-10-30T09:10:38.272+0000] {dag.py:3229} INFO - Sync 1 DAGs
[2025-10-30T09:10:38.290+0000] {logging_mixin.py:190} INFO - [2025-10-30T09:10:38.290+0000] {dag.py:4156} INFO - Setting next_dagrun for spark_submit_example to 2025-10-29 00:00:00+00:00, run_after=2025-10-30 00:00:00+00:00
[2025-10-30T09:10:38.305+0000] {processor.py:208} INFO - Processing /opt/airflow/dags/spark_submit_example.py took 0.091 seconds
[2025-10-30T09:11:09.038+0000] {processor.py:186} INFO - Started process (PID=757) to work on /opt/airflow/dags/spark_submit_example.py
[2025-10-30T09:11:09.040+0000] {processor.py:914} INFO - Processing file /opt/airflow/dags/spark_submit_example.py for tasks to queue
[2025-10-30T09:11:09.043+0000] {logging_mixin.py:190} INFO - [2025-10-30T09:11:09.042+0000] {dagbag.py:587} INFO - Filling up the DagBag from /opt/airflow/dags/spark_submit_example.py
[2025-10-30T09:11:09.072+0000] {processor.py:925} INFO - DAG(s) 'spark_submit_example' retrieved from /opt/airflow/dags/spark_submit_example.py
[2025-10-30T09:11:09.122+0000] {logging_mixin.py:190} INFO - [2025-10-30T09:11:09.121+0000] {dag.py:3229} INFO - Sync 1 DAGs
[2025-10-30T09:11:09.158+0000] {logging_mixin.py:190} INFO - [2025-10-30T09:11:09.157+0000] {dag.py:4156} INFO - Setting next_dagrun for spark_submit_example to 2025-10-29 00:00:00+00:00, run_after=2025-10-30 00:00:00+00:00
[2025-10-30T09:11:09.199+0000] {processor.py:208} INFO - Processing /opt/airflow/dags/spark_submit_example.py took 0.168 seconds
[2025-10-30T09:11:39.818+0000] {processor.py:186} INFO - Started process (PID=772) to work on /opt/airflow/dags/spark_submit_example.py
[2025-10-30T09:11:39.820+0000] {processor.py:914} INFO - Processing file /opt/airflow/dags/spark_submit_example.py for tasks to queue
[2025-10-30T09:11:39.823+0000] {logging_mixin.py:190} INFO - [2025-10-30T09:11:39.823+0000] {dagbag.py:587} INFO - Filling up the DagBag from /opt/airflow/dags/spark_submit_example.py
[2025-10-30T09:11:39.852+0000] {processor.py:925} INFO - DAG(s) 'spark_submit_example' retrieved from /opt/airflow/dags/spark_submit_example.py
[2025-10-30T09:11:39.880+0000] {logging_mixin.py:190} INFO - [2025-10-30T09:11:39.880+0000] {dag.py:3229} INFO - Sync 1 DAGs
[2025-10-30T09:11:39.900+0000] {logging_mixin.py:190} INFO - [2025-10-30T09:11:39.900+0000] {dag.py:4156} INFO - Setting next_dagrun for spark_submit_example to 2025-10-29 00:00:00+00:00, run_after=2025-10-30 00:00:00+00:00
[2025-10-30T09:11:39.924+0000] {processor.py:208} INFO - Processing /opt/airflow/dags/spark_submit_example.py took 0.112 seconds
[2025-10-30T09:12:10.465+0000] {processor.py:186} INFO - Started process (PID=787) to work on /opt/airflow/dags/spark_submit_example.py
[2025-10-30T09:12:10.467+0000] {processor.py:914} INFO - Processing file /opt/airflow/dags/spark_submit_example.py for tasks to queue
[2025-10-30T09:12:10.469+0000] {logging_mixin.py:190} INFO - [2025-10-30T09:12:10.469+0000] {dagbag.py:587} INFO - Filling up the DagBag from /opt/airflow/dags/spark_submit_example.py
[2025-10-30T09:12:10.497+0000] {processor.py:925} INFO - DAG(s) 'spark_submit_example' retrieved from /opt/airflow/dags/spark_submit_example.py
[2025-10-30T09:12:10.527+0000] {logging_mixin.py:190} INFO - [2025-10-30T09:12:10.527+0000] {dag.py:3229} INFO - Sync 1 DAGs
[2025-10-30T09:12:10.553+0000] {logging_mixin.py:190} INFO - [2025-10-30T09:12:10.552+0000] {dag.py:4156} INFO - Setting next_dagrun for spark_submit_example to 2025-10-29 00:00:00+00:00, run_after=2025-10-30 00:00:00+00:00
[2025-10-30T09:12:10.578+0000] {processor.py:208} INFO - Processing /opt/airflow/dags/spark_submit_example.py took 0.118 seconds
[2025-10-30T09:12:41.115+0000] {processor.py:186} INFO - Started process (PID=802) to work on /opt/airflow/dags/spark_submit_example.py
[2025-10-30T09:12:41.116+0000] {processor.py:914} INFO - Processing file /opt/airflow/dags/spark_submit_example.py for tasks to queue
[2025-10-30T09:12:41.119+0000] {logging_mixin.py:190} INFO - [2025-10-30T09:12:41.118+0000] {dagbag.py:587} INFO - Filling up the DagBag from /opt/airflow/dags/spark_submit_example.py
[2025-10-30T09:12:41.145+0000] {processor.py:925} INFO - DAG(s) 'spark_submit_example' retrieved from /opt/airflow/dags/spark_submit_example.py
[2025-10-30T09:12:41.172+0000] {logging_mixin.py:190} INFO - [2025-10-30T09:12:41.171+0000] {dag.py:3229} INFO - Sync 1 DAGs
[2025-10-30T09:12:41.190+0000] {logging_mixin.py:190} INFO - [2025-10-30T09:12:41.190+0000] {dag.py:4156} INFO - Setting next_dagrun for spark_submit_example to 2025-10-29 00:00:00+00:00, run_after=2025-10-30 00:00:00+00:00
[2025-10-30T09:12:41.207+0000] {processor.py:208} INFO - Processing /opt/airflow/dags/spark_submit_example.py took 0.099 seconds
[2025-10-30T09:13:11.774+0000] {processor.py:186} INFO - Started process (PID=955) to work on /opt/airflow/dags/spark_submit_example.py
[2025-10-30T09:13:11.776+0000] {processor.py:914} INFO - Processing file /opt/airflow/dags/spark_submit_example.py for tasks to queue
[2025-10-30T09:13:11.781+0000] {logging_mixin.py:190} INFO - [2025-10-30T09:13:11.780+0000] {dagbag.py:587} INFO - Filling up the DagBag from /opt/airflow/dags/spark_submit_example.py
[2025-10-30T09:13:11.829+0000] {processor.py:925} INFO - DAG(s) 'spark_submit_example' retrieved from /opt/airflow/dags/spark_submit_example.py
[2025-10-30T09:13:11.864+0000] {logging_mixin.py:190} INFO - [2025-10-30T09:13:11.864+0000] {dag.py:3229} INFO - Sync 1 DAGs
[2025-10-30T09:13:11.896+0000] {logging_mixin.py:190} INFO - [2025-10-30T09:13:11.896+0000] {dag.py:4156} INFO - Setting next_dagrun for spark_submit_example to 2025-10-30 00:00:00+00:00, run_after=2025-10-31 00:00:00+00:00
[2025-10-30T09:13:11.922+0000] {processor.py:208} INFO - Processing /opt/airflow/dags/spark_submit_example.py took 0.154 seconds
[2025-10-30T09:13:42.519+0000] {processor.py:186} INFO - Started process (PID=983) to work on /opt/airflow/dags/spark_submit_example.py
[2025-10-30T09:13:42.521+0000] {processor.py:914} INFO - Processing file /opt/airflow/dags/spark_submit_example.py for tasks to queue
[2025-10-30T09:13:42.525+0000] {logging_mixin.py:190} INFO - [2025-10-30T09:13:42.524+0000] {dagbag.py:587} INFO - Filling up the DagBag from /opt/airflow/dags/spark_submit_example.py
[2025-10-30T09:13:42.558+0000] {processor.py:925} INFO - DAG(s) 'spark_submit_example' retrieved from /opt/airflow/dags/spark_submit_example.py
[2025-10-30T09:13:42.589+0000] {logging_mixin.py:190} INFO - [2025-10-30T09:13:42.589+0000] {dag.py:3229} INFO - Sync 1 DAGs
[2025-10-30T09:13:42.613+0000] {logging_mixin.py:190} INFO - [2025-10-30T09:13:42.612+0000] {dag.py:4156} INFO - Setting next_dagrun for spark_submit_example to 2025-10-30 00:00:00+00:00, run_after=2025-10-31 00:00:00+00:00
[2025-10-30T09:13:42.637+0000] {processor.py:208} INFO - Processing /opt/airflow/dags/spark_submit_example.py took 0.125 seconds
[2025-10-30T09:13:57.117+0000] {processor.py:186} INFO - Started process (PID=1048) to work on /opt/airflow/dags/spark_submit_example.py
[2025-10-30T09:13:57.122+0000] {processor.py:914} INFO - Processing file /opt/airflow/dags/spark_submit_example.py for tasks to queue
[2025-10-30T09:13:57.128+0000] {logging_mixin.py:190} INFO - [2025-10-30T09:13:57.126+0000] {dagbag.py:587} INFO - Filling up the DagBag from /opt/airflow/dags/spark_submit_example.py
[2025-10-30T09:13:57.203+0000] {processor.py:925} INFO - DAG(s) 'spark_submit_example' retrieved from /opt/airflow/dags/spark_submit_example.py
[2025-10-30T09:13:57.416+0000] {logging_mixin.py:190} INFO - [2025-10-30T09:13:57.415+0000] {dag.py:3229} INFO - Sync 1 DAGs
[2025-10-30T09:13:57.437+0000] {logging_mixin.py:190} INFO - [2025-10-30T09:13:57.437+0000] {dag.py:4156} INFO - Setting next_dagrun for spark_submit_example to 2025-10-30 00:00:00+00:00, run_after=2025-10-31 00:00:00+00:00
[2025-10-30T09:13:57.469+0000] {processor.py:208} INFO - Processing /opt/airflow/dags/spark_submit_example.py took 0.368 seconds
[2025-10-30T09:13:57.545+0000] {processor.py:186} INFO - Started process (PID=1072) to work on /opt/airflow/dags/spark_submit_example.py
[2025-10-30T09:13:57.547+0000] {processor.py:914} INFO - Processing file /opt/airflow/dags/spark_submit_example.py for tasks to queue
[2025-10-30T09:13:57.552+0000] {logging_mixin.py:190} INFO - [2025-10-30T09:13:57.552+0000] {dagbag.py:587} INFO - Filling up the DagBag from /opt/airflow/dags/spark_submit_example.py
[2025-10-30T09:13:57.584+0000] {processor.py:925} INFO - DAG(s) 'spark_submit_example' retrieved from /opt/airflow/dags/spark_submit_example.py
[2025-10-30T09:13:57.601+0000] {logging_mixin.py:190} INFO - [2025-10-30T09:13:57.601+0000] {dag.py:3229} INFO - Sync 1 DAGs
[2025-10-30T09:13:57.627+0000] {logging_mixin.py:190} INFO - [2025-10-30T09:13:57.626+0000] {dag.py:4156} INFO - Setting next_dagrun for spark_submit_example to 2025-10-30 00:00:00+00:00, run_after=2025-10-31 00:00:00+00:00
[2025-10-30T09:13:57.652+0000] {processor.py:208} INFO - Processing /opt/airflow/dags/spark_submit_example.py took 0.116 seconds
[2025-10-30T09:13:57.725+0000] {processor.py:186} INFO - Started process (PID=1077) to work on /opt/airflow/dags/spark_submit_example.py
[2025-10-30T09:13:57.727+0000] {processor.py:914} INFO - Processing file /opt/airflow/dags/spark_submit_example.py for tasks to queue
[2025-10-30T09:13:57.731+0000] {logging_mixin.py:190} INFO - [2025-10-30T09:13:57.729+0000] {dagbag.py:587} INFO - Filling up the DagBag from /opt/airflow/dags/spark_submit_example.py
[2025-10-30T09:13:57.770+0000] {processor.py:925} INFO - DAG(s) 'spark_submit_example' retrieved from /opt/airflow/dags/spark_submit_example.py
[2025-10-30T09:13:57.795+0000] {logging_mixin.py:190} INFO - [2025-10-30T09:13:57.795+0000] {dag.py:3229} INFO - Sync 1 DAGs
[2025-10-30T09:13:57.821+0000] {logging_mixin.py:190} INFO - [2025-10-30T09:13:57.821+0000] {dag.py:4156} INFO - Setting next_dagrun for spark_submit_example to 2025-10-30 00:00:00+00:00, run_after=2025-10-31 00:00:00+00:00
[2025-10-30T09:13:57.846+0000] {processor.py:208} INFO - Processing /opt/airflow/dags/spark_submit_example.py took 0.128 seconds
[2025-10-30T09:13:58.746+0000] {processor.py:186} INFO - Started process (PID=1082) to work on /opt/airflow/dags/spark_submit_example.py
[2025-10-30T09:13:58.747+0000] {processor.py:914} INFO - Processing file /opt/airflow/dags/spark_submit_example.py for tasks to queue
[2025-10-30T09:13:58.751+0000] {logging_mixin.py:190} INFO - [2025-10-30T09:13:58.751+0000] {dagbag.py:587} INFO - Filling up the DagBag from /opt/airflow/dags/spark_submit_example.py
[2025-10-30T09:13:58.797+0000] {processor.py:925} INFO - DAG(s) 'spark_submit_example' retrieved from /opt/airflow/dags/spark_submit_example.py
[2025-10-30T09:13:58.812+0000] {logging_mixin.py:190} INFO - [2025-10-30T09:13:58.812+0000] {dag.py:3229} INFO - Sync 1 DAGs
[2025-10-30T09:13:58.834+0000] {logging_mixin.py:190} INFO - [2025-10-30T09:13:58.834+0000] {dag.py:4156} INFO - Setting next_dagrun for spark_submit_example to 2025-10-30 00:00:00+00:00, run_after=2025-10-31 00:00:00+00:00
[2025-10-30T09:13:58.863+0000] {processor.py:208} INFO - Processing /opt/airflow/dags/spark_submit_example.py took 0.124 seconds
[2025-10-30T09:13:59.772+0000] {processor.py:186} INFO - Started process (PID=1087) to work on /opt/airflow/dags/spark_submit_example.py
[2025-10-30T09:13:59.774+0000] {processor.py:914} INFO - Processing file /opt/airflow/dags/spark_submit_example.py for tasks to queue
[2025-10-30T09:13:59.777+0000] {logging_mixin.py:190} INFO - [2025-10-30T09:13:59.776+0000] {dagbag.py:587} INFO - Filling up the DagBag from /opt/airflow/dags/spark_submit_example.py
[2025-10-30T09:13:59.824+0000] {processor.py:925} INFO - DAG(s) 'spark_submit_example' retrieved from /opt/airflow/dags/spark_submit_example.py
[2025-10-30T09:13:59.838+0000] {logging_mixin.py:190} INFO - [2025-10-30T09:13:59.838+0000] {dag.py:3229} INFO - Sync 1 DAGs
[2025-10-30T09:13:59.861+0000] {logging_mixin.py:190} INFO - [2025-10-30T09:13:59.861+0000] {dag.py:4156} INFO - Setting next_dagrun for spark_submit_example to 2025-10-30 00:00:00+00:00, run_after=2025-10-31 00:00:00+00:00
[2025-10-30T09:13:59.887+0000] {processor.py:208} INFO - Processing /opt/airflow/dags/spark_submit_example.py took 0.122 seconds
[2025-10-30T09:14:30.662+0000] {processor.py:186} INFO - Started process (PID=1124) to work on /opt/airflow/dags/spark_submit_example.py
[2025-10-30T09:14:30.663+0000] {processor.py:914} INFO - Processing file /opt/airflow/dags/spark_submit_example.py for tasks to queue
[2025-10-30T09:14:30.665+0000] {logging_mixin.py:190} INFO - [2025-10-30T09:14:30.665+0000] {dagbag.py:587} INFO - Filling up the DagBag from /opt/airflow/dags/spark_submit_example.py
[2025-10-30T09:14:30.696+0000] {processor.py:925} INFO - DAG(s) 'spark_submit_example' retrieved from /opt/airflow/dags/spark_submit_example.py
[2025-10-30T09:14:30.812+0000] {logging_mixin.py:190} INFO - [2025-10-30T09:14:30.812+0000] {dag.py:3229} INFO - Sync 1 DAGs
[2025-10-30T09:14:30.833+0000] {logging_mixin.py:190} INFO - [2025-10-30T09:14:30.833+0000] {dag.py:4156} INFO - Setting next_dagrun for spark_submit_example to 2025-10-30 00:00:00+00:00, run_after=2025-10-31 00:00:00+00:00
[2025-10-30T09:14:30.855+0000] {processor.py:208} INFO - Processing /opt/airflow/dags/spark_submit_example.py took 0.200 seconds
[2025-10-30T09:15:01.397+0000] {processor.py:186} INFO - Started process (PID=1151) to work on /opt/airflow/dags/spark_submit_example.py
[2025-10-30T09:15:01.399+0000] {processor.py:914} INFO - Processing file /opt/airflow/dags/spark_submit_example.py for tasks to queue
[2025-10-30T09:15:01.401+0000] {logging_mixin.py:190} INFO - [2025-10-30T09:15:01.401+0000] {dagbag.py:587} INFO - Filling up the DagBag from /opt/airflow/dags/spark_submit_example.py
[2025-10-30T09:15:01.434+0000] {processor.py:925} INFO - DAG(s) 'spark_submit_example' retrieved from /opt/airflow/dags/spark_submit_example.py
[2025-10-30T09:15:01.464+0000] {logging_mixin.py:190} INFO - [2025-10-30T09:15:01.463+0000] {dag.py:3229} INFO - Sync 1 DAGs
[2025-10-30T09:15:01.489+0000] {logging_mixin.py:190} INFO - [2025-10-30T09:15:01.489+0000] {dag.py:4156} INFO - Setting next_dagrun for spark_submit_example to 2025-10-30 00:00:00+00:00, run_after=2025-10-31 00:00:00+00:00
[2025-10-30T09:15:01.518+0000] {processor.py:208} INFO - Processing /opt/airflow/dags/spark_submit_example.py took 0.126 seconds
[2025-10-30T09:15:48.049+0000] {processor.py:186} INFO - Started process (PID=175) to work on /opt/airflow/dags/spark_submit_example.py
[2025-10-30T09:15:48.051+0000] {processor.py:914} INFO - Processing file /opt/airflow/dags/spark_submit_example.py for tasks to queue
[2025-10-30T09:15:48.054+0000] {logging_mixin.py:190} INFO - [2025-10-30T09:15:48.053+0000] {dagbag.py:587} INFO - Filling up the DagBag from /opt/airflow/dags/spark_submit_example.py
[2025-10-30T09:15:48.090+0000] {processor.py:925} INFO - DAG(s) 'spark_submit_example' retrieved from /opt/airflow/dags/spark_submit_example.py
[2025-10-30T09:15:48.329+0000] {logging_mixin.py:190} INFO - [2025-10-30T09:15:48.329+0000] {override.py:1900} INFO - Created Permission View: can edit on DAG:spark_submit_example
[2025-10-30T09:15:48.344+0000] {logging_mixin.py:190} INFO - [2025-10-30T09:15:48.343+0000] {override.py:1900} INFO - Created Permission View: can read on DAG:spark_submit_example
[2025-10-30T09:15:48.363+0000] {logging_mixin.py:190} INFO - [2025-10-30T09:15:48.362+0000] {override.py:1900} INFO - Created Permission View: can delete on DAG:spark_submit_example
[2025-10-30T09:15:48.374+0000] {logging_mixin.py:190} INFO - [2025-10-30T09:15:48.373+0000] {override.py:1900} INFO - Created Permission View: can create on DAG Run:spark_submit_example
[2025-10-30T09:15:48.383+0000] {logging_mixin.py:190} INFO - [2025-10-30T09:15:48.382+0000] {override.py:1900} INFO - Created Permission View: can read on DAG Run:spark_submit_example
[2025-10-30T09:15:48.393+0000] {logging_mixin.py:190} INFO - [2025-10-30T09:15:48.392+0000] {override.py:1900} INFO - Created Permission View: menu access on DAG Run:spark_submit_example
[2025-10-30T09:15:48.402+0000] {logging_mixin.py:190} INFO - [2025-10-30T09:15:48.402+0000] {override.py:1900} INFO - Created Permission View: can delete on DAG Run:spark_submit_example
[2025-10-30T09:15:48.403+0000] {logging_mixin.py:190} INFO - [2025-10-30T09:15:48.403+0000] {dag.py:3229} INFO - Sync 1 DAGs
[2025-10-30T09:15:48.417+0000] {logging_mixin.py:190} INFO - [2025-10-30T09:15:48.417+0000] {dag.py:3252} INFO - Creating ORM DAG for spark_submit_example
[2025-10-30T09:15:48.432+0000] {logging_mixin.py:190} INFO - [2025-10-30T09:15:48.431+0000] {dag.py:4156} INFO - Setting next_dagrun for spark_submit_example to 2025-10-29 00:00:00+00:00, run_after=2025-10-30 00:00:00+00:00
[2025-10-30T09:15:48.461+0000] {processor.py:208} INFO - Processing /opt/airflow/dags/spark_submit_example.py took 0.419 seconds
[2025-10-30T09:16:18.630+0000] {processor.py:186} INFO - Started process (PID=236) to work on /opt/airflow/dags/spark_submit_example.py
[2025-10-30T09:16:18.632+0000] {processor.py:914} INFO - Processing file /opt/airflow/dags/spark_submit_example.py for tasks to queue
[2025-10-30T09:16:18.636+0000] {logging_mixin.py:190} INFO - [2025-10-30T09:16:18.635+0000] {dagbag.py:587} INFO - Filling up the DagBag from /opt/airflow/dags/spark_submit_example.py
[2025-10-30T09:16:18.691+0000] {processor.py:925} INFO - DAG(s) 'spark_submit_example' retrieved from /opt/airflow/dags/spark_submit_example.py
[2025-10-30T09:16:18.765+0000] {logging_mixin.py:190} INFO - [2025-10-30T09:16:18.765+0000] {dag.py:3229} INFO - Sync 1 DAGs
[2025-10-30T09:16:18.873+0000] {logging_mixin.py:190} INFO - [2025-10-30T09:16:18.872+0000] {dag.py:4156} INFO - Setting next_dagrun for spark_submit_example to 2025-10-29 00:00:00+00:00, run_after=2025-10-30 00:00:00+00:00
[2025-10-30T09:16:18.916+0000] {processor.py:208} INFO - Processing /opt/airflow/dags/spark_submit_example.py took 0.293 seconds
[2025-10-30T09:16:34.176+0000] {processor.py:186} INFO - Started process (PID=256) to work on /opt/airflow/dags/spark_submit_example.py
[2025-10-30T09:16:34.178+0000] {processor.py:914} INFO - Processing file /opt/airflow/dags/spark_submit_example.py for tasks to queue
[2025-10-30T09:16:34.180+0000] {logging_mixin.py:190} INFO - [2025-10-30T09:16:34.180+0000] {dagbag.py:587} INFO - Filling up the DagBag from /opt/airflow/dags/spark_submit_example.py
[2025-10-30T09:16:34.226+0000] {processor.py:925} INFO - DAG(s) 'spark_submit_example' retrieved from /opt/airflow/dags/spark_submit_example.py
[2025-10-30T09:16:34.264+0000] {logging_mixin.py:190} INFO - [2025-10-30T09:16:34.264+0000] {dag.py:3229} INFO - Sync 1 DAGs
[2025-10-30T09:16:34.292+0000] {logging_mixin.py:190} INFO - [2025-10-30T09:16:34.292+0000] {dag.py:4156} INFO - Setting next_dagrun for spark_submit_example to 2025-10-29 00:00:00+00:00, run_after=2025-10-30 00:00:00+00:00
[2025-10-30T09:16:34.334+0000] {processor.py:208} INFO - Processing /opt/airflow/dags/spark_submit_example.py took 0.163 seconds
[2025-10-30T09:17:04.906+0000] {processor.py:186} INFO - Started process (PID=329) to work on /opt/airflow/dags/spark_submit_example.py
[2025-10-30T09:17:04.908+0000] {processor.py:914} INFO - Processing file /opt/airflow/dags/spark_submit_example.py for tasks to queue
[2025-10-30T09:17:04.910+0000] {logging_mixin.py:190} INFO - [2025-10-30T09:17:04.910+0000] {dagbag.py:587} INFO - Filling up the DagBag from /opt/airflow/dags/spark_submit_example.py
[2025-10-30T09:17:04.937+0000] {processor.py:925} INFO - DAG(s) 'spark_submit_example' retrieved from /opt/airflow/dags/spark_submit_example.py
[2025-10-30T09:17:04.965+0000] {logging_mixin.py:190} INFO - [2025-10-30T09:17:04.964+0000] {dag.py:3229} INFO - Sync 1 DAGs
[2025-10-30T09:17:04.983+0000] {logging_mixin.py:190} INFO - [2025-10-30T09:17:04.983+0000] {dag.py:4156} INFO - Setting next_dagrun for spark_submit_example to 2025-10-30 00:00:00+00:00, run_after=2025-10-31 00:00:00+00:00
[2025-10-30T09:17:05.002+0000] {processor.py:208} INFO - Processing /opt/airflow/dags/spark_submit_example.py took 0.102 seconds
[2025-10-30T09:17:35.638+0000] {processor.py:186} INFO - Started process (PID=356) to work on /opt/airflow/dags/spark_submit_example.py
[2025-10-30T09:17:35.640+0000] {processor.py:914} INFO - Processing file /opt/airflow/dags/spark_submit_example.py for tasks to queue
[2025-10-30T09:17:35.642+0000] {logging_mixin.py:190} INFO - [2025-10-30T09:17:35.642+0000] {dagbag.py:587} INFO - Filling up the DagBag from /opt/airflow/dags/spark_submit_example.py
[2025-10-30T09:17:35.664+0000] {processor.py:925} INFO - DAG(s) 'spark_submit_example' retrieved from /opt/airflow/dags/spark_submit_example.py
[2025-10-30T09:17:35.687+0000] {logging_mixin.py:190} INFO - [2025-10-30T09:17:35.687+0000] {dag.py:3229} INFO - Sync 1 DAGs
[2025-10-30T09:17:35.705+0000] {logging_mixin.py:190} INFO - [2025-10-30T09:17:35.704+0000] {dag.py:4156} INFO - Setting next_dagrun for spark_submit_example to 2025-10-30 00:00:00+00:00, run_after=2025-10-31 00:00:00+00:00
[2025-10-30T09:17:35.726+0000] {processor.py:208} INFO - Processing /opt/airflow/dags/spark_submit_example.py took 0.092 seconds
[2025-10-30T09:18:01.246+0000] {processor.py:186} INFO - Started process (PID=408) to work on /opt/airflow/dags/spark_submit_example.py
[2025-10-30T09:18:01.248+0000] {processor.py:914} INFO - Processing file /opt/airflow/dags/spark_submit_example.py for tasks to queue
[2025-10-30T09:18:01.250+0000] {logging_mixin.py:190} INFO - [2025-10-30T09:18:01.250+0000] {dagbag.py:587} INFO - Filling up the DagBag from /opt/airflow/dags/spark_submit_example.py
[2025-10-30T09:18:01.298+0000] {processor.py:925} INFO - DAG(s) 'spark_submit_example' retrieved from /opt/airflow/dags/spark_submit_example.py
[2025-10-30T09:18:01.436+0000] {logging_mixin.py:190} INFO - [2025-10-30T09:18:01.435+0000] {dag.py:3229} INFO - Sync 1 DAGs
[2025-10-30T09:18:01.457+0000] {logging_mixin.py:190} INFO - [2025-10-30T09:18:01.456+0000] {dag.py:4156} INFO - Setting next_dagrun for spark_submit_example to 2025-10-30 00:00:00+00:00, run_after=2025-10-31 00:00:00+00:00
[2025-10-30T09:18:01.485+0000] {processor.py:208} INFO - Processing /opt/airflow/dags/spark_submit_example.py took 0.246 seconds
[2025-10-30T09:18:08.427+0000] {processor.py:186} INFO - Started process (PID=418) to work on /opt/airflow/dags/spark_submit_example.py
[2025-10-30T09:18:08.429+0000] {processor.py:914} INFO - Processing file /opt/airflow/dags/spark_submit_example.py for tasks to queue
[2025-10-30T09:18:08.433+0000] {logging_mixin.py:190} INFO - [2025-10-30T09:18:08.432+0000] {dagbag.py:587} INFO - Filling up the DagBag from /opt/airflow/dags/spark_submit_example.py
[2025-10-30T09:18:08.480+0000] {processor.py:925} INFO - DAG(s) 'spark_submit_example' retrieved from /opt/airflow/dags/spark_submit_example.py
[2025-10-30T09:18:08.495+0000] {logging_mixin.py:190} INFO - [2025-10-30T09:18:08.495+0000] {dag.py:3229} INFO - Sync 1 DAGs
[2025-10-30T09:18:08.517+0000] {logging_mixin.py:190} INFO - [2025-10-30T09:18:08.517+0000] {dag.py:4156} INFO - Setting next_dagrun for spark_submit_example to 2025-10-30 00:00:00+00:00, run_after=2025-10-31 00:00:00+00:00
[2025-10-30T09:18:08.547+0000] {processor.py:208} INFO - Processing /opt/airflow/dags/spark_submit_example.py took 0.126 seconds
[2025-10-30T09:18:09.593+0000] {processor.py:186} INFO - Started process (PID=423) to work on /opt/airflow/dags/spark_submit_example.py
[2025-10-30T09:18:09.595+0000] {processor.py:914} INFO - Processing file /opt/airflow/dags/spark_submit_example.py for tasks to queue
[2025-10-30T09:18:09.598+0000] {logging_mixin.py:190} INFO - [2025-10-30T09:18:09.597+0000] {dagbag.py:587} INFO - Filling up the DagBag from /opt/airflow/dags/spark_submit_example.py
[2025-10-30T09:18:09.657+0000] {processor.py:925} INFO - DAG(s) 'spark_submit_example' retrieved from /opt/airflow/dags/spark_submit_example.py
[2025-10-30T09:18:09.676+0000] {logging_mixin.py:190} INFO - [2025-10-30T09:18:09.675+0000] {dag.py:3229} INFO - Sync 1 DAGs
[2025-10-30T09:18:09.701+0000] {logging_mixin.py:190} INFO - [2025-10-30T09:18:09.701+0000] {dag.py:4156} INFO - Setting next_dagrun for spark_submit_example to 2025-10-30 00:00:00+00:00, run_after=2025-10-31 00:00:00+00:00
[2025-10-30T09:18:09.733+0000] {processor.py:208} INFO - Processing /opt/airflow/dags/spark_submit_example.py took 0.146 seconds
[2025-10-30T09:18:40.645+0000] {processor.py:186} INFO - Started process (PID=455) to work on /opt/airflow/dags/spark_submit_example.py
[2025-10-30T09:18:40.647+0000] {processor.py:914} INFO - Processing file /opt/airflow/dags/spark_submit_example.py for tasks to queue
[2025-10-30T09:18:40.651+0000] {logging_mixin.py:190} INFO - [2025-10-30T09:18:40.650+0000] {dagbag.py:587} INFO - Filling up the DagBag from /opt/airflow/dags/spark_submit_example.py
[2025-10-30T09:18:40.687+0000] {processor.py:925} INFO - DAG(s) 'spark_submit_example' retrieved from /opt/airflow/dags/spark_submit_example.py
[2025-10-30T09:18:40.802+0000] {logging_mixin.py:190} INFO - [2025-10-30T09:18:40.802+0000] {dag.py:3229} INFO - Sync 1 DAGs
[2025-10-30T09:18:40.824+0000] {logging_mixin.py:190} INFO - [2025-10-30T09:18:40.823+0000] {dag.py:4156} INFO - Setting next_dagrun for spark_submit_example to 2025-10-30 00:00:00+00:00, run_after=2025-10-31 00:00:00+00:00
[2025-10-30T09:18:40.850+0000] {processor.py:208} INFO - Processing /opt/airflow/dags/spark_submit_example.py took 0.212 seconds
[2025-10-30T09:18:53.186+0000] {processor.py:186} INFO - Started process (PID=473) to work on /opt/airflow/dags/spark_submit_example.py
[2025-10-30T09:18:53.187+0000] {processor.py:914} INFO - Processing file /opt/airflow/dags/spark_submit_example.py for tasks to queue
[2025-10-30T09:18:53.189+0000] {logging_mixin.py:190} INFO - [2025-10-30T09:18:53.188+0000] {dagbag.py:587} INFO - Filling up the DagBag from /opt/airflow/dags/spark_submit_example.py
[2025-10-30T09:18:53.226+0000] {processor.py:925} INFO - DAG(s) 'spark_submit_example' retrieved from /opt/airflow/dags/spark_submit_example.py
[2025-10-30T09:18:53.237+0000] {logging_mixin.py:190} INFO - [2025-10-30T09:18:53.237+0000] {dag.py:3229} INFO - Sync 1 DAGs
[2025-10-30T09:18:53.256+0000] {logging_mixin.py:190} INFO - [2025-10-30T09:18:53.256+0000] {dag.py:4156} INFO - Setting next_dagrun for spark_submit_example to 2025-10-30 00:00:00+00:00, run_after=2025-10-31 00:00:00+00:00
[2025-10-30T09:18:53.274+0000] {processor.py:208} INFO - Processing /opt/airflow/dags/spark_submit_example.py took 0.093 seconds
[2025-10-30T09:19:23.824+0000] {processor.py:186} INFO - Started process (PID=648) to work on /opt/airflow/dags/spark_submit_example.py
[2025-10-30T09:19:23.825+0000] {processor.py:914} INFO - Processing file /opt/airflow/dags/spark_submit_example.py for tasks to queue
[2025-10-30T09:19:23.827+0000] {logging_mixin.py:190} INFO - [2025-10-30T09:19:23.827+0000] {dagbag.py:587} INFO - Filling up the DagBag from /opt/airflow/dags/spark_submit_example.py
[2025-10-30T09:19:23.860+0000] {processor.py:925} INFO - DAG(s) 'spark_submit_example' retrieved from /opt/airflow/dags/spark_submit_example.py
[2025-10-30T09:19:23.885+0000] {logging_mixin.py:190} INFO - [2025-10-30T09:19:23.884+0000] {dag.py:3229} INFO - Sync 1 DAGs
[2025-10-30T09:19:23.904+0000] {logging_mixin.py:190} INFO - [2025-10-30T09:19:23.904+0000] {dag.py:4156} INFO - Setting next_dagrun for spark_submit_example to 2025-10-30 00:00:00+00:00, run_after=2025-10-31 00:00:00+00:00
[2025-10-30T09:19:23.923+0000] {processor.py:208} INFO - Processing /opt/airflow/dags/spark_submit_example.py took 0.105 seconds
