[2025-11-02T11:46:29.213+0000] {local_task_job_runner.py:123} INFO - ::group::Pre task execution logs
[2025-11-02T11:46:29.232+0000] {taskinstance.py:2612} INFO - Dependencies all met for dep_context=non-requeueable deps ti=<TaskInstance: modeling.gold_modeling_dimensions manual__2025-11-02T11:46:28+00:00 [queued]>
[2025-11-02T11:46:29.241+0000] {taskinstance.py:2612} INFO - Dependencies all met for dep_context=requeueable deps ti=<TaskInstance: modeling.gold_modeling_dimensions manual__2025-11-02T11:46:28+00:00 [queued]>
[2025-11-02T11:46:29.245+0000] {taskinstance.py:2865} INFO - Starting attempt 1 of 1
[2025-11-02T11:46:29.261+0000] {taskinstance.py:2888} INFO - Executing <Task(BashOperator): gold_modeling_dimensions> on 2025-11-02 11:46:28+00:00
[2025-11-02T11:46:29.267+0000] {standard_task_runner.py:72} INFO - Started process 183 to run task
[2025-11-02T11:46:29.270+0000] {standard_task_runner.py:104} INFO - Running: ['***', 'tasks', 'run', 'modeling', 'gold_modeling_dimensions', 'manual__2025-11-02T11:46:28+00:00', '--job-id', '35', '--raw', '--subdir', 'DAGS_FOLDER/modeling.py', '--cfg-path', '/tmp/tmprxxljuzv']
[2025-11-02T11:46:29.274+0000] {standard_task_runner.py:105} INFO - Job 35: Subtask gold_modeling_dimensions
[2025-11-02T11:46:29.326+0000] {task_command.py:467} INFO - Running <TaskInstance: modeling.gold_modeling_dimensions manual__2025-11-02T11:46:28+00:00 [running]> on host 4bd4a2df5838
[2025-11-02T11:46:29.404+0000] {taskinstance.py:3131} INFO - Exporting env vars: AIRFLOW_CTX_DAG_OWNER='***' AIRFLOW_CTX_DAG_ID='modeling' AIRFLOW_CTX_TASK_ID='gold_modeling_dimensions' AIRFLOW_CTX_EXECUTION_DATE='2025-11-02T11:46:28+00:00' AIRFLOW_CTX_TRY_NUMBER='1' AIRFLOW_CTX_DAG_RUN_ID='manual__2025-11-02T11:46:28+00:00'
[2025-11-02T11:46:29.407+0000] {taskinstance.py:731} INFO - ::endgroup::
[2025-11-02T11:46:29.421+0000] {subprocess.py:63} INFO - Tmp dir root location: /tmp
[2025-11-02T11:46:29.424+0000] {subprocess.py:75} INFO - Running command: ['/usr/bin/bash', '-c', 'spark-submit --master spark://spark-master:7077 --packages org.apache.iceberg:iceberg-spark-runtime-3.4_2.12:1.5.0,org.apache.hadoop:hadoop-aws:3.3.4,com.amazonaws:aws-java-sdk-bundle:1.12.262 --conf spark.hadoop.fs.s3a.endpoint=https://repulsive-spooky-cemetery-9rw4pvr4w66f4g6-4566.app.github.dev --conf spark.hadoop.fs.s3a.access.key=test --conf spark.hadoop.fs.s3a.secret.key=test --conf spark.hadoop.fs.s3a.path.style.access=true --conf spark.hadoop.fs.s3a.impl=org.apache.hadoop.fs.s3a.S3AFileSystem --conf spark.hadoop.fs.s3a.connection.ssl.enabled=true /opt/spark/work-dir/scripts/gold_modeling/Dimensions/Dimensions.py']
[2025-11-02T11:46:29.435+0000] {subprocess.py:86} INFO - Output:
[2025-11-02T11:46:30.532+0000] {subprocess.py:93} INFO - :: loading settings :: url = jar:file:/opt/spark-3.4.0-bin-hadoop3/jars/ivy-2.5.1.jar!/org/apache/ivy/core/settings/ivysettings.xml
[2025-11-02T11:46:30.653+0000] {subprocess.py:93} INFO - Ivy Default Cache set to: /home/***/.ivy2/cache
[2025-11-02T11:46:30.656+0000] {subprocess.py:93} INFO - The jars for the packages stored in: /home/***/.ivy2/jars
[2025-11-02T11:46:30.658+0000] {subprocess.py:93} INFO - org.apache.iceberg#iceberg-spark-runtime-3.4_2.12 added as a dependency
[2025-11-02T11:46:30.660+0000] {subprocess.py:93} INFO - org.apache.hadoop#hadoop-aws added as a dependency
[2025-11-02T11:46:30.662+0000] {subprocess.py:93} INFO - com.amazonaws#aws-java-sdk-bundle added as a dependency
[2025-11-02T11:46:30.665+0000] {subprocess.py:93} INFO - :: resolving dependencies :: org.apache.spark#spark-submit-parent-147bde36-33e4-472f-b37e-78d89d411467;1.0
[2025-11-02T11:46:30.667+0000] {subprocess.py:93} INFO - 	confs: [default]
[2025-11-02T11:46:30.766+0000] {subprocess.py:93} INFO - 	found org.apache.iceberg#iceberg-spark-runtime-3.4_2.12;1.5.0 in central
[2025-11-02T11:46:30.827+0000] {subprocess.py:93} INFO - 	found org.apache.hadoop#hadoop-aws;3.3.4 in central
[2025-11-02T11:46:30.850+0000] {subprocess.py:93} INFO - 	found com.amazonaws#aws-java-sdk-bundle;1.12.262 in central
[2025-11-02T11:46:30.876+0000] {subprocess.py:93} INFO - 	found org.wildfly.openssl#wildfly-openssl;1.0.7.Final in central
[2025-11-02T11:46:30.895+0000] {subprocess.py:93} INFO - :: resolution report :: resolve 229ms :: artifacts dl 8ms
[2025-11-02T11:46:30.897+0000] {subprocess.py:93} INFO - 	:: modules in use:
[2025-11-02T11:46:30.898+0000] {subprocess.py:93} INFO - 	com.amazonaws#aws-java-sdk-bundle;1.12.262 from central in [default]
[2025-11-02T11:46:30.900+0000] {subprocess.py:93} INFO - 	org.apache.hadoop#hadoop-aws;3.3.4 from central in [default]
[2025-11-02T11:46:30.902+0000] {subprocess.py:93} INFO - 	org.apache.iceberg#iceberg-spark-runtime-3.4_2.12;1.5.0 from central in [default]
[2025-11-02T11:46:30.904+0000] {subprocess.py:93} INFO - 	org.wildfly.openssl#wildfly-openssl;1.0.7.Final from central in [default]
[2025-11-02T11:46:30.905+0000] {subprocess.py:93} INFO - 	---------------------------------------------------------------------
[2025-11-02T11:46:30.908+0000] {subprocess.py:93} INFO - 	|                  |            modules            ||   artifacts   |
[2025-11-02T11:46:30.910+0000] {subprocess.py:93} INFO - 	|       conf       | number| search|dwnlded|evicted|| number|dwnlded|
[2025-11-02T11:46:30.911+0000] {subprocess.py:93} INFO - 	---------------------------------------------------------------------
[2025-11-02T11:46:30.913+0000] {subprocess.py:93} INFO - 	|      default     |   4   |   0   |   0   |   0   ||   4   |   0   |
[2025-11-02T11:46:30.916+0000] {subprocess.py:93} INFO - 	---------------------------------------------------------------------
[2025-11-02T11:46:30.918+0000] {subprocess.py:93} INFO - :: retrieving :: org.apache.spark#spark-submit-parent-147bde36-33e4-472f-b37e-78d89d411467
[2025-11-02T11:46:30.920+0000] {subprocess.py:93} INFO - 	confs: [default]
[2025-11-02T11:46:30.921+0000] {subprocess.py:93} INFO - 	0 artifacts copied, 4 already retrieved (0kB/6ms)
[2025-11-02T11:46:31.134+0000] {subprocess.py:93} INFO - 25/11/02 11:46:31 WARN NativeCodeLoader: Unable to load native-hadoop library for your platform... using builtin-java classes where applicable
[2025-11-02T11:46:32.794+0000] {subprocess.py:93} INFO - 25/11/02 11:46:32 INFO SparkContext: Running Spark version 3.4.0
[2025-11-02T11:46:32.810+0000] {subprocess.py:93} INFO - 25/11/02 11:46:32 INFO ResourceUtils: ==============================================================
[2025-11-02T11:46:32.812+0000] {subprocess.py:93} INFO - 25/11/02 11:46:32 INFO ResourceUtils: No custom resources configured for spark.driver.
[2025-11-02T11:46:32.814+0000] {subprocess.py:93} INFO - 25/11/02 11:46:32 INFO ResourceUtils: ==============================================================
[2025-11-02T11:46:32.817+0000] {subprocess.py:93} INFO - 25/11/02 11:46:32 INFO SparkContext: Submitted application: Gold_Modeling_Dimensions
[2025-11-02T11:46:32.827+0000] {subprocess.py:93} INFO - 25/11/02 11:46:32 INFO ResourceProfile: Default ResourceProfile created, executor resources: Map(memory -> name: memory, amount: 1024, script: , vendor: , offHeap -> name: offHeap, amount: 0, script: , vendor: ), task resources: Map(cpus -> name: cpus, amount: 1.0)
[2025-11-02T11:46:32.836+0000] {subprocess.py:93} INFO - 25/11/02 11:46:32 INFO ResourceProfile: Limiting resource is cpu
[2025-11-02T11:46:32.838+0000] {subprocess.py:93} INFO - 25/11/02 11:46:32 INFO ResourceProfileManager: Added ResourceProfile id: 0
[2025-11-02T11:46:32.884+0000] {subprocess.py:93} INFO - 25/11/02 11:46:32 INFO SecurityManager: Changing view acls to: ***
[2025-11-02T11:46:32.886+0000] {subprocess.py:93} INFO - 25/11/02 11:46:32 INFO SecurityManager: Changing modify acls to: ***
[2025-11-02T11:46:32.889+0000] {subprocess.py:93} INFO - 25/11/02 11:46:32 INFO SecurityManager: Changing view acls groups to:
[2025-11-02T11:46:32.891+0000] {subprocess.py:93} INFO - 25/11/02 11:46:32 INFO SecurityManager: Changing modify acls groups to:
[2025-11-02T11:46:32.893+0000] {subprocess.py:93} INFO - 25/11/02 11:46:32 INFO SecurityManager: SecurityManager: authentication disabled; ui acls disabled; users with view permissions: ***; groups with view permissions: EMPTY; users with modify permissions: ***; groups with modify permissions: EMPTY
[2025-11-02T11:46:33.076+0000] {subprocess.py:93} INFO - 25/11/02 11:46:33 INFO Utils: Successfully started service 'sparkDriver' on port 41989.
[2025-11-02T11:46:33.098+0000] {subprocess.py:93} INFO - 25/11/02 11:46:33 INFO SparkEnv: Registering MapOutputTracker
[2025-11-02T11:46:33.127+0000] {subprocess.py:93} INFO - 25/11/02 11:46:33 INFO SparkEnv: Registering BlockManagerMaster
[2025-11-02T11:46:33.141+0000] {subprocess.py:93} INFO - 25/11/02 11:46:33 INFO BlockManagerMasterEndpoint: Using org.apache.spark.storage.DefaultTopologyMapper for getting topology information
[2025-11-02T11:46:33.143+0000] {subprocess.py:93} INFO - 25/11/02 11:46:33 INFO BlockManagerMasterEndpoint: BlockManagerMasterEndpoint up
[2025-11-02T11:46:33.145+0000] {subprocess.py:93} INFO - 25/11/02 11:46:33 INFO SparkEnv: Registering BlockManagerMasterHeartbeat
[2025-11-02T11:46:33.162+0000] {subprocess.py:93} INFO - 25/11/02 11:46:33 INFO DiskBlockManager: Created local directory at /tmp/blockmgr-8a4819b6-e192-4527-a70d-d7abb042a194
[2025-11-02T11:46:33.177+0000] {subprocess.py:93} INFO - 25/11/02 11:46:33 INFO MemoryStore: MemoryStore started with capacity 434.4 MiB
[2025-11-02T11:46:33.192+0000] {subprocess.py:93} INFO - 25/11/02 11:46:33 INFO SparkEnv: Registering OutputCommitCoordinator
[2025-11-02T11:46:33.301+0000] {subprocess.py:93} INFO - 25/11/02 11:46:33 INFO JettyUtils: Start Jetty 0.0.0.0:4040 for SparkUI
[2025-11-02T11:46:33.359+0000] {subprocess.py:93} INFO - 25/11/02 11:46:33 INFO Utils: Successfully started service 'SparkUI' on port 4040.
[2025-11-02T11:46:33.388+0000] {subprocess.py:93} INFO - 25/11/02 11:46:33 INFO SparkContext: Added JAR file:///home/***/.ivy2/jars/org.apache.iceberg_iceberg-spark-runtime-3.4_2.12-1.5.0.jar at spark://4bd4a2df5838:41989/jars/org.apache.iceberg_iceberg-spark-runtime-3.4_2.12-1.5.0.jar with timestamp 1762083992789
[2025-11-02T11:46:33.389+0000] {subprocess.py:93} INFO - 25/11/02 11:46:33 INFO SparkContext: Added JAR file:///home/***/.ivy2/jars/org.apache.hadoop_hadoop-aws-3.3.4.jar at spark://4bd4a2df5838:41989/jars/org.apache.hadoop_hadoop-aws-3.3.4.jar with timestamp 1762083992789
[2025-11-02T11:46:33.391+0000] {subprocess.py:93} INFO - 25/11/02 11:46:33 INFO SparkContext: Added JAR file:///home/***/.ivy2/jars/com.amazonaws_aws-java-sdk-bundle-1.12.262.jar at spark://4bd4a2df5838:41989/jars/com.amazonaws_aws-java-sdk-bundle-1.12.262.jar with timestamp 1762083992789
[2025-11-02T11:46:33.392+0000] {subprocess.py:93} INFO - 25/11/02 11:46:33 INFO SparkContext: Added JAR file:///home/***/.ivy2/jars/org.wildfly.openssl_wildfly-openssl-1.0.7.Final.jar at spark://4bd4a2df5838:41989/jars/org.wildfly.openssl_wildfly-openssl-1.0.7.Final.jar with timestamp 1762083992789
[2025-11-02T11:46:33.394+0000] {subprocess.py:93} INFO - 25/11/02 11:46:33 INFO SparkContext: Added file file:///home/***/.ivy2/jars/org.apache.iceberg_iceberg-spark-runtime-3.4_2.12-1.5.0.jar at spark://4bd4a2df5838:41989/files/org.apache.iceberg_iceberg-spark-runtime-3.4_2.12-1.5.0.jar with timestamp 1762083992789
[2025-11-02T11:46:33.395+0000] {subprocess.py:93} INFO - 25/11/02 11:46:33 INFO Utils: Copying /home/***/.ivy2/jars/org.apache.iceberg_iceberg-spark-runtime-3.4_2.12-1.5.0.jar to /tmp/spark-23272b1b-7d04-4376-9a7d-7a63bf3eb24c/userFiles-003c933f-7f02-417f-87d7-917eb9d0747b/org.apache.iceberg_iceberg-spark-runtime-3.4_2.12-1.5.0.jar
[2025-11-02T11:46:33.432+0000] {subprocess.py:93} INFO - 25/11/02 11:46:33 INFO SparkContext: Added file file:///home/***/.ivy2/jars/org.apache.hadoop_hadoop-aws-3.3.4.jar at spark://4bd4a2df5838:41989/files/org.apache.hadoop_hadoop-aws-3.3.4.jar with timestamp 1762083992789
[2025-11-02T11:46:33.433+0000] {subprocess.py:93} INFO - 25/11/02 11:46:33 INFO Utils: Copying /home/***/.ivy2/jars/org.apache.hadoop_hadoop-aws-3.3.4.jar to /tmp/spark-23272b1b-7d04-4376-9a7d-7a63bf3eb24c/userFiles-003c933f-7f02-417f-87d7-917eb9d0747b/org.apache.hadoop_hadoop-aws-3.3.4.jar
[2025-11-02T11:46:33.437+0000] {subprocess.py:93} INFO - 25/11/02 11:46:33 INFO SparkContext: Added file file:///home/***/.ivy2/jars/com.amazonaws_aws-java-sdk-bundle-1.12.262.jar at spark://4bd4a2df5838:41989/files/com.amazonaws_aws-java-sdk-bundle-1.12.262.jar with timestamp 1762083992789
[2025-11-02T11:46:33.439+0000] {subprocess.py:93} INFO - 25/11/02 11:46:33 INFO Utils: Copying /home/***/.ivy2/jars/com.amazonaws_aws-java-sdk-bundle-1.12.262.jar to /tmp/spark-23272b1b-7d04-4376-9a7d-7a63bf3eb24c/userFiles-003c933f-7f02-417f-87d7-917eb9d0747b/com.amazonaws_aws-java-sdk-bundle-1.12.262.jar
[2025-11-02T11:46:33.669+0000] {subprocess.py:93} INFO - 25/11/02 11:46:33 INFO SparkContext: Added file file:///home/***/.ivy2/jars/org.wildfly.openssl_wildfly-openssl-1.0.7.Final.jar at spark://4bd4a2df5838:41989/files/org.wildfly.openssl_wildfly-openssl-1.0.7.Final.jar with timestamp 1762083992789
[2025-11-02T11:46:33.671+0000] {subprocess.py:93} INFO - 25/11/02 11:46:33 INFO Utils: Copying /home/***/.ivy2/jars/org.wildfly.openssl_wildfly-openssl-1.0.7.Final.jar to /tmp/spark-23272b1b-7d04-4376-9a7d-7a63bf3eb24c/userFiles-003c933f-7f02-417f-87d7-917eb9d0747b/org.wildfly.openssl_wildfly-openssl-1.0.7.Final.jar
[2025-11-02T11:46:33.746+0000] {subprocess.py:93} INFO - 25/11/02 11:46:33 INFO StandaloneAppClient$ClientEndpoint: Connecting to master spark://spark-master:7077...
[2025-11-02T11:46:33.786+0000] {subprocess.py:93} INFO - 25/11/02 11:46:33 INFO TransportClientFactory: Successfully created connection to spark-master/172.18.0.3:7077 after 20 ms (0 ms spent in bootstraps)
[2025-11-02T11:46:33.859+0000] {subprocess.py:93} INFO - 25/11/02 11:46:33 INFO StandaloneSchedulerBackend: Connected to Spark cluster with app ID app-20251102114633-0012
[2025-11-02T11:46:33.862+0000] {subprocess.py:93} INFO - 25/11/02 11:46:33 INFO StandaloneAppClient$ClientEndpoint: Executor added: app-20251102114633-0012/0 on worker-20251102102542-172.18.0.5-39375 (172.18.0.5:39375) with 2 core(s)
[2025-11-02T11:46:33.867+0000] {subprocess.py:93} INFO - 25/11/02 11:46:33 INFO StandaloneSchedulerBackend: Granted executor ID app-20251102114633-0012/0 on hostPort 172.18.0.5:39375 with 2 core(s), 1024.0 MiB RAM
[2025-11-02T11:46:33.871+0000] {subprocess.py:93} INFO - 25/11/02 11:46:33 INFO Utils: Successfully started service 'org.apache.spark.network.netty.NettyBlockTransferService' on port 33293.
[2025-11-02T11:46:33.873+0000] {subprocess.py:93} INFO - 25/11/02 11:46:33 INFO NettyBlockTransferService: Server created on 4bd4a2df5838:33293
[2025-11-02T11:46:33.876+0000] {subprocess.py:93} INFO - 25/11/02 11:46:33 INFO BlockManager: Using org.apache.spark.storage.RandomBlockReplicationPolicy for block replication policy
[2025-11-02T11:46:33.889+0000] {subprocess.py:93} INFO - 25/11/02 11:46:33 INFO BlockManagerMaster: Registering BlockManager BlockManagerId(driver, 4bd4a2df5838, 33293, None)
[2025-11-02T11:46:33.893+0000] {subprocess.py:93} INFO - 25/11/02 11:46:33 INFO BlockManagerMasterEndpoint: Registering block manager 4bd4a2df5838:33293 with 434.4 MiB RAM, BlockManagerId(driver, 4bd4a2df5838, 33293, None)
[2025-11-02T11:46:33.897+0000] {subprocess.py:93} INFO - 25/11/02 11:46:33 INFO BlockManagerMaster: Registered BlockManager BlockManagerId(driver, 4bd4a2df5838, 33293, None)
[2025-11-02T11:46:33.900+0000] {subprocess.py:93} INFO - 25/11/02 11:46:33 INFO BlockManager: Initialized BlockManager: BlockManagerId(driver, 4bd4a2df5838, 33293, None)
[2025-11-02T11:46:33.931+0000] {subprocess.py:93} INFO - 25/11/02 11:46:33 INFO StandaloneAppClient$ClientEndpoint: Executor updated: app-20251102114633-0012/0 is now RUNNING
[2025-11-02T11:46:34.171+0000] {subprocess.py:93} INFO - 25/11/02 11:46:34 INFO StandaloneSchedulerBackend: SchedulerBackend is ready for scheduling beginning after reached minRegisteredResourcesRatio: 0.0
[2025-11-02T11:46:34.472+0000] {subprocess.py:93} INFO - INFO:gold_modeling.Dimensions.dim_customer:Creating dim_customer table
[2025-11-02T11:46:34.482+0000] {subprocess.py:93} INFO - 25/11/02 11:46:34 INFO SharedState: Setting hive.metastore.warehouse.dir ('null') to the value of spark.sql.warehouse.dir.
[2025-11-02T11:46:34.486+0000] {subprocess.py:93} INFO - 25/11/02 11:46:34 INFO SharedState: Warehouse path is 'file:/tmp/***tmp5t5h3nkk/spark-warehouse'.
[2025-11-02T11:46:35.979+0000] {subprocess.py:93} INFO - 25/11/02 11:46:35 WARN MetricsConfig: Cannot locate configuration: tried hadoop-metrics2-s3a-file-system.properties,hadoop-metrics2.properties
[2025-11-02T11:46:35.998+0000] {subprocess.py:93} INFO - 25/11/02 11:46:35 INFO MetricsSystemImpl: Scheduled Metric snapshot period at 10 second(s).
[2025-11-02T11:46:36.000+0000] {subprocess.py:93} INFO - 25/11/02 11:46:35 INFO MetricsSystemImpl: s3a-file-system metrics system started
[2025-11-02T11:46:36.249+0000] {subprocess.py:93} INFO - 25/11/02 11:46:36 INFO StandaloneSchedulerBackend$StandaloneDriverEndpoint: Registered executor NettyRpcEndpointRef(spark-client://Executor) (172.18.0.5:48852) with ID 0,  ResourceProfileId 0
[2025-11-02T11:46:36.315+0000] {subprocess.py:93} INFO - 25/11/02 11:46:36 INFO BlockManagerMasterEndpoint: Registering block manager 172.18.0.5:32951 with 434.4 MiB RAM, BlockManagerId(0, 172.18.0.5, 32951, None)
[2025-11-02T11:46:36.748+0000] {subprocess.py:93} INFO - 25/11/02 11:46:36 INFO CatalogUtil: Loading custom FileIO implementation: org.apache.iceberg.hadoop.HadoopFileIO
[2025-11-02T11:46:44.155+0000] {subprocess.py:93} INFO - 25/11/02 11:46:44 INFO BaseMetastoreCatalog: Table loaded by catalog: local.magento_customers
[2025-11-02T11:46:48.603+0000] {subprocess.py:93} INFO - 25/11/02 11:46:48 INFO BaseMetastoreCatalog: Table loaded by catalog: local.freshdesk_customers
[2025-11-02T11:46:48.718+0000] {subprocess.py:93} INFO - 25/11/02 11:46:48 INFO CatalogUtil: Loading custom FileIO implementation: org.apache.iceberg.hadoop.HadoopFileIO
[2025-11-02T11:46:49.174+0000] {subprocess.py:93} INFO - Traceback (most recent call last):
[2025-11-02T11:46:49.176+0000] {subprocess.py:93} INFO -   File "/opt/spark-3.4.0-bin-hadoop3/work-dir/scripts/gold_modeling/Dimensions/Dimensions.py", line 27, in <module>
[2025-11-02T11:46:49.186+0000] {subprocess.py:93} INFO -     Customer_dim(spark)
[2025-11-02T11:46:49.188+0000] {subprocess.py:93} INFO -   File "/opt/spark/work-dir/scripts/gold_modeling/Dimensions/dim_customer.py", line 69, in main
[2025-11-02T11:46:49.196+0000] {subprocess.py:93} INFO -     create_dim_customer(spark)
[2025-11-02T11:46:49.198+0000] {subprocess.py:93} INFO -   File "/opt/spark/work-dir/scripts/gold_modeling/Dimensions/dim_customer.py", line 12, in create_dim_customer
[2025-11-02T11:46:49.204+0000] {subprocess.py:93} INFO -     spark.sql("""
[2025-11-02T11:46:49.206+0000] {subprocess.py:93} INFO -   File "/opt/spark/python/lib/pyspark.zip/pyspark/sql/session.py", line 1440, in sql
[2025-11-02T11:46:49.211+0000] {subprocess.py:93} INFO -   File "/opt/spark/python/lib/py4j-0.10.9.7-src.zip/py4j/java_gateway.py", line 1322, in __call__
[2025-11-02T11:46:49.218+0000] {subprocess.py:93} INFO -   File "/opt/spark/python/lib/pyspark.zip/pyspark/errors/exceptions/captured.py", line 175, in deco
[2025-11-02T11:46:49.230+0000] {subprocess.py:93} INFO - pyspark.errors.exceptions.captured.AnalysisException: [UNRESOLVED_COLUMN.WITH_SUGGESTION] A column or function parameter with name `f`.`state` cannot be resolved. Did you mean one of the following? [`m`.`state`, `f`.`city`, `f`.`email`, `f`.`phone`, `m`.`city`].; line 12 pos 34;
[2025-11-02T11:46:49.233+0000] {subprocess.py:93} INFO - 'ReplaceTableAsSelect TableSpec(Map(),Some(iceberg),Map(),None,None,None,false), true
[2025-11-02T11:46:49.235+0000] {subprocess.py:93} INFO - :- ResolvedIdentifier org.apache.iceberg.spark.SparkCatalog@4c011226, gold.dim_customer
[2025-11-02T11:46:49.237+0000] {subprocess.py:93} INFO - +- 'Project ['md5('COALESCE('email, 'customer_id)) AS customer_key#44, 'customer_id, 'email, 'first_name, 'last_name, 'country, 'city, 'state, 'phone, 'registration_date, 'is_active, 'source_system]
[2025-11-02T11:46:49.239+0000] {subprocess.py:93} INFO -    +- 'Filter ('rn = 1)
[2025-11-02T11:46:49.241+0000] {subprocess.py:93} INFO -       +- 'SubqueryAlias ranked
[2025-11-02T11:46:49.243+0000] {subprocess.py:93} INFO -          +- 'Project [*, row_number() windowspecdefinition('customer_id, 'registration_date DESC NULLS LAST, specifiedwindowframe(RowFrame, unboundedpreceding$(), currentrow$())) AS rn#56]
[2025-11-02T11:46:49.245+0000] {subprocess.py:93} INFO -             +- 'SubqueryAlias unified
[2025-11-02T11:46:49.247+0000] {subprocess.py:93} INFO -                +- 'Project [coalesce(customer_id#71L, customer_id#110L) AS customer_id#45L, coalesce(email#62, email#101) AS email#46, coalesce(nullif(first_name#69, ), first_name#108) AS first_name#47, coalesce(nullif(last_name#67, ), last_name#106) AS last_name#48, coalesce(country#65, country#104) AS country#49, coalesce(city#61, city#100) AS city#50, 'COALESCE(state#64, 'f.state) AS state#51, coalesce(phone#63, phone#102) AS phone#52, coalesce(created_at#68, created_at#107) AS registration_date#53, CASE WHEN ((is_active#66 <=> true) OR (is_active#105 <=> true)) THEN true ELSE false END AS is_active#54, CASE WHEN (isnotnull(customer_id#71L) AND isnotnull(customer_id#110L)) THEN magento+freshdesk WHEN isnotnull(customer_id#71L) THEN magento ELSE freshdesk END AS source_system#55]
[2025-11-02T11:46:49.250+0000] {subprocess.py:93} INFO -                   +- Join FullOuter, (lower(trim(email#62, None)) = lower(trim(email#101, None)))
[2025-11-02T11:46:49.252+0000] {subprocess.py:93} INFO -                      :- SubqueryAlias m
[2025-11-02T11:46:49.254+0000] {subprocess.py:93} INFO -                      :  +- SubqueryAlias magento_customers
[2025-11-02T11:46:49.257+0000] {subprocess.py:93} INFO -                      :     +- View (`magento_customers`, [_airbyte_raw_id#57,_airbyte_extracted_at#58,_airbyte_meta#59,_airbyte_generation_id#60L,city#61,email#62,phone#63,state#64,country#65,is_active#66,last_name#67,created_at#68,first_name#69,_ab_cdc_lsn#70,customer_id#71L,_ab_cdc_deleted_at#72,_ab_cdc_updated_at#73])
[2025-11-02T11:46:49.259+0000] {subprocess.py:93} INFO -                      :        +- Project [cast(_airbyte_raw_id#74 as string) AS _airbyte_raw_id#57, cast(_airbyte_extracted_at#75 as timestamp) AS _airbyte_extracted_at#58, cast(_airbyte_meta#76 as struct<sync_id:bigint,changes:array<struct<field:string,change:string,reason:string>>>) AS _airbyte_meta#59, cast(_airbyte_generation_id#77L as bigint) AS _airbyte_generation_id#60L, cast(city#78 as string) AS city#61, cast(email#79 as string) AS email#62, cast(phone#80 as string) AS phone#63, cast(state#81 as string) AS state#64, cast(country#82 as string) AS country#65, cast(is_active#83 as boolean) AS is_active#66, cast(last_name#84 as string) AS last_name#67, cast(created_at#85 as timestamp) AS created_at#68, cast(first_name#86 as string) AS first_name#69, cast(_ab_cdc_lsn#87 as double) AS _ab_cdc_lsn#70, cast(customer_id#88L as bigint) AS customer_id#71L, cast(_ab_cdc_deleted_at#89 as string) AS _ab_cdc_deleted_at#72, cast(_ab_cdc_updated_at#90 as string) AS _ab_cdc_updated_at#73]
[2025-11-02T11:46:49.261+0000] {subprocess.py:93} INFO -                      :           +- Project [_airbyte_raw_id#74, _airbyte_extracted_at#75, _airbyte_meta#76, _airbyte_generation_id#77L, city#78, email#79, phone#80, state#81, country#82, is_active#83, last_name#84, created_at#85, first_name#86, _ab_cdc_lsn#87, customer_id#88L, _ab_cdc_deleted_at#89, _ab_cdc_updated_at#90]
[2025-11-02T11:46:49.263+0000] {subprocess.py:93} INFO -                      :              +- SubqueryAlias local.magento_customers
[2025-11-02T11:46:49.265+0000] {subprocess.py:93} INFO -                      :                 +- RelationV2[_airbyte_raw_id#74, _airbyte_extracted_at#75, _airbyte_meta#76, _airbyte_generation_id#77L, city#78, email#79, phone#80, state#81, country#82, is_active#83, last_name#84, created_at#85, first_name#86, _ab_cdc_lsn#87, customer_id#88L, _ab_cdc_deleted_at#89, _ab_cdc_updated_at#90] local.magento_customers local.magento_customers
[2025-11-02T11:46:49.268+0000] {subprocess.py:93} INFO -                      +- SubqueryAlias f
[2025-11-02T11:46:49.270+0000] {subprocess.py:93} INFO -                         +- SubqueryAlias freshdesk_customers
[2025-11-02T11:46:49.272+0000] {subprocess.py:93} INFO -                            +- View (`freshdesk_customers`, [_airbyte_raw_id#96,_airbyte_extracted_at#97,_airbyte_meta#98,_airbyte_generation_id#99L,city#100,email#101,phone#102,company#103,country#104,is_active#105,last_name#106,created_at#107,first_name#108,_ab_cdc_lsn#109,customer_id#110L,_ab_cdc_deleted_at#111,_ab_cdc_updated_at#112])
[2025-11-02T11:46:49.273+0000] {subprocess.py:93} INFO -                               +- Project [cast(_airbyte_raw_id#113 as string) AS _airbyte_raw_id#96, cast(_airbyte_extracted_at#114 as timestamp) AS _airbyte_extracted_at#97, cast(_airbyte_meta#115 as struct<sync_id:bigint,changes:array<struct<field:string,change:string,reason:string>>>) AS _airbyte_meta#98, cast(_airbyte_generation_id#116L as bigint) AS _airbyte_generation_id#99L, cast(city#117 as string) AS city#100, cast(email#118 as string) AS email#101, cast(phone#119 as string) AS phone#102, cast(company#120 as string) AS company#103, cast(country#121 as string) AS country#104, cast(is_active#122 as boolean) AS is_active#105, cast(last_name#123 as string) AS last_name#106, cast(created_at#124 as timestamp) AS created_at#107, cast(first_name#125 as string) AS first_name#108, cast(_ab_cdc_lsn#126 as double) AS _ab_cdc_lsn#109, cast(customer_id#127L as bigint) AS customer_id#110L, cast(_ab_cdc_deleted_at#128 as string) AS _ab_cdc_deleted_at#111, cast(_ab_cdc_updated_at#129 as string) AS _ab_cdc_updated_at#112]
[2025-11-02T11:46:49.276+0000] {subprocess.py:93} INFO -                                  +- Project [_airbyte_raw_id#113, _airbyte_extracted_at#114, _airbyte_meta#115, _airbyte_generation_id#116L, city#117, email#118, phone#119, company#120, country#121, is_active#122, last_name#123, created_at#124, first_name#125, _ab_cdc_lsn#126, customer_id#127L, _ab_cdc_deleted_at#128, _ab_cdc_updated_at#129]
[2025-11-02T11:46:49.278+0000] {subprocess.py:93} INFO -                                     +- SubqueryAlias local.freshdesk_customers
[2025-11-02T11:46:49.280+0000] {subprocess.py:93} INFO -                                        +- RelationV2[_airbyte_raw_id#113, _airbyte_extracted_at#114, _airbyte_meta#115, _airbyte_generation_id#116L, city#117, email#118, phone#119, company#120, country#121, is_active#122, last_name#123, created_at#124, first_name#125, _ab_cdc_lsn#126, customer_id#127L, _ab_cdc_deleted_at#128, _ab_cdc_updated_at#129] local.freshdesk_customers local.freshdesk_customers
[2025-11-02T11:46:49.282+0000] {subprocess.py:93} INFO - 
[2025-11-02T11:46:49.283+0000] {subprocess.py:93} INFO - INFO:py4j.clientserver:Closing down clientserver connection
[2025-11-02T11:46:49.285+0000] {subprocess.py:93} INFO - 25/11/02 11:46:49 INFO SparkContext: Invoking stop() from shutdown hook
[2025-11-02T11:46:49.287+0000] {subprocess.py:93} INFO - 25/11/02 11:46:49 INFO SparkContext: SparkContext is stopping with exitCode 0.
[2025-11-02T11:46:49.290+0000] {subprocess.py:93} INFO - 25/11/02 11:46:49 INFO SparkUI: Stopped Spark web UI at http://4bd4a2df5838:4040
[2025-11-02T11:46:49.293+0000] {subprocess.py:93} INFO - 25/11/02 11:46:49 INFO StandaloneSchedulerBackend: Shutting down all executors
[2025-11-02T11:46:49.295+0000] {subprocess.py:93} INFO - 25/11/02 11:46:49 INFO StandaloneSchedulerBackend$StandaloneDriverEndpoint: Asking each executor to shut down
[2025-11-02T11:46:49.308+0000] {subprocess.py:93} INFO - 25/11/02 11:46:49 INFO MapOutputTrackerMasterEndpoint: MapOutputTrackerMasterEndpoint stopped!
[2025-11-02T11:46:49.324+0000] {subprocess.py:93} INFO - 25/11/02 11:46:49 INFO MemoryStore: MemoryStore cleared
[2025-11-02T11:46:49.326+0000] {subprocess.py:93} INFO - 25/11/02 11:46:49 INFO BlockManager: BlockManager stopped
[2025-11-02T11:46:49.329+0000] {subprocess.py:93} INFO - 25/11/02 11:46:49 INFO BlockManagerMaster: BlockManagerMaster stopped
[2025-11-02T11:46:49.332+0000] {subprocess.py:93} INFO - 25/11/02 11:46:49 INFO OutputCommitCoordinator$OutputCommitCoordinatorEndpoint: OutputCommitCoordinator stopped!
[2025-11-02T11:46:49.367+0000] {subprocess.py:93} INFO - 25/11/02 11:46:49 INFO SparkContext: Successfully stopped SparkContext
[2025-11-02T11:46:49.369+0000] {subprocess.py:93} INFO - 25/11/02 11:46:49 INFO ShutdownHookManager: Shutdown hook called
[2025-11-02T11:46:49.371+0000] {subprocess.py:93} INFO - 25/11/02 11:46:49 INFO ShutdownHookManager: Deleting directory /tmp/spark-f91389ba-5742-439b-abc1-9fdcc67a7f7b
[2025-11-02T11:46:49.373+0000] {subprocess.py:93} INFO - 25/11/02 11:46:49 INFO ShutdownHookManager: Deleting directory /tmp/spark-23272b1b-7d04-4376-9a7d-7a63bf3eb24c
[2025-11-02T11:46:49.376+0000] {subprocess.py:93} INFO - 25/11/02 11:46:49 INFO ShutdownHookManager: Deleting directory /tmp/spark-23272b1b-7d04-4376-9a7d-7a63bf3eb24c/pyspark-b9d09771-49fb-4ab9-96fc-1e0a2a64f819
[2025-11-02T11:46:49.382+0000] {subprocess.py:93} INFO - 25/11/02 11:46:49 INFO MetricsSystemImpl: Stopping s3a-file-system metrics system...
[2025-11-02T11:46:49.384+0000] {subprocess.py:93} INFO - 25/11/02 11:46:49 INFO MetricsSystemImpl: s3a-file-system metrics system stopped.
[2025-11-02T11:46:49.386+0000] {subprocess.py:93} INFO - 25/11/02 11:46:49 INFO MetricsSystemImpl: s3a-file-system metrics system shutdown complete.
[2025-11-02T11:46:49.414+0000] {subprocess.py:97} INFO - Command exited with return code 1
[2025-11-02T11:46:49.426+0000] {taskinstance.py:3310} ERROR - Task failed with exception
Traceback (most recent call last):
  File "/home/airflow/.local/lib/python3.11/site-packages/airflow/models/taskinstance.py", line 767, in _execute_task
    result = _execute_callable(context=context, **execute_callable_kwargs)
             ^^^^^^^^^^^^^^^^^^^^^^^^^^^^^^^^^^^^^^^^^^^^^^^^^^^^^^^^^^^^^
  File "/home/airflow/.local/lib/python3.11/site-packages/airflow/models/taskinstance.py", line 733, in _execute_callable
    return ExecutionCallableRunner(
           ^^^^^^^^^^^^^^^^^^^^^^^^
  File "/home/airflow/.local/lib/python3.11/site-packages/airflow/utils/operator_helpers.py", line 252, in run
    return self.func(*args, **kwargs)
           ^^^^^^^^^^^^^^^^^^^^^^^^^^
  File "/home/airflow/.local/lib/python3.11/site-packages/airflow/models/baseoperator.py", line 406, in wrapper
    return func(self, *args, **kwargs)
           ^^^^^^^^^^^^^^^^^^^^^^^^^^^
  File "/home/airflow/.local/lib/python3.11/site-packages/airflow/operators/bash.py", line 249, in execute
    raise AirflowException(
airflow.exceptions.AirflowException: Bash command failed. The command returned a non-zero exit code 1.
[2025-11-02T11:46:49.432+0000] {taskinstance.py:1225} INFO - Marking task as FAILED. dag_id=modeling, task_id=gold_modeling_dimensions, run_id=manual__2025-11-02T11:46:28+00:00, execution_date=20251102T114628, start_date=20251102T114629, end_date=20251102T114649
[2025-11-02T11:46:49.445+0000] {taskinstance.py:340} INFO - ::group::Post task execution logs
[2025-11-02T11:46:49.448+0000] {standard_task_runner.py:124} ERROR - Failed to execute job 35 for task gold_modeling_dimensions (Bash command failed. The command returned a non-zero exit code 1.; 183)
Traceback (most recent call last):
  File "/home/airflow/.local/lib/python3.11/site-packages/airflow/task/task_runner/standard_task_runner.py", line 117, in _start_by_fork
    ret = args.func(args, dag=self.dag)
          ^^^^^^^^^^^^^^^^^^^^^^^^^^^^^
  File "/home/airflow/.local/lib/python3.11/site-packages/airflow/cli/cli_config.py", line 49, in command
    return func(*args, **kwargs)
           ^^^^^^^^^^^^^^^^^^^^^
  File "/home/airflow/.local/lib/python3.11/site-packages/airflow/utils/cli.py", line 115, in wrapper
    return f(*args, **kwargs)
           ^^^^^^^^^^^^^^^^^^
  File "/home/airflow/.local/lib/python3.11/site-packages/airflow/cli/commands/task_command.py", line 483, in task_run
    task_return_code = _run_task_by_selected_method(args, _dag, ti)
                       ^^^^^^^^^^^^^^^^^^^^^^^^^^^^^^^^^^^^^^^^^^^^
  File "/home/airflow/.local/lib/python3.11/site-packages/airflow/cli/commands/task_command.py", line 256, in _run_task_by_selected_method
    return _run_raw_task(args, ti)
           ^^^^^^^^^^^^^^^^^^^^^^^
  File "/home/airflow/.local/lib/python3.11/site-packages/airflow/cli/commands/task_command.py", line 341, in _run_raw_task
    return ti._run_raw_task(
           ^^^^^^^^^^^^^^^^^
  File "/home/airflow/.local/lib/python3.11/site-packages/airflow/utils/session.py", line 97, in wrapper
    return func(*args, session=session, **kwargs)
           ^^^^^^^^^^^^^^^^^^^^^^^^^^^^^^^^^^^^^^
  File "/home/airflow/.local/lib/python3.11/site-packages/airflow/models/taskinstance.py", line 3004, in _run_raw_task
    return _run_raw_task(
           ^^^^^^^^^^^^^^
  File "/home/airflow/.local/lib/python3.11/site-packages/airflow/models/taskinstance.py", line 273, in _run_raw_task
    TaskInstance._execute_task_with_callbacks(
  File "/home/airflow/.local/lib/python3.11/site-packages/airflow/models/taskinstance.py", line 3158, in _execute_task_with_callbacks
    result = self._execute_task(context, task_orig)
             ^^^^^^^^^^^^^^^^^^^^^^^^^^^^^^^^^^^^^^
  File "/home/airflow/.local/lib/python3.11/site-packages/airflow/models/taskinstance.py", line 3182, in _execute_task
    return _execute_task(self, context, task_orig)
           ^^^^^^^^^^^^^^^^^^^^^^^^^^^^^^^^^^^^^^^
  File "/home/airflow/.local/lib/python3.11/site-packages/airflow/models/taskinstance.py", line 767, in _execute_task
    result = _execute_callable(context=context, **execute_callable_kwargs)
             ^^^^^^^^^^^^^^^^^^^^^^^^^^^^^^^^^^^^^^^^^^^^^^^^^^^^^^^^^^^^^
  File "/home/airflow/.local/lib/python3.11/site-packages/airflow/models/taskinstance.py", line 733, in _execute_callable
    return ExecutionCallableRunner(
           ^^^^^^^^^^^^^^^^^^^^^^^^
  File "/home/airflow/.local/lib/python3.11/site-packages/airflow/utils/operator_helpers.py", line 252, in run
    return self.func(*args, **kwargs)
           ^^^^^^^^^^^^^^^^^^^^^^^^^^
  File "/home/airflow/.local/lib/python3.11/site-packages/airflow/models/baseoperator.py", line 406, in wrapper
    return func(self, *args, **kwargs)
           ^^^^^^^^^^^^^^^^^^^^^^^^^^^
  File "/home/airflow/.local/lib/python3.11/site-packages/airflow/operators/bash.py", line 249, in execute
    raise AirflowException(
airflow.exceptions.AirflowException: Bash command failed. The command returned a non-zero exit code 1.
[2025-11-02T11:46:49.468+0000] {local_task_job_runner.py:266} INFO - Task exited with return code 1
[2025-11-02T11:46:49.488+0000] {taskinstance.py:3900} INFO - 0 downstream tasks scheduled from follow-on schedule check
[2025-11-02T11:46:49.494+0000] {local_task_job_runner.py:245} INFO - ::endgroup::
