[2025-11-03T09:09:14.689+0000] {local_task_job_runner.py:123} INFO - ::group::Pre task execution logs
[2025-11-03T09:09:14.705+0000] {taskinstance.py:2612} INFO - Dependencies all met for dep_context=non-requeueable deps ti=<TaskInstance: data_lake_silver_transform.transform_odoo manual__2025-11-03T09:05:01.166728+00:00 [queued]>
[2025-11-03T09:09:14.716+0000] {taskinstance.py:2612} INFO - Dependencies all met for dep_context=requeueable deps ti=<TaskInstance: data_lake_silver_transform.transform_odoo manual__2025-11-03T09:05:01.166728+00:00 [queued]>
[2025-11-03T09:09:14.719+0000] {taskinstance.py:2865} INFO - Starting attempt 1 of 1
[2025-11-03T09:09:14.734+0000] {taskinstance.py:2888} INFO - Executing <Task(BashOperator): transform_odoo> on 2025-11-03 09:05:01.166728+00:00
[2025-11-03T09:09:14.739+0000] {standard_task_runner.py:72} INFO - Started process 1758 to run task
[2025-11-03T09:09:14.742+0000] {standard_task_runner.py:104} INFO - Running: ['***', 'tasks', 'run', 'data_lake_silver_transform', 'transform_odoo', 'manual__2025-11-03T09:05:01.166728+00:00', '--job-id', '55', '--raw', '--subdir', 'DAGS_FOLDER/silver_transform.py', '--cfg-path', '/tmp/tmphsqhsx9w']
[2025-11-03T09:09:14.746+0000] {standard_task_runner.py:105} INFO - Job 55: Subtask transform_odoo
[2025-11-03T09:09:14.798+0000] {task_command.py:467} INFO - Running <TaskInstance: data_lake_silver_transform.transform_odoo manual__2025-11-03T09:05:01.166728+00:00 [running]> on host 4bd4a2df5838
[2025-11-03T09:09:14.883+0000] {taskinstance.py:3131} INFO - Exporting env vars: AIRFLOW_CTX_DAG_OWNER='***' AIRFLOW_CTX_DAG_ID='data_lake_silver_transform' AIRFLOW_CTX_TASK_ID='transform_odoo' AIRFLOW_CTX_EXECUTION_DATE='2025-11-03T09:05:01.166728+00:00' AIRFLOW_CTX_TRY_NUMBER='1' AIRFLOW_CTX_DAG_RUN_ID='manual__2025-11-03T09:05:01.166728+00:00'
[2025-11-03T09:09:14.885+0000] {taskinstance.py:731} INFO - ::endgroup::
[2025-11-03T09:09:14.898+0000] {subprocess.py:63} INFO - Tmp dir root location: /tmp
[2025-11-03T09:09:14.901+0000] {subprocess.py:75} INFO - Running command: ['/usr/bin/bash', '-c', 'spark-submit --master spark://spark-master:7077 --packages org.apache.iceberg:iceberg-spark-runtime-3.4_2.12:1.5.0,org.apache.hadoop:hadoop-aws:3.3.4,com.amazonaws:aws-java-sdk-bundle:1.12.262 --conf spark.hadoop.fs.s3a.endpoint=https://repulsive-spooky-cemetery-9rw4pvr4w66f4g6-4566.app.github.dev --conf spark.hadoop.fs.s3a.access.key=test --conf spark.hadoop.fs.s3a.secret.key=test --conf spark.hadoop.fs.s3a.path.style.access=true --conf spark.hadoop.fs.s3a.impl=org.apache.hadoop.fs.s3a.S3AFileSystem --conf spark.hadoop.fs.s3a.connection.ssl.enabled=true /opt/spark/work-dir/scripts/silver_layer/transform_odoo.py']
[2025-11-03T09:09:14.912+0000] {subprocess.py:86} INFO - Output:
[2025-11-03T09:09:16.077+0000] {subprocess.py:93} INFO - :: loading settings :: url = jar:file:/opt/spark-3.4.0-bin-hadoop3/jars/ivy-2.5.1.jar!/org/apache/ivy/core/settings/ivysettings.xml
[2025-11-03T09:09:16.185+0000] {subprocess.py:93} INFO - Ivy Default Cache set to: /home/***/.ivy2/cache
[2025-11-03T09:09:16.188+0000] {subprocess.py:93} INFO - The jars for the packages stored in: /home/***/.ivy2/jars
[2025-11-03T09:09:16.190+0000] {subprocess.py:93} INFO - org.apache.iceberg#iceberg-spark-runtime-3.4_2.12 added as a dependency
[2025-11-03T09:09:16.191+0000] {subprocess.py:93} INFO - org.apache.hadoop#hadoop-aws added as a dependency
[2025-11-03T09:09:16.193+0000] {subprocess.py:93} INFO - com.amazonaws#aws-java-sdk-bundle added as a dependency
[2025-11-03T09:09:16.194+0000] {subprocess.py:93} INFO - :: resolving dependencies :: org.apache.spark#spark-submit-parent-fb20cc1a-9858-4061-b224-966858afa325;1.0
[2025-11-03T09:09:16.196+0000] {subprocess.py:93} INFO - 	confs: [default]
[2025-11-03T09:09:16.303+0000] {subprocess.py:93} INFO - 	found org.apache.iceberg#iceberg-spark-runtime-3.4_2.12;1.5.0 in central
[2025-11-03T09:09:16.383+0000] {subprocess.py:93} INFO - 	found org.apache.hadoop#hadoop-aws;3.3.4 in central
[2025-11-03T09:09:16.414+0000] {subprocess.py:93} INFO - 	found com.amazonaws#aws-java-sdk-bundle;1.12.262 in spark-list
[2025-11-03T09:09:16.446+0000] {subprocess.py:93} INFO - 	found org.wildfly.openssl#wildfly-openssl;1.0.7.Final in central
[2025-11-03T09:09:16.474+0000] {subprocess.py:93} INFO - :: resolution report :: resolve 271ms :: artifacts dl 13ms
[2025-11-03T09:09:16.476+0000] {subprocess.py:93} INFO - 	:: modules in use:
[2025-11-03T09:09:16.477+0000] {subprocess.py:93} INFO - 	com.amazonaws#aws-java-sdk-bundle;1.12.262 from spark-list in [default]
[2025-11-03T09:09:16.479+0000] {subprocess.py:93} INFO - 	org.apache.hadoop#hadoop-aws;3.3.4 from central in [default]
[2025-11-03T09:09:16.481+0000] {subprocess.py:93} INFO - 	org.apache.iceberg#iceberg-spark-runtime-3.4_2.12;1.5.0 from central in [default]
[2025-11-03T09:09:16.483+0000] {subprocess.py:93} INFO - 	org.wildfly.openssl#wildfly-openssl;1.0.7.Final from central in [default]
[2025-11-03T09:09:16.485+0000] {subprocess.py:93} INFO - 	---------------------------------------------------------------------
[2025-11-03T09:09:16.487+0000] {subprocess.py:93} INFO - 	|                  |            modules            ||   artifacts   |
[2025-11-03T09:09:16.490+0000] {subprocess.py:93} INFO - 	|       conf       | number| search|dwnlded|evicted|| number|dwnlded|
[2025-11-03T09:09:16.491+0000] {subprocess.py:93} INFO - 	---------------------------------------------------------------------
[2025-11-03T09:09:16.493+0000] {subprocess.py:93} INFO - 	|      default     |   4   |   0   |   0   |   0   ||   4   |   0   |
[2025-11-03T09:09:16.495+0000] {subprocess.py:93} INFO - 	---------------------------------------------------------------------
[2025-11-03T09:09:16.497+0000] {subprocess.py:93} INFO - :: retrieving :: org.apache.spark#spark-submit-parent-fb20cc1a-9858-4061-b224-966858afa325
[2025-11-03T09:09:16.498+0000] {subprocess.py:93} INFO - 	confs: [default]
[2025-11-03T09:09:16.500+0000] {subprocess.py:93} INFO - 	0 artifacts copied, 4 already retrieved (0kB/6ms)
[2025-11-03T09:09:16.689+0000] {subprocess.py:93} INFO - 25/11/03 09:09:16 WARN NativeCodeLoader: Unable to load native-hadoop library for your platform... using builtin-java classes where applicable
[2025-11-03T09:09:18.721+0000] {subprocess.py:93} INFO - 25/11/03 09:09:18 INFO SparkContext: Running Spark version 3.4.0
[2025-11-03T09:09:18.748+0000] {subprocess.py:93} INFO - 25/11/03 09:09:18 INFO ResourceUtils: ==============================================================
[2025-11-03T09:09:18.750+0000] {subprocess.py:93} INFO - 25/11/03 09:09:18 INFO ResourceUtils: No custom resources configured for spark.driver.
[2025-11-03T09:09:18.752+0000] {subprocess.py:93} INFO - 25/11/03 09:09:18 INFO ResourceUtils: ==============================================================
[2025-11-03T09:09:18.755+0000] {subprocess.py:93} INFO - 25/11/03 09:09:18 INFO SparkContext: Submitted application: Odoo_Silver_Transform
[2025-11-03T09:09:18.777+0000] {subprocess.py:93} INFO - 25/11/03 09:09:18 INFO ResourceProfile: Default ResourceProfile created, executor resources: Map(memory -> name: memory, amount: 1024, script: , vendor: , offHeap -> name: offHeap, amount: 0, script: , vendor: ), task resources: Map(cpus -> name: cpus, amount: 1.0)
[2025-11-03T09:09:18.786+0000] {subprocess.py:93} INFO - 25/11/03 09:09:18 INFO ResourceProfile: Limiting resource is cpu
[2025-11-03T09:09:18.788+0000] {subprocess.py:93} INFO - 25/11/03 09:09:18 INFO ResourceProfileManager: Added ResourceProfile id: 0
[2025-11-03T09:09:18.858+0000] {subprocess.py:93} INFO - 25/11/03 09:09:18 INFO SecurityManager: Changing view acls to: ***
[2025-11-03T09:09:18.861+0000] {subprocess.py:93} INFO - 25/11/03 09:09:18 INFO SecurityManager: Changing modify acls to: ***
[2025-11-03T09:09:18.864+0000] {subprocess.py:93} INFO - 25/11/03 09:09:18 INFO SecurityManager: Changing view acls groups to:
[2025-11-03T09:09:18.866+0000] {subprocess.py:93} INFO - 25/11/03 09:09:18 INFO SecurityManager: Changing modify acls groups to:
[2025-11-03T09:09:18.868+0000] {subprocess.py:93} INFO - 25/11/03 09:09:18 INFO SecurityManager: SecurityManager: authentication disabled; ui acls disabled; users with view permissions: ***; groups with view permissions: EMPTY; users with modify permissions: ***; groups with modify permissions: EMPTY
[2025-11-03T09:09:19.094+0000] {subprocess.py:93} INFO - 25/11/03 09:09:19 INFO Utils: Successfully started service 'sparkDriver' on port 37303.
[2025-11-03T09:09:19.125+0000] {subprocess.py:93} INFO - 25/11/03 09:09:19 INFO SparkEnv: Registering MapOutputTracker
[2025-11-03T09:09:19.160+0000] {subprocess.py:93} INFO - 25/11/03 09:09:19 INFO SparkEnv: Registering BlockManagerMaster
[2025-11-03T09:09:19.175+0000] {subprocess.py:93} INFO - 25/11/03 09:09:19 INFO BlockManagerMasterEndpoint: Using org.apache.spark.storage.DefaultTopologyMapper for getting topology information
[2025-11-03T09:09:19.177+0000] {subprocess.py:93} INFO - 25/11/03 09:09:19 INFO BlockManagerMasterEndpoint: BlockManagerMasterEndpoint up
[2025-11-03T09:09:19.179+0000] {subprocess.py:93} INFO - 25/11/03 09:09:19 INFO SparkEnv: Registering BlockManagerMasterHeartbeat
[2025-11-03T09:09:19.194+0000] {subprocess.py:93} INFO - 25/11/03 09:09:19 INFO DiskBlockManager: Created local directory at /tmp/blockmgr-8d44adfc-a9bc-4cec-be18-796dc76deba3
[2025-11-03T09:09:19.207+0000] {subprocess.py:93} INFO - 25/11/03 09:09:19 INFO MemoryStore: MemoryStore started with capacity 434.4 MiB
[2025-11-03T09:09:19.223+0000] {subprocess.py:93} INFO - 25/11/03 09:09:19 INFO SparkEnv: Registering OutputCommitCoordinator
[2025-11-03T09:09:19.369+0000] {subprocess.py:93} INFO - 25/11/03 09:09:19 INFO JettyUtils: Start Jetty 0.0.0.0:4040 for SparkUI
[2025-11-03T09:09:19.445+0000] {subprocess.py:93} INFO - 25/11/03 09:09:19 INFO Utils: Successfully started service 'SparkUI' on port 4040.
[2025-11-03T09:09:19.511+0000] {subprocess.py:93} INFO - 25/11/03 09:09:19 INFO SparkContext: Added JAR file:///home/***/.ivy2/jars/org.apache.iceberg_iceberg-spark-runtime-3.4_2.12-1.5.0.jar at spark://4bd4a2df5838:37303/jars/org.apache.iceberg_iceberg-spark-runtime-3.4_2.12-1.5.0.jar with timestamp 1762160958715
[2025-11-03T09:09:19.514+0000] {subprocess.py:93} INFO - 25/11/03 09:09:19 INFO SparkContext: Added JAR file:///home/***/.ivy2/jars/org.apache.hadoop_hadoop-aws-3.3.4.jar at spark://4bd4a2df5838:37303/jars/org.apache.hadoop_hadoop-aws-3.3.4.jar with timestamp 1762160958715
[2025-11-03T09:09:19.517+0000] {subprocess.py:93} INFO - 25/11/03 09:09:19 INFO SparkContext: Added JAR file:///home/***/.ivy2/jars/com.amazonaws_aws-java-sdk-bundle-1.12.262.jar at spark://4bd4a2df5838:37303/jars/com.amazonaws_aws-java-sdk-bundle-1.12.262.jar with timestamp 1762160958715
[2025-11-03T09:09:19.520+0000] {subprocess.py:93} INFO - 25/11/03 09:09:19 INFO SparkContext: Added JAR file:///home/***/.ivy2/jars/org.wildfly.openssl_wildfly-openssl-1.0.7.Final.jar at spark://4bd4a2df5838:37303/jars/org.wildfly.openssl_wildfly-openssl-1.0.7.Final.jar with timestamp 1762160958715
[2025-11-03T09:09:19.523+0000] {subprocess.py:93} INFO - 25/11/03 09:09:19 INFO SparkContext: Added file file:///home/***/.ivy2/jars/org.apache.iceberg_iceberg-spark-runtime-3.4_2.12-1.5.0.jar at spark://4bd4a2df5838:37303/files/org.apache.iceberg_iceberg-spark-runtime-3.4_2.12-1.5.0.jar with timestamp 1762160958715
[2025-11-03T09:09:19.526+0000] {subprocess.py:93} INFO - 25/11/03 09:09:19 INFO Utils: Copying /home/***/.ivy2/jars/org.apache.iceberg_iceberg-spark-runtime-3.4_2.12-1.5.0.jar to /tmp/spark-f1a7699a-052b-4818-b038-502d7db20295/userFiles-3d62b0d0-c13f-4580-b6ba-21a3b8a9b6aa/org.apache.iceberg_iceberg-spark-runtime-3.4_2.12-1.5.0.jar
[2025-11-03T09:09:19.567+0000] {subprocess.py:93} INFO - 25/11/03 09:09:19 INFO SparkContext: Added file file:///home/***/.ivy2/jars/org.apache.hadoop_hadoop-aws-3.3.4.jar at spark://4bd4a2df5838:37303/files/org.apache.hadoop_hadoop-aws-3.3.4.jar with timestamp 1762160958715
[2025-11-03T09:09:19.570+0000] {subprocess.py:93} INFO - 25/11/03 09:09:19 INFO Utils: Copying /home/***/.ivy2/jars/org.apache.hadoop_hadoop-aws-3.3.4.jar to /tmp/spark-f1a7699a-052b-4818-b038-502d7db20295/userFiles-3d62b0d0-c13f-4580-b6ba-21a3b8a9b6aa/org.apache.hadoop_hadoop-aws-3.3.4.jar
[2025-11-03T09:09:19.572+0000] {subprocess.py:93} INFO - 25/11/03 09:09:19 INFO SparkContext: Added file file:///home/***/.ivy2/jars/com.amazonaws_aws-java-sdk-bundle-1.12.262.jar at spark://4bd4a2df5838:37303/files/com.amazonaws_aws-java-sdk-bundle-1.12.262.jar with timestamp 1762160958715
[2025-11-03T09:09:19.574+0000] {subprocess.py:93} INFO - 25/11/03 09:09:19 INFO Utils: Copying /home/***/.ivy2/jars/com.amazonaws_aws-java-sdk-bundle-1.12.262.jar to /tmp/spark-f1a7699a-052b-4818-b038-502d7db20295/userFiles-3d62b0d0-c13f-4580-b6ba-21a3b8a9b6aa/com.amazonaws_aws-java-sdk-bundle-1.12.262.jar
[2025-11-03T09:09:19.756+0000] {subprocess.py:93} INFO - 25/11/03 09:09:19 INFO SparkContext: Added file file:///home/***/.ivy2/jars/org.wildfly.openssl_wildfly-openssl-1.0.7.Final.jar at spark://4bd4a2df5838:37303/files/org.wildfly.openssl_wildfly-openssl-1.0.7.Final.jar with timestamp 1762160958715
[2025-11-03T09:09:19.761+0000] {subprocess.py:93} INFO - 25/11/03 09:09:19 INFO Utils: Copying /home/***/.ivy2/jars/org.wildfly.openssl_wildfly-openssl-1.0.7.Final.jar to /tmp/spark-f1a7699a-052b-4818-b038-502d7db20295/userFiles-3d62b0d0-c13f-4580-b6ba-21a3b8a9b6aa/org.wildfly.openssl_wildfly-openssl-1.0.7.Final.jar
[2025-11-03T09:09:19.853+0000] {subprocess.py:93} INFO - 25/11/03 09:09:19 INFO StandaloneAppClient$ClientEndpoint: Connecting to master spark://spark-master:7077...
[2025-11-03T09:09:19.908+0000] {subprocess.py:93} INFO - 25/11/03 09:09:19 INFO TransportClientFactory: Successfully created connection to spark-master/172.18.0.4:7077 after 31 ms (0 ms spent in bootstraps)
[2025-11-03T09:09:20.016+0000] {subprocess.py:93} INFO - 25/11/03 09:09:20 INFO StandaloneSchedulerBackend: Connected to Spark cluster with app ID app-20251103090920-0002
[2025-11-03T09:09:20.021+0000] {subprocess.py:93} INFO - 25/11/03 09:09:20 INFO StandaloneAppClient$ClientEndpoint: Executor added: app-20251103090920-0002/0 on worker-20251103085153-172.18.0.5-36639 (172.18.0.5:36639) with 2 core(s)
[2025-11-03T09:09:20.025+0000] {subprocess.py:93} INFO - 25/11/03 09:09:20 INFO StandaloneSchedulerBackend: Granted executor ID app-20251103090920-0002/0 on hostPort 172.18.0.5:36639 with 2 core(s), 1024.0 MiB RAM
[2025-11-03T09:09:20.028+0000] {subprocess.py:93} INFO - 25/11/03 09:09:20 INFO Utils: Successfully started service 'org.apache.spark.network.netty.NettyBlockTransferService' on port 44803.
[2025-11-03T09:09:20.030+0000] {subprocess.py:93} INFO - 25/11/03 09:09:20 INFO NettyBlockTransferService: Server created on 4bd4a2df5838:44803
[2025-11-03T09:09:20.034+0000] {subprocess.py:93} INFO - 25/11/03 09:09:20 INFO BlockManager: Using org.apache.spark.storage.RandomBlockReplicationPolicy for block replication policy
[2025-11-03T09:09:20.052+0000] {subprocess.py:93} INFO - 25/11/03 09:09:20 INFO BlockManagerMaster: Registering BlockManager BlockManagerId(driver, 4bd4a2df5838, 44803, None)
[2025-11-03T09:09:20.065+0000] {subprocess.py:93} INFO - 25/11/03 09:09:20 INFO BlockManagerMasterEndpoint: Registering block manager 4bd4a2df5838:44803 with 434.4 MiB RAM, BlockManagerId(driver, 4bd4a2df5838, 44803, None)
[2025-11-03T09:09:20.069+0000] {subprocess.py:93} INFO - 25/11/03 09:09:20 INFO BlockManagerMaster: Registered BlockManager BlockManagerId(driver, 4bd4a2df5838, 44803, None)
[2025-11-03T09:09:20.073+0000] {subprocess.py:93} INFO - 25/11/03 09:09:20 INFO BlockManager: Initialized BlockManager: BlockManagerId(driver, 4bd4a2df5838, 44803, None)
[2025-11-03T09:09:20.076+0000] {subprocess.py:93} INFO - 25/11/03 09:09:20 INFO StandaloneAppClient$ClientEndpoint: Executor updated: app-20251103090920-0002/0 is now RUNNING
[2025-11-03T09:09:20.304+0000] {subprocess.py:93} INFO - 25/11/03 09:09:20 INFO StandaloneSchedulerBackend: SchedulerBackend is ready for scheduling beginning after reached minRegisteredResourcesRatio: 0.0
[2025-11-03T09:09:21.454+0000] {subprocess.py:93} INFO - [INFO] Latest file for odoo/products: s3a://multusystem/odoo/products/2025_11_03_1762160467917_0.parquet
[2025-11-03T09:09:22.133+0000] {subprocess.py:93} INFO - 25/11/03 09:09:22 WARN MetricsConfig: Cannot locate configuration: tried hadoop-metrics2-s3a-file-system.properties,hadoop-metrics2.properties
[2025-11-03T09:09:31.868+0000] {subprocess.py:93} INFO - INFO:__main__:Products data loaded successfully from s3a://multusystem/odoo/products/2025_11_03_1762160467917_0.parquet,rows: 7
[2025-11-03T09:09:33.606+0000] {subprocess.py:93} INFO - Table local.odoo_products does not exist. Creating it...
[2025-11-03T09:09:33.721+0000] {subprocess.py:93} INFO - 25/11/03 09:09:33 WARN package: Truncated the string representation of a plan since it was too large. This behavior can be adjusted by setting 'spark.sql.debug.maxToStringFields'.
[2025-11-03T09:09:52.142+0000] {subprocess.py:93} INFO - INFO:__main__:Products data written to iceberg successfully with 7 rows
[2025-11-03T09:09:52.629+0000] {subprocess.py:93} INFO - [INFO] Latest file for odoo/suppliers: s3a://multusystem/odoo/suppliers/2025_11_03_1762160467917_0.parquet
[2025-11-03T09:09:55.271+0000] {subprocess.py:93} INFO - INFO:__main__:Suppliers data loaded successfully from s3a://multusystem/odoo/suppliers/2025_11_03_1762160467917_0.parquet,rows: 4
[2025-11-03T09:09:57.219+0000] {subprocess.py:93} INFO - Table local.suppliers does not exist. Creating it...
[2025-11-03T09:10:13.341+0000] {subprocess.py:93} INFO - INFO:__main__:Suppliers data written to iceberg successfully with 4 rows
[2025-11-03T09:10:14.070+0000] {subprocess.py:93} INFO - [INFO] Latest file for odoo/warehouse: s3a://multusystem/odoo/warehouse/2025_11_03_1762160467917_0.parquet
[2025-11-03T09:10:17.027+0000] {subprocess.py:93} INFO - INFO:__main__:Warehouse data loaded successfully from s3a://multusystem/odoo/warehouse/2025_11_03_1762160467917_0.parquet,rows: 3
[2025-11-03T09:10:18.527+0000] {subprocess.py:93} INFO - Table local.warehouse does not exist. Creating it...
[2025-11-03T09:10:33.916+0000] {subprocess.py:93} INFO - INFO:__main__:Warehouse data written to iceberg successfully with 3 rows
[2025-11-03T09:10:34.510+0000] {subprocess.py:93} INFO - [INFO] Latest file for odoo/inventory_stock: s3a://multusystem/odoo/inventory_stock/2025_11_03_1762160467917_0.parquet
[2025-11-03T09:10:37.082+0000] {subprocess.py:93} INFO - INFO:__main__:Inventory stock data loaded successfully from s3a://multusystem/odoo/inventory_stock/2025_11_03_1762160467917_0.parquet,rows: 10
[2025-11-03T09:10:38.554+0000] {subprocess.py:93} INFO - Table local.inventory_stock does not exist. Creating it...
[2025-11-03T09:10:53.631+0000] {subprocess.py:93} INFO - INFO:__main__:Inventory stock data written to iceberg successfully with 10 rows
[2025-11-03T09:10:54.629+0000] {subprocess.py:93} INFO - [INFO] Latest file for odoo/sales_orders: s3a://multusystem/odoo/sales_orders/2025_11_03_1762160467917_0.parquet
[2025-11-03T09:10:57.542+0000] {subprocess.py:93} INFO - INFO:__main__:Sales orders data loaded successfully from s3a://multusystem/odoo/sales_orders/2025_11_03_1762160467917_0.parquet,rows: 5
[2025-11-03T09:10:58.981+0000] {subprocess.py:93} INFO - Table local.odoo_sales_orders does not exist. Creating it...
[2025-11-03T09:11:14.540+0000] {subprocess.py:93} INFO - INFO:__main__:Sales orders data written to iceberg successfully with 5 rows
[2025-11-03T09:11:15.131+0000] {subprocess.py:93} INFO - [INFO] Latest file for odoo/sales_order_items: s3a://multusystem/odoo/sales_order_items/2025_11_03_1762160467917_0.parquet
[2025-11-03T09:11:17.708+0000] {subprocess.py:93} INFO - INFO:__main__:Sales order items data loaded successfully from s3a://multusystem/odoo/sales_order_items/2025_11_03_1762160467917_0.parquet,rows: 11
[2025-11-03T09:11:19.144+0000] {subprocess.py:93} INFO - Table local.odoo_sales_order_items does not exist. Creating it...
[2025-11-03T09:11:34.649+0000] {subprocess.py:93} INFO - INFO:__main__:Sales order items data written to iceberg successfully with 11 rows
[2025-11-03T09:11:34.653+0000] {subprocess.py:93} INFO - INFO:__main__:All transformations completed successfully
[2025-11-03T09:11:34.655+0000] {subprocess.py:93} INFO - INFO:py4j.clientserver:Closing down clientserver connection
[2025-11-03T09:11:34.948+0000] {subprocess.py:97} INFO - Command exited with return code 0
[2025-11-03T09:11:34.977+0000] {taskinstance.py:340} INFO - ::group::Post task execution logs
[2025-11-03T09:11:34.979+0000] {taskinstance.py:352} INFO - Marking task as SUCCESS. dag_id=data_lake_silver_transform, task_id=transform_odoo, run_id=manual__2025-11-03T09:05:01.166728+00:00, execution_date=20251103T090501, start_date=20251103T090914, end_date=20251103T091134
[2025-11-03T09:11:35.034+0000] {local_task_job_runner.py:266} INFO - Task exited with return code 0
[2025-11-03T09:11:35.044+0000] {local_task_job_runner.py:245} INFO - ::endgroup::
