[2025-11-02T11:37:47.567+0000] {local_task_job_runner.py:123} INFO - ::group::Pre task execution logs
[2025-11-02T11:37:47.584+0000] {taskinstance.py:2612} INFO - Dependencies all met for dep_context=non-requeueable deps ti=<TaskInstance: modeling.gold_modeling_dimensions manual__2025-11-02T11:37:47.183509+00:00 [queued]>
[2025-11-02T11:37:47.592+0000] {taskinstance.py:2612} INFO - Dependencies all met for dep_context=requeueable deps ti=<TaskInstance: modeling.gold_modeling_dimensions manual__2025-11-02T11:37:47.183509+00:00 [queued]>
[2025-11-02T11:37:47.596+0000] {taskinstance.py:2865} INFO - Starting attempt 1 of 1
[2025-11-02T11:37:47.613+0000] {taskinstance.py:2888} INFO - Executing <Task(BashOperator): gold_modeling_dimensions> on 2025-11-02 11:37:47.183509+00:00
[2025-11-02T11:37:47.619+0000] {standard_task_runner.py:72} INFO - Started process 743 to run task
[2025-11-02T11:37:47.622+0000] {standard_task_runner.py:104} INFO - Running: ['***', 'tasks', 'run', 'modeling', 'gold_modeling_dimensions', 'manual__2025-11-02T11:37:47.183509+00:00', '--job-id', '32', '--raw', '--subdir', 'DAGS_FOLDER/modeling.py', '--cfg-path', '/tmp/tmpxl7cepf_']
[2025-11-02T11:37:47.626+0000] {standard_task_runner.py:105} INFO - Job 32: Subtask gold_modeling_dimensions
[2025-11-02T11:37:47.675+0000] {task_command.py:467} INFO - Running <TaskInstance: modeling.gold_modeling_dimensions manual__2025-11-02T11:37:47.183509+00:00 [running]> on host 4bd4a2df5838
[2025-11-02T11:37:47.747+0000] {taskinstance.py:3131} INFO - Exporting env vars: AIRFLOW_CTX_DAG_OWNER='***' AIRFLOW_CTX_DAG_ID='modeling' AIRFLOW_CTX_TASK_ID='gold_modeling_dimensions' AIRFLOW_CTX_EXECUTION_DATE='2025-11-02T11:37:47.183509+00:00' AIRFLOW_CTX_TRY_NUMBER='1' AIRFLOW_CTX_DAG_RUN_ID='manual__2025-11-02T11:37:47.183509+00:00'
[2025-11-02T11:37:47.754+0000] {taskinstance.py:731} INFO - ::endgroup::
[2025-11-02T11:37:47.768+0000] {subprocess.py:63} INFO - Tmp dir root location: /tmp
[2025-11-02T11:37:47.772+0000] {subprocess.py:75} INFO - Running command: ['/usr/bin/bash', '-c', 'spark-submit --master spark://spark-master:7077 --packages org.apache.iceberg:iceberg-spark-runtime-3.4_2.12:1.5.0,org.apache.hadoop:hadoop-aws:3.3.4,com.amazonaws:aws-java-sdk-bundle:1.12.262 --conf spark.hadoop.fs.s3a.endpoint=https://repulsive-spooky-cemetery-9rw4pvr4w66f4g6-4566.app.github.dev --conf spark.hadoop.fs.s3a.access.key=test --conf spark.hadoop.fs.s3a.secret.key=test --conf spark.hadoop.fs.s3a.path.style.access=true --conf spark.hadoop.fs.s3a.impl=org.apache.hadoop.fs.s3a.S3AFileSystem --conf spark.hadoop.fs.s3a.connection.ssl.enabled=true /opt/spark/work-dir/scripts/gold_modeling/Dimensions/Dimensions.py']
[2025-11-02T11:37:47.785+0000] {subprocess.py:86} INFO - Output:
[2025-11-02T11:37:48.863+0000] {subprocess.py:93} INFO - :: loading settings :: url = jar:file:/opt/spark-3.4.0-bin-hadoop3/jars/ivy-2.5.1.jar!/org/apache/ivy/core/settings/ivysettings.xml
[2025-11-02T11:37:48.949+0000] {subprocess.py:93} INFO - Ivy Default Cache set to: /home/***/.ivy2/cache
[2025-11-02T11:37:48.952+0000] {subprocess.py:93} INFO - The jars for the packages stored in: /home/***/.ivy2/jars
[2025-11-02T11:37:48.954+0000] {subprocess.py:93} INFO - org.apache.iceberg#iceberg-spark-runtime-3.4_2.12 added as a dependency
[2025-11-02T11:37:48.956+0000] {subprocess.py:93} INFO - org.apache.hadoop#hadoop-aws added as a dependency
[2025-11-02T11:37:48.958+0000] {subprocess.py:93} INFO - com.amazonaws#aws-java-sdk-bundle added as a dependency
[2025-11-02T11:37:48.960+0000] {subprocess.py:93} INFO - :: resolving dependencies :: org.apache.spark#spark-submit-parent-b8651193-221d-4961-ae83-bdb45004740e;1.0
[2025-11-02T11:37:48.961+0000] {subprocess.py:93} INFO - 	confs: [default]
[2025-11-02T11:37:49.054+0000] {subprocess.py:93} INFO - 	found org.apache.iceberg#iceberg-spark-runtime-3.4_2.12;1.5.0 in central
[2025-11-02T11:37:49.114+0000] {subprocess.py:93} INFO - 	found org.apache.hadoop#hadoop-aws;3.3.4 in central
[2025-11-02T11:37:49.135+0000] {subprocess.py:93} INFO - 	found com.amazonaws#aws-java-sdk-bundle;1.12.262 in central
[2025-11-02T11:37:49.155+0000] {subprocess.py:93} INFO - 	found org.wildfly.openssl#wildfly-openssl;1.0.7.Final in central
[2025-11-02T11:37:49.177+0000] {subprocess.py:93} INFO - :: resolution report :: resolve 214ms :: artifacts dl 7ms
[2025-11-02T11:37:49.179+0000] {subprocess.py:93} INFO - 	:: modules in use:
[2025-11-02T11:37:49.180+0000] {subprocess.py:93} INFO - 	com.amazonaws#aws-java-sdk-bundle;1.12.262 from central in [default]
[2025-11-02T11:37:49.182+0000] {subprocess.py:93} INFO - 	org.apache.hadoop#hadoop-aws;3.3.4 from central in [default]
[2025-11-02T11:37:49.184+0000] {subprocess.py:93} INFO - 	org.apache.iceberg#iceberg-spark-runtime-3.4_2.12;1.5.0 from central in [default]
[2025-11-02T11:37:49.187+0000] {subprocess.py:93} INFO - 	org.wildfly.openssl#wildfly-openssl;1.0.7.Final from central in [default]
[2025-11-02T11:37:49.189+0000] {subprocess.py:93} INFO - 	---------------------------------------------------------------------
[2025-11-02T11:37:49.193+0000] {subprocess.py:93} INFO - 	|                  |            modules            ||   artifacts   |
[2025-11-02T11:37:49.195+0000] {subprocess.py:93} INFO - 	|       conf       | number| search|dwnlded|evicted|| number|dwnlded|
[2025-11-02T11:37:49.197+0000] {subprocess.py:93} INFO - 	---------------------------------------------------------------------
[2025-11-02T11:37:49.198+0000] {subprocess.py:93} INFO - 	|      default     |   4   |   0   |   0   |   0   ||   4   |   0   |
[2025-11-02T11:37:49.201+0000] {subprocess.py:93} INFO - 	---------------------------------------------------------------------
[2025-11-02T11:37:49.202+0000] {subprocess.py:93} INFO - :: retrieving :: org.apache.spark#spark-submit-parent-b8651193-221d-4961-ae83-bdb45004740e
[2025-11-02T11:37:49.203+0000] {subprocess.py:93} INFO - 	confs: [default]
[2025-11-02T11:37:49.204+0000] {subprocess.py:93} INFO - 	0 artifacts copied, 4 already retrieved (0kB/6ms)
[2025-11-02T11:37:49.330+0000] {subprocess.py:93} INFO - 25/11/02 11:37:49 WARN NativeCodeLoader: Unable to load native-hadoop library for your platform... using builtin-java classes where applicable
[2025-11-02T11:37:51.377+0000] {subprocess.py:93} INFO - 25/11/02 11:37:51 INFO SparkContext: Running Spark version 3.4.0
[2025-11-02T11:37:51.394+0000] {subprocess.py:93} INFO - 25/11/02 11:37:51 INFO ResourceUtils: ==============================================================
[2025-11-02T11:37:51.396+0000] {subprocess.py:93} INFO - 25/11/02 11:37:51 INFO ResourceUtils: No custom resources configured for spark.driver.
[2025-11-02T11:37:51.398+0000] {subprocess.py:93} INFO - 25/11/02 11:37:51 INFO ResourceUtils: ==============================================================
[2025-11-02T11:37:51.400+0000] {subprocess.py:93} INFO - 25/11/02 11:37:51 INFO SparkContext: Submitted application: Gold_Modeling_Dimensions
[2025-11-02T11:37:51.409+0000] {subprocess.py:93} INFO - 25/11/02 11:37:51 INFO ResourceProfile: Default ResourceProfile created, executor resources: Map(memory -> name: memory, amount: 1024, script: , vendor: , offHeap -> name: offHeap, amount: 0, script: , vendor: ), task resources: Map(cpus -> name: cpus, amount: 1.0)
[2025-11-02T11:37:51.415+0000] {subprocess.py:93} INFO - 25/11/02 11:37:51 INFO ResourceProfile: Limiting resource is cpu
[2025-11-02T11:37:51.417+0000] {subprocess.py:93} INFO - 25/11/02 11:37:51 INFO ResourceProfileManager: Added ResourceProfile id: 0
[2025-11-02T11:37:51.454+0000] {subprocess.py:93} INFO - 25/11/02 11:37:51 INFO SecurityManager: Changing view acls to: ***
[2025-11-02T11:37:51.456+0000] {subprocess.py:93} INFO - 25/11/02 11:37:51 INFO SecurityManager: Changing modify acls to: ***
[2025-11-02T11:37:51.458+0000] {subprocess.py:93} INFO - 25/11/02 11:37:51 INFO SecurityManager: Changing view acls groups to:
[2025-11-02T11:37:51.459+0000] {subprocess.py:93} INFO - 25/11/02 11:37:51 INFO SecurityManager: Changing modify acls groups to:
[2025-11-02T11:37:51.461+0000] {subprocess.py:93} INFO - 25/11/02 11:37:51 INFO SecurityManager: SecurityManager: authentication disabled; ui acls disabled; users with view permissions: ***; groups with view permissions: EMPTY; users with modify permissions: ***; groups with modify permissions: EMPTY
[2025-11-02T11:37:51.630+0000] {subprocess.py:93} INFO - 25/11/02 11:37:51 INFO Utils: Successfully started service 'sparkDriver' on port 37465.
[2025-11-02T11:37:51.650+0000] {subprocess.py:93} INFO - 25/11/02 11:37:51 INFO SparkEnv: Registering MapOutputTracker
[2025-11-02T11:37:51.687+0000] {subprocess.py:93} INFO - 25/11/02 11:37:51 INFO SparkEnv: Registering BlockManagerMaster
[2025-11-02T11:37:51.702+0000] {subprocess.py:93} INFO - 25/11/02 11:37:51 INFO BlockManagerMasterEndpoint: Using org.apache.spark.storage.DefaultTopologyMapper for getting topology information
[2025-11-02T11:37:51.704+0000] {subprocess.py:93} INFO - 25/11/02 11:37:51 INFO BlockManagerMasterEndpoint: BlockManagerMasterEndpoint up
[2025-11-02T11:37:51.707+0000] {subprocess.py:93} INFO - 25/11/02 11:37:51 INFO SparkEnv: Registering BlockManagerMasterHeartbeat
[2025-11-02T11:37:51.726+0000] {subprocess.py:93} INFO - 25/11/02 11:37:51 INFO DiskBlockManager: Created local directory at /tmp/blockmgr-e39b5b22-5467-40e0-8b8f-72a820688e67
[2025-11-02T11:37:51.745+0000] {subprocess.py:93} INFO - 25/11/02 11:37:51 INFO MemoryStore: MemoryStore started with capacity 434.4 MiB
[2025-11-02T11:37:51.764+0000] {subprocess.py:93} INFO - 25/11/02 11:37:51 INFO SparkEnv: Registering OutputCommitCoordinator
[2025-11-02T11:37:51.872+0000] {subprocess.py:93} INFO - 25/11/02 11:37:51 INFO JettyUtils: Start Jetty 0.0.0.0:4040 for SparkUI
[2025-11-02T11:37:51.926+0000] {subprocess.py:93} INFO - 25/11/02 11:37:51 INFO Utils: Successfully started service 'SparkUI' on port 4040.
[2025-11-02T11:37:51.954+0000] {subprocess.py:93} INFO - 25/11/02 11:37:51 INFO SparkContext: Added JAR file:///home/***/.ivy2/jars/org.apache.iceberg_iceberg-spark-runtime-3.4_2.12-1.5.0.jar at spark://4bd4a2df5838:37465/jars/org.apache.iceberg_iceberg-spark-runtime-3.4_2.12-1.5.0.jar with timestamp 1762083471372
[2025-11-02T11:37:51.956+0000] {subprocess.py:93} INFO - 25/11/02 11:37:51 INFO SparkContext: Added JAR file:///home/***/.ivy2/jars/org.apache.hadoop_hadoop-aws-3.3.4.jar at spark://4bd4a2df5838:37465/jars/org.apache.hadoop_hadoop-aws-3.3.4.jar with timestamp 1762083471372
[2025-11-02T11:37:51.958+0000] {subprocess.py:93} INFO - 25/11/02 11:37:51 INFO SparkContext: Added JAR file:///home/***/.ivy2/jars/com.amazonaws_aws-java-sdk-bundle-1.12.262.jar at spark://4bd4a2df5838:37465/jars/com.amazonaws_aws-java-sdk-bundle-1.12.262.jar with timestamp 1762083471372
[2025-11-02T11:37:51.960+0000] {subprocess.py:93} INFO - 25/11/02 11:37:51 INFO SparkContext: Added JAR file:///home/***/.ivy2/jars/org.wildfly.openssl_wildfly-openssl-1.0.7.Final.jar at spark://4bd4a2df5838:37465/jars/org.wildfly.openssl_wildfly-openssl-1.0.7.Final.jar with timestamp 1762083471372
[2025-11-02T11:37:51.962+0000] {subprocess.py:93} INFO - 25/11/02 11:37:51 INFO SparkContext: Added file file:///home/***/.ivy2/jars/org.apache.iceberg_iceberg-spark-runtime-3.4_2.12-1.5.0.jar at spark://4bd4a2df5838:37465/files/org.apache.iceberg_iceberg-spark-runtime-3.4_2.12-1.5.0.jar with timestamp 1762083471372
[2025-11-02T11:37:51.964+0000] {subprocess.py:93} INFO - 25/11/02 11:37:51 INFO Utils: Copying /home/***/.ivy2/jars/org.apache.iceberg_iceberg-spark-runtime-3.4_2.12-1.5.0.jar to /tmp/spark-18e0e17a-7ffa-4a81-8821-759d926a8ca8/userFiles-3f8c244c-63ed-4d6f-82e9-1de75d22ef03/org.apache.iceberg_iceberg-spark-runtime-3.4_2.12-1.5.0.jar
[2025-11-02T11:37:51.999+0000] {subprocess.py:93} INFO - 25/11/02 11:37:51 INFO SparkContext: Added file file:///home/***/.ivy2/jars/org.apache.hadoop_hadoop-aws-3.3.4.jar at spark://4bd4a2df5838:37465/files/org.apache.hadoop_hadoop-aws-3.3.4.jar with timestamp 1762083471372
[2025-11-02T11:37:52.001+0000] {subprocess.py:93} INFO - 25/11/02 11:37:51 INFO Utils: Copying /home/***/.ivy2/jars/org.apache.hadoop_hadoop-aws-3.3.4.jar to /tmp/spark-18e0e17a-7ffa-4a81-8821-759d926a8ca8/userFiles-3f8c244c-63ed-4d6f-82e9-1de75d22ef03/org.apache.hadoop_hadoop-aws-3.3.4.jar
[2025-11-02T11:37:52.004+0000] {subprocess.py:93} INFO - 25/11/02 11:37:52 INFO SparkContext: Added file file:///home/***/.ivy2/jars/com.amazonaws_aws-java-sdk-bundle-1.12.262.jar at spark://4bd4a2df5838:37465/files/com.amazonaws_aws-java-sdk-bundle-1.12.262.jar with timestamp 1762083471372
[2025-11-02T11:37:52.006+0000] {subprocess.py:93} INFO - 25/11/02 11:37:52 INFO Utils: Copying /home/***/.ivy2/jars/com.amazonaws_aws-java-sdk-bundle-1.12.262.jar to /tmp/spark-18e0e17a-7ffa-4a81-8821-759d926a8ca8/userFiles-3f8c244c-63ed-4d6f-82e9-1de75d22ef03/com.amazonaws_aws-java-sdk-bundle-1.12.262.jar
[2025-11-02T11:37:52.288+0000] {subprocess.py:93} INFO - 25/11/02 11:37:52 INFO SparkContext: Added file file:///home/***/.ivy2/jars/org.wildfly.openssl_wildfly-openssl-1.0.7.Final.jar at spark://4bd4a2df5838:37465/files/org.wildfly.openssl_wildfly-openssl-1.0.7.Final.jar with timestamp 1762083471372
[2025-11-02T11:37:52.290+0000] {subprocess.py:93} INFO - 25/11/02 11:37:52 INFO Utils: Copying /home/***/.ivy2/jars/org.wildfly.openssl_wildfly-openssl-1.0.7.Final.jar to /tmp/spark-18e0e17a-7ffa-4a81-8821-759d926a8ca8/userFiles-3f8c244c-63ed-4d6f-82e9-1de75d22ef03/org.wildfly.openssl_wildfly-openssl-1.0.7.Final.jar
[2025-11-02T11:37:52.360+0000] {subprocess.py:93} INFO - 25/11/02 11:37:52 INFO StandaloneAppClient$ClientEndpoint: Connecting to master spark://spark-master:7077...
[2025-11-02T11:37:52.398+0000] {subprocess.py:93} INFO - 25/11/02 11:37:52 INFO TransportClientFactory: Successfully created connection to spark-master/172.18.0.3:7077 after 20 ms (0 ms spent in bootstraps)
[2025-11-02T11:37:52.465+0000] {subprocess.py:93} INFO - 25/11/02 11:37:52 INFO StandaloneSchedulerBackend: Connected to Spark cluster with app ID app-20251102113752-0010
[2025-11-02T11:37:52.469+0000] {subprocess.py:93} INFO - 25/11/02 11:37:52 INFO StandaloneAppClient$ClientEndpoint: Executor added: app-20251102113752-0010/0 on worker-20251102102542-172.18.0.5-39375 (172.18.0.5:39375) with 2 core(s)
[2025-11-02T11:37:52.473+0000] {subprocess.py:93} INFO - 25/11/02 11:37:52 INFO StandaloneSchedulerBackend: Granted executor ID app-20251102113752-0010/0 on hostPort 172.18.0.5:39375 with 2 core(s), 1024.0 MiB RAM
[2025-11-02T11:37:52.476+0000] {subprocess.py:93} INFO - 25/11/02 11:37:52 INFO Utils: Successfully started service 'org.apache.spark.network.netty.NettyBlockTransferService' on port 35137.
[2025-11-02T11:37:52.478+0000] {subprocess.py:93} INFO - 25/11/02 11:37:52 INFO NettyBlockTransferService: Server created on 4bd4a2df5838:35137
[2025-11-02T11:37:52.480+0000] {subprocess.py:93} INFO - 25/11/02 11:37:52 INFO BlockManager: Using org.apache.spark.storage.RandomBlockReplicationPolicy for block replication policy
[2025-11-02T11:37:52.483+0000] {subprocess.py:93} INFO - 25/11/02 11:37:52 INFO BlockManagerMaster: Registering BlockManager BlockManagerId(driver, 4bd4a2df5838, 35137, None)
[2025-11-02T11:37:52.487+0000] {subprocess.py:93} INFO - 25/11/02 11:37:52 INFO BlockManagerMasterEndpoint: Registering block manager 4bd4a2df5838:35137 with 434.4 MiB RAM, BlockManagerId(driver, 4bd4a2df5838, 35137, None)
[2025-11-02T11:37:52.490+0000] {subprocess.py:93} INFO - 25/11/02 11:37:52 INFO BlockManagerMaster: Registered BlockManager BlockManagerId(driver, 4bd4a2df5838, 35137, None)
[2025-11-02T11:37:52.492+0000] {subprocess.py:93} INFO - 25/11/02 11:37:52 INFO BlockManager: Initialized BlockManager: BlockManagerId(driver, 4bd4a2df5838, 35137, None)
[2025-11-02T11:37:52.513+0000] {subprocess.py:93} INFO - 25/11/02 11:37:52 INFO StandaloneAppClient$ClientEndpoint: Executor updated: app-20251102113752-0010/0 is now RUNNING
[2025-11-02T11:37:52.686+0000] {subprocess.py:93} INFO - 25/11/02 11:37:52 INFO StandaloneSchedulerBackend: SchedulerBackend is ready for scheduling beginning after reached minRegisteredResourcesRatio: 0.0
[2025-11-02T11:37:52.834+0000] {subprocess.py:93} INFO - INFO:gold_modeling.Dimensions.dim_customer:Creating dim_customer table
[2025-11-02T11:37:52.840+0000] {subprocess.py:93} INFO - 25/11/02 11:37:52 INFO SharedState: Setting hive.metastore.warehouse.dir ('null') to the value of spark.sql.warehouse.dir.
[2025-11-02T11:37:52.842+0000] {subprocess.py:93} INFO - 25/11/02 11:37:52 INFO SharedState: Warehouse path is 'file:/tmp/***tmp6qyrz9_1/spark-warehouse'.
[2025-11-02T11:37:53.777+0000] {subprocess.py:93} INFO - 25/11/02 11:37:53 WARN MetricsConfig: Cannot locate configuration: tried hadoop-metrics2-s3a-file-system.properties,hadoop-metrics2.properties
[2025-11-02T11:37:53.786+0000] {subprocess.py:93} INFO - 25/11/02 11:37:53 INFO MetricsSystemImpl: Scheduled Metric snapshot period at 10 second(s).
[2025-11-02T11:37:53.789+0000] {subprocess.py:93} INFO - 25/11/02 11:37:53 INFO MetricsSystemImpl: s3a-file-system metrics system started
[2025-11-02T11:37:54.239+0000] {subprocess.py:93} INFO - 25/11/02 11:37:54 INFO StandaloneSchedulerBackend$StandaloneDriverEndpoint: Registered executor NettyRpcEndpointRef(spark-client://Executor) (172.18.0.5:44748) with ID 0,  ResourceProfileId 0
[2025-11-02T11:37:54.312+0000] {subprocess.py:93} INFO - 25/11/02 11:37:54 INFO BlockManagerMasterEndpoint: Registering block manager 172.18.0.5:33297 with 434.4 MiB RAM, BlockManagerId(0, 172.18.0.5, 33297, None)
[2025-11-02T11:37:54.358+0000] {subprocess.py:93} INFO - 25/11/02 11:37:54 INFO CatalogUtil: Loading custom FileIO implementation: org.apache.iceberg.aws.s3.S3FileIO
[2025-11-02T11:37:54.501+0000] {subprocess.py:93} INFO - Traceback (most recent call last):
[2025-11-02T11:37:54.503+0000] {subprocess.py:93} INFO -   File "/opt/spark-3.4.0-bin-hadoop3/work-dir/scripts/gold_modeling/Dimensions/Dimensions.py", line 27, in <module>
[2025-11-02T11:37:54.508+0000] {subprocess.py:93} INFO -     Customer_dim(spark)
[2025-11-02T11:37:54.510+0000] {subprocess.py:93} INFO -   File "/opt/spark/work-dir/scripts/gold_modeling/Dimensions/dim_customer.py", line 69, in main
[2025-11-02T11:37:54.515+0000] {subprocess.py:93} INFO -     create_dim_customer(spark)
[2025-11-02T11:37:54.517+0000] {subprocess.py:93} INFO -   File "/opt/spark/work-dir/scripts/gold_modeling/Dimensions/dim_customer.py", line 7, in create_dim_customer
[2025-11-02T11:37:54.522+0000] {subprocess.py:93} INFO -     spark.sql("CREATE OR REPLACE TEMP VIEW magento_customers AS SELECT * FROM my_catalog.silver.magento_customers")
[2025-11-02T11:37:54.523+0000] {subprocess.py:93} INFO -   File "/opt/spark/python/lib/pyspark.zip/pyspark/sql/session.py", line 1440, in sql
[2025-11-02T11:37:54.526+0000] {subprocess.py:93} INFO -   File "/opt/spark/python/lib/py4j-0.10.9.7-src.zip/py4j/java_gateway.py", line 1322, in __call__
[2025-11-02T11:37:54.531+0000] {subprocess.py:93} INFO -   File "/opt/spark/python/lib/pyspark.zip/pyspark/errors/exceptions/captured.py", line 175, in deco
[2025-11-02T11:37:54.540+0000] {subprocess.py:93} INFO - pyspark.errors.exceptions.captured.IllegalArgumentException: Cannot initialize FileIO implementation org.apache.iceberg.aws.s3.S3FileIO: Cannot find constructor for interface org.apache.iceberg.io.FileIO
[2025-11-02T11:37:54.542+0000] {subprocess.py:93} INFO - 	Missing org.apache.iceberg.aws.s3.S3FileIO [java.lang.NoClassDefFoundError: software/amazon/awssdk/services/s3/model/S3Exception]
[2025-11-02T11:37:54.543+0000] {subprocess.py:93} INFO - INFO:py4j.clientserver:Closing down clientserver connection
[2025-11-02T11:37:54.580+0000] {subprocess.py:93} INFO - 25/11/02 11:37:54 INFO SparkContext: Invoking stop() from shutdown hook
[2025-11-02T11:37:54.582+0000] {subprocess.py:93} INFO - 25/11/02 11:37:54 INFO SparkContext: SparkContext is stopping with exitCode 0.
[2025-11-02T11:37:54.593+0000] {subprocess.py:93} INFO - 25/11/02 11:37:54 INFO SparkUI: Stopped Spark web UI at http://4bd4a2df5838:4040
[2025-11-02T11:37:54.596+0000] {subprocess.py:93} INFO - 25/11/02 11:37:54 INFO StandaloneSchedulerBackend: Shutting down all executors
[2025-11-02T11:37:54.598+0000] {subprocess.py:93} INFO - 25/11/02 11:37:54 INFO StandaloneSchedulerBackend$StandaloneDriverEndpoint: Asking each executor to shut down
[2025-11-02T11:37:54.613+0000] {subprocess.py:93} INFO - 25/11/02 11:37:54 INFO MapOutputTrackerMasterEndpoint: MapOutputTrackerMasterEndpoint stopped!
[2025-11-02T11:37:54.630+0000] {subprocess.py:93} INFO - 25/11/02 11:37:54 INFO MemoryStore: MemoryStore cleared
[2025-11-02T11:37:54.632+0000] {subprocess.py:93} INFO - 25/11/02 11:37:54 INFO BlockManager: BlockManager stopped
[2025-11-02T11:37:54.637+0000] {subprocess.py:93} INFO - 25/11/02 11:37:54 INFO BlockManagerMaster: BlockManagerMaster stopped
[2025-11-02T11:37:54.639+0000] {subprocess.py:93} INFO - 25/11/02 11:37:54 INFO OutputCommitCoordinator$OutputCommitCoordinatorEndpoint: OutputCommitCoordinator stopped!
[2025-11-02T11:37:54.646+0000] {subprocess.py:93} INFO - 25/11/02 11:37:54 ERROR TransportRequestHandler: Error sending result StreamResponse[streamId=/files/com.amazonaws_aws-java-sdk-bundle-1.12.262.jar,byteCount=280645251,body=FileSegmentManagedBuffer[file=/home/***/.ivy2/jars/com.amazonaws_aws-java-sdk-bundle-1.12.262.jar,offset=0,length=280645251]] to /172.18.0.5:44750; closing connection
[2025-11-02T11:37:54.648+0000] {subprocess.py:93} INFO - io.netty.channel.StacklessClosedChannelException
[2025-11-02T11:37:54.649+0000] {subprocess.py:93} INFO - 	at io.netty.channel.AbstractChannel.close(ChannelPromise)(Unknown Source)
[2025-11-02T11:37:54.681+0000] {subprocess.py:93} INFO - 25/11/02 11:37:54 INFO SparkContext: Successfully stopped SparkContext
[2025-11-02T11:37:54.683+0000] {subprocess.py:93} INFO - 25/11/02 11:37:54 INFO ShutdownHookManager: Shutdown hook called
[2025-11-02T11:37:54.684+0000] {subprocess.py:93} INFO - 25/11/02 11:37:54 INFO ShutdownHookManager: Deleting directory /tmp/spark-18e0e17a-7ffa-4a81-8821-759d926a8ca8/pyspark-d23bed4b-303a-4186-9800-7a1177817525
[2025-11-02T11:37:54.687+0000] {subprocess.py:93} INFO - 25/11/02 11:37:54 INFO ShutdownHookManager: Deleting directory /tmp/spark-18e0e17a-7ffa-4a81-8821-759d926a8ca8
[2025-11-02T11:37:54.691+0000] {subprocess.py:93} INFO - 25/11/02 11:37:54 INFO ShutdownHookManager: Deleting directory /tmp/spark-37668772-99fd-4368-8178-e2ab3e230107
[2025-11-02T11:37:54.698+0000] {subprocess.py:93} INFO - 25/11/02 11:37:54 INFO MetricsSystemImpl: Stopping s3a-file-system metrics system...
[2025-11-02T11:37:54.699+0000] {subprocess.py:93} INFO - 25/11/02 11:37:54 INFO MetricsSystemImpl: s3a-file-system metrics system stopped.
[2025-11-02T11:37:54.701+0000] {subprocess.py:93} INFO - 25/11/02 11:37:54 INFO MetricsSystemImpl: s3a-file-system metrics system shutdown complete.
[2025-11-02T11:37:54.737+0000] {subprocess.py:97} INFO - Command exited with return code 1
[2025-11-02T11:37:54.752+0000] {taskinstance.py:3310} ERROR - Task failed with exception
Traceback (most recent call last):
  File "/home/airflow/.local/lib/python3.11/site-packages/airflow/models/taskinstance.py", line 767, in _execute_task
    result = _execute_callable(context=context, **execute_callable_kwargs)
             ^^^^^^^^^^^^^^^^^^^^^^^^^^^^^^^^^^^^^^^^^^^^^^^^^^^^^^^^^^^^^
  File "/home/airflow/.local/lib/python3.11/site-packages/airflow/models/taskinstance.py", line 733, in _execute_callable
    return ExecutionCallableRunner(
           ^^^^^^^^^^^^^^^^^^^^^^^^
  File "/home/airflow/.local/lib/python3.11/site-packages/airflow/utils/operator_helpers.py", line 252, in run
    return self.func(*args, **kwargs)
           ^^^^^^^^^^^^^^^^^^^^^^^^^^
  File "/home/airflow/.local/lib/python3.11/site-packages/airflow/models/baseoperator.py", line 406, in wrapper
    return func(self, *args, **kwargs)
           ^^^^^^^^^^^^^^^^^^^^^^^^^^^
  File "/home/airflow/.local/lib/python3.11/site-packages/airflow/operators/bash.py", line 249, in execute
    raise AirflowException(
airflow.exceptions.AirflowException: Bash command failed. The command returned a non-zero exit code 1.
[2025-11-02T11:37:54.757+0000] {taskinstance.py:1225} INFO - Marking task as FAILED. dag_id=modeling, task_id=gold_modeling_dimensions, run_id=manual__2025-11-02T11:37:47.183509+00:00, execution_date=20251102T113747, start_date=20251102T113747, end_date=20251102T113754
[2025-11-02T11:37:54.772+0000] {taskinstance.py:340} INFO - ::group::Post task execution logs
[2025-11-02T11:37:54.776+0000] {standard_task_runner.py:124} ERROR - Failed to execute job 32 for task gold_modeling_dimensions (Bash command failed. The command returned a non-zero exit code 1.; 743)
Traceback (most recent call last):
  File "/home/airflow/.local/lib/python3.11/site-packages/airflow/task/task_runner/standard_task_runner.py", line 117, in _start_by_fork
    ret = args.func(args, dag=self.dag)
          ^^^^^^^^^^^^^^^^^^^^^^^^^^^^^
  File "/home/airflow/.local/lib/python3.11/site-packages/airflow/cli/cli_config.py", line 49, in command
    return func(*args, **kwargs)
           ^^^^^^^^^^^^^^^^^^^^^
  File "/home/airflow/.local/lib/python3.11/site-packages/airflow/utils/cli.py", line 115, in wrapper
    return f(*args, **kwargs)
           ^^^^^^^^^^^^^^^^^^
  File "/home/airflow/.local/lib/python3.11/site-packages/airflow/cli/commands/task_command.py", line 483, in task_run
    task_return_code = _run_task_by_selected_method(args, _dag, ti)
                       ^^^^^^^^^^^^^^^^^^^^^^^^^^^^^^^^^^^^^^^^^^^^
  File "/home/airflow/.local/lib/python3.11/site-packages/airflow/cli/commands/task_command.py", line 256, in _run_task_by_selected_method
    return _run_raw_task(args, ti)
           ^^^^^^^^^^^^^^^^^^^^^^^
  File "/home/airflow/.local/lib/python3.11/site-packages/airflow/cli/commands/task_command.py", line 341, in _run_raw_task
    return ti._run_raw_task(
           ^^^^^^^^^^^^^^^^^
  File "/home/airflow/.local/lib/python3.11/site-packages/airflow/utils/session.py", line 97, in wrapper
    return func(*args, session=session, **kwargs)
           ^^^^^^^^^^^^^^^^^^^^^^^^^^^^^^^^^^^^^^
  File "/home/airflow/.local/lib/python3.11/site-packages/airflow/models/taskinstance.py", line 3004, in _run_raw_task
    return _run_raw_task(
           ^^^^^^^^^^^^^^
  File "/home/airflow/.local/lib/python3.11/site-packages/airflow/models/taskinstance.py", line 273, in _run_raw_task
    TaskInstance._execute_task_with_callbacks(
  File "/home/airflow/.local/lib/python3.11/site-packages/airflow/models/taskinstance.py", line 3158, in _execute_task_with_callbacks
    result = self._execute_task(context, task_orig)
             ^^^^^^^^^^^^^^^^^^^^^^^^^^^^^^^^^^^^^^
  File "/home/airflow/.local/lib/python3.11/site-packages/airflow/models/taskinstance.py", line 3182, in _execute_task
    return _execute_task(self, context, task_orig)
           ^^^^^^^^^^^^^^^^^^^^^^^^^^^^^^^^^^^^^^^
  File "/home/airflow/.local/lib/python3.11/site-packages/airflow/models/taskinstance.py", line 767, in _execute_task
    result = _execute_callable(context=context, **execute_callable_kwargs)
             ^^^^^^^^^^^^^^^^^^^^^^^^^^^^^^^^^^^^^^^^^^^^^^^^^^^^^^^^^^^^^
  File "/home/airflow/.local/lib/python3.11/site-packages/airflow/models/taskinstance.py", line 733, in _execute_callable
    return ExecutionCallableRunner(
           ^^^^^^^^^^^^^^^^^^^^^^^^
  File "/home/airflow/.local/lib/python3.11/site-packages/airflow/utils/operator_helpers.py", line 252, in run
    return self.func(*args, **kwargs)
           ^^^^^^^^^^^^^^^^^^^^^^^^^^
  File "/home/airflow/.local/lib/python3.11/site-packages/airflow/models/baseoperator.py", line 406, in wrapper
    return func(self, *args, **kwargs)
           ^^^^^^^^^^^^^^^^^^^^^^^^^^^
  File "/home/airflow/.local/lib/python3.11/site-packages/airflow/operators/bash.py", line 249, in execute
    raise AirflowException(
airflow.exceptions.AirflowException: Bash command failed. The command returned a non-zero exit code 1.
[2025-11-02T11:37:54.789+0000] {local_task_job_runner.py:266} INFO - Task exited with return code 1
[2025-11-02T11:37:54.806+0000] {taskinstance.py:3900} INFO - 0 downstream tasks scheduled from follow-on schedule check
[2025-11-02T11:37:54.812+0000] {local_task_job_runner.py:245} INFO - ::endgroup::
