[2025-11-01T14:50:04.042+0000] {local_task_job_runner.py:123} INFO - ::group::Pre task execution logs
[2025-11-01T14:50:04.060+0000] {taskinstance.py:2612} INFO - Dependencies all met for dep_context=non-requeueable deps ti=<TaskInstance: data_lake_silver_transform.transform_freshdesk manual__2025-11-01T14:45:42.154480+00:00 [queued]>
[2025-11-01T14:50:04.069+0000] {taskinstance.py:2612} INFO - Dependencies all met for dep_context=requeueable deps ti=<TaskInstance: data_lake_silver_transform.transform_freshdesk manual__2025-11-01T14:45:42.154480+00:00 [queued]>
[2025-11-01T14:50:04.071+0000] {taskinstance.py:2865} INFO - Starting attempt 1 of 1
[2025-11-01T14:50:04.084+0000] {taskinstance.py:2888} INFO - Executing <Task(BashOperator): transform_freshdesk> on 2025-11-01 14:45:42.154480+00:00
[2025-11-01T14:50:04.088+0000] {standard_task_runner.py:72} INFO - Started process 2361 to run task
[2025-11-01T14:50:04.091+0000] {standard_task_runner.py:104} INFO - Running: ['***', 'tasks', 'run', 'data_lake_silver_transform', 'transform_freshdesk', 'manual__2025-11-01T14:45:42.154480+00:00', '--job-id', '16', '--raw', '--subdir', 'DAGS_FOLDER/silver_transform.py', '--cfg-path', '/tmp/tmps015s2se']
[2025-11-01T14:50:04.094+0000] {standard_task_runner.py:105} INFO - Job 16: Subtask transform_freshdesk
[2025-11-01T14:50:04.143+0000] {task_command.py:467} INFO - Running <TaskInstance: data_lake_silver_transform.transform_freshdesk manual__2025-11-01T14:45:42.154480+00:00 [running]> on host 4bd4a2df5838
[2025-11-01T14:50:04.228+0000] {taskinstance.py:3131} INFO - Exporting env vars: AIRFLOW_CTX_DAG_OWNER='***' AIRFLOW_CTX_DAG_ID='data_lake_silver_transform' AIRFLOW_CTX_TASK_ID='transform_freshdesk' AIRFLOW_CTX_EXECUTION_DATE='2025-11-01T14:45:42.154480+00:00' AIRFLOW_CTX_TRY_NUMBER='1' AIRFLOW_CTX_DAG_RUN_ID='manual__2025-11-01T14:45:42.154480+00:00'
[2025-11-01T14:50:04.230+0000] {taskinstance.py:731} INFO - ::endgroup::
[2025-11-01T14:50:04.250+0000] {subprocess.py:63} INFO - Tmp dir root location: /tmp
[2025-11-01T14:50:04.253+0000] {subprocess.py:75} INFO - Running command: ['/usr/bin/bash', '-c', 'spark-submit --master spark://spark-master:7077 --packages org.apache.iceberg:iceberg-spark-runtime-3.4_2.12:1.5.0,org.apache.hadoop:hadoop-aws:3.3.4,com.amazonaws:aws-java-sdk-bundle:1.12.262 --conf spark.hadoop.fs.s3a.endpoint=https://repulsive-spooky-cemetery-9rw4pvr4w66f4g6-4566.app.github.dev --conf spark.hadoop.fs.s3a.access.key=test --conf spark.hadoop.fs.s3a.secret.key=test --conf spark.hadoop.fs.s3a.path.style.access=true --conf spark.hadoop.fs.s3a.impl=org.apache.hadoop.fs.s3a.S3AFileSystem --conf spark.hadoop.fs.s3a.connection.ssl.enabled=true /opt/spark/work-dir/scripts/silver_layer/transform_freshdesk.py']
[2025-11-01T14:50:04.264+0000] {subprocess.py:86} INFO - Output:
[2025-11-01T14:50:05.418+0000] {subprocess.py:93} INFO - :: loading settings :: url = jar:file:/opt/spark-3.4.0-bin-hadoop3/jars/ivy-2.5.1.jar!/org/apache/ivy/core/settings/ivysettings.xml
[2025-11-01T14:50:05.494+0000] {subprocess.py:93} INFO - Ivy Default Cache set to: /home/***/.ivy2/cache
[2025-11-01T14:50:05.495+0000] {subprocess.py:93} INFO - The jars for the packages stored in: /home/***/.ivy2/jars
[2025-11-01T14:50:05.498+0000] {subprocess.py:93} INFO - org.apache.iceberg#iceberg-spark-runtime-3.4_2.12 added as a dependency
[2025-11-01T14:50:05.500+0000] {subprocess.py:93} INFO - org.apache.hadoop#hadoop-aws added as a dependency
[2025-11-01T14:50:05.501+0000] {subprocess.py:93} INFO - com.amazonaws#aws-java-sdk-bundle added as a dependency
[2025-11-01T14:50:05.502+0000] {subprocess.py:93} INFO - :: resolving dependencies :: org.apache.spark#spark-submit-parent-b04bdfe1-7636-4bb2-b798-69967dc47bda;1.0
[2025-11-01T14:50:05.503+0000] {subprocess.py:93} INFO - 	confs: [default]
[2025-11-01T14:50:05.608+0000] {subprocess.py:93} INFO - 	found org.apache.iceberg#iceberg-spark-runtime-3.4_2.12;1.5.0 in central
[2025-11-01T14:50:05.658+0000] {subprocess.py:93} INFO - 	found org.apache.hadoop#hadoop-aws;3.3.4 in central
[2025-11-01T14:50:05.680+0000] {subprocess.py:93} INFO - 	found com.amazonaws#aws-java-sdk-bundle;1.12.262 in central
[2025-11-01T14:50:05.698+0000] {subprocess.py:93} INFO - 	found org.wildfly.openssl#wildfly-openssl;1.0.7.Final in central
[2025-11-01T14:50:05.714+0000] {subprocess.py:93} INFO - :: resolution report :: resolve 209ms :: artifacts dl 6ms
[2025-11-01T14:50:05.716+0000] {subprocess.py:93} INFO - 	:: modules in use:
[2025-11-01T14:50:05.717+0000] {subprocess.py:93} INFO - 	com.amazonaws#aws-java-sdk-bundle;1.12.262 from central in [default]
[2025-11-01T14:50:05.718+0000] {subprocess.py:93} INFO - 	org.apache.hadoop#hadoop-aws;3.3.4 from central in [default]
[2025-11-01T14:50:05.719+0000] {subprocess.py:93} INFO - 	org.apache.iceberg#iceberg-spark-runtime-3.4_2.12;1.5.0 from central in [default]
[2025-11-01T14:50:05.720+0000] {subprocess.py:93} INFO - 	org.wildfly.openssl#wildfly-openssl;1.0.7.Final from central in [default]
[2025-11-01T14:50:05.721+0000] {subprocess.py:93} INFO - 	---------------------------------------------------------------------
[2025-11-01T14:50:05.723+0000] {subprocess.py:93} INFO - 	|                  |            modules            ||   artifacts   |
[2025-11-01T14:50:05.724+0000] {subprocess.py:93} INFO - 	|       conf       | number| search|dwnlded|evicted|| number|dwnlded|
[2025-11-01T14:50:05.725+0000] {subprocess.py:93} INFO - 	---------------------------------------------------------------------
[2025-11-01T14:50:05.726+0000] {subprocess.py:93} INFO - 	|      default     |   4   |   0   |   0   |   0   ||   4   |   0   |
[2025-11-01T14:50:05.727+0000] {subprocess.py:93} INFO - 	---------------------------------------------------------------------
[2025-11-01T14:50:05.728+0000] {subprocess.py:93} INFO - :: retrieving :: org.apache.spark#spark-submit-parent-b04bdfe1-7636-4bb2-b798-69967dc47bda
[2025-11-01T14:50:05.730+0000] {subprocess.py:93} INFO - 	confs: [default]
[2025-11-01T14:50:05.731+0000] {subprocess.py:93} INFO - 	0 artifacts copied, 4 already retrieved (0kB/4ms)
[2025-11-01T14:50:05.885+0000] {subprocess.py:93} INFO - 25/11/01 14:50:05 WARN NativeCodeLoader: Unable to load native-hadoop library for your platform... using builtin-java classes where applicable
[2025-11-01T14:50:07.421+0000] {subprocess.py:93} INFO - 25/11/01 14:50:07 INFO SparkContext: Running Spark version 3.4.0
[2025-11-01T14:50:07.441+0000] {subprocess.py:93} INFO - 25/11/01 14:50:07 INFO ResourceUtils: ==============================================================
[2025-11-01T14:50:07.443+0000] {subprocess.py:93} INFO - 25/11/01 14:50:07 INFO ResourceUtils: No custom resources configured for spark.driver.
[2025-11-01T14:50:07.444+0000] {subprocess.py:93} INFO - 25/11/01 14:50:07 INFO ResourceUtils: ==============================================================
[2025-11-01T14:50:07.445+0000] {subprocess.py:93} INFO - 25/11/01 14:50:07 INFO SparkContext: Submitted application: Freshdesk_Silver_Transform
[2025-11-01T14:50:07.460+0000] {subprocess.py:93} INFO - 25/11/01 14:50:07 INFO ResourceProfile: Default ResourceProfile created, executor resources: Map(memory -> name: memory, amount: 1024, script: , vendor: , offHeap -> name: offHeap, amount: 0, script: , vendor: ), task resources: Map(cpus -> name: cpus, amount: 1.0)
[2025-11-01T14:50:07.467+0000] {subprocess.py:93} INFO - 25/11/01 14:50:07 INFO ResourceProfile: Limiting resource is cpu
[2025-11-01T14:50:07.469+0000] {subprocess.py:93} INFO - 25/11/01 14:50:07 INFO ResourceProfileManager: Added ResourceProfile id: 0
[2025-11-01T14:50:07.527+0000] {subprocess.py:93} INFO - 25/11/01 14:50:07 INFO SecurityManager: Changing view acls to: ***
[2025-11-01T14:50:07.529+0000] {subprocess.py:93} INFO - 25/11/01 14:50:07 INFO SecurityManager: Changing modify acls to: ***
[2025-11-01T14:50:07.531+0000] {subprocess.py:93} INFO - 25/11/01 14:50:07 INFO SecurityManager: Changing view acls groups to:
[2025-11-01T14:50:07.534+0000] {subprocess.py:93} INFO - 25/11/01 14:50:07 INFO SecurityManager: Changing modify acls groups to:
[2025-11-01T14:50:07.536+0000] {subprocess.py:93} INFO - 25/11/01 14:50:07 INFO SecurityManager: SecurityManager: authentication disabled; ui acls disabled; users with view permissions: ***; groups with view permissions: EMPTY; users with modify permissions: ***; groups with modify permissions: EMPTY
[2025-11-01T14:50:07.692+0000] {subprocess.py:93} INFO - 25/11/01 14:50:07 INFO Utils: Successfully started service 'sparkDriver' on port 43101.
[2025-11-01T14:50:07.714+0000] {subprocess.py:93} INFO - 25/11/01 14:50:07 INFO SparkEnv: Registering MapOutputTracker
[2025-11-01T14:50:07.743+0000] {subprocess.py:93} INFO - 25/11/01 14:50:07 INFO SparkEnv: Registering BlockManagerMaster
[2025-11-01T14:50:07.755+0000] {subprocess.py:93} INFO - 25/11/01 14:50:07 INFO BlockManagerMasterEndpoint: Using org.apache.spark.storage.DefaultTopologyMapper for getting topology information
[2025-11-01T14:50:07.760+0000] {subprocess.py:93} INFO - 25/11/01 14:50:07 INFO BlockManagerMasterEndpoint: BlockManagerMasterEndpoint up
[2025-11-01T14:50:07.761+0000] {subprocess.py:93} INFO - 25/11/01 14:50:07 INFO SparkEnv: Registering BlockManagerMasterHeartbeat
[2025-11-01T14:50:07.776+0000] {subprocess.py:93} INFO - 25/11/01 14:50:07 INFO DiskBlockManager: Created local directory at /tmp/blockmgr-e47c9298-7c59-4711-a392-6f8a4cbd667a
[2025-11-01T14:50:07.788+0000] {subprocess.py:93} INFO - 25/11/01 14:50:07 INFO MemoryStore: MemoryStore started with capacity 434.4 MiB
[2025-11-01T14:50:07.800+0000] {subprocess.py:93} INFO - 25/11/01 14:50:07 INFO SparkEnv: Registering OutputCommitCoordinator
[2025-11-01T14:50:07.896+0000] {subprocess.py:93} INFO - 25/11/01 14:50:07 INFO JettyUtils: Start Jetty 0.0.0.0:4040 for SparkUI
[2025-11-01T14:50:07.949+0000] {subprocess.py:93} INFO - 25/11/01 14:50:07 INFO Utils: Successfully started service 'SparkUI' on port 4040.
[2025-11-01T14:50:07.969+0000] {subprocess.py:93} INFO - 25/11/01 14:50:07 INFO SparkContext: Added JAR file:///home/***/.ivy2/jars/org.apache.iceberg_iceberg-spark-runtime-3.4_2.12-1.5.0.jar at spark://4bd4a2df5838:43101/jars/org.apache.iceberg_iceberg-spark-runtime-3.4_2.12-1.5.0.jar with timestamp 1762008607416
[2025-11-01T14:50:07.971+0000] {subprocess.py:93} INFO - 25/11/01 14:50:07 INFO SparkContext: Added JAR file:///home/***/.ivy2/jars/org.apache.hadoop_hadoop-aws-3.3.4.jar at spark://4bd4a2df5838:43101/jars/org.apache.hadoop_hadoop-aws-3.3.4.jar with timestamp 1762008607416
[2025-11-01T14:50:07.973+0000] {subprocess.py:93} INFO - 25/11/01 14:50:07 INFO SparkContext: Added JAR file:///home/***/.ivy2/jars/com.amazonaws_aws-java-sdk-bundle-1.12.262.jar at spark://4bd4a2df5838:43101/jars/com.amazonaws_aws-java-sdk-bundle-1.12.262.jar with timestamp 1762008607416
[2025-11-01T14:50:07.975+0000] {subprocess.py:93} INFO - 25/11/01 14:50:07 INFO SparkContext: Added JAR file:///home/***/.ivy2/jars/org.wildfly.openssl_wildfly-openssl-1.0.7.Final.jar at spark://4bd4a2df5838:43101/jars/org.wildfly.openssl_wildfly-openssl-1.0.7.Final.jar with timestamp 1762008607416
[2025-11-01T14:50:07.977+0000] {subprocess.py:93} INFO - 25/11/01 14:50:07 INFO SparkContext: Added file file:///home/***/.ivy2/jars/org.apache.iceberg_iceberg-spark-runtime-3.4_2.12-1.5.0.jar at spark://4bd4a2df5838:43101/files/org.apache.iceberg_iceberg-spark-runtime-3.4_2.12-1.5.0.jar with timestamp 1762008607416
[2025-11-01T14:50:07.978+0000] {subprocess.py:93} INFO - 25/11/01 14:50:07 INFO Utils: Copying /home/***/.ivy2/jars/org.apache.iceberg_iceberg-spark-runtime-3.4_2.12-1.5.0.jar to /tmp/spark-1cb552cb-27f3-446a-8f00-2050f1d4f8c6/userFiles-983e446f-6999-46ba-9de1-8c2fc96b4820/org.apache.iceberg_iceberg-spark-runtime-3.4_2.12-1.5.0.jar
[2025-11-01T14:50:08.000+0000] {subprocess.py:93} INFO - 25/11/01 14:50:08 INFO SparkContext: Added file file:///home/***/.ivy2/jars/org.apache.hadoop_hadoop-aws-3.3.4.jar at spark://4bd4a2df5838:43101/files/org.apache.hadoop_hadoop-aws-3.3.4.jar with timestamp 1762008607416
[2025-11-01T14:50:08.002+0000] {subprocess.py:93} INFO - 25/11/01 14:50:08 INFO Utils: Copying /home/***/.ivy2/jars/org.apache.hadoop_hadoop-aws-3.3.4.jar to /tmp/spark-1cb552cb-27f3-446a-8f00-2050f1d4f8c6/userFiles-983e446f-6999-46ba-9de1-8c2fc96b4820/org.apache.hadoop_hadoop-aws-3.3.4.jar
[2025-11-01T14:50:08.004+0000] {subprocess.py:93} INFO - 25/11/01 14:50:08 INFO SparkContext: Added file file:///home/***/.ivy2/jars/com.amazonaws_aws-java-sdk-bundle-1.12.262.jar at spark://4bd4a2df5838:43101/files/com.amazonaws_aws-java-sdk-bundle-1.12.262.jar with timestamp 1762008607416
[2025-11-01T14:50:08.006+0000] {subprocess.py:93} INFO - 25/11/01 14:50:08 INFO Utils: Copying /home/***/.ivy2/jars/com.amazonaws_aws-java-sdk-bundle-1.12.262.jar to /tmp/spark-1cb552cb-27f3-446a-8f00-2050f1d4f8c6/userFiles-983e446f-6999-46ba-9de1-8c2fc96b4820/com.amazonaws_aws-java-sdk-bundle-1.12.262.jar
[2025-11-01T14:50:08.132+0000] {subprocess.py:93} INFO - 25/11/01 14:50:08 INFO SparkContext: Added file file:///home/***/.ivy2/jars/org.wildfly.openssl_wildfly-openssl-1.0.7.Final.jar at spark://4bd4a2df5838:43101/files/org.wildfly.openssl_wildfly-openssl-1.0.7.Final.jar with timestamp 1762008607416
[2025-11-01T14:50:08.135+0000] {subprocess.py:93} INFO - 25/11/01 14:50:08 INFO Utils: Copying /home/***/.ivy2/jars/org.wildfly.openssl_wildfly-openssl-1.0.7.Final.jar to /tmp/spark-1cb552cb-27f3-446a-8f00-2050f1d4f8c6/userFiles-983e446f-6999-46ba-9de1-8c2fc96b4820/org.wildfly.openssl_wildfly-openssl-1.0.7.Final.jar
[2025-11-01T14:50:08.192+0000] {subprocess.py:93} INFO - 25/11/01 14:50:08 INFO StandaloneAppClient$ClientEndpoint: Connecting to master spark://spark-master:7077...
[2025-11-01T14:50:08.224+0000] {subprocess.py:93} INFO - 25/11/01 14:50:08 INFO TransportClientFactory: Successfully created connection to spark-master/172.18.0.5:7077 after 17 ms (0 ms spent in bootstraps)
[2025-11-01T14:50:08.287+0000] {subprocess.py:93} INFO - 25/11/01 14:50:08 INFO StandaloneSchedulerBackend: Connected to Spark cluster with app ID app-20251101145008-0004
[2025-11-01T14:50:08.295+0000] {subprocess.py:93} INFO - 25/11/01 14:50:08 INFO StandaloneAppClient$ClientEndpoint: Executor added: app-20251101145008-0004/0 on worker-20251101115003-172.18.0.4-45967 (172.18.0.4:45967) with 2 core(s)
[2025-11-01T14:50:08.296+0000] {subprocess.py:93} INFO - 25/11/01 14:50:08 INFO StandaloneSchedulerBackend: Granted executor ID app-20251101145008-0004/0 on hostPort 172.18.0.4:45967 with 2 core(s), 1024.0 MiB RAM
[2025-11-01T14:50:08.297+0000] {subprocess.py:93} INFO - 25/11/01 14:50:08 INFO Utils: Successfully started service 'org.apache.spark.network.netty.NettyBlockTransferService' on port 37271.
[2025-11-01T14:50:08.298+0000] {subprocess.py:93} INFO - 25/11/01 14:50:08 INFO NettyBlockTransferService: Server created on 4bd4a2df5838:37271
[2025-11-01T14:50:08.299+0000] {subprocess.py:93} INFO - 25/11/01 14:50:08 INFO BlockManager: Using org.apache.spark.storage.RandomBlockReplicationPolicy for block replication policy
[2025-11-01T14:50:08.300+0000] {subprocess.py:93} INFO - 25/11/01 14:50:08 INFO BlockManagerMaster: Registering BlockManager BlockManagerId(driver, 4bd4a2df5838, 37271, None)
[2025-11-01T14:50:08.303+0000] {subprocess.py:93} INFO - 25/11/01 14:50:08 INFO BlockManagerMasterEndpoint: Registering block manager 4bd4a2df5838:37271 with 434.4 MiB RAM, BlockManagerId(driver, 4bd4a2df5838, 37271, None)
[2025-11-01T14:50:08.305+0000] {subprocess.py:93} INFO - 25/11/01 14:50:08 INFO BlockManagerMaster: Registered BlockManager BlockManagerId(driver, 4bd4a2df5838, 37271, None)
[2025-11-01T14:50:08.306+0000] {subprocess.py:93} INFO - 25/11/01 14:50:08 INFO BlockManager: Initialized BlockManager: BlockManagerId(driver, 4bd4a2df5838, 37271, None)
[2025-11-01T14:50:08.354+0000] {subprocess.py:93} INFO - 25/11/01 14:50:08 INFO StandaloneAppClient$ClientEndpoint: Executor updated: app-20251101145008-0004/0 is now RUNNING
[2025-11-01T14:50:08.474+0000] {subprocess.py:93} INFO - 25/11/01 14:50:08 INFO StandaloneSchedulerBackend: SchedulerBackend is ready for scheduling beginning after reached minRegisteredResourcesRatio: 0.0
[2025-11-01T14:50:09.572+0000] {subprocess.py:93} INFO - [INFO] Latest file for freshdesk/customers: s3a://multusystem/freshdesk/customers/2025_11_01_1762007619218_0.parquet
[2025-11-01T14:50:10.225+0000] {subprocess.py:93} INFO - 25/11/01 14:50:10 WARN MetricsConfig: Cannot locate configuration: tried hadoop-metrics2-s3a-file-system.properties,hadoop-metrics2.properties
[2025-11-01T14:50:20.121+0000] {subprocess.py:93} INFO - INFO:__main__:Customers data loaded successfully from s3a://multusystem/freshdesk/customers/2025_11_01_1762007619218_0.parquet,rows: 8
[2025-11-01T14:50:20.418+0000] {subprocess.py:93} INFO - 25/11/01 14:50:20 WARN package: Truncated the string representation of a plan since it was too large. This behavior can be adjusted by setting 'spark.sql.debug.maxToStringFields'.
[2025-11-01T14:50:31.684+0000] {subprocess.py:93} INFO - 25/11/01 14:50:31 WARN HadoopTableOperations: Error reading version hint file s3a://multusystem/silver_layer/freshdesk_customers/metadata/version-hint.text
[2025-11-01T14:50:31.686+0000] {subprocess.py:93} INFO - java.io.FileNotFoundException: No such file or directory: s3a://multusystem/silver_layer/freshdesk_customers/metadata/version-hint.text
[2025-11-01T14:50:31.687+0000] {subprocess.py:93} INFO - 	at org.apache.hadoop.fs.s3a.S3AFileSystem.s3GetFileStatus(S3AFileSystem.java:3866)
[2025-11-01T14:50:31.688+0000] {subprocess.py:93} INFO - 	at org.apache.hadoop.fs.s3a.S3AFileSystem.innerGetFileStatus(S3AFileSystem.java:3688)
[2025-11-01T14:50:31.689+0000] {subprocess.py:93} INFO - 	at org.apache.hadoop.fs.s3a.S3AFileSystem.extractOrFetchSimpleFileStatus(S3AFileSystem.java:5401)
[2025-11-01T14:50:31.690+0000] {subprocess.py:93} INFO - 	at org.apache.hadoop.fs.s3a.S3AFileSystem.open(S3AFileSystem.java:1465)
[2025-11-01T14:50:31.691+0000] {subprocess.py:93} INFO - 	at org.apache.hadoop.fs.s3a.S3AFileSystem.open(S3AFileSystem.java:1441)
[2025-11-01T14:50:31.691+0000] {subprocess.py:93} INFO - 	at org.apache.hadoop.fs.FileSystem.open(FileSystem.java:976)
[2025-11-01T14:50:31.692+0000] {subprocess.py:93} INFO - 	at org.apache.iceberg.hadoop.HadoopTableOperations.findVersion(HadoopTableOperations.java:318)
[2025-11-01T14:50:31.693+0000] {subprocess.py:93} INFO - 	at org.apache.iceberg.hadoop.HadoopTableOperations.refresh(HadoopTableOperations.java:104)
[2025-11-01T14:50:31.694+0000] {subprocess.py:93} INFO - 	at org.apache.iceberg.BaseTransaction.lambda$commitReplaceTransaction$1(BaseTransaction.java:368)
[2025-11-01T14:50:31.695+0000] {subprocess.py:93} INFO - 	at org.apache.iceberg.util.Tasks$Builder.runTaskWithRetry(Tasks.java:413)
[2025-11-01T14:50:31.696+0000] {subprocess.py:93} INFO - 	at org.apache.iceberg.util.Tasks$Builder.runSingleThreaded(Tasks.java:219)
[2025-11-01T14:50:31.697+0000] {subprocess.py:93} INFO - 	at org.apache.iceberg.util.Tasks$Builder.run(Tasks.java:203)
[2025-11-01T14:50:31.697+0000] {subprocess.py:93} INFO - 	at org.apache.iceberg.util.Tasks$Builder.run(Tasks.java:196)
[2025-11-01T14:50:31.698+0000] {subprocess.py:93} INFO - 	at org.apache.iceberg.BaseTransaction.commitReplaceTransaction(BaseTransaction.java:365)
[2025-11-01T14:50:31.699+0000] {subprocess.py:93} INFO - 	at org.apache.iceberg.BaseTransaction.commitTransaction(BaseTransaction.java:314)
[2025-11-01T14:50:31.699+0000] {subprocess.py:93} INFO - 	at org.apache.iceberg.CommitCallbackTransaction.commitTransaction(CommitCallbackTransaction.java:126)
[2025-11-01T14:50:31.700+0000] {subprocess.py:93} INFO - 	at org.apache.iceberg.spark.source.StagedSparkTable.commitStagedChanges(StagedSparkTable.java:34)
[2025-11-01T14:50:31.701+0000] {subprocess.py:93} INFO - 	at org.apache.spark.sql.execution.datasources.v2.TableWriteExecHelper.$anonfun$writeToTable$1(WriteToDataSourceV2Exec.scala:603)
[2025-11-01T14:50:31.702+0000] {subprocess.py:93} INFO - 	at org.apache.spark.util.Utils$.tryWithSafeFinallyAndFailureCallbacks(Utils.scala:1563)
[2025-11-01T14:50:31.703+0000] {subprocess.py:93} INFO - 	at org.apache.spark.sql.execution.datasources.v2.TableWriteExecHelper.writeToTable(WriteToDataSourceV2Exec.scala:587)
[2025-11-01T14:50:31.704+0000] {subprocess.py:93} INFO - 	at org.apache.spark.sql.execution.datasources.v2.TableWriteExecHelper.writeToTable$(WriteToDataSourceV2Exec.scala:582)
[2025-11-01T14:50:31.704+0000] {subprocess.py:93} INFO - 	at org.apache.spark.sql.execution.datasources.v2.AtomicReplaceTableAsSelectExec.writeToTable(WriteToDataSourceV2Exec.scala:202)
[2025-11-01T14:50:31.705+0000] {subprocess.py:93} INFO - 	at org.apache.spark.sql.execution.datasources.v2.AtomicReplaceTableAsSelectExec.run(WriteToDataSourceV2Exec.scala:236)
[2025-11-01T14:50:31.706+0000] {subprocess.py:93} INFO - 	at org.apache.spark.sql.execution.datasources.v2.V2CommandExec.result$lzycompute(V2CommandExec.scala:43)
[2025-11-01T14:50:31.706+0000] {subprocess.py:93} INFO - 	at org.apache.spark.sql.execution.datasources.v2.V2CommandExec.result(V2CommandExec.scala:43)
[2025-11-01T14:50:31.707+0000] {subprocess.py:93} INFO - 	at org.apache.spark.sql.execution.datasources.v2.V2CommandExec.executeCollect(V2CommandExec.scala:49)
[2025-11-01T14:50:31.708+0000] {subprocess.py:93} INFO - 	at org.apache.spark.sql.execution.QueryExecution$$anonfun$eagerlyExecuteCommands$1.$anonfun$applyOrElse$1(QueryExecution.scala:98)
[2025-11-01T14:50:31.709+0000] {subprocess.py:93} INFO - 	at org.apache.spark.sql.execution.SQLExecution$.$anonfun$withNewExecutionId$6(SQLExecution.scala:118)
[2025-11-01T14:50:31.710+0000] {subprocess.py:93} INFO - 	at org.apache.spark.sql.execution.SQLExecution$.withSQLConfPropagated(SQLExecution.scala:195)
[2025-11-01T14:50:31.711+0000] {subprocess.py:93} INFO - 	at org.apache.spark.sql.execution.SQLExecution$.$anonfun$withNewExecutionId$1(SQLExecution.scala:103)
[2025-11-01T14:50:31.712+0000] {subprocess.py:93} INFO - 	at org.apache.spark.sql.SparkSession.withActive(SparkSession.scala:827)
[2025-11-01T14:50:31.713+0000] {subprocess.py:93} INFO - 	at org.apache.spark.sql.execution.SQLExecution$.withNewExecutionId(SQLExecution.scala:65)
[2025-11-01T14:50:31.714+0000] {subprocess.py:93} INFO - 	at org.apache.spark.sql.execution.QueryExecution$$anonfun$eagerlyExecuteCommands$1.applyOrElse(QueryExecution.scala:98)
[2025-11-01T14:50:31.715+0000] {subprocess.py:93} INFO - 	at org.apache.spark.sql.execution.QueryExecution$$anonfun$eagerlyExecuteCommands$1.applyOrElse(QueryExecution.scala:94)
[2025-11-01T14:50:31.716+0000] {subprocess.py:93} INFO - 	at org.apache.spark.sql.catalyst.trees.TreeNode.$anonfun$transformDownWithPruning$1(TreeNode.scala:512)
[2025-11-01T14:50:31.717+0000] {subprocess.py:93} INFO - 	at org.apache.spark.sql.catalyst.trees.CurrentOrigin$.withOrigin(TreeNode.scala:104)
[2025-11-01T14:50:31.717+0000] {subprocess.py:93} INFO - 	at org.apache.spark.sql.catalyst.trees.TreeNode.transformDownWithPruning(TreeNode.scala:512)
[2025-11-01T14:50:31.718+0000] {subprocess.py:93} INFO - 	at org.apache.spark.sql.catalyst.plans.logical.LogicalPlan.org$apache$spark$sql$catalyst$plans$logical$AnalysisHelper$$super$transformDownWithPruning(LogicalPlan.scala:31)
[2025-11-01T14:50:31.719+0000] {subprocess.py:93} INFO - 	at org.apache.spark.sql.catalyst.plans.logical.AnalysisHelper.transformDownWithPruning(AnalysisHelper.scala:267)
[2025-11-01T14:50:31.720+0000] {subprocess.py:93} INFO - 	at org.apache.spark.sql.catalyst.plans.logical.AnalysisHelper.transformDownWithPruning$(AnalysisHelper.scala:263)
[2025-11-01T14:50:31.721+0000] {subprocess.py:93} INFO - 	at org.apache.spark.sql.catalyst.plans.logical.LogicalPlan.transformDownWithPruning(LogicalPlan.scala:31)
[2025-11-01T14:50:31.722+0000] {subprocess.py:93} INFO - 	at org.apache.spark.sql.catalyst.plans.logical.LogicalPlan.transformDownWithPruning(LogicalPlan.scala:31)
[2025-11-01T14:50:31.723+0000] {subprocess.py:93} INFO - 	at org.apache.spark.sql.catalyst.trees.TreeNode.transformDown(TreeNode.scala:488)
[2025-11-01T14:50:31.724+0000] {subprocess.py:93} INFO - 	at org.apache.spark.sql.execution.QueryExecution.eagerlyExecuteCommands(QueryExecution.scala:94)
[2025-11-01T14:50:31.725+0000] {subprocess.py:93} INFO - 	at org.apache.spark.sql.execution.QueryExecution.commandExecuted$lzycompute(QueryExecution.scala:81)
[2025-11-01T14:50:31.726+0000] {subprocess.py:93} INFO - 	at org.apache.spark.sql.execution.QueryExecution.commandExecuted(QueryExecution.scala:79)
[2025-11-01T14:50:31.727+0000] {subprocess.py:93} INFO - 	at org.apache.spark.sql.execution.QueryExecution.assertCommandExecuted(QueryExecution.scala:133)
[2025-11-01T14:50:31.728+0000] {subprocess.py:93} INFO - 	at org.apache.spark.sql.DataFrameWriterV2.runCommand(DataFrameWriterV2.scala:195)
[2025-11-01T14:50:31.729+0000] {subprocess.py:93} INFO - 	at org.apache.spark.sql.DataFrameWriterV2.internalReplace(DataFrameWriterV2.scala:207)
[2025-11-01T14:50:31.730+0000] {subprocess.py:93} INFO - 	at org.apache.spark.sql.DataFrameWriterV2.createOrReplace(DataFrameWriterV2.scala:133)
[2025-11-01T14:50:31.731+0000] {subprocess.py:93} INFO - 	at java.base/jdk.internal.reflect.NativeMethodAccessorImpl.invoke0(Native Method)
[2025-11-01T14:50:31.732+0000] {subprocess.py:93} INFO - 	at java.base/jdk.internal.reflect.NativeMethodAccessorImpl.invoke(NativeMethodAccessorImpl.java:77)
[2025-11-01T14:50:31.733+0000] {subprocess.py:93} INFO - 	at java.base/jdk.internal.reflect.DelegatingMethodAccessorImpl.invoke(DelegatingMethodAccessorImpl.java:43)
[2025-11-01T14:50:31.734+0000] {subprocess.py:93} INFO - 	at java.base/java.lang.reflect.Method.invoke(Method.java:569)
[2025-11-01T14:50:31.735+0000] {subprocess.py:93} INFO - 	at py4j.reflection.MethodInvoker.invoke(MethodInvoker.java:244)
[2025-11-01T14:50:31.736+0000] {subprocess.py:93} INFO - 	at py4j.reflection.ReflectionEngine.invoke(ReflectionEngine.java:374)
[2025-11-01T14:50:31.737+0000] {subprocess.py:93} INFO - 	at py4j.Gateway.invoke(Gateway.java:282)
[2025-11-01T14:50:31.738+0000] {subprocess.py:93} INFO - 	at py4j.commands.AbstractCommand.invokeMethod(AbstractCommand.java:132)
[2025-11-01T14:50:31.739+0000] {subprocess.py:93} INFO - 	at py4j.commands.CallCommand.execute(CallCommand.java:79)
[2025-11-01T14:50:31.740+0000] {subprocess.py:93} INFO - 	at py4j.ClientServerConnection.waitForCommands(ClientServerConnection.java:182)
[2025-11-01T14:50:31.741+0000] {subprocess.py:93} INFO - 	at py4j.ClientServerConnection.run(ClientServerConnection.java:106)
[2025-11-01T14:50:31.742+0000] {subprocess.py:93} INFO - 	at java.base/java.lang.Thread.run(Thread.java:840)
[2025-11-01T14:50:33.189+0000] {subprocess.py:93} INFO - 25/11/01 14:50:33 WARN HadoopTableOperations: Error reading version hint file s3a://multusystem/silver_layer/freshdesk_customers/metadata/version-hint.text
[2025-11-01T14:50:33.190+0000] {subprocess.py:93} INFO - java.io.FileNotFoundException: No such file or directory: s3a://multusystem/silver_layer/freshdesk_customers/metadata/version-hint.text
[2025-11-01T14:50:33.192+0000] {subprocess.py:93} INFO - 	at org.apache.hadoop.fs.s3a.S3AFileSystem.s3GetFileStatus(S3AFileSystem.java:3866)
[2025-11-01T14:50:33.193+0000] {subprocess.py:93} INFO - 	at org.apache.hadoop.fs.s3a.S3AFileSystem.innerGetFileStatus(S3AFileSystem.java:3688)
[2025-11-01T14:50:33.193+0000] {subprocess.py:93} INFO - 	at org.apache.hadoop.fs.s3a.S3AFileSystem.extractOrFetchSimpleFileStatus(S3AFileSystem.java:5401)
[2025-11-01T14:50:33.194+0000] {subprocess.py:93} INFO - 	at org.apache.hadoop.fs.s3a.S3AFileSystem.open(S3AFileSystem.java:1465)
[2025-11-01T14:50:33.195+0000] {subprocess.py:93} INFO - 	at org.apache.hadoop.fs.s3a.S3AFileSystem.open(S3AFileSystem.java:1441)
[2025-11-01T14:50:33.196+0000] {subprocess.py:93} INFO - 	at org.apache.hadoop.fs.FileSystem.open(FileSystem.java:976)
[2025-11-01T14:50:33.197+0000] {subprocess.py:93} INFO - 	at org.apache.iceberg.hadoop.HadoopTableOperations.findVersion(HadoopTableOperations.java:318)
[2025-11-01T14:50:33.197+0000] {subprocess.py:93} INFO - 	at org.apache.iceberg.hadoop.HadoopTableOperations.refresh(HadoopTableOperations.java:104)
[2025-11-01T14:50:33.198+0000] {subprocess.py:93} INFO - 	at org.apache.iceberg.hadoop.HadoopTableOperations.current(HadoopTableOperations.java:84)
[2025-11-01T14:50:33.199+0000] {subprocess.py:93} INFO - 	at org.apache.iceberg.BaseTransaction.lambda$commitReplaceTransaction$1(BaseTransaction.java:377)
[2025-11-01T14:50:33.199+0000] {subprocess.py:93} INFO - 	at org.apache.iceberg.util.Tasks$Builder.runTaskWithRetry(Tasks.java:413)
[2025-11-01T14:50:33.200+0000] {subprocess.py:93} INFO - 	at org.apache.iceberg.util.Tasks$Builder.runSingleThreaded(Tasks.java:219)
[2025-11-01T14:50:33.201+0000] {subprocess.py:93} INFO - 	at org.apache.iceberg.util.Tasks$Builder.run(Tasks.java:203)
[2025-11-01T14:50:33.201+0000] {subprocess.py:93} INFO - 	at org.apache.iceberg.util.Tasks$Builder.run(Tasks.java:196)
[2025-11-01T14:50:33.202+0000] {subprocess.py:93} INFO - 	at org.apache.iceberg.BaseTransaction.commitReplaceTransaction(BaseTransaction.java:365)
[2025-11-01T14:50:33.202+0000] {subprocess.py:93} INFO - 	at org.apache.iceberg.BaseTransaction.commitTransaction(BaseTransaction.java:314)
[2025-11-01T14:50:33.203+0000] {subprocess.py:93} INFO - 	at org.apache.iceberg.CommitCallbackTransaction.commitTransaction(CommitCallbackTransaction.java:126)
[2025-11-01T14:50:33.204+0000] {subprocess.py:93} INFO - 	at org.apache.iceberg.spark.source.StagedSparkTable.commitStagedChanges(StagedSparkTable.java:34)
[2025-11-01T14:50:33.205+0000] {subprocess.py:93} INFO - 	at org.apache.spark.sql.execution.datasources.v2.TableWriteExecHelper.$anonfun$writeToTable$1(WriteToDataSourceV2Exec.scala:603)
[2025-11-01T14:50:33.206+0000] {subprocess.py:93} INFO - 	at org.apache.spark.util.Utils$.tryWithSafeFinallyAndFailureCallbacks(Utils.scala:1563)
[2025-11-01T14:50:33.206+0000] {subprocess.py:93} INFO - 	at org.apache.spark.sql.execution.datasources.v2.TableWriteExecHelper.writeToTable(WriteToDataSourceV2Exec.scala:587)
[2025-11-01T14:50:33.207+0000] {subprocess.py:93} INFO - 	at org.apache.spark.sql.execution.datasources.v2.TableWriteExecHelper.writeToTable$(WriteToDataSourceV2Exec.scala:582)
[2025-11-01T14:50:33.208+0000] {subprocess.py:93} INFO - 	at org.apache.spark.sql.execution.datasources.v2.AtomicReplaceTableAsSelectExec.writeToTable(WriteToDataSourceV2Exec.scala:202)
[2025-11-01T14:50:33.208+0000] {subprocess.py:93} INFO - 	at org.apache.spark.sql.execution.datasources.v2.AtomicReplaceTableAsSelectExec.run(WriteToDataSourceV2Exec.scala:236)
[2025-11-01T14:50:33.209+0000] {subprocess.py:93} INFO - 	at org.apache.spark.sql.execution.datasources.v2.V2CommandExec.result$lzycompute(V2CommandExec.scala:43)
[2025-11-01T14:50:33.209+0000] {subprocess.py:93} INFO - 	at org.apache.spark.sql.execution.datasources.v2.V2CommandExec.result(V2CommandExec.scala:43)
[2025-11-01T14:50:33.210+0000] {subprocess.py:93} INFO - 	at org.apache.spark.sql.execution.datasources.v2.V2CommandExec.executeCollect(V2CommandExec.scala:49)
[2025-11-01T14:50:33.211+0000] {subprocess.py:93} INFO - 	at org.apache.spark.sql.execution.QueryExecution$$anonfun$eagerlyExecuteCommands$1.$anonfun$applyOrElse$1(QueryExecution.scala:98)
[2025-11-01T14:50:33.212+0000] {subprocess.py:93} INFO - 	at org.apache.spark.sql.execution.SQLExecution$.$anonfun$withNewExecutionId$6(SQLExecution.scala:118)
[2025-11-01T14:50:33.213+0000] {subprocess.py:93} INFO - 	at org.apache.spark.sql.execution.SQLExecution$.withSQLConfPropagated(SQLExecution.scala:195)
[2025-11-01T14:50:33.214+0000] {subprocess.py:93} INFO - 	at org.apache.spark.sql.execution.SQLExecution$.$anonfun$withNewExecutionId$1(SQLExecution.scala:103)
[2025-11-01T14:50:33.214+0000] {subprocess.py:93} INFO - 	at org.apache.spark.sql.SparkSession.withActive(SparkSession.scala:827)
[2025-11-01T14:50:33.215+0000] {subprocess.py:93} INFO - 	at org.apache.spark.sql.execution.SQLExecution$.withNewExecutionId(SQLExecution.scala:65)
[2025-11-01T14:50:33.216+0000] {subprocess.py:93} INFO - 	at org.apache.spark.sql.execution.QueryExecution$$anonfun$eagerlyExecuteCommands$1.applyOrElse(QueryExecution.scala:98)
[2025-11-01T14:50:33.217+0000] {subprocess.py:93} INFO - 	at org.apache.spark.sql.execution.QueryExecution$$anonfun$eagerlyExecuteCommands$1.applyOrElse(QueryExecution.scala:94)
[2025-11-01T14:50:33.218+0000] {subprocess.py:93} INFO - 	at org.apache.spark.sql.catalyst.trees.TreeNode.$anonfun$transformDownWithPruning$1(TreeNode.scala:512)
[2025-11-01T14:50:33.219+0000] {subprocess.py:93} INFO - 	at org.apache.spark.sql.catalyst.trees.CurrentOrigin$.withOrigin(TreeNode.scala:104)
[2025-11-01T14:50:33.220+0000] {subprocess.py:93} INFO - 	at org.apache.spark.sql.catalyst.trees.TreeNode.transformDownWithPruning(TreeNode.scala:512)
[2025-11-01T14:50:33.220+0000] {subprocess.py:93} INFO - 	at org.apache.spark.sql.catalyst.plans.logical.LogicalPlan.org$apache$spark$sql$catalyst$plans$logical$AnalysisHelper$$super$transformDownWithPruning(LogicalPlan.scala:31)
[2025-11-01T14:50:33.221+0000] {subprocess.py:93} INFO - 	at org.apache.spark.sql.catalyst.plans.logical.AnalysisHelper.transformDownWithPruning(AnalysisHelper.scala:267)
[2025-11-01T14:50:33.222+0000] {subprocess.py:93} INFO - 	at org.apache.spark.sql.catalyst.plans.logical.AnalysisHelper.transformDownWithPruning$(AnalysisHelper.scala:263)
[2025-11-01T14:50:33.222+0000] {subprocess.py:93} INFO - 	at org.apache.spark.sql.catalyst.plans.logical.LogicalPlan.transformDownWithPruning(LogicalPlan.scala:31)
[2025-11-01T14:50:33.223+0000] {subprocess.py:93} INFO - 	at org.apache.spark.sql.catalyst.plans.logical.LogicalPlan.transformDownWithPruning(LogicalPlan.scala:31)
[2025-11-01T14:50:33.224+0000] {subprocess.py:93} INFO - 	at org.apache.spark.sql.catalyst.trees.TreeNode.transformDown(TreeNode.scala:488)
[2025-11-01T14:50:33.225+0000] {subprocess.py:93} INFO - 	at org.apache.spark.sql.execution.QueryExecution.eagerlyExecuteCommands(QueryExecution.scala:94)
[2025-11-01T14:50:33.226+0000] {subprocess.py:93} INFO - 	at org.apache.spark.sql.execution.QueryExecution.commandExecuted$lzycompute(QueryExecution.scala:81)
[2025-11-01T14:50:33.227+0000] {subprocess.py:93} INFO - 	at org.apache.spark.sql.execution.QueryExecution.commandExecuted(QueryExecution.scala:79)
[2025-11-01T14:50:33.228+0000] {subprocess.py:93} INFO - 	at org.apache.spark.sql.execution.QueryExecution.assertCommandExecuted(QueryExecution.scala:133)
[2025-11-01T14:50:33.228+0000] {subprocess.py:93} INFO - 	at org.apache.spark.sql.DataFrameWriterV2.runCommand(DataFrameWriterV2.scala:195)
[2025-11-01T14:50:33.230+0000] {subprocess.py:93} INFO - 	at org.apache.spark.sql.DataFrameWriterV2.internalReplace(DataFrameWriterV2.scala:207)
[2025-11-01T14:50:33.231+0000] {subprocess.py:93} INFO - 	at org.apache.spark.sql.DataFrameWriterV2.createOrReplace(DataFrameWriterV2.scala:133)
[2025-11-01T14:50:33.232+0000] {subprocess.py:93} INFO - 	at java.base/jdk.internal.reflect.NativeMethodAccessorImpl.invoke0(Native Method)
[2025-11-01T14:50:33.233+0000] {subprocess.py:93} INFO - 	at java.base/jdk.internal.reflect.NativeMethodAccessorImpl.invoke(NativeMethodAccessorImpl.java:77)
[2025-11-01T14:50:33.233+0000] {subprocess.py:93} INFO - 	at java.base/jdk.internal.reflect.DelegatingMethodAccessorImpl.invoke(DelegatingMethodAccessorImpl.java:43)
[2025-11-01T14:50:33.234+0000] {subprocess.py:93} INFO - 	at java.base/java.lang.reflect.Method.invoke(Method.java:569)
[2025-11-01T14:50:33.235+0000] {subprocess.py:93} INFO - 	at py4j.reflection.MethodInvoker.invoke(MethodInvoker.java:244)
[2025-11-01T14:50:33.235+0000] {subprocess.py:93} INFO - 	at py4j.reflection.ReflectionEngine.invoke(ReflectionEngine.java:374)
[2025-11-01T14:50:33.236+0000] {subprocess.py:93} INFO - 	at py4j.Gateway.invoke(Gateway.java:282)
[2025-11-01T14:50:33.236+0000] {subprocess.py:93} INFO - 	at py4j.commands.AbstractCommand.invokeMethod(AbstractCommand.java:132)
[2025-11-01T14:50:33.236+0000] {subprocess.py:93} INFO - 	at py4j.commands.CallCommand.execute(CallCommand.java:79)
[2025-11-01T14:50:33.237+0000] {subprocess.py:93} INFO - 	at py4j.ClientServerConnection.waitForCommands(ClientServerConnection.java:182)
[2025-11-01T14:50:33.238+0000] {subprocess.py:93} INFO - 	at py4j.ClientServerConnection.run(ClientServerConnection.java:106)
[2025-11-01T14:50:33.239+0000] {subprocess.py:93} INFO - 	at java.base/java.lang.Thread.run(Thread.java:840)
[2025-11-01T14:50:38.342+0000] {subprocess.py:93} INFO - Successfully written to Iceberg table: freshdesk_customers
[2025-11-01T14:50:40.074+0000] {subprocess.py:93} INFO - INFO:__main__:Customers data written to iceberg successfully with 8 rows
[2025-11-01T14:50:40.568+0000] {subprocess.py:93} INFO - [INFO] Latest file for freshdesk/agents: s3a://multusystem/freshdesk/agents/2025_11_01_1762007619218_0.parquet
[2025-11-01T14:50:43.163+0000] {subprocess.py:93} INFO - INFO:__main__:Agents data loaded successfully from s3a://multusystem/freshdesk/agents/2025_11_01_1762007619218_0.parquet,rows: 5
[2025-11-01T14:50:53.519+0000] {subprocess.py:93} INFO - 25/11/01 14:50:53 WARN HadoopTableOperations: Error reading version hint file s3a://multusystem/silver_layer/agents/metadata/version-hint.text
[2025-11-01T14:50:53.521+0000] {subprocess.py:93} INFO - java.io.FileNotFoundException: No such file or directory: s3a://multusystem/silver_layer/agents/metadata/version-hint.text
[2025-11-01T14:50:53.522+0000] {subprocess.py:93} INFO - 	at org.apache.hadoop.fs.s3a.S3AFileSystem.s3GetFileStatus(S3AFileSystem.java:3866)
[2025-11-01T14:50:53.523+0000] {subprocess.py:93} INFO - 	at org.apache.hadoop.fs.s3a.S3AFileSystem.innerGetFileStatus(S3AFileSystem.java:3688)
[2025-11-01T14:50:53.524+0000] {subprocess.py:93} INFO - 	at org.apache.hadoop.fs.s3a.S3AFileSystem.extractOrFetchSimpleFileStatus(S3AFileSystem.java:5401)
[2025-11-01T14:50:53.525+0000] {subprocess.py:93} INFO - 	at org.apache.hadoop.fs.s3a.S3AFileSystem.open(S3AFileSystem.java:1465)
[2025-11-01T14:50:53.525+0000] {subprocess.py:93} INFO - 	at org.apache.hadoop.fs.s3a.S3AFileSystem.open(S3AFileSystem.java:1441)
[2025-11-01T14:50:53.526+0000] {subprocess.py:93} INFO - 	at org.apache.hadoop.fs.FileSystem.open(FileSystem.java:976)
[2025-11-01T14:50:53.527+0000] {subprocess.py:93} INFO - 	at org.apache.iceberg.hadoop.HadoopTableOperations.findVersion(HadoopTableOperations.java:318)
[2025-11-01T14:50:53.527+0000] {subprocess.py:93} INFO - 	at org.apache.iceberg.hadoop.HadoopTableOperations.refresh(HadoopTableOperations.java:104)
[2025-11-01T14:50:53.528+0000] {subprocess.py:93} INFO - 	at org.apache.iceberg.BaseTransaction.lambda$commitReplaceTransaction$1(BaseTransaction.java:368)
[2025-11-01T14:50:53.529+0000] {subprocess.py:93} INFO - 	at org.apache.iceberg.util.Tasks$Builder.runTaskWithRetry(Tasks.java:413)
[2025-11-01T14:50:53.530+0000] {subprocess.py:93} INFO - 	at org.apache.iceberg.util.Tasks$Builder.runSingleThreaded(Tasks.java:219)
[2025-11-01T14:50:53.532+0000] {subprocess.py:93} INFO - 	at org.apache.iceberg.util.Tasks$Builder.run(Tasks.java:203)
[2025-11-01T14:50:53.533+0000] {subprocess.py:93} INFO - 	at org.apache.iceberg.util.Tasks$Builder.run(Tasks.java:196)
[2025-11-01T14:50:53.533+0000] {subprocess.py:93} INFO - 	at org.apache.iceberg.BaseTransaction.commitReplaceTransaction(BaseTransaction.java:365)
[2025-11-01T14:50:53.534+0000] {subprocess.py:93} INFO - 	at org.apache.iceberg.BaseTransaction.commitTransaction(BaseTransaction.java:314)
[2025-11-01T14:50:53.535+0000] {subprocess.py:93} INFO - 	at org.apache.iceberg.CommitCallbackTransaction.commitTransaction(CommitCallbackTransaction.java:126)
[2025-11-01T14:50:53.536+0000] {subprocess.py:93} INFO - 	at org.apache.iceberg.spark.source.StagedSparkTable.commitStagedChanges(StagedSparkTable.java:34)
[2025-11-01T14:50:53.537+0000] {subprocess.py:93} INFO - 	at org.apache.spark.sql.execution.datasources.v2.TableWriteExecHelper.$anonfun$writeToTable$1(WriteToDataSourceV2Exec.scala:603)
[2025-11-01T14:50:53.538+0000] {subprocess.py:93} INFO - 	at org.apache.spark.util.Utils$.tryWithSafeFinallyAndFailureCallbacks(Utils.scala:1563)
[2025-11-01T14:50:53.540+0000] {subprocess.py:93} INFO - 	at org.apache.spark.sql.execution.datasources.v2.TableWriteExecHelper.writeToTable(WriteToDataSourceV2Exec.scala:587)
[2025-11-01T14:50:53.541+0000] {subprocess.py:93} INFO - 	at org.apache.spark.sql.execution.datasources.v2.TableWriteExecHelper.writeToTable$(WriteToDataSourceV2Exec.scala:582)
[2025-11-01T14:50:53.542+0000] {subprocess.py:93} INFO - 	at org.apache.spark.sql.execution.datasources.v2.AtomicReplaceTableAsSelectExec.writeToTable(WriteToDataSourceV2Exec.scala:202)
[2025-11-01T14:50:53.543+0000] {subprocess.py:93} INFO - 	at org.apache.spark.sql.execution.datasources.v2.AtomicReplaceTableAsSelectExec.run(WriteToDataSourceV2Exec.scala:236)
[2025-11-01T14:50:53.543+0000] {subprocess.py:93} INFO - 	at org.apache.spark.sql.execution.datasources.v2.V2CommandExec.result$lzycompute(V2CommandExec.scala:43)
[2025-11-01T14:50:53.544+0000] {subprocess.py:93} INFO - 	at org.apache.spark.sql.execution.datasources.v2.V2CommandExec.result(V2CommandExec.scala:43)
[2025-11-01T14:50:53.546+0000] {subprocess.py:93} INFO - 	at org.apache.spark.sql.execution.datasources.v2.V2CommandExec.executeCollect(V2CommandExec.scala:49)
[2025-11-01T14:50:53.547+0000] {subprocess.py:93} INFO - 	at org.apache.spark.sql.execution.QueryExecution$$anonfun$eagerlyExecuteCommands$1.$anonfun$applyOrElse$1(QueryExecution.scala:98)
[2025-11-01T14:50:53.548+0000] {subprocess.py:93} INFO - 	at org.apache.spark.sql.execution.SQLExecution$.$anonfun$withNewExecutionId$6(SQLExecution.scala:118)
[2025-11-01T14:50:53.549+0000] {subprocess.py:93} INFO - 	at org.apache.spark.sql.execution.SQLExecution$.withSQLConfPropagated(SQLExecution.scala:195)
[2025-11-01T14:50:53.550+0000] {subprocess.py:93} INFO - 	at org.apache.spark.sql.execution.SQLExecution$.$anonfun$withNewExecutionId$1(SQLExecution.scala:103)
[2025-11-01T14:50:53.551+0000] {subprocess.py:93} INFO - 	at org.apache.spark.sql.SparkSession.withActive(SparkSession.scala:827)
[2025-11-01T14:50:53.552+0000] {subprocess.py:93} INFO - 	at org.apache.spark.sql.execution.SQLExecution$.withNewExecutionId(SQLExecution.scala:65)
[2025-11-01T14:50:53.554+0000] {subprocess.py:93} INFO - 	at org.apache.spark.sql.execution.QueryExecution$$anonfun$eagerlyExecuteCommands$1.applyOrElse(QueryExecution.scala:98)
[2025-11-01T14:50:53.555+0000] {subprocess.py:93} INFO - 	at org.apache.spark.sql.execution.QueryExecution$$anonfun$eagerlyExecuteCommands$1.applyOrElse(QueryExecution.scala:94)
[2025-11-01T14:50:53.555+0000] {subprocess.py:93} INFO - 	at org.apache.spark.sql.catalyst.trees.TreeNode.$anonfun$transformDownWithPruning$1(TreeNode.scala:512)
[2025-11-01T14:50:53.556+0000] {subprocess.py:93} INFO - 	at org.apache.spark.sql.catalyst.trees.CurrentOrigin$.withOrigin(TreeNode.scala:104)
[2025-11-01T14:50:53.557+0000] {subprocess.py:93} INFO - 	at org.apache.spark.sql.catalyst.trees.TreeNode.transformDownWithPruning(TreeNode.scala:512)
[2025-11-01T14:50:53.558+0000] {subprocess.py:93} INFO - 	at org.apache.spark.sql.catalyst.plans.logical.LogicalPlan.org$apache$spark$sql$catalyst$plans$logical$AnalysisHelper$$super$transformDownWithPruning(LogicalPlan.scala:31)
[2025-11-01T14:50:53.559+0000] {subprocess.py:93} INFO - 	at org.apache.spark.sql.catalyst.plans.logical.AnalysisHelper.transformDownWithPruning(AnalysisHelper.scala:267)
[2025-11-01T14:50:53.560+0000] {subprocess.py:93} INFO - 	at org.apache.spark.sql.catalyst.plans.logical.AnalysisHelper.transformDownWithPruning$(AnalysisHelper.scala:263)
[2025-11-01T14:50:53.561+0000] {subprocess.py:93} INFO - 	at org.apache.spark.sql.catalyst.plans.logical.LogicalPlan.transformDownWithPruning(LogicalPlan.scala:31)
[2025-11-01T14:50:53.562+0000] {subprocess.py:93} INFO - 	at org.apache.spark.sql.catalyst.plans.logical.LogicalPlan.transformDownWithPruning(LogicalPlan.scala:31)
[2025-11-01T14:50:53.562+0000] {subprocess.py:93} INFO - 	at org.apache.spark.sql.catalyst.trees.TreeNode.transformDown(TreeNode.scala:488)
[2025-11-01T14:50:53.563+0000] {subprocess.py:93} INFO - 	at org.apache.spark.sql.execution.QueryExecution.eagerlyExecuteCommands(QueryExecution.scala:94)
[2025-11-01T14:50:53.564+0000] {subprocess.py:93} INFO - 	at org.apache.spark.sql.execution.QueryExecution.commandExecuted$lzycompute(QueryExecution.scala:81)
[2025-11-01T14:50:53.565+0000] {subprocess.py:93} INFO - 	at org.apache.spark.sql.execution.QueryExecution.commandExecuted(QueryExecution.scala:79)
[2025-11-01T14:50:53.566+0000] {subprocess.py:93} INFO - 	at org.apache.spark.sql.execution.QueryExecution.assertCommandExecuted(QueryExecution.scala:133)
[2025-11-01T14:50:53.566+0000] {subprocess.py:93} INFO - 	at org.apache.spark.sql.DataFrameWriterV2.runCommand(DataFrameWriterV2.scala:195)
[2025-11-01T14:50:53.567+0000] {subprocess.py:93} INFO - 	at org.apache.spark.sql.DataFrameWriterV2.internalReplace(DataFrameWriterV2.scala:207)
[2025-11-01T14:50:53.568+0000] {subprocess.py:93} INFO - 	at org.apache.spark.sql.DataFrameWriterV2.createOrReplace(DataFrameWriterV2.scala:133)
[2025-11-01T14:50:53.569+0000] {subprocess.py:93} INFO - 	at java.base/jdk.internal.reflect.NativeMethodAccessorImpl.invoke0(Native Method)
[2025-11-01T14:50:53.570+0000] {subprocess.py:93} INFO - 	at java.base/jdk.internal.reflect.NativeMethodAccessorImpl.invoke(NativeMethodAccessorImpl.java:77)
[2025-11-01T14:50:53.571+0000] {subprocess.py:93} INFO - 	at java.base/jdk.internal.reflect.DelegatingMethodAccessorImpl.invoke(DelegatingMethodAccessorImpl.java:43)
[2025-11-01T14:50:53.571+0000] {subprocess.py:93} INFO - 	at java.base/java.lang.reflect.Method.invoke(Method.java:569)
[2025-11-01T14:50:53.572+0000] {subprocess.py:93} INFO - 	at py4j.reflection.MethodInvoker.invoke(MethodInvoker.java:244)
[2025-11-01T14:50:53.573+0000] {subprocess.py:93} INFO - 	at py4j.reflection.ReflectionEngine.invoke(ReflectionEngine.java:374)
[2025-11-01T14:50:53.574+0000] {subprocess.py:93} INFO - 	at py4j.Gateway.invoke(Gateway.java:282)
[2025-11-01T14:50:53.575+0000] {subprocess.py:93} INFO - 	at py4j.commands.AbstractCommand.invokeMethod(AbstractCommand.java:132)
[2025-11-01T14:50:53.576+0000] {subprocess.py:93} INFO - 	at py4j.commands.CallCommand.execute(CallCommand.java:79)
[2025-11-01T14:50:53.577+0000] {subprocess.py:93} INFO - 	at py4j.ClientServerConnection.waitForCommands(ClientServerConnection.java:182)
[2025-11-01T14:50:53.577+0000] {subprocess.py:93} INFO - 	at py4j.ClientServerConnection.run(ClientServerConnection.java:106)
[2025-11-01T14:50:53.578+0000] {subprocess.py:93} INFO - 	at java.base/java.lang.Thread.run(Thread.java:840)
[2025-11-01T14:50:55.022+0000] {subprocess.py:93} INFO - 25/11/01 14:50:55 WARN HadoopTableOperations: Error reading version hint file s3a://multusystem/silver_layer/agents/metadata/version-hint.text
[2025-11-01T14:50:55.024+0000] {subprocess.py:93} INFO - java.io.FileNotFoundException: No such file or directory: s3a://multusystem/silver_layer/agents/metadata/version-hint.text
[2025-11-01T14:50:55.025+0000] {subprocess.py:93} INFO - 	at org.apache.hadoop.fs.s3a.S3AFileSystem.s3GetFileStatus(S3AFileSystem.java:3866)
[2025-11-01T14:50:55.026+0000] {subprocess.py:93} INFO - 	at org.apache.hadoop.fs.s3a.S3AFileSystem.innerGetFileStatus(S3AFileSystem.java:3688)
[2025-11-01T14:50:55.027+0000] {subprocess.py:93} INFO - 	at org.apache.hadoop.fs.s3a.S3AFileSystem.extractOrFetchSimpleFileStatus(S3AFileSystem.java:5401)
[2025-11-01T14:50:55.028+0000] {subprocess.py:93} INFO - 	at org.apache.hadoop.fs.s3a.S3AFileSystem.open(S3AFileSystem.java:1465)
[2025-11-01T14:50:55.029+0000] {subprocess.py:93} INFO - 	at org.apache.hadoop.fs.s3a.S3AFileSystem.open(S3AFileSystem.java:1441)
[2025-11-01T14:50:55.029+0000] {subprocess.py:93} INFO - 	at org.apache.hadoop.fs.FileSystem.open(FileSystem.java:976)
[2025-11-01T14:50:55.030+0000] {subprocess.py:93} INFO - 	at org.apache.iceberg.hadoop.HadoopTableOperations.findVersion(HadoopTableOperations.java:318)
[2025-11-01T14:50:55.031+0000] {subprocess.py:93} INFO - 	at org.apache.iceberg.hadoop.HadoopTableOperations.refresh(HadoopTableOperations.java:104)
[2025-11-01T14:50:55.032+0000] {subprocess.py:93} INFO - 	at org.apache.iceberg.hadoop.HadoopTableOperations.current(HadoopTableOperations.java:84)
[2025-11-01T14:50:55.032+0000] {subprocess.py:93} INFO - 	at org.apache.iceberg.BaseTransaction.lambda$commitReplaceTransaction$1(BaseTransaction.java:377)
[2025-11-01T14:50:55.033+0000] {subprocess.py:93} INFO - 	at org.apache.iceberg.util.Tasks$Builder.runTaskWithRetry(Tasks.java:413)
[2025-11-01T14:50:55.034+0000] {subprocess.py:93} INFO - 	at org.apache.iceberg.util.Tasks$Builder.runSingleThreaded(Tasks.java:219)
[2025-11-01T14:50:55.034+0000] {subprocess.py:93} INFO - 	at org.apache.iceberg.util.Tasks$Builder.run(Tasks.java:203)
[2025-11-01T14:50:55.035+0000] {subprocess.py:93} INFO - 	at org.apache.iceberg.util.Tasks$Builder.run(Tasks.java:196)
[2025-11-01T14:50:55.036+0000] {subprocess.py:93} INFO - 	at org.apache.iceberg.BaseTransaction.commitReplaceTransaction(BaseTransaction.java:365)
[2025-11-01T14:50:55.036+0000] {subprocess.py:93} INFO - 	at org.apache.iceberg.BaseTransaction.commitTransaction(BaseTransaction.java:314)
[2025-11-01T14:50:55.037+0000] {subprocess.py:93} INFO - 	at org.apache.iceberg.CommitCallbackTransaction.commitTransaction(CommitCallbackTransaction.java:126)
[2025-11-01T14:50:55.037+0000] {subprocess.py:93} INFO - 	at org.apache.iceberg.spark.source.StagedSparkTable.commitStagedChanges(StagedSparkTable.java:34)
[2025-11-01T14:50:55.038+0000] {subprocess.py:93} INFO - 	at org.apache.spark.sql.execution.datasources.v2.TableWriteExecHelper.$anonfun$writeToTable$1(WriteToDataSourceV2Exec.scala:603)
[2025-11-01T14:50:55.039+0000] {subprocess.py:93} INFO - 	at org.apache.spark.util.Utils$.tryWithSafeFinallyAndFailureCallbacks(Utils.scala:1563)
[2025-11-01T14:50:55.039+0000] {subprocess.py:93} INFO - 	at org.apache.spark.sql.execution.datasources.v2.TableWriteExecHelper.writeToTable(WriteToDataSourceV2Exec.scala:587)
[2025-11-01T14:50:55.040+0000] {subprocess.py:93} INFO - 	at org.apache.spark.sql.execution.datasources.v2.TableWriteExecHelper.writeToTable$(WriteToDataSourceV2Exec.scala:582)
[2025-11-01T14:50:55.041+0000] {subprocess.py:93} INFO - 	at org.apache.spark.sql.execution.datasources.v2.AtomicReplaceTableAsSelectExec.writeToTable(WriteToDataSourceV2Exec.scala:202)
[2025-11-01T14:50:55.042+0000] {subprocess.py:93} INFO - 	at org.apache.spark.sql.execution.datasources.v2.AtomicReplaceTableAsSelectExec.run(WriteToDataSourceV2Exec.scala:236)
[2025-11-01T14:50:55.042+0000] {subprocess.py:93} INFO - 	at org.apache.spark.sql.execution.datasources.v2.V2CommandExec.result$lzycompute(V2CommandExec.scala:43)
[2025-11-01T14:50:55.043+0000] {subprocess.py:93} INFO - 	at org.apache.spark.sql.execution.datasources.v2.V2CommandExec.result(V2CommandExec.scala:43)
[2025-11-01T14:50:55.044+0000] {subprocess.py:93} INFO - 	at org.apache.spark.sql.execution.datasources.v2.V2CommandExec.executeCollect(V2CommandExec.scala:49)
[2025-11-01T14:50:55.045+0000] {subprocess.py:93} INFO - 	at org.apache.spark.sql.execution.QueryExecution$$anonfun$eagerlyExecuteCommands$1.$anonfun$applyOrElse$1(QueryExecution.scala:98)
[2025-11-01T14:50:55.045+0000] {subprocess.py:93} INFO - 	at org.apache.spark.sql.execution.SQLExecution$.$anonfun$withNewExecutionId$6(SQLExecution.scala:118)
[2025-11-01T14:50:55.046+0000] {subprocess.py:93} INFO - 	at org.apache.spark.sql.execution.SQLExecution$.withSQLConfPropagated(SQLExecution.scala:195)
[2025-11-01T14:50:55.047+0000] {subprocess.py:93} INFO - 	at org.apache.spark.sql.execution.SQLExecution$.$anonfun$withNewExecutionId$1(SQLExecution.scala:103)
[2025-11-01T14:50:55.047+0000] {subprocess.py:93} INFO - 	at org.apache.spark.sql.SparkSession.withActive(SparkSession.scala:827)
[2025-11-01T14:50:55.048+0000] {subprocess.py:93} INFO - 	at org.apache.spark.sql.execution.SQLExecution$.withNewExecutionId(SQLExecution.scala:65)
[2025-11-01T14:50:55.049+0000] {subprocess.py:93} INFO - 	at org.apache.spark.sql.execution.QueryExecution$$anonfun$eagerlyExecuteCommands$1.applyOrElse(QueryExecution.scala:98)
[2025-11-01T14:50:55.049+0000] {subprocess.py:93} INFO - 	at org.apache.spark.sql.execution.QueryExecution$$anonfun$eagerlyExecuteCommands$1.applyOrElse(QueryExecution.scala:94)
[2025-11-01T14:50:55.050+0000] {subprocess.py:93} INFO - 	at org.apache.spark.sql.catalyst.trees.TreeNode.$anonfun$transformDownWithPruning$1(TreeNode.scala:512)
[2025-11-01T14:50:55.050+0000] {subprocess.py:93} INFO - 	at org.apache.spark.sql.catalyst.trees.CurrentOrigin$.withOrigin(TreeNode.scala:104)
[2025-11-01T14:50:55.051+0000] {subprocess.py:93} INFO - 	at org.apache.spark.sql.catalyst.trees.TreeNode.transformDownWithPruning(TreeNode.scala:512)
[2025-11-01T14:50:55.052+0000] {subprocess.py:93} INFO - 	at org.apache.spark.sql.catalyst.plans.logical.LogicalPlan.org$apache$spark$sql$catalyst$plans$logical$AnalysisHelper$$super$transformDownWithPruning(LogicalPlan.scala:31)
[2025-11-01T14:50:55.053+0000] {subprocess.py:93} INFO - 	at org.apache.spark.sql.catalyst.plans.logical.AnalysisHelper.transformDownWithPruning(AnalysisHelper.scala:267)
[2025-11-01T14:50:55.054+0000] {subprocess.py:93} INFO - 	at org.apache.spark.sql.catalyst.plans.logical.AnalysisHelper.transformDownWithPruning$(AnalysisHelper.scala:263)
[2025-11-01T14:50:55.055+0000] {subprocess.py:93} INFO - 	at org.apache.spark.sql.catalyst.plans.logical.LogicalPlan.transformDownWithPruning(LogicalPlan.scala:31)
[2025-11-01T14:50:55.055+0000] {subprocess.py:93} INFO - 	at org.apache.spark.sql.catalyst.plans.logical.LogicalPlan.transformDownWithPruning(LogicalPlan.scala:31)
[2025-11-01T14:50:55.056+0000] {subprocess.py:93} INFO - 	at org.apache.spark.sql.catalyst.trees.TreeNode.transformDown(TreeNode.scala:488)
[2025-11-01T14:50:55.057+0000] {subprocess.py:93} INFO - 	at org.apache.spark.sql.execution.QueryExecution.eagerlyExecuteCommands(QueryExecution.scala:94)
[2025-11-01T14:50:55.057+0000] {subprocess.py:93} INFO - 	at org.apache.spark.sql.execution.QueryExecution.commandExecuted$lzycompute(QueryExecution.scala:81)
[2025-11-01T14:50:55.058+0000] {subprocess.py:93} INFO - 	at org.apache.spark.sql.execution.QueryExecution.commandExecuted(QueryExecution.scala:79)
[2025-11-01T14:50:55.059+0000] {subprocess.py:93} INFO - 	at org.apache.spark.sql.execution.QueryExecution.assertCommandExecuted(QueryExecution.scala:133)
[2025-11-01T14:50:55.060+0000] {subprocess.py:93} INFO - 	at org.apache.spark.sql.DataFrameWriterV2.runCommand(DataFrameWriterV2.scala:195)
[2025-11-01T14:50:55.061+0000] {subprocess.py:93} INFO - 	at org.apache.spark.sql.DataFrameWriterV2.internalReplace(DataFrameWriterV2.scala:207)
[2025-11-01T14:50:55.062+0000] {subprocess.py:93} INFO - 	at org.apache.spark.sql.DataFrameWriterV2.createOrReplace(DataFrameWriterV2.scala:133)
[2025-11-01T14:50:55.063+0000] {subprocess.py:93} INFO - 	at java.base/jdk.internal.reflect.NativeMethodAccessorImpl.invoke0(Native Method)
[2025-11-01T14:50:55.063+0000] {subprocess.py:93} INFO - 	at java.base/jdk.internal.reflect.NativeMethodAccessorImpl.invoke(NativeMethodAccessorImpl.java:77)
[2025-11-01T14:50:55.064+0000] {subprocess.py:93} INFO - 	at java.base/jdk.internal.reflect.DelegatingMethodAccessorImpl.invoke(DelegatingMethodAccessorImpl.java:43)
[2025-11-01T14:50:55.065+0000] {subprocess.py:93} INFO - 	at java.base/java.lang.reflect.Method.invoke(Method.java:569)
[2025-11-01T14:50:55.066+0000] {subprocess.py:93} INFO - 	at py4j.reflection.MethodInvoker.invoke(MethodInvoker.java:244)
[2025-11-01T14:50:55.066+0000] {subprocess.py:93} INFO - 	at py4j.reflection.ReflectionEngine.invoke(ReflectionEngine.java:374)
[2025-11-01T14:50:55.067+0000] {subprocess.py:93} INFO - 	at py4j.Gateway.invoke(Gateway.java:282)
[2025-11-01T14:50:55.067+0000] {subprocess.py:93} INFO - 	at py4j.commands.AbstractCommand.invokeMethod(AbstractCommand.java:132)
[2025-11-01T14:50:55.068+0000] {subprocess.py:93} INFO - 	at py4j.commands.CallCommand.execute(CallCommand.java:79)
[2025-11-01T14:50:55.069+0000] {subprocess.py:93} INFO - 	at py4j.ClientServerConnection.waitForCommands(ClientServerConnection.java:182)
[2025-11-01T14:50:55.070+0000] {subprocess.py:93} INFO - 	at py4j.ClientServerConnection.run(ClientServerConnection.java:106)
[2025-11-01T14:50:55.070+0000] {subprocess.py:93} INFO - 	at java.base/java.lang.Thread.run(Thread.java:840)
[2025-11-01T14:51:00.157+0000] {subprocess.py:93} INFO - Successfully written to Iceberg table: agents
[2025-11-01T14:51:01.700+0000] {subprocess.py:93} INFO - INFO:__main__:Agents data written to iceberg successfully with 5 rows
[2025-11-01T14:51:02.165+0000] {subprocess.py:93} INFO - [INFO] Latest file for freshdesk/tickets: s3a://multusystem/freshdesk/tickets/2025_11_01_1762007619218_0.parquet
[2025-11-01T14:51:04.574+0000] {subprocess.py:93} INFO - INFO:__main__:Tickets data loaded successfully from s3a://multusystem/freshdesk/tickets/2025_11_01_1762007619218_0.parquet,rows: 8
[2025-11-01T14:51:12.969+0000] {subprocess.py:93} INFO - 25/11/01 14:51:12 WARN HadoopTableOperations: Error reading version hint file s3a://multusystem/silver_layer/tickets/metadata/version-hint.text
[2025-11-01T14:51:12.971+0000] {subprocess.py:93} INFO - java.io.FileNotFoundException: No such file or directory: s3a://multusystem/silver_layer/tickets/metadata/version-hint.text
[2025-11-01T14:51:12.972+0000] {subprocess.py:93} INFO - 	at org.apache.hadoop.fs.s3a.S3AFileSystem.s3GetFileStatus(S3AFileSystem.java:3866)
[2025-11-01T14:51:12.973+0000] {subprocess.py:93} INFO - 	at org.apache.hadoop.fs.s3a.S3AFileSystem.innerGetFileStatus(S3AFileSystem.java:3688)
[2025-11-01T14:51:12.974+0000] {subprocess.py:93} INFO - 	at org.apache.hadoop.fs.s3a.S3AFileSystem.extractOrFetchSimpleFileStatus(S3AFileSystem.java:5401)
[2025-11-01T14:51:12.975+0000] {subprocess.py:93} INFO - 	at org.apache.hadoop.fs.s3a.S3AFileSystem.open(S3AFileSystem.java:1465)
[2025-11-01T14:51:12.976+0000] {subprocess.py:93} INFO - 	at org.apache.hadoop.fs.s3a.S3AFileSystem.open(S3AFileSystem.java:1441)
[2025-11-01T14:51:12.977+0000] {subprocess.py:93} INFO - 	at org.apache.hadoop.fs.FileSystem.open(FileSystem.java:976)
[2025-11-01T14:51:12.978+0000] {subprocess.py:93} INFO - 	at org.apache.iceberg.hadoop.HadoopTableOperations.findVersion(HadoopTableOperations.java:318)
[2025-11-01T14:51:12.979+0000] {subprocess.py:93} INFO - 	at org.apache.iceberg.hadoop.HadoopTableOperations.refresh(HadoopTableOperations.java:104)
[2025-11-01T14:51:12.980+0000] {subprocess.py:93} INFO - 	at org.apache.iceberg.BaseTransaction.lambda$commitReplaceTransaction$1(BaseTransaction.java:368)
[2025-11-01T14:51:12.981+0000] {subprocess.py:93} INFO - 	at org.apache.iceberg.util.Tasks$Builder.runTaskWithRetry(Tasks.java:413)
[2025-11-01T14:51:12.982+0000] {subprocess.py:93} INFO - 	at org.apache.iceberg.util.Tasks$Builder.runSingleThreaded(Tasks.java:219)
[2025-11-01T14:51:12.983+0000] {subprocess.py:93} INFO - 	at org.apache.iceberg.util.Tasks$Builder.run(Tasks.java:203)
[2025-11-01T14:51:12.984+0000] {subprocess.py:93} INFO - 	at org.apache.iceberg.util.Tasks$Builder.run(Tasks.java:196)
[2025-11-01T14:51:12.985+0000] {subprocess.py:93} INFO - 	at org.apache.iceberg.BaseTransaction.commitReplaceTransaction(BaseTransaction.java:365)
[2025-11-01T14:51:12.986+0000] {subprocess.py:93} INFO - 	at org.apache.iceberg.BaseTransaction.commitTransaction(BaseTransaction.java:314)
[2025-11-01T14:51:12.986+0000] {subprocess.py:93} INFO - 	at org.apache.iceberg.CommitCallbackTransaction.commitTransaction(CommitCallbackTransaction.java:126)
[2025-11-01T14:51:12.987+0000] {subprocess.py:93} INFO - 	at org.apache.iceberg.spark.source.StagedSparkTable.commitStagedChanges(StagedSparkTable.java:34)
[2025-11-01T14:51:12.988+0000] {subprocess.py:93} INFO - 	at org.apache.spark.sql.execution.datasources.v2.TableWriteExecHelper.$anonfun$writeToTable$1(WriteToDataSourceV2Exec.scala:603)
[2025-11-01T14:51:12.989+0000] {subprocess.py:93} INFO - 	at org.apache.spark.util.Utils$.tryWithSafeFinallyAndFailureCallbacks(Utils.scala:1563)
[2025-11-01T14:51:12.990+0000] {subprocess.py:93} INFO - 	at org.apache.spark.sql.execution.datasources.v2.TableWriteExecHelper.writeToTable(WriteToDataSourceV2Exec.scala:587)
[2025-11-01T14:51:12.992+0000] {subprocess.py:93} INFO - 	at org.apache.spark.sql.execution.datasources.v2.TableWriteExecHelper.writeToTable$(WriteToDataSourceV2Exec.scala:582)
[2025-11-01T14:51:12.993+0000] {subprocess.py:93} INFO - 	at org.apache.spark.sql.execution.datasources.v2.AtomicReplaceTableAsSelectExec.writeToTable(WriteToDataSourceV2Exec.scala:202)
[2025-11-01T14:51:12.994+0000] {subprocess.py:93} INFO - 	at org.apache.spark.sql.execution.datasources.v2.AtomicReplaceTableAsSelectExec.run(WriteToDataSourceV2Exec.scala:236)
[2025-11-01T14:51:12.996+0000] {subprocess.py:93} INFO - 	at org.apache.spark.sql.execution.datasources.v2.V2CommandExec.result$lzycompute(V2CommandExec.scala:43)
[2025-11-01T14:51:12.997+0000] {subprocess.py:93} INFO - 	at org.apache.spark.sql.execution.datasources.v2.V2CommandExec.result(V2CommandExec.scala:43)
[2025-11-01T14:51:12.998+0000] {subprocess.py:93} INFO - 	at org.apache.spark.sql.execution.datasources.v2.V2CommandExec.executeCollect(V2CommandExec.scala:49)
[2025-11-01T14:51:12.999+0000] {subprocess.py:93} INFO - 	at org.apache.spark.sql.execution.QueryExecution$$anonfun$eagerlyExecuteCommands$1.$anonfun$applyOrElse$1(QueryExecution.scala:98)
[2025-11-01T14:51:13.000+0000] {subprocess.py:93} INFO - 	at org.apache.spark.sql.execution.SQLExecution$.$anonfun$withNewExecutionId$6(SQLExecution.scala:118)
[2025-11-01T14:51:13.001+0000] {subprocess.py:93} INFO - 	at org.apache.spark.sql.execution.SQLExecution$.withSQLConfPropagated(SQLExecution.scala:195)
[2025-11-01T14:51:13.001+0000] {subprocess.py:93} INFO - 	at org.apache.spark.sql.execution.SQLExecution$.$anonfun$withNewExecutionId$1(SQLExecution.scala:103)
[2025-11-01T14:51:13.002+0000] {subprocess.py:93} INFO - 	at org.apache.spark.sql.SparkSession.withActive(SparkSession.scala:827)
[2025-11-01T14:51:13.003+0000] {subprocess.py:93} INFO - 	at org.apache.spark.sql.execution.SQLExecution$.withNewExecutionId(SQLExecution.scala:65)
[2025-11-01T14:51:13.004+0000] {subprocess.py:93} INFO - 	at org.apache.spark.sql.execution.QueryExecution$$anonfun$eagerlyExecuteCommands$1.applyOrElse(QueryExecution.scala:98)
[2025-11-01T14:51:13.005+0000] {subprocess.py:93} INFO - 	at org.apache.spark.sql.execution.QueryExecution$$anonfun$eagerlyExecuteCommands$1.applyOrElse(QueryExecution.scala:94)
[2025-11-01T14:51:13.005+0000] {subprocess.py:93} INFO - 	at org.apache.spark.sql.catalyst.trees.TreeNode.$anonfun$transformDownWithPruning$1(TreeNode.scala:512)
[2025-11-01T14:51:13.007+0000] {subprocess.py:93} INFO - 	at org.apache.spark.sql.catalyst.trees.CurrentOrigin$.withOrigin(TreeNode.scala:104)
[2025-11-01T14:51:13.007+0000] {subprocess.py:93} INFO - 	at org.apache.spark.sql.catalyst.trees.TreeNode.transformDownWithPruning(TreeNode.scala:512)
[2025-11-01T14:51:13.008+0000] {subprocess.py:93} INFO - 	at org.apache.spark.sql.catalyst.plans.logical.LogicalPlan.org$apache$spark$sql$catalyst$plans$logical$AnalysisHelper$$super$transformDownWithPruning(LogicalPlan.scala:31)
[2025-11-01T14:51:13.009+0000] {subprocess.py:93} INFO - 	at org.apache.spark.sql.catalyst.plans.logical.AnalysisHelper.transformDownWithPruning(AnalysisHelper.scala:267)
[2025-11-01T14:51:13.010+0000] {subprocess.py:93} INFO - 	at org.apache.spark.sql.catalyst.plans.logical.AnalysisHelper.transformDownWithPruning$(AnalysisHelper.scala:263)
[2025-11-01T14:51:13.011+0000] {subprocess.py:93} INFO - 	at org.apache.spark.sql.catalyst.plans.logical.LogicalPlan.transformDownWithPruning(LogicalPlan.scala:31)
[2025-11-01T14:51:13.012+0000] {subprocess.py:93} INFO - 	at org.apache.spark.sql.catalyst.plans.logical.LogicalPlan.transformDownWithPruning(LogicalPlan.scala:31)
[2025-11-01T14:51:13.013+0000] {subprocess.py:93} INFO - 	at org.apache.spark.sql.catalyst.trees.TreeNode.transformDown(TreeNode.scala:488)
[2025-11-01T14:51:13.014+0000] {subprocess.py:93} INFO - 	at org.apache.spark.sql.execution.QueryExecution.eagerlyExecuteCommands(QueryExecution.scala:94)
[2025-11-01T14:51:13.015+0000] {subprocess.py:93} INFO - 	at org.apache.spark.sql.execution.QueryExecution.commandExecuted$lzycompute(QueryExecution.scala:81)
[2025-11-01T14:51:13.016+0000] {subprocess.py:93} INFO - 	at org.apache.spark.sql.execution.QueryExecution.commandExecuted(QueryExecution.scala:79)
[2025-11-01T14:51:13.016+0000] {subprocess.py:93} INFO - 	at org.apache.spark.sql.execution.QueryExecution.assertCommandExecuted(QueryExecution.scala:133)
[2025-11-01T14:51:13.018+0000] {subprocess.py:93} INFO - 	at org.apache.spark.sql.DataFrameWriterV2.runCommand(DataFrameWriterV2.scala:195)
[2025-11-01T14:51:13.018+0000] {subprocess.py:93} INFO - 	at org.apache.spark.sql.DataFrameWriterV2.internalReplace(DataFrameWriterV2.scala:207)
[2025-11-01T14:51:13.019+0000] {subprocess.py:93} INFO - 	at org.apache.spark.sql.DataFrameWriterV2.createOrReplace(DataFrameWriterV2.scala:133)
[2025-11-01T14:51:13.020+0000] {subprocess.py:93} INFO - 	at java.base/jdk.internal.reflect.NativeMethodAccessorImpl.invoke0(Native Method)
[2025-11-01T14:51:13.021+0000] {subprocess.py:93} INFO - 	at java.base/jdk.internal.reflect.NativeMethodAccessorImpl.invoke(NativeMethodAccessorImpl.java:77)
[2025-11-01T14:51:13.023+0000] {subprocess.py:93} INFO - 	at java.base/jdk.internal.reflect.DelegatingMethodAccessorImpl.invoke(DelegatingMethodAccessorImpl.java:43)
[2025-11-01T14:51:13.024+0000] {subprocess.py:93} INFO - 	at java.base/java.lang.reflect.Method.invoke(Method.java:569)
[2025-11-01T14:51:13.024+0000] {subprocess.py:93} INFO - 	at py4j.reflection.MethodInvoker.invoke(MethodInvoker.java:244)
[2025-11-01T14:51:13.025+0000] {subprocess.py:93} INFO - 	at py4j.reflection.ReflectionEngine.invoke(ReflectionEngine.java:374)
[2025-11-01T14:51:13.026+0000] {subprocess.py:93} INFO - 	at py4j.Gateway.invoke(Gateway.java:282)
[2025-11-01T14:51:13.027+0000] {subprocess.py:93} INFO - 	at py4j.commands.AbstractCommand.invokeMethod(AbstractCommand.java:132)
[2025-11-01T14:51:13.028+0000] {subprocess.py:93} INFO - 	at py4j.commands.CallCommand.execute(CallCommand.java:79)
[2025-11-01T14:51:13.028+0000] {subprocess.py:93} INFO - 	at py4j.ClientServerConnection.waitForCommands(ClientServerConnection.java:182)
[2025-11-01T14:51:13.029+0000] {subprocess.py:93} INFO - 	at py4j.ClientServerConnection.run(ClientServerConnection.java:106)
[2025-11-01T14:51:13.030+0000] {subprocess.py:93} INFO - 	at java.base/java.lang.Thread.run(Thread.java:840)
[2025-11-01T14:51:14.464+0000] {subprocess.py:93} INFO - 25/11/01 14:51:14 WARN HadoopTableOperations: Error reading version hint file s3a://multusystem/silver_layer/tickets/metadata/version-hint.text
[2025-11-01T14:51:14.465+0000] {subprocess.py:93} INFO - java.io.FileNotFoundException: No such file or directory: s3a://multusystem/silver_layer/tickets/metadata/version-hint.text
[2025-11-01T14:51:14.466+0000] {subprocess.py:93} INFO - 	at org.apache.hadoop.fs.s3a.S3AFileSystem.s3GetFileStatus(S3AFileSystem.java:3866)
[2025-11-01T14:51:14.467+0000] {subprocess.py:93} INFO - 	at org.apache.hadoop.fs.s3a.S3AFileSystem.innerGetFileStatus(S3AFileSystem.java:3688)
[2025-11-01T14:51:14.467+0000] {subprocess.py:93} INFO - 	at org.apache.hadoop.fs.s3a.S3AFileSystem.extractOrFetchSimpleFileStatus(S3AFileSystem.java:5401)
[2025-11-01T14:51:14.468+0000] {subprocess.py:93} INFO - 	at org.apache.hadoop.fs.s3a.S3AFileSystem.open(S3AFileSystem.java:1465)
[2025-11-01T14:51:14.468+0000] {subprocess.py:93} INFO - 	at org.apache.hadoop.fs.s3a.S3AFileSystem.open(S3AFileSystem.java:1441)
[2025-11-01T14:51:14.469+0000] {subprocess.py:93} INFO - 	at org.apache.hadoop.fs.FileSystem.open(FileSystem.java:976)
[2025-11-01T14:51:14.470+0000] {subprocess.py:93} INFO - 	at org.apache.iceberg.hadoop.HadoopTableOperations.findVersion(HadoopTableOperations.java:318)
[2025-11-01T14:51:14.471+0000] {subprocess.py:93} INFO - 	at org.apache.iceberg.hadoop.HadoopTableOperations.refresh(HadoopTableOperations.java:104)
[2025-11-01T14:51:14.471+0000] {subprocess.py:93} INFO - 	at org.apache.iceberg.hadoop.HadoopTableOperations.current(HadoopTableOperations.java:84)
[2025-11-01T14:51:14.472+0000] {subprocess.py:93} INFO - 	at org.apache.iceberg.BaseTransaction.lambda$commitReplaceTransaction$1(BaseTransaction.java:377)
[2025-11-01T14:51:14.473+0000] {subprocess.py:93} INFO - 	at org.apache.iceberg.util.Tasks$Builder.runTaskWithRetry(Tasks.java:413)
[2025-11-01T14:51:14.473+0000] {subprocess.py:93} INFO - 	at org.apache.iceberg.util.Tasks$Builder.runSingleThreaded(Tasks.java:219)
[2025-11-01T14:51:14.474+0000] {subprocess.py:93} INFO - 	at org.apache.iceberg.util.Tasks$Builder.run(Tasks.java:203)
[2025-11-01T14:51:14.475+0000] {subprocess.py:93} INFO - 	at org.apache.iceberg.util.Tasks$Builder.run(Tasks.java:196)
[2025-11-01T14:51:14.476+0000] {subprocess.py:93} INFO - 	at org.apache.iceberg.BaseTransaction.commitReplaceTransaction(BaseTransaction.java:365)
[2025-11-01T14:51:14.478+0000] {subprocess.py:93} INFO - 	at org.apache.iceberg.BaseTransaction.commitTransaction(BaseTransaction.java:314)
[2025-11-01T14:51:14.479+0000] {subprocess.py:93} INFO - 	at org.apache.iceberg.CommitCallbackTransaction.commitTransaction(CommitCallbackTransaction.java:126)
[2025-11-01T14:51:14.480+0000] {subprocess.py:93} INFO - 	at org.apache.iceberg.spark.source.StagedSparkTable.commitStagedChanges(StagedSparkTable.java:34)
[2025-11-01T14:51:14.480+0000] {subprocess.py:93} INFO - 	at org.apache.spark.sql.execution.datasources.v2.TableWriteExecHelper.$anonfun$writeToTable$1(WriteToDataSourceV2Exec.scala:603)
[2025-11-01T14:51:14.482+0000] {subprocess.py:93} INFO - 	at org.apache.spark.util.Utils$.tryWithSafeFinallyAndFailureCallbacks(Utils.scala:1563)
[2025-11-01T14:51:14.483+0000] {subprocess.py:93} INFO - 	at org.apache.spark.sql.execution.datasources.v2.TableWriteExecHelper.writeToTable(WriteToDataSourceV2Exec.scala:587)
[2025-11-01T14:51:14.484+0000] {subprocess.py:93} INFO - 	at org.apache.spark.sql.execution.datasources.v2.TableWriteExecHelper.writeToTable$(WriteToDataSourceV2Exec.scala:582)
[2025-11-01T14:51:14.485+0000] {subprocess.py:93} INFO - 	at org.apache.spark.sql.execution.datasources.v2.AtomicReplaceTableAsSelectExec.writeToTable(WriteToDataSourceV2Exec.scala:202)
[2025-11-01T14:51:14.486+0000] {subprocess.py:93} INFO - 	at org.apache.spark.sql.execution.datasources.v2.AtomicReplaceTableAsSelectExec.run(WriteToDataSourceV2Exec.scala:236)
[2025-11-01T14:51:14.488+0000] {subprocess.py:93} INFO - 	at org.apache.spark.sql.execution.datasources.v2.V2CommandExec.result$lzycompute(V2CommandExec.scala:43)
[2025-11-01T14:51:14.489+0000] {subprocess.py:93} INFO - 	at org.apache.spark.sql.execution.datasources.v2.V2CommandExec.result(V2CommandExec.scala:43)
[2025-11-01T14:51:14.490+0000] {subprocess.py:93} INFO - 	at org.apache.spark.sql.execution.datasources.v2.V2CommandExec.executeCollect(V2CommandExec.scala:49)
[2025-11-01T14:51:14.491+0000] {subprocess.py:93} INFO - 	at org.apache.spark.sql.execution.QueryExecution$$anonfun$eagerlyExecuteCommands$1.$anonfun$applyOrElse$1(QueryExecution.scala:98)
[2025-11-01T14:51:14.492+0000] {subprocess.py:93} INFO - 	at org.apache.spark.sql.execution.SQLExecution$.$anonfun$withNewExecutionId$6(SQLExecution.scala:118)
[2025-11-01T14:51:14.493+0000] {subprocess.py:93} INFO - 	at org.apache.spark.sql.execution.SQLExecution$.withSQLConfPropagated(SQLExecution.scala:195)
[2025-11-01T14:51:14.494+0000] {subprocess.py:93} INFO - 	at org.apache.spark.sql.execution.SQLExecution$.$anonfun$withNewExecutionId$1(SQLExecution.scala:103)
[2025-11-01T14:51:14.494+0000] {subprocess.py:93} INFO - 	at org.apache.spark.sql.SparkSession.withActive(SparkSession.scala:827)
[2025-11-01T14:51:14.495+0000] {subprocess.py:93} INFO - 	at org.apache.spark.sql.execution.SQLExecution$.withNewExecutionId(SQLExecution.scala:65)
[2025-11-01T14:51:14.496+0000] {subprocess.py:93} INFO - 	at org.apache.spark.sql.execution.QueryExecution$$anonfun$eagerlyExecuteCommands$1.applyOrElse(QueryExecution.scala:98)
[2025-11-01T14:51:14.497+0000] {subprocess.py:93} INFO - 	at org.apache.spark.sql.execution.QueryExecution$$anonfun$eagerlyExecuteCommands$1.applyOrElse(QueryExecution.scala:94)
[2025-11-01T14:51:14.497+0000] {subprocess.py:93} INFO - 	at org.apache.spark.sql.catalyst.trees.TreeNode.$anonfun$transformDownWithPruning$1(TreeNode.scala:512)
[2025-11-01T14:51:14.498+0000] {subprocess.py:93} INFO - 	at org.apache.spark.sql.catalyst.trees.CurrentOrigin$.withOrigin(TreeNode.scala:104)
[2025-11-01T14:51:14.499+0000] {subprocess.py:93} INFO - 	at org.apache.spark.sql.catalyst.trees.TreeNode.transformDownWithPruning(TreeNode.scala:512)
[2025-11-01T14:51:14.500+0000] {subprocess.py:93} INFO - 	at org.apache.spark.sql.catalyst.plans.logical.LogicalPlan.org$apache$spark$sql$catalyst$plans$logical$AnalysisHelper$$super$transformDownWithPruning(LogicalPlan.scala:31)
[2025-11-01T14:51:14.501+0000] {subprocess.py:93} INFO - 	at org.apache.spark.sql.catalyst.plans.logical.AnalysisHelper.transformDownWithPruning(AnalysisHelper.scala:267)
[2025-11-01T14:51:14.502+0000] {subprocess.py:93} INFO - 	at org.apache.spark.sql.catalyst.plans.logical.AnalysisHelper.transformDownWithPruning$(AnalysisHelper.scala:263)
[2025-11-01T14:51:14.503+0000] {subprocess.py:93} INFO - 	at org.apache.spark.sql.catalyst.plans.logical.LogicalPlan.transformDownWithPruning(LogicalPlan.scala:31)
[2025-11-01T14:51:14.504+0000] {subprocess.py:93} INFO - 	at org.apache.spark.sql.catalyst.plans.logical.LogicalPlan.transformDownWithPruning(LogicalPlan.scala:31)
[2025-11-01T14:51:14.505+0000] {subprocess.py:93} INFO - 	at org.apache.spark.sql.catalyst.trees.TreeNode.transformDown(TreeNode.scala:488)
[2025-11-01T14:51:14.506+0000] {subprocess.py:93} INFO - 	at org.apache.spark.sql.execution.QueryExecution.eagerlyExecuteCommands(QueryExecution.scala:94)
[2025-11-01T14:51:14.506+0000] {subprocess.py:93} INFO - 	at org.apache.spark.sql.execution.QueryExecution.commandExecuted$lzycompute(QueryExecution.scala:81)
[2025-11-01T14:51:14.507+0000] {subprocess.py:93} INFO - 	at org.apache.spark.sql.execution.QueryExecution.commandExecuted(QueryExecution.scala:79)
[2025-11-01T14:51:14.508+0000] {subprocess.py:93} INFO - 	at org.apache.spark.sql.execution.QueryExecution.assertCommandExecuted(QueryExecution.scala:133)
[2025-11-01T14:51:14.509+0000] {subprocess.py:93} INFO - 	at org.apache.spark.sql.DataFrameWriterV2.runCommand(DataFrameWriterV2.scala:195)
[2025-11-01T14:51:14.510+0000] {subprocess.py:93} INFO - 	at org.apache.spark.sql.DataFrameWriterV2.internalReplace(DataFrameWriterV2.scala:207)
[2025-11-01T14:51:14.511+0000] {subprocess.py:93} INFO - 	at org.apache.spark.sql.DataFrameWriterV2.createOrReplace(DataFrameWriterV2.scala:133)
[2025-11-01T14:51:14.511+0000] {subprocess.py:93} INFO - 	at java.base/jdk.internal.reflect.NativeMethodAccessorImpl.invoke0(Native Method)
[2025-11-01T14:51:14.512+0000] {subprocess.py:93} INFO - 	at java.base/jdk.internal.reflect.NativeMethodAccessorImpl.invoke(NativeMethodAccessorImpl.java:77)
[2025-11-01T14:51:14.513+0000] {subprocess.py:93} INFO - 	at java.base/jdk.internal.reflect.DelegatingMethodAccessorImpl.invoke(DelegatingMethodAccessorImpl.java:43)
[2025-11-01T14:51:14.514+0000] {subprocess.py:93} INFO - 	at java.base/java.lang.reflect.Method.invoke(Method.java:569)
[2025-11-01T14:51:14.515+0000] {subprocess.py:93} INFO - 	at py4j.reflection.MethodInvoker.invoke(MethodInvoker.java:244)
[2025-11-01T14:51:14.515+0000] {subprocess.py:93} INFO - 	at py4j.reflection.ReflectionEngine.invoke(ReflectionEngine.java:374)
[2025-11-01T14:51:14.516+0000] {subprocess.py:93} INFO - 	at py4j.Gateway.invoke(Gateway.java:282)
[2025-11-01T14:51:14.517+0000] {subprocess.py:93} INFO - 	at py4j.commands.AbstractCommand.invokeMethod(AbstractCommand.java:132)
[2025-11-01T14:51:14.518+0000] {subprocess.py:93} INFO - 	at py4j.commands.CallCommand.execute(CallCommand.java:79)
[2025-11-01T14:51:14.519+0000] {subprocess.py:93} INFO - 	at py4j.ClientServerConnection.waitForCommands(ClientServerConnection.java:182)
[2025-11-01T14:51:14.520+0000] {subprocess.py:93} INFO - 	at py4j.ClientServerConnection.run(ClientServerConnection.java:106)
[2025-11-01T14:51:14.521+0000] {subprocess.py:93} INFO - 	at java.base/java.lang.Thread.run(Thread.java:840)
[2025-11-01T14:51:21.013+0000] {subprocess.py:93} INFO - Successfully written to Iceberg table: tickets
[2025-11-01T14:51:23.204+0000] {subprocess.py:93} INFO - INFO:__main__:Tickets data written to iceberg successfully with 8 rows
[2025-11-01T14:51:23.206+0000] {subprocess.py:93} INFO - INFO:__main__:All transformations completed successfully
[2025-11-01T14:51:23.208+0000] {subprocess.py:93} INFO - INFO:py4j.clientserver:Closing down clientserver connection
[2025-11-01T14:51:23.441+0000] {subprocess.py:97} INFO - Command exited with return code 0
[2025-11-01T14:51:23.468+0000] {taskinstance.py:340} INFO - ::group::Post task execution logs
[2025-11-01T14:51:23.470+0000] {taskinstance.py:352} INFO - Marking task as SUCCESS. dag_id=data_lake_silver_transform, task_id=transform_freshdesk, run_id=manual__2025-11-01T14:45:42.154480+00:00, execution_date=20251101T144542, start_date=20251101T145004, end_date=20251101T145123
[2025-11-01T14:51:23.512+0000] {local_task_job_runner.py:266} INFO - Task exited with return code 0
[2025-11-01T14:51:23.530+0000] {taskinstance.py:3900} INFO - 1 downstream tasks scheduled from follow-on schedule check
[2025-11-01T14:51:23.533+0000] {local_task_job_runner.py:245} INFO - ::endgroup::
