[2025-11-02T11:48:29.463+0000] {local_task_job_runner.py:123} INFO - ::group::Pre task execution logs
[2025-11-02T11:48:29.488+0000] {taskinstance.py:2612} INFO - Dependencies all met for dep_context=non-requeueable deps ti=<TaskInstance: modeling.gold_modeling_dimensions manual__2025-11-02T11:48:29+00:00 [queued]>
[2025-11-02T11:48:29.501+0000] {taskinstance.py:2612} INFO - Dependencies all met for dep_context=requeueable deps ti=<TaskInstance: modeling.gold_modeling_dimensions manual__2025-11-02T11:48:29+00:00 [queued]>
[2025-11-02T11:48:29.504+0000] {taskinstance.py:2865} INFO - Starting attempt 1 of 1
[2025-11-02T11:48:29.518+0000] {taskinstance.py:2888} INFO - Executing <Task(BashOperator): gold_modeling_dimensions> on 2025-11-02 11:48:29+00:00
[2025-11-02T11:48:29.525+0000] {standard_task_runner.py:72} INFO - Started process 469 to run task
[2025-11-02T11:48:29.529+0000] {standard_task_runner.py:104} INFO - Running: ['***', 'tasks', 'run', 'modeling', 'gold_modeling_dimensions', 'manual__2025-11-02T11:48:29+00:00', '--job-id', '36', '--raw', '--subdir', 'DAGS_FOLDER/modeling.py', '--cfg-path', '/tmp/tmpbh9xmsf4']
[2025-11-02T11:48:29.534+0000] {standard_task_runner.py:105} INFO - Job 36: Subtask gold_modeling_dimensions
[2025-11-02T11:48:29.598+0000] {task_command.py:467} INFO - Running <TaskInstance: modeling.gold_modeling_dimensions manual__2025-11-02T11:48:29+00:00 [running]> on host 4bd4a2df5838
[2025-11-02T11:48:29.682+0000] {taskinstance.py:3131} INFO - Exporting env vars: AIRFLOW_CTX_DAG_OWNER='***' AIRFLOW_CTX_DAG_ID='modeling' AIRFLOW_CTX_TASK_ID='gold_modeling_dimensions' AIRFLOW_CTX_EXECUTION_DATE='2025-11-02T11:48:29+00:00' AIRFLOW_CTX_TRY_NUMBER='1' AIRFLOW_CTX_DAG_RUN_ID='manual__2025-11-02T11:48:29+00:00'
[2025-11-02T11:48:29.685+0000] {taskinstance.py:731} INFO - ::endgroup::
[2025-11-02T11:48:29.699+0000] {subprocess.py:63} INFO - Tmp dir root location: /tmp
[2025-11-02T11:48:29.703+0000] {subprocess.py:75} INFO - Running command: ['/usr/bin/bash', '-c', 'spark-submit --master spark://spark-master:7077 --packages org.apache.iceberg:iceberg-spark-runtime-3.4_2.12:1.5.0,org.apache.hadoop:hadoop-aws:3.3.4,com.amazonaws:aws-java-sdk-bundle:1.12.262 --conf spark.hadoop.fs.s3a.endpoint=https://repulsive-spooky-cemetery-9rw4pvr4w66f4g6-4566.app.github.dev --conf spark.hadoop.fs.s3a.access.key=test --conf spark.hadoop.fs.s3a.secret.key=test --conf spark.hadoop.fs.s3a.path.style.access=true --conf spark.hadoop.fs.s3a.impl=org.apache.hadoop.fs.s3a.S3AFileSystem --conf spark.hadoop.fs.s3a.connection.ssl.enabled=true /opt/spark/work-dir/scripts/gold_modeling/Dimensions/Dimensions.py']
[2025-11-02T11:48:29.716+0000] {subprocess.py:86} INFO - Output:
[2025-11-02T11:48:30.930+0000] {subprocess.py:93} INFO - :: loading settings :: url = jar:file:/opt/spark-3.4.0-bin-hadoop3/jars/ivy-2.5.1.jar!/org/apache/ivy/core/settings/ivysettings.xml
[2025-11-02T11:48:31.020+0000] {subprocess.py:93} INFO - Ivy Default Cache set to: /home/***/.ivy2/cache
[2025-11-02T11:48:31.022+0000] {subprocess.py:93} INFO - The jars for the packages stored in: /home/***/.ivy2/jars
[2025-11-02T11:48:31.024+0000] {subprocess.py:93} INFO - org.apache.iceberg#iceberg-spark-runtime-3.4_2.12 added as a dependency
[2025-11-02T11:48:31.026+0000] {subprocess.py:93} INFO - org.apache.hadoop#hadoop-aws added as a dependency
[2025-11-02T11:48:31.027+0000] {subprocess.py:93} INFO - com.amazonaws#aws-java-sdk-bundle added as a dependency
[2025-11-02T11:48:31.029+0000] {subprocess.py:93} INFO - :: resolving dependencies :: org.apache.spark#spark-submit-parent-a44a4caf-013a-4bcd-a79a-24766e6d41f2;1.0
[2025-11-02T11:48:31.031+0000] {subprocess.py:93} INFO - 	confs: [default]
[2025-11-02T11:48:31.112+0000] {subprocess.py:93} INFO - 	found org.apache.iceberg#iceberg-spark-runtime-3.4_2.12;1.5.0 in central
[2025-11-02T11:48:31.177+0000] {subprocess.py:93} INFO - 	found org.apache.hadoop#hadoop-aws;3.3.4 in central
[2025-11-02T11:48:31.200+0000] {subprocess.py:93} INFO - 	found com.amazonaws#aws-java-sdk-bundle;1.12.262 in central
[2025-11-02T11:48:31.231+0000] {subprocess.py:93} INFO - 	found org.wildfly.openssl#wildfly-openssl;1.0.7.Final in central
[2025-11-02T11:48:31.253+0000] {subprocess.py:93} INFO - :: resolution report :: resolve 219ms :: artifacts dl 9ms
[2025-11-02T11:48:31.255+0000] {subprocess.py:93} INFO - 	:: modules in use:
[2025-11-02T11:48:31.257+0000] {subprocess.py:93} INFO - 	com.amazonaws#aws-java-sdk-bundle;1.12.262 from central in [default]
[2025-11-02T11:48:31.260+0000] {subprocess.py:93} INFO - 	org.apache.hadoop#hadoop-aws;3.3.4 from central in [default]
[2025-11-02T11:48:31.262+0000] {subprocess.py:93} INFO - 	org.apache.iceberg#iceberg-spark-runtime-3.4_2.12;1.5.0 from central in [default]
[2025-11-02T11:48:31.263+0000] {subprocess.py:93} INFO - 	org.wildfly.openssl#wildfly-openssl;1.0.7.Final from central in [default]
[2025-11-02T11:48:31.265+0000] {subprocess.py:93} INFO - 	---------------------------------------------------------------------
[2025-11-02T11:48:31.267+0000] {subprocess.py:93} INFO - 	|                  |            modules            ||   artifacts   |
[2025-11-02T11:48:31.269+0000] {subprocess.py:93} INFO - 	|       conf       | number| search|dwnlded|evicted|| number|dwnlded|
[2025-11-02T11:48:31.270+0000] {subprocess.py:93} INFO - 	---------------------------------------------------------------------
[2025-11-02T11:48:31.272+0000] {subprocess.py:93} INFO - 	|      default     |   4   |   0   |   0   |   0   ||   4   |   0   |
[2025-11-02T11:48:31.274+0000] {subprocess.py:93} INFO - 	---------------------------------------------------------------------
[2025-11-02T11:48:31.276+0000] {subprocess.py:93} INFO - :: retrieving :: org.apache.spark#spark-submit-parent-a44a4caf-013a-4bcd-a79a-24766e6d41f2
[2025-11-02T11:48:31.277+0000] {subprocess.py:93} INFO - 	confs: [default]
[2025-11-02T11:48:31.279+0000] {subprocess.py:93} INFO - 	0 artifacts copied, 4 already retrieved (0kB/8ms)
[2025-11-02T11:48:31.503+0000] {subprocess.py:93} INFO - 25/11/02 11:48:31 WARN NativeCodeLoader: Unable to load native-hadoop library for your platform... using builtin-java classes where applicable
[2025-11-02T11:48:33.359+0000] {subprocess.py:93} INFO - 25/11/02 11:48:33 INFO SparkContext: Running Spark version 3.4.0
[2025-11-02T11:48:33.386+0000] {subprocess.py:93} INFO - 25/11/02 11:48:33 INFO ResourceUtils: ==============================================================
[2025-11-02T11:48:33.389+0000] {subprocess.py:93} INFO - 25/11/02 11:48:33 INFO ResourceUtils: No custom resources configured for spark.driver.
[2025-11-02T11:48:33.393+0000] {subprocess.py:93} INFO - 25/11/02 11:48:33 INFO ResourceUtils: ==============================================================
[2025-11-02T11:48:33.396+0000] {subprocess.py:93} INFO - 25/11/02 11:48:33 INFO SparkContext: Submitted application: Gold_Modeling_Dimensions
[2025-11-02T11:48:33.408+0000] {subprocess.py:93} INFO - 25/11/02 11:48:33 INFO ResourceProfile: Default ResourceProfile created, executor resources: Map(memory -> name: memory, amount: 1024, script: , vendor: , offHeap -> name: offHeap, amount: 0, script: , vendor: ), task resources: Map(cpus -> name: cpus, amount: 1.0)
[2025-11-02T11:48:33.414+0000] {subprocess.py:93} INFO - 25/11/02 11:48:33 INFO ResourceProfile: Limiting resource is cpu
[2025-11-02T11:48:33.417+0000] {subprocess.py:93} INFO - 25/11/02 11:48:33 INFO ResourceProfileManager: Added ResourceProfile id: 0
[2025-11-02T11:48:33.462+0000] {subprocess.py:93} INFO - 25/11/02 11:48:33 INFO SecurityManager: Changing view acls to: ***
[2025-11-02T11:48:33.465+0000] {subprocess.py:93} INFO - 25/11/02 11:48:33 INFO SecurityManager: Changing modify acls to: ***
[2025-11-02T11:48:33.467+0000] {subprocess.py:93} INFO - 25/11/02 11:48:33 INFO SecurityManager: Changing view acls groups to:
[2025-11-02T11:48:33.470+0000] {subprocess.py:93} INFO - 25/11/02 11:48:33 INFO SecurityManager: Changing modify acls groups to:
[2025-11-02T11:48:33.474+0000] {subprocess.py:93} INFO - 25/11/02 11:48:33 INFO SecurityManager: SecurityManager: authentication disabled; ui acls disabled; users with view permissions: ***; groups with view permissions: EMPTY; users with modify permissions: ***; groups with modify permissions: EMPTY
[2025-11-02T11:48:33.669+0000] {subprocess.py:93} INFO - 25/11/02 11:48:33 INFO Utils: Successfully started service 'sparkDriver' on port 36755.
[2025-11-02T11:48:33.691+0000] {subprocess.py:93} INFO - 25/11/02 11:48:33 INFO SparkEnv: Registering MapOutputTracker
[2025-11-02T11:48:33.724+0000] {subprocess.py:93} INFO - 25/11/02 11:48:33 INFO SparkEnv: Registering BlockManagerMaster
[2025-11-02T11:48:33.738+0000] {subprocess.py:93} INFO - 25/11/02 11:48:33 INFO BlockManagerMasterEndpoint: Using org.apache.spark.storage.DefaultTopologyMapper for getting topology information
[2025-11-02T11:48:33.741+0000] {subprocess.py:93} INFO - 25/11/02 11:48:33 INFO BlockManagerMasterEndpoint: BlockManagerMasterEndpoint up
[2025-11-02T11:48:33.743+0000] {subprocess.py:93} INFO - 25/11/02 11:48:33 INFO SparkEnv: Registering BlockManagerMasterHeartbeat
[2025-11-02T11:48:33.757+0000] {subprocess.py:93} INFO - 25/11/02 11:48:33 INFO DiskBlockManager: Created local directory at /tmp/blockmgr-7ea014c7-284b-4c66-b003-4da69a70f940
[2025-11-02T11:48:33.770+0000] {subprocess.py:93} INFO - 25/11/02 11:48:33 INFO MemoryStore: MemoryStore started with capacity 434.4 MiB
[2025-11-02T11:48:33.784+0000] {subprocess.py:93} INFO - 25/11/02 11:48:33 INFO SparkEnv: Registering OutputCommitCoordinator
[2025-11-02T11:48:33.877+0000] {subprocess.py:93} INFO - 25/11/02 11:48:33 INFO JettyUtils: Start Jetty 0.0.0.0:4040 for SparkUI
[2025-11-02T11:48:33.934+0000] {subprocess.py:93} INFO - 25/11/02 11:48:33 INFO Utils: Successfully started service 'SparkUI' on port 4040.
[2025-11-02T11:48:33.960+0000] {subprocess.py:93} INFO - 25/11/02 11:48:33 INFO SparkContext: Added JAR file:///home/***/.ivy2/jars/org.apache.iceberg_iceberg-spark-runtime-3.4_2.12-1.5.0.jar at spark://4bd4a2df5838:36755/jars/org.apache.iceberg_iceberg-spark-runtime-3.4_2.12-1.5.0.jar with timestamp 1762084113352
[2025-11-02T11:48:33.962+0000] {subprocess.py:93} INFO - 25/11/02 11:48:33 INFO SparkContext: Added JAR file:///home/***/.ivy2/jars/org.apache.hadoop_hadoop-aws-3.3.4.jar at spark://4bd4a2df5838:36755/jars/org.apache.hadoop_hadoop-aws-3.3.4.jar with timestamp 1762084113352
[2025-11-02T11:48:33.965+0000] {subprocess.py:93} INFO - 25/11/02 11:48:33 INFO SparkContext: Added JAR file:///home/***/.ivy2/jars/com.amazonaws_aws-java-sdk-bundle-1.12.262.jar at spark://4bd4a2df5838:36755/jars/com.amazonaws_aws-java-sdk-bundle-1.12.262.jar with timestamp 1762084113352
[2025-11-02T11:48:33.967+0000] {subprocess.py:93} INFO - 25/11/02 11:48:33 INFO SparkContext: Added JAR file:///home/***/.ivy2/jars/org.wildfly.openssl_wildfly-openssl-1.0.7.Final.jar at spark://4bd4a2df5838:36755/jars/org.wildfly.openssl_wildfly-openssl-1.0.7.Final.jar with timestamp 1762084113352
[2025-11-02T11:48:33.969+0000] {subprocess.py:93} INFO - 25/11/02 11:48:33 INFO SparkContext: Added file file:///home/***/.ivy2/jars/org.apache.iceberg_iceberg-spark-runtime-3.4_2.12-1.5.0.jar at spark://4bd4a2df5838:36755/files/org.apache.iceberg_iceberg-spark-runtime-3.4_2.12-1.5.0.jar with timestamp 1762084113352
[2025-11-02T11:48:33.971+0000] {subprocess.py:93} INFO - 25/11/02 11:48:33 INFO Utils: Copying /home/***/.ivy2/jars/org.apache.iceberg_iceberg-spark-runtime-3.4_2.12-1.5.0.jar to /tmp/spark-90e9ad34-19e6-49d1-8265-7dfe2ea297d5/userFiles-0bd36ce5-29c2-457e-a8f1-361401f75191/org.apache.iceberg_iceberg-spark-runtime-3.4_2.12-1.5.0.jar
[2025-11-02T11:48:34.000+0000] {subprocess.py:93} INFO - 25/11/02 11:48:33 INFO SparkContext: Added file file:///home/***/.ivy2/jars/org.apache.hadoop_hadoop-aws-3.3.4.jar at spark://4bd4a2df5838:36755/files/org.apache.hadoop_hadoop-aws-3.3.4.jar with timestamp 1762084113352
[2025-11-02T11:48:34.002+0000] {subprocess.py:93} INFO - 25/11/02 11:48:34 INFO Utils: Copying /home/***/.ivy2/jars/org.apache.hadoop_hadoop-aws-3.3.4.jar to /tmp/spark-90e9ad34-19e6-49d1-8265-7dfe2ea297d5/userFiles-0bd36ce5-29c2-457e-a8f1-361401f75191/org.apache.hadoop_hadoop-aws-3.3.4.jar
[2025-11-02T11:48:34.005+0000] {subprocess.py:93} INFO - 25/11/02 11:48:34 INFO SparkContext: Added file file:///home/***/.ivy2/jars/com.amazonaws_aws-java-sdk-bundle-1.12.262.jar at spark://4bd4a2df5838:36755/files/com.amazonaws_aws-java-sdk-bundle-1.12.262.jar with timestamp 1762084113352
[2025-11-02T11:48:34.007+0000] {subprocess.py:93} INFO - 25/11/02 11:48:34 INFO Utils: Copying /home/***/.ivy2/jars/com.amazonaws_aws-java-sdk-bundle-1.12.262.jar to /tmp/spark-90e9ad34-19e6-49d1-8265-7dfe2ea297d5/userFiles-0bd36ce5-29c2-457e-a8f1-361401f75191/com.amazonaws_aws-java-sdk-bundle-1.12.262.jar
[2025-11-02T11:48:34.215+0000] {subprocess.py:93} INFO - 25/11/02 11:48:34 INFO SparkContext: Added file file:///home/***/.ivy2/jars/org.wildfly.openssl_wildfly-openssl-1.0.7.Final.jar at spark://4bd4a2df5838:36755/files/org.wildfly.openssl_wildfly-openssl-1.0.7.Final.jar with timestamp 1762084113352
[2025-11-02T11:48:34.217+0000] {subprocess.py:93} INFO - 25/11/02 11:48:34 INFO Utils: Copying /home/***/.ivy2/jars/org.wildfly.openssl_wildfly-openssl-1.0.7.Final.jar to /tmp/spark-90e9ad34-19e6-49d1-8265-7dfe2ea297d5/userFiles-0bd36ce5-29c2-457e-a8f1-361401f75191/org.wildfly.openssl_wildfly-openssl-1.0.7.Final.jar
[2025-11-02T11:48:34.288+0000] {subprocess.py:93} INFO - 25/11/02 11:48:34 INFO StandaloneAppClient$ClientEndpoint: Connecting to master spark://spark-master:7077...
[2025-11-02T11:48:34.325+0000] {subprocess.py:93} INFO - 25/11/02 11:48:34 INFO TransportClientFactory: Successfully created connection to spark-master/172.18.0.3:7077 after 20 ms (0 ms spent in bootstraps)
[2025-11-02T11:48:34.393+0000] {subprocess.py:93} INFO - 25/11/02 11:48:34 INFO StandaloneSchedulerBackend: Connected to Spark cluster with app ID app-20251102114834-0013
[2025-11-02T11:48:34.399+0000] {subprocess.py:93} INFO - 25/11/02 11:48:34 INFO StandaloneAppClient$ClientEndpoint: Executor added: app-20251102114834-0013/0 on worker-20251102102542-172.18.0.5-39375 (172.18.0.5:39375) with 2 core(s)
[2025-11-02T11:48:34.401+0000] {subprocess.py:93} INFO - 25/11/02 11:48:34 INFO StandaloneSchedulerBackend: Granted executor ID app-20251102114834-0013/0 on hostPort 172.18.0.5:39375 with 2 core(s), 1024.0 MiB RAM
[2025-11-02T11:48:34.403+0000] {subprocess.py:93} INFO - 25/11/02 11:48:34 INFO Utils: Successfully started service 'org.apache.spark.network.netty.NettyBlockTransferService' on port 33925.
[2025-11-02T11:48:34.405+0000] {subprocess.py:93} INFO - 25/11/02 11:48:34 INFO NettyBlockTransferService: Server created on 4bd4a2df5838:33925
[2025-11-02T11:48:34.406+0000] {subprocess.py:93} INFO - 25/11/02 11:48:34 INFO BlockManager: Using org.apache.spark.storage.RandomBlockReplicationPolicy for block replication policy
[2025-11-02T11:48:34.413+0000] {subprocess.py:93} INFO - 25/11/02 11:48:34 INFO BlockManagerMaster: Registering BlockManager BlockManagerId(driver, 4bd4a2df5838, 33925, None)
[2025-11-02T11:48:34.417+0000] {subprocess.py:93} INFO - 25/11/02 11:48:34 INFO BlockManagerMasterEndpoint: Registering block manager 4bd4a2df5838:33925 with 434.4 MiB RAM, BlockManagerId(driver, 4bd4a2df5838, 33925, None)
[2025-11-02T11:48:34.419+0000] {subprocess.py:93} INFO - 25/11/02 11:48:34 INFO BlockManagerMaster: Registered BlockManager BlockManagerId(driver, 4bd4a2df5838, 33925, None)
[2025-11-02T11:48:34.420+0000] {subprocess.py:93} INFO - 25/11/02 11:48:34 INFO BlockManager: Initialized BlockManager: BlockManagerId(driver, 4bd4a2df5838, 33925, None)
[2025-11-02T11:48:34.460+0000] {subprocess.py:93} INFO - 25/11/02 11:48:34 INFO StandaloneAppClient$ClientEndpoint: Executor updated: app-20251102114834-0013/0 is now RUNNING
[2025-11-02T11:48:34.629+0000] {subprocess.py:93} INFO - 25/11/02 11:48:34 INFO StandaloneSchedulerBackend: SchedulerBackend is ready for scheduling beginning after reached minRegisteredResourcesRatio: 0.0
[2025-11-02T11:48:34.805+0000] {subprocess.py:93} INFO - INFO:gold_modeling.Dimensions.dim_customer:Creating dim_customer table
[2025-11-02T11:48:34.813+0000] {subprocess.py:93} INFO - 25/11/02 11:48:34 INFO SharedState: Setting hive.metastore.warehouse.dir ('null') to the value of spark.sql.warehouse.dir.
[2025-11-02T11:48:34.815+0000] {subprocess.py:93} INFO - 25/11/02 11:48:34 INFO SharedState: Warehouse path is 'file:/tmp/***tmpl0bey13u/spark-warehouse'.
[2025-11-02T11:48:35.999+0000] {subprocess.py:93} INFO - 25/11/02 11:48:35 WARN MetricsConfig: Cannot locate configuration: tried hadoop-metrics2-s3a-file-system.properties,hadoop-metrics2.properties
[2025-11-02T11:48:36.015+0000] {subprocess.py:93} INFO - 25/11/02 11:48:36 INFO MetricsSystemImpl: Scheduled Metric snapshot period at 10 second(s).
[2025-11-02T11:48:36.017+0000] {subprocess.py:93} INFO - 25/11/02 11:48:36 INFO MetricsSystemImpl: s3a-file-system metrics system started
[2025-11-02T11:48:36.560+0000] {subprocess.py:93} INFO - 25/11/02 11:48:36 INFO StandaloneSchedulerBackend$StandaloneDriverEndpoint: Registered executor NettyRpcEndpointRef(spark-client://Executor) (172.18.0.5:35776) with ID 0,  ResourceProfileId 0
[2025-11-02T11:48:36.720+0000] {subprocess.py:93} INFO - 25/11/02 11:48:36 INFO BlockManagerMasterEndpoint: Registering block manager 172.18.0.5:45077 with 434.4 MiB RAM, BlockManagerId(0, 172.18.0.5, 45077, None)
[2025-11-02T11:48:36.833+0000] {subprocess.py:93} INFO - 25/11/02 11:48:36 INFO CatalogUtil: Loading custom FileIO implementation: org.apache.iceberg.hadoop.HadoopFileIO
[2025-11-02T11:48:43.784+0000] {subprocess.py:93} INFO - 25/11/02 11:48:43 INFO BaseMetastoreCatalog: Table loaded by catalog: local.magento_customers
[2025-11-02T11:48:47.412+0000] {subprocess.py:93} INFO - 25/11/02 11:48:47 INFO BaseMetastoreCatalog: Table loaded by catalog: local.freshdesk_customers
[2025-11-02T11:48:47.545+0000] {subprocess.py:93} INFO - 25/11/02 11:48:47 INFO CatalogUtil: Loading custom FileIO implementation: org.apache.iceberg.hadoop.HadoopFileIO
[2025-11-02T11:48:47.933+0000] {subprocess.py:93} INFO - 25/11/02 11:48:47 INFO V2ScanRelationPushDown:
[2025-11-02T11:48:47.935+0000] {subprocess.py:93} INFO - Output: city#78, email#79, phone#80, state#81, country#82, is_active#83, last_name#84, created_at#85, first_name#86, customer_id#88L
[2025-11-02T11:48:47.937+0000] {subprocess.py:93} INFO - 
[2025-11-02T11:48:47.940+0000] {subprocess.py:93} INFO - 25/11/02 11:48:47 INFO V2ScanRelationPushDown:
[2025-11-02T11:48:47.942+0000] {subprocess.py:93} INFO - Output: city#117, email#118, phone#119, country#121, is_active#122, last_name#123, created_at#124, first_name#125, customer_id#127L
[2025-11-02T11:48:47.943+0000] {subprocess.py:93} INFO - 
[2025-11-02T11:48:47.947+0000] {subprocess.py:93} INFO - 25/11/02 11:48:47 INFO SnapshotScan: Scanning table local.magento_customers snapshot 6832312131515455164 created at 2025-11-02T10:34:21.983+00:00 with filter true
[2025-11-02T11:48:48.704+0000] {subprocess.py:93} INFO - 25/11/02 11:48:48 INFO BaseDistributedDataScan: Planning file tasks locally for table local.magento_customers
[2025-11-02T11:48:49.371+0000] {subprocess.py:93} INFO - 25/11/02 11:48:49 INFO SparkPartitioningAwareScan: Reporting UnknownPartitioning with 1 partition(s) for table local.magento_customers
[2025-11-02T11:48:49.374+0000] {subprocess.py:93} INFO - 25/11/02 11:48:49 INFO SnapshotScan: Scanning table local.freshdesk_customers snapshot 1123232168201659432 created at 2025-11-02T10:36:20.389+00:00 with filter true
[2025-11-02T11:48:50.060+0000] {subprocess.py:93} INFO - 25/11/02 11:48:50 INFO BaseDistributedDataScan: Planning file tasks locally for table local.freshdesk_customers
[2025-11-02T11:48:50.568+0000] {subprocess.py:93} INFO - 25/11/02 11:48:50 INFO SparkPartitioningAwareScan: Reporting UnknownPartitioning with 1 partition(s) for table local.freshdesk_customers
[2025-11-02T11:48:50.696+0000] {subprocess.py:93} INFO - 25/11/02 11:48:50 INFO MemoryStore: Block broadcast_0 stored as values in memory (estimated size 32.0 KiB, free 434.4 MiB)
[2025-11-02T11:48:50.752+0000] {subprocess.py:93} INFO - 25/11/02 11:48:50 INFO MemoryStore: Block broadcast_0_piece0 stored as bytes in memory (estimated size 30.5 KiB, free 434.3 MiB)
[2025-11-02T11:48:50.756+0000] {subprocess.py:93} INFO - 25/11/02 11:48:50 INFO BlockManagerInfo: Added broadcast_0_piece0 in memory on 4bd4a2df5838:33925 (size: 30.5 KiB, free: 434.4 MiB)
[2025-11-02T11:48:50.760+0000] {subprocess.py:93} INFO - 25/11/02 11:48:50 INFO SparkContext: Created broadcast 0 from broadcast at SparkBatch.java:79
[2025-11-02T11:48:50.770+0000] {subprocess.py:93} INFO - 25/11/02 11:48:50 INFO MemoryStore: Block broadcast_1 stored as values in memory (estimated size 32.0 KiB, free 434.3 MiB)
[2025-11-02T11:48:50.778+0000] {subprocess.py:93} INFO - 25/11/02 11:48:50 INFO MemoryStore: Block broadcast_1_piece0 stored as bytes in memory (estimated size 30.5 KiB, free 434.3 MiB)
[2025-11-02T11:48:50.780+0000] {subprocess.py:93} INFO - 25/11/02 11:48:50 INFO BlockManagerInfo: Added broadcast_1_piece0 in memory on 4bd4a2df5838:33925 (size: 30.5 KiB, free: 434.3 MiB)
[2025-11-02T11:48:50.782+0000] {subprocess.py:93} INFO - 25/11/02 11:48:50 INFO SparkContext: Created broadcast 1 from broadcast at SparkBatch.java:79
[2025-11-02T11:48:50.819+0000] {subprocess.py:93} INFO - 25/11/02 11:48:50 INFO MemoryStore: Block broadcast_2 stored as values in memory (estimated size 32.0 KiB, free 434.2 MiB)
[2025-11-02T11:48:50.827+0000] {subprocess.py:93} INFO - 25/11/02 11:48:50 INFO MemoryStore: Block broadcast_2_piece0 stored as bytes in memory (estimated size 30.5 KiB, free 434.2 MiB)
[2025-11-02T11:48:50.829+0000] {subprocess.py:93} INFO - 25/11/02 11:48:50 INFO BlockManagerInfo: Added broadcast_2_piece0 in memory on 4bd4a2df5838:33925 (size: 30.5 KiB, free: 434.3 MiB)
[2025-11-02T11:48:50.832+0000] {subprocess.py:93} INFO - 25/11/02 11:48:50 INFO SparkContext: Created broadcast 2 from broadcast at SparkBatch.java:79
[2025-11-02T11:48:50.835+0000] {subprocess.py:93} INFO - 25/11/02 11:48:50 INFO MemoryStore: Block broadcast_3 stored as values in memory (estimated size 32.0 KiB, free 434.2 MiB)
[2025-11-02T11:48:50.841+0000] {subprocess.py:93} INFO - 25/11/02 11:48:50 INFO MemoryStore: Block broadcast_3_piece0 stored as bytes in memory (estimated size 30.5 KiB, free 434.2 MiB)
[2025-11-02T11:48:50.844+0000] {subprocess.py:93} INFO - 25/11/02 11:48:50 INFO BlockManagerInfo: Added broadcast_3_piece0 in memory on 4bd4a2df5838:33925 (size: 30.5 KiB, free: 434.3 MiB)
[2025-11-02T11:48:50.847+0000] {subprocess.py:93} INFO - 25/11/02 11:48:50 INFO SparkContext: Created broadcast 3 from broadcast at SparkBatch.java:79
[2025-11-02T11:48:54.045+0000] {subprocess.py:93} INFO - 25/11/02 11:48:54 INFO BaseMetastoreCatalog: Table properties set at catalog level through catalog properties: {}
[2025-11-02T11:48:54.048+0000] {subprocess.py:93} INFO - 25/11/02 11:48:54 INFO BaseMetastoreCatalog: Table properties enforced at catalog level through catalog properties: {}
[2025-11-02T11:48:57.517+0000] {subprocess.py:93} INFO - 25/11/02 11:48:57 INFO CodeGenerator: Code generated in 280.575507 ms
[2025-11-02T11:48:57.562+0000] {subprocess.py:93} INFO - 25/11/02 11:48:57 INFO CodeGenerator: Code generated in 33.865039 ms
[2025-11-02T11:48:57.683+0000] {subprocess.py:93} INFO - 25/11/02 11:48:57 INFO CodeGenerator: Code generated in 18.153861 ms
[2025-11-02T11:48:57.732+0000] {subprocess.py:93} INFO - 25/11/02 11:48:57 INFO DAGScheduler: Registering RDD 8 (sql at NativeMethodAccessorImpl.java:0) as input to shuffle 0
[2025-11-02T11:48:57.739+0000] {subprocess.py:93} INFO - 25/11/02 11:48:57 INFO DAGScheduler: Got map stage job 0 (sql at NativeMethodAccessorImpl.java:0) with 1 output partitions
[2025-11-02T11:48:57.742+0000] {subprocess.py:93} INFO - 25/11/02 11:48:57 INFO DAGScheduler: Final stage: ShuffleMapStage 0 (sql at NativeMethodAccessorImpl.java:0)
[2025-11-02T11:48:57.744+0000] {subprocess.py:93} INFO - 25/11/02 11:48:57 INFO DAGScheduler: Parents of final stage: List()
[2025-11-02T11:48:57.746+0000] {subprocess.py:93} INFO - 25/11/02 11:48:57 INFO DAGScheduler: Missing parents: List()
[2025-11-02T11:48:57.749+0000] {subprocess.py:93} INFO - 25/11/02 11:48:57 INFO DAGScheduler: Submitting ShuffleMapStage 0 (MapPartitionsRDD[8] at sql at NativeMethodAccessorImpl.java:0), which has no missing parents
[2025-11-02T11:48:57.768+0000] {subprocess.py:93} INFO - 25/11/02 11:48:57 INFO MemoryStore: Block broadcast_4 stored as values in memory (estimated size 67.3 KiB, free 434.1 MiB)
[2025-11-02T11:48:57.776+0000] {subprocess.py:93} INFO - 25/11/02 11:48:57 INFO MemoryStore: Block broadcast_4_piece0 stored as bytes in memory (estimated size 23.8 KiB, free 434.1 MiB)
[2025-11-02T11:48:57.779+0000] {subprocess.py:93} INFO - 25/11/02 11:48:57 INFO BlockManagerInfo: Added broadcast_4_piece0 in memory on 4bd4a2df5838:33925 (size: 23.8 KiB, free: 434.3 MiB)
[2025-11-02T11:48:57.781+0000] {subprocess.py:93} INFO - 25/11/02 11:48:57 INFO SparkContext: Created broadcast 4 from broadcast at DAGScheduler.scala:1535
[2025-11-02T11:48:57.798+0000] {subprocess.py:93} INFO - 25/11/02 11:48:57 INFO DAGScheduler: Submitting 1 missing tasks from ShuffleMapStage 0 (MapPartitionsRDD[8] at sql at NativeMethodAccessorImpl.java:0) (first 15 tasks are for partitions Vector(0))
[2025-11-02T11:48:57.800+0000] {subprocess.py:93} INFO - 25/11/02 11:48:57 INFO TaskSchedulerImpl: Adding task set 0.0 with 1 tasks resource profile 0
[2025-11-02T11:48:57.840+0000] {subprocess.py:93} INFO - 25/11/02 11:48:57 INFO TaskSetManager: Starting task 0.0 in stage 0.0 (TID 0) (172.18.0.5, executor 0, partition 0, PROCESS_LOCAL, 16229 bytes)
[2025-11-02T11:48:58.306+0000] {subprocess.py:93} INFO - 25/11/02 11:48:58 INFO BlockManagerInfo: Added broadcast_4_piece0 in memory on 172.18.0.5:45077 (size: 23.8 KiB, free: 434.4 MiB)
[2025-11-02T11:48:59.198+0000] {subprocess.py:93} INFO - 25/11/02 11:48:59 INFO BlockManagerInfo: Added broadcast_2_piece0 in memory on 172.18.0.5:45077 (size: 30.5 KiB, free: 434.3 MiB)
[2025-11-02T11:49:02.106+0000] {subprocess.py:93} INFO - 25/11/02 11:49:02 INFO BlockManagerInfo: Added broadcast_3_piece0 in memory on 172.18.0.5:45077 (size: 30.5 KiB, free: 434.3 MiB)
[2025-11-02T11:49:03.084+0000] {subprocess.py:93} INFO - 25/11/02 11:49:03 INFO TaskSetManager: Finished task 0.0 in stage 0.0 (TID 0) in 5261 ms on 172.18.0.5 (executor 0) (1/1)
[2025-11-02T11:49:03.087+0000] {subprocess.py:93} INFO - 25/11/02 11:49:03 INFO TaskSchedulerImpl: Removed TaskSet 0.0, whose tasks have all completed, from pool
[2025-11-02T11:49:03.092+0000] {subprocess.py:93} INFO - 25/11/02 11:49:03 INFO DAGScheduler: ShuffleMapStage 0 (sql at NativeMethodAccessorImpl.java:0) finished in 5.338 s
[2025-11-02T11:49:03.094+0000] {subprocess.py:93} INFO - 25/11/02 11:49:03 INFO DAGScheduler: looking for newly runnable stages
[2025-11-02T11:49:03.096+0000] {subprocess.py:93} INFO - 25/11/02 11:49:03 INFO DAGScheduler: running: Set()
[2025-11-02T11:49:03.098+0000] {subprocess.py:93} INFO - 25/11/02 11:49:03 INFO DAGScheduler: waiting: Set()
[2025-11-02T11:49:03.101+0000] {subprocess.py:93} INFO - 25/11/02 11:49:03 INFO DAGScheduler: failed: Set()
[2025-11-02T11:49:03.116+0000] {subprocess.py:93} INFO - 25/11/02 11:49:03 INFO ShufflePartitionsUtil: For shuffle(0), advisory target size: 67108864, actual target size 1048576, minimum partition size: 1048576
[2025-11-02T11:49:03.157+0000] {subprocess.py:93} INFO - 25/11/02 11:49:03 INFO CodeGenerator: Code generated in 12.093192 ms
[2025-11-02T11:49:03.169+0000] {subprocess.py:93} INFO - 25/11/02 11:49:03 INFO CodeGenerator: Code generated in 6.293215 ms
[2025-11-02T11:49:03.212+0000] {subprocess.py:93} INFO - 25/11/02 11:49:03 INFO MemoryStore: Block broadcast_5 stored as values in memory (estimated size 32.0 KiB, free 434.0 MiB)
[2025-11-02T11:49:03.222+0000] {subprocess.py:93} INFO - 25/11/02 11:49:03 INFO MemoryStore: Block broadcast_5_piece0 stored as bytes in memory (estimated size 30.0 KiB, free 434.0 MiB)
[2025-11-02T11:49:03.224+0000] {subprocess.py:93} INFO - 25/11/02 11:49:03 INFO BlockManagerInfo: Added broadcast_5_piece0 in memory on 4bd4a2df5838:33925 (size: 30.0 KiB, free: 434.2 MiB)
[2025-11-02T11:49:03.227+0000] {subprocess.py:93} INFO - 25/11/02 11:49:03 INFO SparkContext: Created broadcast 5 from broadcast at SparkWrite.java:182
[2025-11-02T11:49:03.230+0000] {subprocess.py:93} INFO - 25/11/02 11:49:03 INFO AtomicReplaceTableAsSelectExec: Start processing data source write support: IcebergBatchWrite(table=gold.dim_customer, format=PARQUET). The input RDD has 1 partitions.
[2025-11-02T11:49:03.245+0000] {subprocess.py:93} INFO - 25/11/02 11:49:03 INFO SparkContext: Starting job: sql at NativeMethodAccessorImpl.java:0
[2025-11-02T11:49:03.248+0000] {subprocess.py:93} INFO - 25/11/02 11:49:03 INFO DAGScheduler: Got job 1 (sql at NativeMethodAccessorImpl.java:0) with 1 output partitions
[2025-11-02T11:49:03.250+0000] {subprocess.py:93} INFO - 25/11/02 11:49:03 INFO DAGScheduler: Final stage: ResultStage 2 (sql at NativeMethodAccessorImpl.java:0)
[2025-11-02T11:49:03.252+0000] {subprocess.py:93} INFO - 25/11/02 11:49:03 INFO DAGScheduler: Parents of final stage: List(ShuffleMapStage 1)
[2025-11-02T11:49:03.255+0000] {subprocess.py:93} INFO - 25/11/02 11:49:03 INFO DAGScheduler: Missing parents: List()
[2025-11-02T11:49:03.257+0000] {subprocess.py:93} INFO - 25/11/02 11:49:03 INFO DAGScheduler: Submitting ResultStage 2 (MapPartitionsRDD[12] at sql at NativeMethodAccessorImpl.java:0), which has no missing parents
[2025-11-02T11:49:03.259+0000] {subprocess.py:93} INFO - 25/11/02 11:49:03 INFO BlockManagerInfo: Removed broadcast_4_piece0 on 4bd4a2df5838:33925 in memory (size: 23.8 KiB, free: 434.3 MiB)
[2025-11-02T11:49:03.262+0000] {subprocess.py:93} INFO - 25/11/02 11:49:03 INFO BlockManagerInfo: Removed broadcast_4_piece0 on 172.18.0.5:45077 in memory (size: 23.8 KiB, free: 434.3 MiB)
[2025-11-02T11:49:03.267+0000] {subprocess.py:93} INFO - 25/11/02 11:49:03 INFO MemoryStore: Block broadcast_6 stored as values in memory (estimated size 55.3 KiB, free 434.0 MiB)
[2025-11-02T11:49:03.270+0000] {subprocess.py:93} INFO - 25/11/02 11:49:03 INFO MemoryStore: Block broadcast_6_piece0 stored as bytes in memory (estimated size 23.2 KiB, free 434.0 MiB)
[2025-11-02T11:49:03.271+0000] {subprocess.py:93} INFO - 25/11/02 11:49:03 INFO BlockManagerInfo: Added broadcast_6_piece0 in memory on 4bd4a2df5838:33925 (size: 23.2 KiB, free: 434.2 MiB)
[2025-11-02T11:49:03.273+0000] {subprocess.py:93} INFO - 25/11/02 11:49:03 INFO SparkContext: Created broadcast 6 from broadcast at DAGScheduler.scala:1535
[2025-11-02T11:49:03.275+0000] {subprocess.py:93} INFO - 25/11/02 11:49:03 INFO DAGScheduler: Submitting 1 missing tasks from ResultStage 2 (MapPartitionsRDD[12] at sql at NativeMethodAccessorImpl.java:0) (first 15 tasks are for partitions Vector(0))
[2025-11-02T11:49:03.277+0000] {subprocess.py:93} INFO - 25/11/02 11:49:03 INFO TaskSchedulerImpl: Adding task set 2.0 with 1 tasks resource profile 0
[2025-11-02T11:49:03.279+0000] {subprocess.py:93} INFO - 25/11/02 11:49:03 INFO TaskSetManager: Starting task 0.0 in stage 2.0 (TID 1) (172.18.0.5, executor 0, partition 0, NODE_LOCAL, 7367 bytes)
[2025-11-02T11:49:03.306+0000] {subprocess.py:93} INFO - 25/11/02 11:49:03 INFO BlockManagerInfo: Added broadcast_6_piece0 in memory on 172.18.0.5:45077 (size: 23.2 KiB, free: 434.3 MiB)
[2025-11-02T11:49:03.457+0000] {subprocess.py:93} INFO - 25/11/02 11:49:03 INFO MapOutputTrackerMasterEndpoint: Asked to send map output locations for shuffle 0 to 172.18.0.5:35776
[2025-11-02T11:49:03.682+0000] {subprocess.py:93} INFO - 25/11/02 11:49:03 INFO BlockManagerInfo: Added broadcast_5_piece0 in memory on 172.18.0.5:45077 (size: 30.0 KiB, free: 434.3 MiB)
[2025-11-02T11:49:04.600+0000] {subprocess.py:93} INFO - 25/11/02 11:49:04 INFO TaskSetManager: Finished task 0.0 in stage 2.0 (TID 1) in 1323 ms on 172.18.0.5 (executor 0) (1/1)
[2025-11-02T11:49:04.602+0000] {subprocess.py:93} INFO - 25/11/02 11:49:04 INFO TaskSchedulerImpl: Removed TaskSet 2.0, whose tasks have all completed, from pool
[2025-11-02T11:49:04.604+0000] {subprocess.py:93} INFO - 25/11/02 11:49:04 INFO DAGScheduler: ResultStage 2 (sql at NativeMethodAccessorImpl.java:0) finished in 1.338 s
[2025-11-02T11:49:04.606+0000] {subprocess.py:93} INFO - 25/11/02 11:49:04 INFO DAGScheduler: Job 1 is finished. Cancelling potential speculative or zombie tasks for this job
[2025-11-02T11:49:04.609+0000] {subprocess.py:93} INFO - 25/11/02 11:49:04 INFO TaskSchedulerImpl: Killing all running tasks in stage 2: Stage finished
[2025-11-02T11:49:04.612+0000] {subprocess.py:93} INFO - 25/11/02 11:49:04 INFO DAGScheduler: Job 1 finished: sql at NativeMethodAccessorImpl.java:0, took 1.360878 s
[2025-11-02T11:49:04.614+0000] {subprocess.py:93} INFO - 25/11/02 11:49:04 INFO AtomicReplaceTableAsSelectExec: Data source write support IcebergBatchWrite(table=gold.dim_customer, format=PARQUET) is committing.
[2025-11-02T11:49:04.623+0000] {subprocess.py:93} INFO - 25/11/02 11:49:04 INFO SparkWrite: Committing append with 1 new data files to table gold.dim_customer
[2025-11-02T11:49:05.976+0000] {subprocess.py:93} INFO - 25/11/02 11:49:05 INFO SnapshotProducer: Committed snapshot 336612699158688681 (MergeAppend)
[2025-11-02T11:49:06.475+0000] {subprocess.py:93} INFO - 25/11/02 11:49:06 INFO LoggingMetricsReporter: Received metrics report: CommitReport{tableName=gold.dim_customer, snapshotId=336612699158688681, sequenceNumber=1, operation=append, commitMetrics=CommitMetricsResult{totalDuration=TimerResult{timeUnit=NANOSECONDS, totalDuration=PT1.845321133S, count=1}, attempts=CounterResult{unit=COUNT, value=1}, addedDataFiles=CounterResult{unit=COUNT, value=1}, removedDataFiles=null, totalDataFiles=CounterResult{unit=COUNT, value=1}, addedDeleteFiles=null, addedEqualityDeleteFiles=null, addedPositionalDeleteFiles=null, removedDeleteFiles=null, removedEqualityDeleteFiles=null, removedPositionalDeleteFiles=null, totalDeleteFiles=CounterResult{unit=COUNT, value=0}, addedRecords=CounterResult{unit=COUNT, value=8}, removedRecords=null, totalRecords=CounterResult{unit=COUNT, value=8}, addedFilesSizeInBytes=CounterResult{unit=BYTES, value=4109}, removedFilesSizeInBytes=null, totalFilesSizeInBytes=CounterResult{unit=BYTES, value=4109}, addedPositionalDeletes=null, removedPositionalDeletes=null, totalPositionalDeletes=CounterResult{unit=COUNT, value=0}, addedEqualityDeletes=null, removedEqualityDeletes=null, totalEqualityDeletes=CounterResult{unit=COUNT, value=0}}, metadata={engine-version=3.4.0, app-id=app-20251102114834-0013, engine-name=spark, iceberg-version=Apache Iceberg 1.5.0 (commit 2519ab43d654927802cc02e19c917ce90e8e0265)}}
[2025-11-02T11:49:06.480+0000] {subprocess.py:93} INFO - 25/11/02 11:49:06 INFO SparkWrite: Committed in 1851 ms
[2025-11-02T11:49:06.486+0000] {subprocess.py:93} INFO - 25/11/02 11:49:06 INFO AtomicReplaceTableAsSelectExec: Data source write support IcebergBatchWrite(table=gold.dim_customer, format=PARQUET) committed.
[2025-11-02T11:49:06.972+0000] {subprocess.py:93} INFO - 25/11/02 11:49:06 WARN HadoopTableOperations: Error reading version hint file s3a://multusystem/gold_layer/gold/dim_customer/metadata/version-hint.text
[2025-11-02T11:49:06.977+0000] {subprocess.py:93} INFO - java.io.FileNotFoundException: No such file or directory: s3a://multusystem/gold_layer/gold/dim_customer/metadata/version-hint.text
[2025-11-02T11:49:06.982+0000] {subprocess.py:93} INFO - 	at org.apache.hadoop.fs.s3a.S3AFileSystem.s3GetFileStatus(S3AFileSystem.java:3866)
[2025-11-02T11:49:06.984+0000] {subprocess.py:93} INFO - 	at org.apache.hadoop.fs.s3a.S3AFileSystem.innerGetFileStatus(S3AFileSystem.java:3688)
[2025-11-02T11:49:06.987+0000] {subprocess.py:93} INFO - 	at org.apache.hadoop.fs.s3a.S3AFileSystem.extractOrFetchSimpleFileStatus(S3AFileSystem.java:5401)
[2025-11-02T11:49:06.991+0000] {subprocess.py:93} INFO - 	at org.apache.hadoop.fs.s3a.S3AFileSystem.open(S3AFileSystem.java:1465)
[2025-11-02T11:49:06.994+0000] {subprocess.py:93} INFO - 	at org.apache.hadoop.fs.s3a.S3AFileSystem.open(S3AFileSystem.java:1441)
[2025-11-02T11:49:06.996+0000] {subprocess.py:93} INFO - 	at org.apache.hadoop.fs.FileSystem.open(FileSystem.java:976)
[2025-11-02T11:49:06.998+0000] {subprocess.py:93} INFO - 	at org.apache.iceberg.hadoop.HadoopTableOperations.findVersion(HadoopTableOperations.java:318)
[2025-11-02T11:49:07.001+0000] {subprocess.py:93} INFO - 	at org.apache.iceberg.hadoop.HadoopTableOperations.refresh(HadoopTableOperations.java:104)
[2025-11-02T11:49:07.003+0000] {subprocess.py:93} INFO - 	at org.apache.iceberg.BaseTransaction.lambda$commitReplaceTransaction$1(BaseTransaction.java:368)
[2025-11-02T11:49:07.005+0000] {subprocess.py:93} INFO - 	at org.apache.iceberg.util.Tasks$Builder.runTaskWithRetry(Tasks.java:413)
[2025-11-02T11:49:07.007+0000] {subprocess.py:93} INFO - 	at org.apache.iceberg.util.Tasks$Builder.runSingleThreaded(Tasks.java:219)
[2025-11-02T11:49:07.010+0000] {subprocess.py:93} INFO - 	at org.apache.iceberg.util.Tasks$Builder.run(Tasks.java:203)
[2025-11-02T11:49:07.012+0000] {subprocess.py:93} INFO - 	at org.apache.iceberg.util.Tasks$Builder.run(Tasks.java:196)
[2025-11-02T11:49:07.015+0000] {subprocess.py:93} INFO - 	at org.apache.iceberg.BaseTransaction.commitReplaceTransaction(BaseTransaction.java:365)
[2025-11-02T11:49:07.017+0000] {subprocess.py:93} INFO - 	at org.apache.iceberg.BaseTransaction.commitTransaction(BaseTransaction.java:314)
[2025-11-02T11:49:07.019+0000] {subprocess.py:93} INFO - 	at org.apache.iceberg.CommitCallbackTransaction.commitTransaction(CommitCallbackTransaction.java:126)
[2025-11-02T11:49:07.021+0000] {subprocess.py:93} INFO - 	at org.apache.iceberg.spark.source.StagedSparkTable.commitStagedChanges(StagedSparkTable.java:34)
[2025-11-02T11:49:07.024+0000] {subprocess.py:93} INFO - 	at org.apache.spark.sql.execution.datasources.v2.TableWriteExecHelper.$anonfun$writeToTable$1(WriteToDataSourceV2Exec.scala:603)
[2025-11-02T11:49:07.026+0000] {subprocess.py:93} INFO - 	at org.apache.spark.util.Utils$.tryWithSafeFinallyAndFailureCallbacks(Utils.scala:1563)
[2025-11-02T11:49:07.028+0000] {subprocess.py:93} INFO - 	at org.apache.spark.sql.execution.datasources.v2.TableWriteExecHelper.writeToTable(WriteToDataSourceV2Exec.scala:587)
[2025-11-02T11:49:07.030+0000] {subprocess.py:93} INFO - 	at org.apache.spark.sql.execution.datasources.v2.TableWriteExecHelper.writeToTable$(WriteToDataSourceV2Exec.scala:582)
[2025-11-02T11:49:07.032+0000] {subprocess.py:93} INFO - 	at org.apache.spark.sql.execution.datasources.v2.AtomicReplaceTableAsSelectExec.writeToTable(WriteToDataSourceV2Exec.scala:202)
[2025-11-02T11:49:07.035+0000] {subprocess.py:93} INFO - 	at org.apache.spark.sql.execution.datasources.v2.AtomicReplaceTableAsSelectExec.run(WriteToDataSourceV2Exec.scala:236)
[2025-11-02T11:49:07.037+0000] {subprocess.py:93} INFO - 	at org.apache.spark.sql.execution.datasources.v2.V2CommandExec.result$lzycompute(V2CommandExec.scala:43)
[2025-11-02T11:49:07.040+0000] {subprocess.py:93} INFO - 	at org.apache.spark.sql.execution.datasources.v2.V2CommandExec.result(V2CommandExec.scala:43)
[2025-11-02T11:49:07.042+0000] {subprocess.py:93} INFO - 	at org.apache.spark.sql.execution.datasources.v2.V2CommandExec.executeCollect(V2CommandExec.scala:49)
[2025-11-02T11:49:07.044+0000] {subprocess.py:93} INFO - 	at org.apache.spark.sql.execution.QueryExecution$$anonfun$eagerlyExecuteCommands$1.$anonfun$applyOrElse$1(QueryExecution.scala:98)
[2025-11-02T11:49:07.046+0000] {subprocess.py:93} INFO - 	at org.apache.spark.sql.execution.SQLExecution$.$anonfun$withNewExecutionId$6(SQLExecution.scala:118)
[2025-11-02T11:49:07.048+0000] {subprocess.py:93} INFO - 	at org.apache.spark.sql.execution.SQLExecution$.withSQLConfPropagated(SQLExecution.scala:195)
[2025-11-02T11:49:07.050+0000] {subprocess.py:93} INFO - 	at org.apache.spark.sql.execution.SQLExecution$.$anonfun$withNewExecutionId$1(SQLExecution.scala:103)
[2025-11-02T11:49:07.052+0000] {subprocess.py:93} INFO - 	at org.apache.spark.sql.SparkSession.withActive(SparkSession.scala:827)
[2025-11-02T11:49:07.055+0000] {subprocess.py:93} INFO - 	at org.apache.spark.sql.execution.SQLExecution$.withNewExecutionId(SQLExecution.scala:65)
[2025-11-02T11:49:07.056+0000] {subprocess.py:93} INFO - 	at org.apache.spark.sql.execution.QueryExecution$$anonfun$eagerlyExecuteCommands$1.applyOrElse(QueryExecution.scala:98)
[2025-11-02T11:49:07.058+0000] {subprocess.py:93} INFO - 	at org.apache.spark.sql.execution.QueryExecution$$anonfun$eagerlyExecuteCommands$1.applyOrElse(QueryExecution.scala:94)
[2025-11-02T11:49:07.060+0000] {subprocess.py:93} INFO - 	at org.apache.spark.sql.catalyst.trees.TreeNode.$anonfun$transformDownWithPruning$1(TreeNode.scala:512)
[2025-11-02T11:49:07.061+0000] {subprocess.py:93} INFO - 	at org.apache.spark.sql.catalyst.trees.CurrentOrigin$.withOrigin(TreeNode.scala:104)
[2025-11-02T11:49:07.064+0000] {subprocess.py:93} INFO - 	at org.apache.spark.sql.catalyst.trees.TreeNode.transformDownWithPruning(TreeNode.scala:512)
[2025-11-02T11:49:07.066+0000] {subprocess.py:93} INFO - 	at org.apache.spark.sql.catalyst.plans.logical.LogicalPlan.org$apache$spark$sql$catalyst$plans$logical$AnalysisHelper$$super$transformDownWithPruning(LogicalPlan.scala:31)
[2025-11-02T11:49:07.068+0000] {subprocess.py:93} INFO - 	at org.apache.spark.sql.catalyst.plans.logical.AnalysisHelper.transformDownWithPruning(AnalysisHelper.scala:267)
[2025-11-02T11:49:07.071+0000] {subprocess.py:93} INFO - 	at org.apache.spark.sql.catalyst.plans.logical.AnalysisHelper.transformDownWithPruning$(AnalysisHelper.scala:263)
[2025-11-02T11:49:07.073+0000] {subprocess.py:93} INFO - 	at org.apache.spark.sql.catalyst.plans.logical.LogicalPlan.transformDownWithPruning(LogicalPlan.scala:31)
[2025-11-02T11:49:07.075+0000] {subprocess.py:93} INFO - 	at org.apache.spark.sql.catalyst.plans.logical.LogicalPlan.transformDownWithPruning(LogicalPlan.scala:31)
[2025-11-02T11:49:07.078+0000] {subprocess.py:93} INFO - 	at org.apache.spark.sql.catalyst.trees.TreeNode.transformDown(TreeNode.scala:488)
[2025-11-02T11:49:07.080+0000] {subprocess.py:93} INFO - 	at org.apache.spark.sql.execution.QueryExecution.eagerlyExecuteCommands(QueryExecution.scala:94)
[2025-11-02T11:49:07.081+0000] {subprocess.py:93} INFO - 	at org.apache.spark.sql.execution.QueryExecution.commandExecuted$lzycompute(QueryExecution.scala:81)
[2025-11-02T11:49:07.084+0000] {subprocess.py:93} INFO - 	at org.apache.spark.sql.execution.QueryExecution.commandExecuted(QueryExecution.scala:79)
[2025-11-02T11:49:07.086+0000] {subprocess.py:93} INFO - 	at org.apache.spark.sql.Dataset.<init>(Dataset.scala:219)
[2025-11-02T11:49:07.088+0000] {subprocess.py:93} INFO - 	at org.apache.spark.sql.Dataset$.$anonfun$ofRows$2(Dataset.scala:99)
[2025-11-02T11:49:07.090+0000] {subprocess.py:93} INFO - 	at org.apache.spark.sql.SparkSession.withActive(SparkSession.scala:827)
[2025-11-02T11:49:07.092+0000] {subprocess.py:93} INFO - 	at org.apache.spark.sql.Dataset$.ofRows(Dataset.scala:96)
[2025-11-02T11:49:07.093+0000] {subprocess.py:93} INFO - 	at org.apache.spark.sql.SparkSession.$anonfun$sql$1(SparkSession.scala:640)
[2025-11-02T11:49:07.094+0000] {subprocess.py:93} INFO - 	at org.apache.spark.sql.SparkSession.withActive(SparkSession.scala:827)
[2025-11-02T11:49:07.096+0000] {subprocess.py:93} INFO - 	at org.apache.spark.sql.SparkSession.sql(SparkSession.scala:630)
[2025-11-02T11:49:07.099+0000] {subprocess.py:93} INFO - 	at org.apache.spark.sql.SparkSession.sql(SparkSession.scala:662)
[2025-11-02T11:49:07.100+0000] {subprocess.py:93} INFO - 	at java.base/jdk.internal.reflect.NativeMethodAccessorImpl.invoke0(Native Method)
[2025-11-02T11:49:07.102+0000] {subprocess.py:93} INFO - 	at java.base/jdk.internal.reflect.NativeMethodAccessorImpl.invoke(NativeMethodAccessorImpl.java:77)
[2025-11-02T11:49:07.104+0000] {subprocess.py:93} INFO - 	at java.base/jdk.internal.reflect.DelegatingMethodAccessorImpl.invoke(DelegatingMethodAccessorImpl.java:43)
[2025-11-02T11:49:07.106+0000] {subprocess.py:93} INFO - 	at java.base/java.lang.reflect.Method.invoke(Method.java:569)
[2025-11-02T11:49:07.108+0000] {subprocess.py:93} INFO - 	at py4j.reflection.MethodInvoker.invoke(MethodInvoker.java:244)
[2025-11-02T11:49:07.111+0000] {subprocess.py:93} INFO - 	at py4j.reflection.ReflectionEngine.invoke(ReflectionEngine.java:374)
[2025-11-02T11:49:07.113+0000] {subprocess.py:93} INFO - 	at py4j.Gateway.invoke(Gateway.java:282)
[2025-11-02T11:49:07.115+0000] {subprocess.py:93} INFO - 	at py4j.commands.AbstractCommand.invokeMethod(AbstractCommand.java:132)
[2025-11-02T11:49:07.117+0000] {subprocess.py:93} INFO - 	at py4j.commands.CallCommand.execute(CallCommand.java:79)
[2025-11-02T11:49:07.119+0000] {subprocess.py:93} INFO - 	at py4j.ClientServerConnection.waitForCommands(ClientServerConnection.java:182)
[2025-11-02T11:49:07.122+0000] {subprocess.py:93} INFO - 	at py4j.ClientServerConnection.run(ClientServerConnection.java:106)
[2025-11-02T11:49:07.123+0000] {subprocess.py:93} INFO - 	at java.base/java.lang.Thread.run(Thread.java:840)
[2025-11-02T11:49:08.683+0000] {subprocess.py:93} INFO - 25/11/02 11:49:08 WARN HadoopTableOperations: Error reading version hint file s3a://multusystem/gold_layer/gold/dim_customer/metadata/version-hint.text
[2025-11-02T11:49:08.687+0000] {subprocess.py:93} INFO - java.io.FileNotFoundException: No such file or directory: s3a://multusystem/gold_layer/gold/dim_customer/metadata/version-hint.text
[2025-11-02T11:49:08.689+0000] {subprocess.py:93} INFO - 	at org.apache.hadoop.fs.s3a.S3AFileSystem.s3GetFileStatus(S3AFileSystem.java:3866)
[2025-11-02T11:49:08.691+0000] {subprocess.py:93} INFO - 	at org.apache.hadoop.fs.s3a.S3AFileSystem.innerGetFileStatus(S3AFileSystem.java:3688)
[2025-11-02T11:49:08.692+0000] {subprocess.py:93} INFO - 	at org.apache.hadoop.fs.s3a.S3AFileSystem.extractOrFetchSimpleFileStatus(S3AFileSystem.java:5401)
[2025-11-02T11:49:08.695+0000] {subprocess.py:93} INFO - 	at org.apache.hadoop.fs.s3a.S3AFileSystem.open(S3AFileSystem.java:1465)
[2025-11-02T11:49:08.696+0000] {subprocess.py:93} INFO - 	at org.apache.hadoop.fs.s3a.S3AFileSystem.open(S3AFileSystem.java:1441)
[2025-11-02T11:49:08.698+0000] {subprocess.py:93} INFO - 	at org.apache.hadoop.fs.FileSystem.open(FileSystem.java:976)
[2025-11-02T11:49:08.699+0000] {subprocess.py:93} INFO - 	at org.apache.iceberg.hadoop.HadoopTableOperations.findVersion(HadoopTableOperations.java:318)
[2025-11-02T11:49:08.702+0000] {subprocess.py:93} INFO - 	at org.apache.iceberg.hadoop.HadoopTableOperations.refresh(HadoopTableOperations.java:104)
[2025-11-02T11:49:08.705+0000] {subprocess.py:93} INFO - 	at org.apache.iceberg.hadoop.HadoopTableOperations.current(HadoopTableOperations.java:84)
[2025-11-02T11:49:08.707+0000] {subprocess.py:93} INFO - 	at org.apache.iceberg.BaseTransaction.lambda$commitReplaceTransaction$1(BaseTransaction.java:377)
[2025-11-02T11:49:08.709+0000] {subprocess.py:93} INFO - 	at org.apache.iceberg.util.Tasks$Builder.runTaskWithRetry(Tasks.java:413)
[2025-11-02T11:49:08.711+0000] {subprocess.py:93} INFO - 	at org.apache.iceberg.util.Tasks$Builder.runSingleThreaded(Tasks.java:219)
[2025-11-02T11:49:08.713+0000] {subprocess.py:93} INFO - 	at org.apache.iceberg.util.Tasks$Builder.run(Tasks.java:203)
[2025-11-02T11:49:08.715+0000] {subprocess.py:93} INFO - 	at org.apache.iceberg.util.Tasks$Builder.run(Tasks.java:196)
[2025-11-02T11:49:08.717+0000] {subprocess.py:93} INFO - 	at org.apache.iceberg.BaseTransaction.commitReplaceTransaction(BaseTransaction.java:365)
[2025-11-02T11:49:08.720+0000] {subprocess.py:93} INFO - 	at org.apache.iceberg.BaseTransaction.commitTransaction(BaseTransaction.java:314)
[2025-11-02T11:49:08.722+0000] {subprocess.py:93} INFO - 	at org.apache.iceberg.CommitCallbackTransaction.commitTransaction(CommitCallbackTransaction.java:126)
[2025-11-02T11:49:08.724+0000] {subprocess.py:93} INFO - 	at org.apache.iceberg.spark.source.StagedSparkTable.commitStagedChanges(StagedSparkTable.java:34)
[2025-11-02T11:49:08.727+0000] {subprocess.py:93} INFO - 	at org.apache.spark.sql.execution.datasources.v2.TableWriteExecHelper.$anonfun$writeToTable$1(WriteToDataSourceV2Exec.scala:603)
[2025-11-02T11:49:08.729+0000] {subprocess.py:93} INFO - 	at org.apache.spark.util.Utils$.tryWithSafeFinallyAndFailureCallbacks(Utils.scala:1563)
[2025-11-02T11:49:08.731+0000] {subprocess.py:93} INFO - 	at org.apache.spark.sql.execution.datasources.v2.TableWriteExecHelper.writeToTable(WriteToDataSourceV2Exec.scala:587)
[2025-11-02T11:49:08.733+0000] {subprocess.py:93} INFO - 	at org.apache.spark.sql.execution.datasources.v2.TableWriteExecHelper.writeToTable$(WriteToDataSourceV2Exec.scala:582)
[2025-11-02T11:49:08.736+0000] {subprocess.py:93} INFO - 	at org.apache.spark.sql.execution.datasources.v2.AtomicReplaceTableAsSelectExec.writeToTable(WriteToDataSourceV2Exec.scala:202)
[2025-11-02T11:49:08.738+0000] {subprocess.py:93} INFO - 	at org.apache.spark.sql.execution.datasources.v2.AtomicReplaceTableAsSelectExec.run(WriteToDataSourceV2Exec.scala:236)
[2025-11-02T11:49:08.739+0000] {subprocess.py:93} INFO - 	at org.apache.spark.sql.execution.datasources.v2.V2CommandExec.result$lzycompute(V2CommandExec.scala:43)
[2025-11-02T11:49:08.742+0000] {subprocess.py:93} INFO - 	at org.apache.spark.sql.execution.datasources.v2.V2CommandExec.result(V2CommandExec.scala:43)
[2025-11-02T11:49:08.744+0000] {subprocess.py:93} INFO - 	at org.apache.spark.sql.execution.datasources.v2.V2CommandExec.executeCollect(V2CommandExec.scala:49)
[2025-11-02T11:49:08.747+0000] {subprocess.py:93} INFO - 	at org.apache.spark.sql.execution.QueryExecution$$anonfun$eagerlyExecuteCommands$1.$anonfun$applyOrElse$1(QueryExecution.scala:98)
[2025-11-02T11:49:08.749+0000] {subprocess.py:93} INFO - 	at org.apache.spark.sql.execution.SQLExecution$.$anonfun$withNewExecutionId$6(SQLExecution.scala:118)
[2025-11-02T11:49:08.752+0000] {subprocess.py:93} INFO - 	at org.apache.spark.sql.execution.SQLExecution$.withSQLConfPropagated(SQLExecution.scala:195)
[2025-11-02T11:49:08.754+0000] {subprocess.py:93} INFO - 	at org.apache.spark.sql.execution.SQLExecution$.$anonfun$withNewExecutionId$1(SQLExecution.scala:103)
[2025-11-02T11:49:08.756+0000] {subprocess.py:93} INFO - 	at org.apache.spark.sql.SparkSession.withActive(SparkSession.scala:827)
[2025-11-02T11:49:08.758+0000] {subprocess.py:93} INFO - 	at org.apache.spark.sql.execution.SQLExecution$.withNewExecutionId(SQLExecution.scala:65)
[2025-11-02T11:49:08.760+0000] {subprocess.py:93} INFO - 	at org.apache.spark.sql.execution.QueryExecution$$anonfun$eagerlyExecuteCommands$1.applyOrElse(QueryExecution.scala:98)
[2025-11-02T11:49:08.763+0000] {subprocess.py:93} INFO - 	at org.apache.spark.sql.execution.QueryExecution$$anonfun$eagerlyExecuteCommands$1.applyOrElse(QueryExecution.scala:94)
[2025-11-02T11:49:08.764+0000] {subprocess.py:93} INFO - 	at org.apache.spark.sql.catalyst.trees.TreeNode.$anonfun$transformDownWithPruning$1(TreeNode.scala:512)
[2025-11-02T11:49:08.766+0000] {subprocess.py:93} INFO - 	at org.apache.spark.sql.catalyst.trees.CurrentOrigin$.withOrigin(TreeNode.scala:104)
[2025-11-02T11:49:08.770+0000] {subprocess.py:93} INFO - 	at org.apache.spark.sql.catalyst.trees.TreeNode.transformDownWithPruning(TreeNode.scala:512)
[2025-11-02T11:49:08.772+0000] {subprocess.py:93} INFO - 	at org.apache.spark.sql.catalyst.plans.logical.LogicalPlan.org$apache$spark$sql$catalyst$plans$logical$AnalysisHelper$$super$transformDownWithPruning(LogicalPlan.scala:31)
[2025-11-02T11:49:08.774+0000] {subprocess.py:93} INFO - 	at org.apache.spark.sql.catalyst.plans.logical.AnalysisHelper.transformDownWithPruning(AnalysisHelper.scala:267)
[2025-11-02T11:49:08.776+0000] {subprocess.py:93} INFO - 	at org.apache.spark.sql.catalyst.plans.logical.AnalysisHelper.transformDownWithPruning$(AnalysisHelper.scala:263)
[2025-11-02T11:49:08.779+0000] {subprocess.py:93} INFO - 	at org.apache.spark.sql.catalyst.plans.logical.LogicalPlan.transformDownWithPruning(LogicalPlan.scala:31)
[2025-11-02T11:49:08.782+0000] {subprocess.py:93} INFO - 	at org.apache.spark.sql.catalyst.plans.logical.LogicalPlan.transformDownWithPruning(LogicalPlan.scala:31)
[2025-11-02T11:49:08.784+0000] {subprocess.py:93} INFO - 	at org.apache.spark.sql.catalyst.trees.TreeNode.transformDown(TreeNode.scala:488)
[2025-11-02T11:49:08.786+0000] {subprocess.py:93} INFO - 	at org.apache.spark.sql.execution.QueryExecution.eagerlyExecuteCommands(QueryExecution.scala:94)
[2025-11-02T11:49:08.788+0000] {subprocess.py:93} INFO - 	at org.apache.spark.sql.execution.QueryExecution.commandExecuted$lzycompute(QueryExecution.scala:81)
[2025-11-02T11:49:08.790+0000] {subprocess.py:93} INFO - 	at org.apache.spark.sql.execution.QueryExecution.commandExecuted(QueryExecution.scala:79)
[2025-11-02T11:49:08.793+0000] {subprocess.py:93} INFO - 	at org.apache.spark.sql.Dataset.<init>(Dataset.scala:219)
[2025-11-02T11:49:08.795+0000] {subprocess.py:93} INFO - 	at org.apache.spark.sql.Dataset$.$anonfun$ofRows$2(Dataset.scala:99)
[2025-11-02T11:49:08.797+0000] {subprocess.py:93} INFO - 	at org.apache.spark.sql.SparkSession.withActive(SparkSession.scala:827)
[2025-11-02T11:49:08.800+0000] {subprocess.py:93} INFO - 	at org.apache.spark.sql.Dataset$.ofRows(Dataset.scala:96)
[2025-11-02T11:49:08.802+0000] {subprocess.py:93} INFO - 	at org.apache.spark.sql.SparkSession.$anonfun$sql$1(SparkSession.scala:640)
[2025-11-02T11:49:08.804+0000] {subprocess.py:93} INFO - 	at org.apache.spark.sql.SparkSession.withActive(SparkSession.scala:827)
[2025-11-02T11:49:08.806+0000] {subprocess.py:93} INFO - 	at org.apache.spark.sql.SparkSession.sql(SparkSession.scala:630)
[2025-11-02T11:49:08.807+0000] {subprocess.py:93} INFO - 	at org.apache.spark.sql.SparkSession.sql(SparkSession.scala:662)
[2025-11-02T11:49:08.810+0000] {subprocess.py:93} INFO - 	at java.base/jdk.internal.reflect.NativeMethodAccessorImpl.invoke0(Native Method)
[2025-11-02T11:49:08.812+0000] {subprocess.py:93} INFO - 	at java.base/jdk.internal.reflect.NativeMethodAccessorImpl.invoke(NativeMethodAccessorImpl.java:77)
[2025-11-02T11:49:08.815+0000] {subprocess.py:93} INFO - 	at java.base/jdk.internal.reflect.DelegatingMethodAccessorImpl.invoke(DelegatingMethodAccessorImpl.java:43)
[2025-11-02T11:49:08.817+0000] {subprocess.py:93} INFO - 	at java.base/java.lang.reflect.Method.invoke(Method.java:569)
[2025-11-02T11:49:08.819+0000] {subprocess.py:93} INFO - 	at py4j.reflection.MethodInvoker.invoke(MethodInvoker.java:244)
[2025-11-02T11:49:08.822+0000] {subprocess.py:93} INFO - 	at py4j.reflection.ReflectionEngine.invoke(ReflectionEngine.java:374)
[2025-11-02T11:49:08.824+0000] {subprocess.py:93} INFO - 	at py4j.Gateway.invoke(Gateway.java:282)
[2025-11-02T11:49:08.826+0000] {subprocess.py:93} INFO - 	at py4j.commands.AbstractCommand.invokeMethod(AbstractCommand.java:132)
[2025-11-02T11:49:08.828+0000] {subprocess.py:93} INFO - 	at py4j.commands.CallCommand.execute(CallCommand.java:79)
[2025-11-02T11:49:08.831+0000] {subprocess.py:93} INFO - 	at py4j.ClientServerConnection.waitForCommands(ClientServerConnection.java:182)
[2025-11-02T11:49:08.833+0000] {subprocess.py:93} INFO - 	at py4j.ClientServerConnection.run(ClientServerConnection.java:106)
[2025-11-02T11:49:08.835+0000] {subprocess.py:93} INFO - 	at java.base/java.lang.Thread.run(Thread.java:840)
[2025-11-02T11:49:11.972+0000] {subprocess.py:93} INFO - 25/11/02 11:49:11 INFO HadoopTableOperations: Committed a new metadata file s3a://multusystem/gold_layer/gold/dim_customer/metadata/v1.metadata.json
[2025-11-02T11:49:14.116+0000] {subprocess.py:93} INFO - INFO:gold_modeling.Dimensions.dim_customer:Dim_customer table created successfully
[2025-11-02T11:49:14.121+0000] {subprocess.py:93} INFO - INFO:gold_modeling.Dimensions.dim_products:Creating DIM_PRODUCTS table...
[2025-11-02T11:49:15.882+0000] {subprocess.py:93} INFO - 25/11/02 11:49:15 INFO BaseMetastoreCatalog: Table loaded by catalog: local.magento_products
[2025-11-02T11:49:17.644+0000] {subprocess.py:93} INFO - 25/11/02 11:49:17 INFO BaseMetastoreCatalog: Table loaded by catalog: local.odoo_products
[2025-11-02T11:49:19.421+0000] {subprocess.py:93} INFO - 25/11/02 11:49:19 INFO BaseMetastoreCatalog: Table loaded by catalog: local.categories
[2025-11-02T11:49:21.204+0000] {subprocess.py:93} INFO - 25/11/02 11:49:21 INFO BaseMetastoreCatalog: Table loaded by catalog: local.subcategories
[2025-11-02T11:49:21.376+0000] {subprocess.py:93} INFO - Traceback (most recent call last):
[2025-11-02T11:49:21.378+0000] {subprocess.py:93} INFO -   File "/opt/spark-3.4.0-bin-hadoop3/work-dir/scripts/gold_modeling/Dimensions/Dimensions.py", line 28, in <module>
[2025-11-02T11:49:21.386+0000] {subprocess.py:93} INFO -     Products_dim(spark)
[2025-11-02T11:49:21.389+0000] {subprocess.py:93} INFO -   File "/opt/spark/work-dir/scripts/gold_modeling/Dimensions/dim_products.py", line 71, in main
[2025-11-02T11:49:21.399+0000] {subprocess.py:93} INFO -     create_dim_products(spark)
[2025-11-02T11:49:21.401+0000] {subprocess.py:93} INFO -   File "/opt/spark/work-dir/scripts/gold_modeling/Dimensions/dim_products.py", line 17, in create_dim_products
[2025-11-02T11:49:21.409+0000] {subprocess.py:93} INFO -     spark.sql("""
[2025-11-02T11:49:21.412+0000] {subprocess.py:93} INFO -   File "/opt/spark/python/lib/pyspark.zip/pyspark/sql/session.py", line 1440, in sql
[2025-11-02T11:49:21.417+0000] {subprocess.py:93} INFO -   File "/opt/spark/python/lib/py4j-0.10.9.7-src.zip/py4j/java_gateway.py", line 1322, in __call__
[2025-11-02T11:49:21.424+0000] {subprocess.py:93} INFO -   File "/opt/spark/python/lib/pyspark.zip/pyspark/errors/exceptions/captured.py", line 175, in deco
[2025-11-02T11:49:21.439+0000] {subprocess.py:93} INFO - pyspark.errors.exceptions.captured.AnalysisException: [UNRESOLVED_COLUMN.WITH_SUGGESTION] A column or function parameter with name `m`.`product_name` cannot be resolved. Did you mean one of the following? [`o`.`product_name`, `o`.`product_code`, `m`.`product_id`, `o`.`product_type`, `o`.`product_id`].; line 20 pos 48;
[2025-11-02T11:49:21.442+0000] {subprocess.py:93} INFO - 'CreateViewCommand `unified_products`, SELECT
[2025-11-02T11:49:21.444+0000] {subprocess.py:93} INFO -         COALESCE(m.product_id, o.product_id) AS product_id,
[2025-11-02T11:49:21.446+0000] {subprocess.py:93} INFO -         COALESCE(m.product_name, o.product_name, 'Unknown') AS product_name,
[2025-11-02T11:49:21.449+0000] {subprocess.py:93} INFO -         COALESCE(m.sku, o.product_code) AS product_code,
[2025-11-02T11:49:21.452+0000] {subprocess.py:93} INFO -         COALESCE(m.brand, 'Uncategorized') AS brand,
[2025-11-02T11:49:21.454+0000] {subprocess.py:93} INFO -         COALESCE(m.price, o.standard_price, o.list_price, 0) AS current_price,
[2025-11-02T11:49:21.457+0000] {subprocess.py:93} INFO -         COALESCE(m.is_active, o.is_active, true) AS is_active,
[2025-11-02T11:49:21.460+0000] {subprocess.py:93} INFO -         COALESCE(m.created_at, o.created_at, current_timestamp()) AS created_at,
[2025-11-02T11:49:21.463+0000] {subprocess.py:93} INFO -         CASE
[2025-11-02T11:49:21.465+0000] {subprocess.py:93} INFO -             WHEN m.product_id IS NOT NULL THEN 'magento'
[2025-11-02T11:49:21.468+0000] {subprocess.py:93} INFO -             WHEN o.product_id IS NOT NULL THEN 'odoo'
[2025-11-02T11:49:21.471+0000] {subprocess.py:93} INFO -             ELSE 'unknown'
[2025-11-02T11:49:21.473+0000] {subprocess.py:93} INFO -         END AS source_system,
[2025-11-02T11:49:21.477+0000] {subprocess.py:93} INFO -         COALESCE(o.product_type, 'Stockable') AS product_type,
[2025-11-02T11:49:21.479+0000] {subprocess.py:93} INFO -         COALESCE(m.subcategory_id, null) AS subcategory_id
[2025-11-02T11:49:21.481+0000] {subprocess.py:93} INFO -     FROM magento_products m
[2025-11-02T11:49:21.483+0000] {subprocess.py:93} INFO -     FULL OUTER JOIN odoo_products o
[2025-11-02T11:49:21.487+0000] {subprocess.py:93} INFO -         ON m.product_id = o.product_id OR lower(m.product_name) = lower(o.product_name), false, true, LocalTempView, false
[2025-11-02T11:49:21.489+0000] {subprocess.py:93} INFO - +- 'Project ['COALESCE('m.product_id, 'o.product_id) AS product_id#232, 'COALESCE('m.product_name, 'o.product_name, Unknown) AS product_name#233, 'COALESCE('m.sku, 'o.product_code) AS product_code#234, 'COALESCE('m.brand, Uncategorized) AS brand#235, 'COALESCE('m.price, 'o.standard_price, 'o.list_price, 0) AS current_price#236, 'COALESCE('m.is_active, 'o.is_active, true) AS is_active#237, 'COALESCE('m.created_at, 'o.created_at, current_timestamp()) AS created_at#238, CASE WHEN isnotnull('m.product_id) THEN magento WHEN isnotnull('o.product_id) THEN odoo ELSE unknown END AS source_system#239, 'COALESCE('o.product_type, Stockable) AS product_type#240, 'COALESCE('m.subcategory_id, null) AS subcategory_id#241]
[2025-11-02T11:49:21.492+0000] {subprocess.py:93} INFO -    +- 'Join FullOuter, ((product_id#253L = product_id#289L) OR ('lower('m.product_name) = lower(product_name#292)))
[2025-11-02T11:49:21.493+0000] {subprocess.py:93} INFO -       :- SubqueryAlias m
[2025-11-02T11:49:21.495+0000] {subprocess.py:93} INFO -       :  +- SubqueryAlias magento_products
[2025-11-02T11:49:21.497+0000] {subprocess.py:93} INFO -       :     +- View (`magento_products`, [_airbyte_raw_id#242,_airbyte_extracted_at#243,_airbyte_meta#244,_airbyte_generation_id#245L,sku#246,cost#247,name#248,brand#249,price#250,is_active#251,created_at#252,product_id#253L,_ab_cdc_lsn#254,category_id#255L,subcategory_id#256L,_ab_cdc_deleted_at#257,_ab_cdc_updated_at#258])
[2025-11-02T11:49:21.499+0000] {subprocess.py:93} INFO -       :        +- Project [cast(_airbyte_raw_id#259 as string) AS _airbyte_raw_id#242, cast(_airbyte_extracted_at#260 as timestamp) AS _airbyte_extracted_at#243, cast(_airbyte_meta#261 as struct<sync_id:bigint,changes:array<struct<field:string,change:string,reason:string>>>) AS _airbyte_meta#244, cast(_airbyte_generation_id#262L as bigint) AS _airbyte_generation_id#245L, cast(sku#263 as string) AS sku#246, cast(cost#264 as double) AS cost#247, cast(name#265 as string) AS name#248, cast(brand#266 as string) AS brand#249, cast(price#267 as double) AS price#250, cast(is_active#268 as boolean) AS is_active#251, cast(created_at#269 as timestamp) AS created_at#252, cast(product_id#270L as bigint) AS product_id#253L, cast(_ab_cdc_lsn#271 as double) AS _ab_cdc_lsn#254, cast(category_id#272L as bigint) AS category_id#255L, cast(subcategory_id#273L as bigint) AS subcategory_id#256L, cast(_ab_cdc_deleted_at#274 as string) AS _ab_cdc_deleted_at#257, cast(_ab_cdc_updated_at#275 as string) AS _ab_cdc_updated_at#258]
[2025-11-02T11:49:21.501+0000] {subprocess.py:93} INFO -       :           +- Project [_airbyte_raw_id#259, _airbyte_extracted_at#260, _airbyte_meta#261, _airbyte_generation_id#262L, sku#263, cost#264, name#265, brand#266, price#267, is_active#268, created_at#269, product_id#270L, _ab_cdc_lsn#271, category_id#272L, subcategory_id#273L, _ab_cdc_deleted_at#274, _ab_cdc_updated_at#275]
[2025-11-02T11:49:21.504+0000] {subprocess.py:93} INFO -       :              +- SubqueryAlias local.magento_products
[2025-11-02T11:49:21.506+0000] {subprocess.py:93} INFO -       :                 +- RelationV2[_airbyte_raw_id#259, _airbyte_extracted_at#260, _airbyte_meta#261, _airbyte_generation_id#262L, sku#263, cost#264, name#265, brand#266, price#267, is_active#268, created_at#269, product_id#270L, _ab_cdc_lsn#271, category_id#272L, subcategory_id#273L, _ab_cdc_deleted_at#274, _ab_cdc_updated_at#275] local.magento_products local.magento_products
[2025-11-02T11:49:21.508+0000] {subprocess.py:93} INFO -       +- SubqueryAlias o
[2025-11-02T11:49:21.512+0000] {subprocess.py:93} INFO -          +- SubqueryAlias odoo_products
[2025-11-02T11:49:21.514+0000] {subprocess.py:93} INFO -             +- View (`odoo_products`, [_airbyte_raw_id#281,_airbyte_extracted_at#282,_airbyte_meta#283,_airbyte_generation_id#284L,category#285,is_active#286,created_at#287,list_price#288,product_id#289L,_ab_cdc_lsn#290,product_code#291,product_name#292,product_type#293,standard_price#294,_ab_cdc_deleted_at#295,_ab_cdc_updated_at#296])
[2025-11-02T11:49:21.518+0000] {subprocess.py:93} INFO -                +- Project [cast(_airbyte_raw_id#297 as string) AS _airbyte_raw_id#281, cast(_airbyte_extracted_at#298 as timestamp) AS _airbyte_extracted_at#282, cast(_airbyte_meta#299 as struct<sync_id:bigint,changes:array<struct<field:string,change:string,reason:string>>>) AS _airbyte_meta#283, cast(_airbyte_generation_id#300L as bigint) AS _airbyte_generation_id#284L, cast(category#301 as string) AS category#285, cast(is_active#302 as boolean) AS is_active#286, cast(created_at#303 as timestamp) AS created_at#287, cast(list_price#304 as double) AS list_price#288, cast(product_id#305L as bigint) AS product_id#289L, cast(_ab_cdc_lsn#306 as double) AS _ab_cdc_lsn#290, cast(product_code#307 as string) AS product_code#291, cast(product_name#308 as string) AS product_name#292, cast(product_type#309 as string) AS product_type#293, cast(standard_price#310 as double) AS standard_price#294, cast(_ab_cdc_deleted_at#311 as string) AS _ab_cdc_deleted_at#295, cast(_ab_cdc_updated_at#312 as string) AS _ab_cdc_updated_at#296]
[2025-11-02T11:49:21.521+0000] {subprocess.py:93} INFO -                   +- Project [_airbyte_raw_id#297, _airbyte_extracted_at#298, _airbyte_meta#299, _airbyte_generation_id#300L, category#301, is_active#302, created_at#303, list_price#304, product_id#305L, _ab_cdc_lsn#306, product_code#307, product_name#308, product_type#309, standard_price#310, _ab_cdc_deleted_at#311, _ab_cdc_updated_at#312]
[2025-11-02T11:49:21.524+0000] {subprocess.py:93} INFO -                      +- SubqueryAlias local.odoo_products
[2025-11-02T11:49:21.527+0000] {subprocess.py:93} INFO -                         +- RelationV2[_airbyte_raw_id#297, _airbyte_extracted_at#298, _airbyte_meta#299, _airbyte_generation_id#300L, category#301, is_active#302, created_at#303, list_price#304, product_id#305L, _ab_cdc_lsn#306, product_code#307, product_name#308, product_type#309, standard_price#310, _ab_cdc_deleted_at#311, _ab_cdc_updated_at#312] local.odoo_products local.odoo_products
[2025-11-02T11:49:21.530+0000] {subprocess.py:93} INFO - 
[2025-11-02T11:49:21.532+0000] {subprocess.py:93} INFO - INFO:py4j.clientserver:Closing down clientserver connection
[2025-11-02T11:49:21.534+0000] {subprocess.py:93} INFO - 25/11/02 11:49:21 INFO SparkContext: Invoking stop() from shutdown hook
[2025-11-02T11:49:21.536+0000] {subprocess.py:93} INFO - 25/11/02 11:49:21 INFO SparkContext: SparkContext is stopping with exitCode 0.
[2025-11-02T11:49:21.538+0000] {subprocess.py:93} INFO - 25/11/02 11:49:21 INFO SparkUI: Stopped Spark web UI at http://4bd4a2df5838:4040
[2025-11-02T11:49:21.541+0000] {subprocess.py:93} INFO - 25/11/02 11:49:21 INFO StandaloneSchedulerBackend: Shutting down all executors
[2025-11-02T11:49:21.542+0000] {subprocess.py:93} INFO - 25/11/02 11:49:21 INFO StandaloneSchedulerBackend$StandaloneDriverEndpoint: Asking each executor to shut down
[2025-11-02T11:49:21.545+0000] {subprocess.py:93} INFO - 25/11/02 11:49:21 INFO MapOutputTrackerMasterEndpoint: MapOutputTrackerMasterEndpoint stopped!
[2025-11-02T11:49:21.555+0000] {subprocess.py:93} INFO - 25/11/02 11:49:21 INFO MemoryStore: MemoryStore cleared
[2025-11-02T11:49:21.563+0000] {subprocess.py:93} INFO - 25/11/02 11:49:21 INFO BlockManager: BlockManager stopped
[2025-11-02T11:49:21.566+0000] {subprocess.py:93} INFO - 25/11/02 11:49:21 INFO BlockManagerMaster: BlockManagerMaster stopped
[2025-11-02T11:49:21.567+0000] {subprocess.py:93} INFO - 25/11/02 11:49:21 INFO OutputCommitCoordinator$OutputCommitCoordinatorEndpoint: OutputCommitCoordinator stopped!
[2025-11-02T11:49:21.594+0000] {subprocess.py:93} INFO - 25/11/02 11:49:21 INFO SparkContext: Successfully stopped SparkContext
[2025-11-02T11:49:21.596+0000] {subprocess.py:93} INFO - 25/11/02 11:49:21 INFO ShutdownHookManager: Shutdown hook called
[2025-11-02T11:49:21.598+0000] {subprocess.py:93} INFO - 25/11/02 11:49:21 INFO ShutdownHookManager: Deleting directory /tmp/spark-90e9ad34-19e6-49d1-8265-7dfe2ea297d5
[2025-11-02T11:49:21.600+0000] {subprocess.py:93} INFO - 25/11/02 11:49:21 INFO ShutdownHookManager: Deleting directory /tmp/spark-d7170c50-e31d-4062-b1e3-39648489c248
[2025-11-02T11:49:21.603+0000] {subprocess.py:93} INFO - 25/11/02 11:49:21 INFO ShutdownHookManager: Deleting directory /tmp/spark-90e9ad34-19e6-49d1-8265-7dfe2ea297d5/pyspark-e5cfcc07-0c30-4d1f-a08d-08e369ca85f2
[2025-11-02T11:49:21.611+0000] {subprocess.py:93} INFO - 25/11/02 11:49:21 INFO MetricsSystemImpl: Stopping s3a-file-system metrics system...
[2025-11-02T11:49:21.613+0000] {subprocess.py:93} INFO - 25/11/02 11:49:21 INFO MetricsSystemImpl: s3a-file-system metrics system stopped.
[2025-11-02T11:49:21.615+0000] {subprocess.py:93} INFO - 25/11/02 11:49:21 INFO MetricsSystemImpl: s3a-file-system metrics system shutdown complete.
[2025-11-02T11:49:21.665+0000] {subprocess.py:97} INFO - Command exited with return code 1
[2025-11-02T11:49:21.678+0000] {taskinstance.py:3310} ERROR - Task failed with exception
Traceback (most recent call last):
  File "/home/airflow/.local/lib/python3.11/site-packages/airflow/models/taskinstance.py", line 767, in _execute_task
    result = _execute_callable(context=context, **execute_callable_kwargs)
             ^^^^^^^^^^^^^^^^^^^^^^^^^^^^^^^^^^^^^^^^^^^^^^^^^^^^^^^^^^^^^
  File "/home/airflow/.local/lib/python3.11/site-packages/airflow/models/taskinstance.py", line 733, in _execute_callable
    return ExecutionCallableRunner(
           ^^^^^^^^^^^^^^^^^^^^^^^^
  File "/home/airflow/.local/lib/python3.11/site-packages/airflow/utils/operator_helpers.py", line 252, in run
    return self.func(*args, **kwargs)
           ^^^^^^^^^^^^^^^^^^^^^^^^^^
  File "/home/airflow/.local/lib/python3.11/site-packages/airflow/models/baseoperator.py", line 406, in wrapper
    return func(self, *args, **kwargs)
           ^^^^^^^^^^^^^^^^^^^^^^^^^^^
  File "/home/airflow/.local/lib/python3.11/site-packages/airflow/operators/bash.py", line 249, in execute
    raise AirflowException(
airflow.exceptions.AirflowException: Bash command failed. The command returned a non-zero exit code 1.
[2025-11-02T11:49:21.684+0000] {taskinstance.py:1225} INFO - Marking task as FAILED. dag_id=modeling, task_id=gold_modeling_dimensions, run_id=manual__2025-11-02T11:48:29+00:00, execution_date=20251102T114829, start_date=20251102T114829, end_date=20251102T114921
[2025-11-02T11:49:21.698+0000] {taskinstance.py:340} INFO - ::group::Post task execution logs
[2025-11-02T11:49:21.701+0000] {standard_task_runner.py:124} ERROR - Failed to execute job 36 for task gold_modeling_dimensions (Bash command failed. The command returned a non-zero exit code 1.; 469)
Traceback (most recent call last):
  File "/home/airflow/.local/lib/python3.11/site-packages/airflow/task/task_runner/standard_task_runner.py", line 117, in _start_by_fork
    ret = args.func(args, dag=self.dag)
          ^^^^^^^^^^^^^^^^^^^^^^^^^^^^^
  File "/home/airflow/.local/lib/python3.11/site-packages/airflow/cli/cli_config.py", line 49, in command
    return func(*args, **kwargs)
           ^^^^^^^^^^^^^^^^^^^^^
  File "/home/airflow/.local/lib/python3.11/site-packages/airflow/utils/cli.py", line 115, in wrapper
    return f(*args, **kwargs)
           ^^^^^^^^^^^^^^^^^^
  File "/home/airflow/.local/lib/python3.11/site-packages/airflow/cli/commands/task_command.py", line 483, in task_run
    task_return_code = _run_task_by_selected_method(args, _dag, ti)
                       ^^^^^^^^^^^^^^^^^^^^^^^^^^^^^^^^^^^^^^^^^^^^
  File "/home/airflow/.local/lib/python3.11/site-packages/airflow/cli/commands/task_command.py", line 256, in _run_task_by_selected_method
    return _run_raw_task(args, ti)
           ^^^^^^^^^^^^^^^^^^^^^^^
  File "/home/airflow/.local/lib/python3.11/site-packages/airflow/cli/commands/task_command.py", line 341, in _run_raw_task
    return ti._run_raw_task(
           ^^^^^^^^^^^^^^^^^
  File "/home/airflow/.local/lib/python3.11/site-packages/airflow/utils/session.py", line 97, in wrapper
    return func(*args, session=session, **kwargs)
           ^^^^^^^^^^^^^^^^^^^^^^^^^^^^^^^^^^^^^^
  File "/home/airflow/.local/lib/python3.11/site-packages/airflow/models/taskinstance.py", line 3004, in _run_raw_task
    return _run_raw_task(
           ^^^^^^^^^^^^^^
  File "/home/airflow/.local/lib/python3.11/site-packages/airflow/models/taskinstance.py", line 273, in _run_raw_task
    TaskInstance._execute_task_with_callbacks(
  File "/home/airflow/.local/lib/python3.11/site-packages/airflow/models/taskinstance.py", line 3158, in _execute_task_with_callbacks
    result = self._execute_task(context, task_orig)
             ^^^^^^^^^^^^^^^^^^^^^^^^^^^^^^^^^^^^^^
  File "/home/airflow/.local/lib/python3.11/site-packages/airflow/models/taskinstance.py", line 3182, in _execute_task
    return _execute_task(self, context, task_orig)
           ^^^^^^^^^^^^^^^^^^^^^^^^^^^^^^^^^^^^^^^
  File "/home/airflow/.local/lib/python3.11/site-packages/airflow/models/taskinstance.py", line 767, in _execute_task
    result = _execute_callable(context=context, **execute_callable_kwargs)
             ^^^^^^^^^^^^^^^^^^^^^^^^^^^^^^^^^^^^^^^^^^^^^^^^^^^^^^^^^^^^^
  File "/home/airflow/.local/lib/python3.11/site-packages/airflow/models/taskinstance.py", line 733, in _execute_callable
    return ExecutionCallableRunner(
           ^^^^^^^^^^^^^^^^^^^^^^^^
  File "/home/airflow/.local/lib/python3.11/site-packages/airflow/utils/operator_helpers.py", line 252, in run
    return self.func(*args, **kwargs)
           ^^^^^^^^^^^^^^^^^^^^^^^^^^
  File "/home/airflow/.local/lib/python3.11/site-packages/airflow/models/baseoperator.py", line 406, in wrapper
    return func(self, *args, **kwargs)
           ^^^^^^^^^^^^^^^^^^^^^^^^^^^
  File "/home/airflow/.local/lib/python3.11/site-packages/airflow/operators/bash.py", line 249, in execute
    raise AirflowException(
airflow.exceptions.AirflowException: Bash command failed. The command returned a non-zero exit code 1.
[2025-11-02T11:49:21.729+0000] {local_task_job_runner.py:266} INFO - Task exited with return code 1
[2025-11-02T11:49:21.752+0000] {taskinstance.py:3900} INFO - 0 downstream tasks scheduled from follow-on schedule check
[2025-11-02T11:49:21.758+0000] {local_task_job_runner.py:245} INFO - ::endgroup::
