[2025-11-03T09:07:55.546+0000] {local_task_job_runner.py:123} INFO - ::group::Pre task execution logs
[2025-11-03T09:07:55.563+0000] {taskinstance.py:2612} INFO - Dependencies all met for dep_context=non-requeueable deps ti=<TaskInstance: data_lake_silver_transform.transform_freshdesk manual__2025-11-03T09:05:01.166728+00:00 [queued]>
[2025-11-03T09:07:55.571+0000] {taskinstance.py:2612} INFO - Dependencies all met for dep_context=requeueable deps ti=<TaskInstance: data_lake_silver_transform.transform_freshdesk manual__2025-11-03T09:05:01.166728+00:00 [queued]>
[2025-11-03T09:07:55.574+0000] {taskinstance.py:2865} INFO - Starting attempt 1 of 1
[2025-11-03T09:07:55.586+0000] {taskinstance.py:2888} INFO - Executing <Task(BashOperator): transform_freshdesk> on 2025-11-03 09:05:01.166728+00:00
[2025-11-03T09:07:55.594+0000] {standard_task_runner.py:104} INFO - Running: ['***', 'tasks', 'run', 'data_lake_silver_transform', 'transform_freshdesk', 'manual__2025-11-03T09:05:01.166728+00:00', '--job-id', '54', '--raw', '--subdir', 'DAGS_FOLDER/silver_transform.py', '--cfg-path', '/tmp/tmpdqxuwmgo']
[2025-11-03T09:07:55.591+0000] {standard_task_runner.py:72} INFO - Started process 1242 to run task
[2025-11-03T09:07:55.599+0000] {standard_task_runner.py:105} INFO - Job 54: Subtask transform_freshdesk
[2025-11-03T09:07:55.646+0000] {task_command.py:467} INFO - Running <TaskInstance: data_lake_silver_transform.transform_freshdesk manual__2025-11-03T09:05:01.166728+00:00 [running]> on host 4bd4a2df5838
[2025-11-03T09:07:55.733+0000] {taskinstance.py:3131} INFO - Exporting env vars: AIRFLOW_CTX_DAG_OWNER='***' AIRFLOW_CTX_DAG_ID='data_lake_silver_transform' AIRFLOW_CTX_TASK_ID='transform_freshdesk' AIRFLOW_CTX_EXECUTION_DATE='2025-11-03T09:05:01.166728+00:00' AIRFLOW_CTX_TRY_NUMBER='1' AIRFLOW_CTX_DAG_RUN_ID='manual__2025-11-03T09:05:01.166728+00:00'
[2025-11-03T09:07:55.735+0000] {taskinstance.py:731} INFO - ::endgroup::
[2025-11-03T09:07:55.754+0000] {subprocess.py:63} INFO - Tmp dir root location: /tmp
[2025-11-03T09:07:55.756+0000] {subprocess.py:75} INFO - Running command: ['/usr/bin/bash', '-c', 'spark-submit --master spark://spark-master:7077 --packages org.apache.iceberg:iceberg-spark-runtime-3.4_2.12:1.5.0,org.apache.hadoop:hadoop-aws:3.3.4,com.amazonaws:aws-java-sdk-bundle:1.12.262 --conf spark.hadoop.fs.s3a.endpoint=https://repulsive-spooky-cemetery-9rw4pvr4w66f4g6-4566.app.github.dev --conf spark.hadoop.fs.s3a.access.key=test --conf spark.hadoop.fs.s3a.secret.key=test --conf spark.hadoop.fs.s3a.path.style.access=true --conf spark.hadoop.fs.s3a.impl=org.apache.hadoop.fs.s3a.S3AFileSystem --conf spark.hadoop.fs.s3a.connection.ssl.enabled=true /opt/spark/work-dir/scripts/silver_layer/transform_freshdesk.py']
[2025-11-03T09:07:55.766+0000] {subprocess.py:86} INFO - Output:
[2025-11-03T09:07:57.050+0000] {subprocess.py:93} INFO - :: loading settings :: url = jar:file:/opt/spark-3.4.0-bin-hadoop3/jars/ivy-2.5.1.jar!/org/apache/ivy/core/settings/ivysettings.xml
[2025-11-03T09:07:57.142+0000] {subprocess.py:93} INFO - Ivy Default Cache set to: /home/***/.ivy2/cache
[2025-11-03T09:07:57.144+0000] {subprocess.py:93} INFO - The jars for the packages stored in: /home/***/.ivy2/jars
[2025-11-03T09:07:57.146+0000] {subprocess.py:93} INFO - org.apache.iceberg#iceberg-spark-runtime-3.4_2.12 added as a dependency
[2025-11-03T09:07:57.148+0000] {subprocess.py:93} INFO - org.apache.hadoop#hadoop-aws added as a dependency
[2025-11-03T09:07:57.149+0000] {subprocess.py:93} INFO - com.amazonaws#aws-java-sdk-bundle added as a dependency
[2025-11-03T09:07:57.151+0000] {subprocess.py:93} INFO - :: resolving dependencies :: org.apache.spark#spark-submit-parent-4d519949-3c63-4cba-8475-6bb4fcc92fd1;1.0
[2025-11-03T09:07:57.152+0000] {subprocess.py:93} INFO - 	confs: [default]
[2025-11-03T09:07:57.252+0000] {subprocess.py:93} INFO - 	found org.apache.iceberg#iceberg-spark-runtime-3.4_2.12;1.5.0 in central
[2025-11-03T09:07:57.303+0000] {subprocess.py:93} INFO - 	found org.apache.hadoop#hadoop-aws;3.3.4 in central
[2025-11-03T09:07:57.325+0000] {subprocess.py:93} INFO - 	found com.amazonaws#aws-java-sdk-bundle;1.12.262 in spark-list
[2025-11-03T09:07:57.349+0000] {subprocess.py:93} INFO - 	found org.wildfly.openssl#wildfly-openssl;1.0.7.Final in central
[2025-11-03T09:07:57.364+0000] {subprocess.py:93} INFO - :: resolution report :: resolve 210ms :: artifacts dl 7ms
[2025-11-03T09:07:57.366+0000] {subprocess.py:93} INFO - 	:: modules in use:
[2025-11-03T09:07:57.367+0000] {subprocess.py:93} INFO - 	com.amazonaws#aws-java-sdk-bundle;1.12.262 from spark-list in [default]
[2025-11-03T09:07:57.368+0000] {subprocess.py:93} INFO - 	org.apache.hadoop#hadoop-aws;3.3.4 from central in [default]
[2025-11-03T09:07:57.369+0000] {subprocess.py:93} INFO - 	org.apache.iceberg#iceberg-spark-runtime-3.4_2.12;1.5.0 from central in [default]
[2025-11-03T09:07:57.370+0000] {subprocess.py:93} INFO - 	org.wildfly.openssl#wildfly-openssl;1.0.7.Final from central in [default]
[2025-11-03T09:07:57.373+0000] {subprocess.py:93} INFO - 	---------------------------------------------------------------------
[2025-11-03T09:07:57.374+0000] {subprocess.py:93} INFO - 	|                  |            modules            ||   artifacts   |
[2025-11-03T09:07:57.375+0000] {subprocess.py:93} INFO - 	|       conf       | number| search|dwnlded|evicted|| number|dwnlded|
[2025-11-03T09:07:57.377+0000] {subprocess.py:93} INFO - 	---------------------------------------------------------------------
[2025-11-03T09:07:57.378+0000] {subprocess.py:93} INFO - 	|      default     |   4   |   0   |   0   |   0   ||   4   |   0   |
[2025-11-03T09:07:57.379+0000] {subprocess.py:93} INFO - 	---------------------------------------------------------------------
[2025-11-03T09:07:57.380+0000] {subprocess.py:93} INFO - :: retrieving :: org.apache.spark#spark-submit-parent-4d519949-3c63-4cba-8475-6bb4fcc92fd1
[2025-11-03T09:07:57.381+0000] {subprocess.py:93} INFO - 	confs: [default]
[2025-11-03T09:07:57.382+0000] {subprocess.py:93} INFO - 	0 artifacts copied, 4 already retrieved (0kB/5ms)
[2025-11-03T09:07:57.563+0000] {subprocess.py:93} INFO - 25/11/03 09:07:57 WARN NativeCodeLoader: Unable to load native-hadoop library for your platform... using builtin-java classes where applicable
[2025-11-03T09:07:59.185+0000] {subprocess.py:93} INFO - 25/11/03 09:07:59 INFO SparkContext: Running Spark version 3.4.0
[2025-11-03T09:07:59.206+0000] {subprocess.py:93} INFO - 25/11/03 09:07:59 INFO ResourceUtils: ==============================================================
[2025-11-03T09:07:59.209+0000] {subprocess.py:93} INFO - 25/11/03 09:07:59 INFO ResourceUtils: No custom resources configured for spark.driver.
[2025-11-03T09:07:59.211+0000] {subprocess.py:93} INFO - 25/11/03 09:07:59 INFO ResourceUtils: ==============================================================
[2025-11-03T09:07:59.213+0000] {subprocess.py:93} INFO - 25/11/03 09:07:59 INFO SparkContext: Submitted application: Freshdesk_Silver_Transform
[2025-11-03T09:07:59.227+0000] {subprocess.py:93} INFO - 25/11/03 09:07:59 INFO ResourceProfile: Default ResourceProfile created, executor resources: Map(memory -> name: memory, amount: 1024, script: , vendor: , offHeap -> name: offHeap, amount: 0, script: , vendor: ), task resources: Map(cpus -> name: cpus, amount: 1.0)
[2025-11-03T09:07:59.233+0000] {subprocess.py:93} INFO - 25/11/03 09:07:59 INFO ResourceProfile: Limiting resource is cpu
[2025-11-03T09:07:59.235+0000] {subprocess.py:93} INFO - 25/11/03 09:07:59 INFO ResourceProfileManager: Added ResourceProfile id: 0
[2025-11-03T09:07:59.286+0000] {subprocess.py:93} INFO - 25/11/03 09:07:59 INFO SecurityManager: Changing view acls to: ***
[2025-11-03T09:07:59.288+0000] {subprocess.py:93} INFO - 25/11/03 09:07:59 INFO SecurityManager: Changing modify acls to: ***
[2025-11-03T09:07:59.289+0000] {subprocess.py:93} INFO - 25/11/03 09:07:59 INFO SecurityManager: Changing view acls groups to:
[2025-11-03T09:07:59.291+0000] {subprocess.py:93} INFO - 25/11/03 09:07:59 INFO SecurityManager: Changing modify acls groups to:
[2025-11-03T09:07:59.293+0000] {subprocess.py:93} INFO - 25/11/03 09:07:59 INFO SecurityManager: SecurityManager: authentication disabled; ui acls disabled; users with view permissions: ***; groups with view permissions: EMPTY; users with modify permissions: ***; groups with modify permissions: EMPTY
[2025-11-03T09:07:59.478+0000] {subprocess.py:93} INFO - 25/11/03 09:07:59 INFO Utils: Successfully started service 'sparkDriver' on port 35689.
[2025-11-03T09:07:59.506+0000] {subprocess.py:93} INFO - 25/11/03 09:07:59 INFO SparkEnv: Registering MapOutputTracker
[2025-11-03T09:07:59.537+0000] {subprocess.py:93} INFO - 25/11/03 09:07:59 INFO SparkEnv: Registering BlockManagerMaster
[2025-11-03T09:07:59.551+0000] {subprocess.py:93} INFO - 25/11/03 09:07:59 INFO BlockManagerMasterEndpoint: Using org.apache.spark.storage.DefaultTopologyMapper for getting topology information
[2025-11-03T09:07:59.553+0000] {subprocess.py:93} INFO - 25/11/03 09:07:59 INFO BlockManagerMasterEndpoint: BlockManagerMasterEndpoint up
[2025-11-03T09:07:59.555+0000] {subprocess.py:93} INFO - 25/11/03 09:07:59 INFO SparkEnv: Registering BlockManagerMasterHeartbeat
[2025-11-03T09:07:59.569+0000] {subprocess.py:93} INFO - 25/11/03 09:07:59 INFO DiskBlockManager: Created local directory at /tmp/blockmgr-45bec9dc-2faf-430f-9a9b-cefcb3056c92
[2025-11-03T09:07:59.581+0000] {subprocess.py:93} INFO - 25/11/03 09:07:59 INFO MemoryStore: MemoryStore started with capacity 434.4 MiB
[2025-11-03T09:07:59.594+0000] {subprocess.py:93} INFO - 25/11/03 09:07:59 INFO SparkEnv: Registering OutputCommitCoordinator
[2025-11-03T09:07:59.703+0000] {subprocess.py:93} INFO - 25/11/03 09:07:59 INFO JettyUtils: Start Jetty 0.0.0.0:4040 for SparkUI
[2025-11-03T09:07:59.765+0000] {subprocess.py:93} INFO - 25/11/03 09:07:59 INFO Utils: Successfully started service 'SparkUI' on port 4040.
[2025-11-03T09:07:59.793+0000] {subprocess.py:93} INFO - 25/11/03 09:07:59 INFO SparkContext: Added JAR file:///home/***/.ivy2/jars/org.apache.iceberg_iceberg-spark-runtime-3.4_2.12-1.5.0.jar at spark://4bd4a2df5838:35689/jars/org.apache.iceberg_iceberg-spark-runtime-3.4_2.12-1.5.0.jar with timestamp 1762160879180
[2025-11-03T09:07:59.794+0000] {subprocess.py:93} INFO - 25/11/03 09:07:59 INFO SparkContext: Added JAR file:///home/***/.ivy2/jars/org.apache.hadoop_hadoop-aws-3.3.4.jar at spark://4bd4a2df5838:35689/jars/org.apache.hadoop_hadoop-aws-3.3.4.jar with timestamp 1762160879180
[2025-11-03T09:07:59.797+0000] {subprocess.py:93} INFO - 25/11/03 09:07:59 INFO SparkContext: Added JAR file:///home/***/.ivy2/jars/com.amazonaws_aws-java-sdk-bundle-1.12.262.jar at spark://4bd4a2df5838:35689/jars/com.amazonaws_aws-java-sdk-bundle-1.12.262.jar with timestamp 1762160879180
[2025-11-03T09:07:59.799+0000] {subprocess.py:93} INFO - 25/11/03 09:07:59 INFO SparkContext: Added JAR file:///home/***/.ivy2/jars/org.wildfly.openssl_wildfly-openssl-1.0.7.Final.jar at spark://4bd4a2df5838:35689/jars/org.wildfly.openssl_wildfly-openssl-1.0.7.Final.jar with timestamp 1762160879180
[2025-11-03T09:07:59.800+0000] {subprocess.py:93} INFO - 25/11/03 09:07:59 INFO SparkContext: Added file file:///home/***/.ivy2/jars/org.apache.iceberg_iceberg-spark-runtime-3.4_2.12-1.5.0.jar at spark://4bd4a2df5838:35689/files/org.apache.iceberg_iceberg-spark-runtime-3.4_2.12-1.5.0.jar with timestamp 1762160879180
[2025-11-03T09:07:59.802+0000] {subprocess.py:93} INFO - 25/11/03 09:07:59 INFO Utils: Copying /home/***/.ivy2/jars/org.apache.iceberg_iceberg-spark-runtime-3.4_2.12-1.5.0.jar to /tmp/spark-cd65f4bb-405f-4abf-a966-ca52bbacd72b/userFiles-a6565527-5ce2-4528-a105-58a192b85ea5/org.apache.iceberg_iceberg-spark-runtime-3.4_2.12-1.5.0.jar
[2025-11-03T09:07:59.832+0000] {subprocess.py:93} INFO - 25/11/03 09:07:59 INFO SparkContext: Added file file:///home/***/.ivy2/jars/org.apache.hadoop_hadoop-aws-3.3.4.jar at spark://4bd4a2df5838:35689/files/org.apache.hadoop_hadoop-aws-3.3.4.jar with timestamp 1762160879180
[2025-11-03T09:07:59.833+0000] {subprocess.py:93} INFO - 25/11/03 09:07:59 INFO Utils: Copying /home/***/.ivy2/jars/org.apache.hadoop_hadoop-aws-3.3.4.jar to /tmp/spark-cd65f4bb-405f-4abf-a966-ca52bbacd72b/userFiles-a6565527-5ce2-4528-a105-58a192b85ea5/org.apache.hadoop_hadoop-aws-3.3.4.jar
[2025-11-03T09:07:59.836+0000] {subprocess.py:93} INFO - 25/11/03 09:07:59 INFO SparkContext: Added file file:///home/***/.ivy2/jars/com.amazonaws_aws-java-sdk-bundle-1.12.262.jar at spark://4bd4a2df5838:35689/files/com.amazonaws_aws-java-sdk-bundle-1.12.262.jar with timestamp 1762160879180
[2025-11-03T09:07:59.838+0000] {subprocess.py:93} INFO - 25/11/03 09:07:59 INFO Utils: Copying /home/***/.ivy2/jars/com.amazonaws_aws-java-sdk-bundle-1.12.262.jar to /tmp/spark-cd65f4bb-405f-4abf-a966-ca52bbacd72b/userFiles-a6565527-5ce2-4528-a105-58a192b85ea5/com.amazonaws_aws-java-sdk-bundle-1.12.262.jar
[2025-11-03T09:07:59.971+0000] {subprocess.py:93} INFO - 25/11/03 09:07:59 INFO SparkContext: Added file file:///home/***/.ivy2/jars/org.wildfly.openssl_wildfly-openssl-1.0.7.Final.jar at spark://4bd4a2df5838:35689/files/org.wildfly.openssl_wildfly-openssl-1.0.7.Final.jar with timestamp 1762160879180
[2025-11-03T09:07:59.973+0000] {subprocess.py:93} INFO - 25/11/03 09:07:59 INFO Utils: Copying /home/***/.ivy2/jars/org.wildfly.openssl_wildfly-openssl-1.0.7.Final.jar to /tmp/spark-cd65f4bb-405f-4abf-a966-ca52bbacd72b/userFiles-a6565527-5ce2-4528-a105-58a192b85ea5/org.wildfly.openssl_wildfly-openssl-1.0.7.Final.jar
[2025-11-03T09:08:00.035+0000] {subprocess.py:93} INFO - 25/11/03 09:08:00 INFO StandaloneAppClient$ClientEndpoint: Connecting to master spark://spark-master:7077...
[2025-11-03T09:08:00.071+0000] {subprocess.py:93} INFO - 25/11/03 09:08:00 INFO TransportClientFactory: Successfully created connection to spark-master/172.18.0.4:7077 after 18 ms (0 ms spent in bootstraps)
[2025-11-03T09:08:00.134+0000] {subprocess.py:93} INFO - 25/11/03 09:08:00 INFO StandaloneSchedulerBackend: Connected to Spark cluster with app ID app-20251103090800-0001
[2025-11-03T09:08:00.137+0000] {subprocess.py:93} INFO - 25/11/03 09:08:00 INFO StandaloneAppClient$ClientEndpoint: Executor added: app-20251103090800-0001/0 on worker-20251103085153-172.18.0.5-36639 (172.18.0.5:36639) with 2 core(s)
[2025-11-03T09:08:00.139+0000] {subprocess.py:93} INFO - 25/11/03 09:08:00 INFO StandaloneSchedulerBackend: Granted executor ID app-20251103090800-0001/0 on hostPort 172.18.0.5:36639 with 2 core(s), 1024.0 MiB RAM
[2025-11-03T09:08:00.141+0000] {subprocess.py:93} INFO - 25/11/03 09:08:00 INFO Utils: Successfully started service 'org.apache.spark.network.netty.NettyBlockTransferService' on port 45065.
[2025-11-03T09:08:00.143+0000] {subprocess.py:93} INFO - 25/11/03 09:08:00 INFO NettyBlockTransferService: Server created on 4bd4a2df5838:45065
[2025-11-03T09:08:00.144+0000] {subprocess.py:93} INFO - 25/11/03 09:08:00 INFO BlockManager: Using org.apache.spark.storage.RandomBlockReplicationPolicy for block replication policy
[2025-11-03T09:08:00.148+0000] {subprocess.py:93} INFO - 25/11/03 09:08:00 INFO BlockManagerMaster: Registering BlockManager BlockManagerId(driver, 4bd4a2df5838, 45065, None)
[2025-11-03T09:08:00.152+0000] {subprocess.py:93} INFO - 25/11/03 09:08:00 INFO BlockManagerMasterEndpoint: Registering block manager 4bd4a2df5838:45065 with 434.4 MiB RAM, BlockManagerId(driver, 4bd4a2df5838, 45065, None)
[2025-11-03T09:08:00.155+0000] {subprocess.py:93} INFO - 25/11/03 09:08:00 INFO BlockManagerMaster: Registered BlockManager BlockManagerId(driver, 4bd4a2df5838, 45065, None)
[2025-11-03T09:08:00.157+0000] {subprocess.py:93} INFO - 25/11/03 09:08:00 INFO BlockManager: Initialized BlockManager: BlockManagerId(driver, 4bd4a2df5838, 45065, None)
[2025-11-03T09:08:00.167+0000] {subprocess.py:93} INFO - 25/11/03 09:08:00 INFO StandaloneAppClient$ClientEndpoint: Executor updated: app-20251103090800-0001/0 is now RUNNING
[2025-11-03T09:08:00.340+0000] {subprocess.py:93} INFO - 25/11/03 09:08:00 INFO StandaloneSchedulerBackend: SchedulerBackend is ready for scheduling beginning after reached minRegisteredResourcesRatio: 0.0
[2025-11-03T09:08:01.467+0000] {subprocess.py:93} INFO - [INFO] Latest file for freshdesk/customers: s3a://multusystem/freshdesk/customers/2025_11_03_1762160380610_0.parquet
[2025-11-03T09:08:02.137+0000] {subprocess.py:93} INFO - 25/11/03 09:08:02 WARN MetricsConfig: Cannot locate configuration: tried hadoop-metrics2-s3a-file-system.properties,hadoop-metrics2.properties
[2025-11-03T09:08:11.201+0000] {subprocess.py:93} INFO - INFO:__main__:Customers data loaded successfully from s3a://multusystem/freshdesk/customers/2025_11_03_1762160380610_0.parquet,rows: 8
[2025-11-03T09:08:12.990+0000] {subprocess.py:93} INFO - Table local.freshdesk_customers does not exist. Creating it...
[2025-11-03T09:08:13.086+0000] {subprocess.py:93} INFO - 25/11/03 09:08:13 WARN package: Truncated the string representation of a plan since it was too large. This behavior can be adjusted by setting 'spark.sql.debug.maxToStringFields'.
[2025-11-03T09:08:32.120+0000] {subprocess.py:93} INFO - INFO:__main__:Customers data written to iceberg successfully with 8 rows
[2025-11-03T09:08:32.723+0000] {subprocess.py:93} INFO - [INFO] Latest file for freshdesk/agents: s3a://multusystem/freshdesk/agents/2025_11_03_1762160380610_0.parquet
[2025-11-03T09:08:35.440+0000] {subprocess.py:93} INFO - INFO:__main__:Agents data loaded successfully from s3a://multusystem/freshdesk/agents/2025_11_03_1762160380610_0.parquet,rows: 5
[2025-11-03T09:08:36.911+0000] {subprocess.py:93} INFO - Table local.agents does not exist. Creating it...
[2025-11-03T09:08:52.610+0000] {subprocess.py:93} INFO - INFO:__main__:Agents data written to iceberg successfully with 5 rows
[2025-11-03T09:08:53.100+0000] {subprocess.py:93} INFO - [INFO] Latest file for freshdesk/tickets: s3a://multusystem/freshdesk/tickets/2025_11_03_1762160380610_0.parquet
[2025-11-03T09:08:56.657+0000] {subprocess.py:93} INFO - INFO:__main__:Tickets data loaded successfully from s3a://multusystem/freshdesk/tickets/2025_11_03_1762160380610_0.parquet,rows: 8
[2025-11-03T09:08:58.137+0000] {subprocess.py:93} INFO - Table local.tickets does not exist. Creating it...
[2025-11-03T09:09:13.973+0000] {subprocess.py:93} INFO - INFO:__main__:Tickets data written to iceberg successfully with 8 rows
[2025-11-03T09:09:13.975+0000] {subprocess.py:93} INFO - INFO:__main__:All transformations completed successfully
[2025-11-03T09:09:13.977+0000] {subprocess.py:93} INFO - INFO:py4j.clientserver:Closing down clientserver connection
[2025-11-03T09:09:14.279+0000] {subprocess.py:97} INFO - Command exited with return code 0
[2025-11-03T09:09:14.308+0000] {taskinstance.py:340} INFO - ::group::Post task execution logs
[2025-11-03T09:09:14.310+0000] {taskinstance.py:352} INFO - Marking task as SUCCESS. dag_id=data_lake_silver_transform, task_id=transform_freshdesk, run_id=manual__2025-11-03T09:05:01.166728+00:00, execution_date=20251103T090501, start_date=20251103T090755, end_date=20251103T090914
[2025-11-03T09:09:14.350+0000] {local_task_job_runner.py:266} INFO - Task exited with return code 0
[2025-11-03T09:09:14.375+0000] {taskinstance.py:3900} INFO - 1 downstream tasks scheduled from follow-on schedule check
[2025-11-03T09:09:14.380+0000] {local_task_job_runner.py:245} INFO - ::endgroup::
